
synthesis -f "multiplier_impl1_lattice.synproj"
synthesis:  version Diamond (64-bit) 3.14.0.75.2

Copyright (c) 1991-1994 by NeoCAD Inc. All rights reserved.
Copyright (c) 1995 AT&T Corp.   All rights reserved.
Copyright (c) 1995-2001 Lucent Technologies Inc.  All rights reserved.
Copyright (c) 2001 Agere Systems   All rights reserved.
Copyright (c) 2002-2024 Lattice Semiconductor Corporation,  All rights reserved.
Wed Jul 23 20:27:26 2025


Command Line:  synthesis -f multiplier_impl1_lattice.synproj -gui -msgset D:/RTL_FPGA/Projeto_Final/multiplier/promote.xml 

    <postMsg mid="35002000" type="Info"    dynamic="0" navigation="0"  />
Synthesis options:
The -a option is ECP5U.
The -s option is 6.
The -t option is CABGA256.
The -d option is LFE5U-45F.
Using package CABGA256.
Using performance grade 6.
                                                          

##########################################################

### Lattice Family : ECP5U

### Device  : LFE5U-45F

### Package : CABGA256

### Speed   : 6

##########################################################

                                                          

    <postMsg mid="35001781" type="Info"    dynamic="0" navigation="0"  />
Optimization goal = Timing
Top-level module name = multiplier_2x2.
Target frequency = 200.000000 MHz.
Maximum fanout = 1000.
Timing path count = 3
BRAM utilization = 100.000000 %
DSP usage = true
DSP utilization = 100.000000 %
fsm_encoding_style = auto
resolve_mixed_drivers = 0
fix_gated_clocks = 1

Mux style = Auto
Use Carry Chain = true
carry_chain_length = 0
Loop Limit = 1950.
Use IO Insertion = TRUE
Use IO Reg = AUTO

Resource Sharing = TRUE
Propagate Constants = TRUE
Remove Duplicate Registers = TRUE
force_gsr = auto
ROM style = auto
RAM style = auto
The -comp option is FALSE.
The -syn option is FALSE.
-p D:/RTL_FPGA/Projeto_Final/multiplier (searchpath added)
-p C:/lscc/diamond/3.14/ispfpga/sa5p00/data (searchpath added)
-p D:/RTL_FPGA/Projeto_Final/multiplier/impl1 (searchpath added)
-p D:/RTL_FPGA/Projeto_Final/multiplier (searchpath added)
Verilog design file = D:/RTL_FPGA/Projeto_Final/multiplier/multiplier_2x2.v
NGD file = multiplier_impl1.ngd
-sdc option: SDC file input not used.
-lpf option: Output file option is ON.
Hardtimer checking is enabled (default). The -dt option is not used.
The -r option is OFF. [ Remove LOC Properties is OFF. ]
Technology check ok...

Analyzing Verilog file C:/lscc/diamond/3.14/ispfpga/userware/NT/SYNTHESIS_HEADERS/ecp5u.v. VERI-1482
Compile design.
Compile Design Begin
Analyzing Verilog file d:/rtl_fpga/projeto_final/multiplier/multiplier_2x2.v. VERI-1482
Analyzing Verilog file C:/lscc/diamond/3.14/ispfpga/userware/NT/SYNTHESIS_HEADERS/ecp5u.v. VERI-1482
Top module name (Verilog): multiplier_2x2
    <postMsg mid="35901018" type="Info"    dynamic="2" navigation="2" arg0="d:/rtl_fpga/projeto_final/multiplier/multiplier_2x2.v(1): " arg1="multiplier_2x2" arg2="d:/rtl_fpga/projeto_final/multiplier/multiplier_2x2.v" arg3="1"  />
    <postMsg mid="35901209" type="Warning" dynamic="3" navigation="2" arg0="d:/rtl_fpga/projeto_final/multiplier/multiplier_2x2.v(19): " arg1="32" arg2="16" arg3="d:/rtl_fpga/projeto_final/multiplier/multiplier_2x2.v" arg4="19"  />
    <postMsg mid="35901209" type="Warning" dynamic="3" navigation="2" arg0="d:/rtl_fpga/projeto_final/multiplier/multiplier_2x2.v(20): " arg1="32" arg2="16" arg3="d:/rtl_fpga/projeto_final/multiplier/multiplier_2x2.v" arg4="20"  />
    <postMsg mid="35901209" type="Warning" dynamic="3" navigation="2" arg0="d:/rtl_fpga/projeto_final/multiplier/multiplier_2x2.v(21): " arg1="32" arg2="16" arg3="d:/rtl_fpga/projeto_final/multiplier/multiplier_2x2.v" arg4="21"  />
    <postMsg mid="35901209" type="Warning" dynamic="3" navigation="2" arg0="d:/rtl_fpga/projeto_final/multiplier/multiplier_2x2.v(22): " arg1="32" arg2="16" arg3="d:/rtl_fpga/projeto_final/multiplier/multiplier_2x2.v" arg4="22"  />
Last elaborated design is multiplier_2x2()
Loading NGL library 'C:/lscc/diamond/3.14/ispfpga/sa5p00/data/sa5plib.ngl'...
Loading NGL library 'C:/lscc/diamond/3.14/ispfpga/xo2c00/data/xo2clib.ngl'...
Loading NGL library 'C:/lscc/diamond/3.14/ispfpga/mg5g00/data/mg5glib.ngl'...
Loading NGL library 'C:/lscc/diamond/3.14/ispfpga/or5g00/data/orc5glib.ngl'...
Loading device for application map from file 'sa5p45.nph' in environment: C:/lscc/diamond/3.14/ispfpga.
Package Status:                     Final          Version 1.50.
Top-level module name = multiplier_2x2.





######### Begin FIR Info ########


Number of FIR filters recognized: 4



######### End FIR Info ########


    <postMsg mid="35001747" type="Warning" dynamic="2" navigation="0" arg0="31" arg1="A10_15__I_0_e3"  />
    <postMsg mid="35001747" type="Warning" dynamic="2" navigation="0" arg0="30" arg1="A10_15__I_0_e3"  />
    <postMsg mid="35001747" type="Warning" dynamic="2" navigation="0" arg0="29" arg1="A10_15__I_0_e3"  />
    <postMsg mid="35001747" type="Warning" dynamic="2" navigation="0" arg0="28" arg1="A10_15__I_0_e3"  />
    <postMsg mid="35001747" type="Warning" dynamic="2" navigation="0" arg0="27" arg1="A10_15__I_0_e3"  />
    <postMsg mid="35001747" type="Warning" dynamic="2" navigation="0" arg0="26" arg1="A10_15__I_0_e3"  />
    <postMsg mid="35001747" type="Warning" dynamic="2" navigation="0" arg0="25" arg1="A10_15__I_0_e3"  />
    <postMsg mid="35001747" type="Warning" dynamic="2" navigation="0" arg0="24" arg1="A10_15__I_0_e3"  />
    <postMsg mid="35001747" type="Warning" dynamic="2" navigation="0" arg0="23" arg1="A10_15__I_0_e3"  />
    <postMsg mid="35001747" type="Warning" dynamic="2" navigation="0" arg0="22" arg1="A10_15__I_0_e3"  />
    <postMsg mid="35001747" type="Warning" dynamic="2" navigation="0" arg0="21" arg1="A10_15__I_0_e3"  />
    <postMsg mid="35001747" type="Warning" dynamic="2" navigation="0" arg0="20" arg1="A10_15__I_0_e3"  />
    <postMsg mid="35001747" type="Warning" dynamic="2" navigation="0" arg0="19" arg1="A10_15__I_0_e3"  />
    <postMsg mid="35001747" type="Warning" dynamic="2" navigation="0" arg0="18" arg1="A10_15__I_0_e3"  />
    <postMsg mid="35001747" type="Warning" dynamic="2" navigation="0" arg0="17" arg1="A10_15__I_0_e3"  />
    <postMsg mid="35001747" type="Warning" dynamic="2" navigation="0" arg0="16" arg1="A10_15__I_0_e3"  />
    <postMsg mid="35001747" type="Warning" dynamic="2" navigation="0" arg0="15" arg1="A10_15__I_0_e3"  />
    <postMsg mid="35001747" type="Warning" dynamic="2" navigation="0" arg0="14" arg1="A10_15__I_0_e3"  />
    <postMsg mid="35001747" type="Warning" dynamic="2" navigation="0" arg0="13" arg1="A10_15__I_0_e3"  />
    <postMsg mid="35001747" type="Warning" dynamic="2" navigation="0" arg0="12" arg1="A10_15__I_0_e3"  />
    <postMsg mid="35001747" type="Warning" dynamic="2" navigation="0" arg0="11" arg1="A10_15__I_0_e3"  />
    <postMsg mid="35001747" type="Warning" dynamic="2" navigation="0" arg0="10" arg1="A10_15__I_0_e3"  />
    <postMsg mid="35001747" type="Warning" dynamic="2" navigation="0" arg0="9" arg1="A10_15__I_0_e3"  />
    <postMsg mid="35001747" type="Warning" dynamic="2" navigation="0" arg0="8" arg1="A10_15__I_0_e3"  />
    <postMsg mid="35001747" type="Warning" dynamic="2" navigation="0" arg0="7" arg1="A10_15__I_0_e3"  />
    <postMsg mid="35001747" type="Warning" dynamic="2" navigation="0" arg0="6" arg1="A10_15__I_0_e3"  />
    <postMsg mid="35001747" type="Warning" dynamic="2" navigation="0" arg0="5" arg1="A10_15__I_0_e3"  />
    <postMsg mid="35001747" type="Warning" dynamic="2" navigation="0" arg0="4" arg1="A10_15__I_0_e3"  />
    <postMsg mid="35001747" type="Warning" dynamic="2" navigation="0" arg0="3" arg1="A10_15__I_0_e3"  />
    <postMsg mid="35001747" type="Warning" dynamic="2" navigation="0" arg0="2" arg1="A10_15__I_0_e3"  />
    <postMsg mid="35001747" type="Warning" dynamic="2" navigation="0" arg0="1" arg1="A10_15__I_0_e3"  />
    <postMsg mid="35001747" type="Warning" dynamic="2" navigation="0" arg0="0" arg1="A10_15__I_0_e3"  />
    <postMsg mid="35001747" type="Warning" dynamic="2" navigation="0" arg0="15" arg1="A10_15__I_0_e2"  />
    <postMsg mid="35001747" type="Warning" dynamic="2" navigation="0" arg0="14" arg1="A10_15__I_0_e2"  />
    <postMsg mid="35001747" type="Warning" dynamic="2" navigation="0" arg0="13" arg1="A10_15__I_0_e2"  />
    <postMsg mid="35001747" type="Warning" dynamic="2" navigation="0" arg0="12" arg1="A10_15__I_0_e2"  />
    <postMsg mid="35001747" type="Warning" dynamic="2" navigation="0" arg0="11" arg1="A10_15__I_0_e2"  />
    <postMsg mid="35001747" type="Warning" dynamic="2" navigation="0" arg0="10" arg1="A10_15__I_0_e2"  />
    <postMsg mid="35001747" type="Warning" dynamic="2" navigation="0" arg0="9" arg1="A10_15__I_0_e2"  />
    <postMsg mid="35001747" type="Warning" dynamic="2" navigation="0" arg0="8" arg1="A10_15__I_0_e2"  />
    <postMsg mid="35001747" type="Warning" dynamic="2" navigation="0" arg0="7" arg1="A10_15__I_0_e2"  />
    <postMsg mid="35001747" type="Warning" dynamic="2" navigation="0" arg0="6" arg1="A10_15__I_0_e2"  />
    <postMsg mid="35001747" type="Warning" dynamic="2" navigation="0" arg0="5" arg1="A10_15__I_0_e2"  />
    <postMsg mid="35001747" type="Warning" dynamic="2" navigation="0" arg0="4" arg1="A10_15__I_0_e2"  />
    <postMsg mid="35001747" type="Warning" dynamic="2" navigation="0" arg0="3" arg1="A10_15__I_0_e2"  />
    <postMsg mid="35001747" type="Warning" dynamic="2" navigation="0" arg0="2" arg1="A10_15__I_0_e2"  />
    <postMsg mid="35001747" type="Warning" dynamic="2" navigation="0" arg0="1" arg1="A10_15__I_0_e2"  />
    <postMsg mid="35001747" type="Warning" dynamic="2" navigation="0" arg0="0" arg1="A10_15__I_0_e2"  />
    <postMsg mid="35001747" type="Warning" dynamic="2" navigation="0" arg0="31" arg1="A00_15__I_0_e3"  />
    <postMsg mid="35001747" type="Warning" dynamic="2" navigation="0" arg0="30" arg1="A00_15__I_0_e3"  />
    <postMsg mid="35001747" type="Warning" dynamic="2" navigation="0" arg0="29" arg1="A00_15__I_0_e3"  />
    <postMsg mid="35001747" type="Warning" dynamic="2" navigation="0" arg0="28" arg1="A00_15__I_0_e3"  />
    <postMsg mid="35001747" type="Warning" dynamic="2" navigation="0" arg0="27" arg1="A00_15__I_0_e3"  />
    <postMsg mid="35001747" type="Warning" dynamic="2" navigation="0" arg0="26" arg1="A00_15__I_0_e3"  />
    <postMsg mid="35001747" type="Warning" dynamic="2" navigation="0" arg0="25" arg1="A00_15__I_0_e3"  />
    <postMsg mid="35001747" type="Warning" dynamic="2" navigation="0" arg0="24" arg1="A00_15__I_0_e3"  />
    <postMsg mid="35001747" type="Warning" dynamic="2" navigation="0" arg0="23" arg1="A00_15__I_0_e3"  />
    <postMsg mid="35001747" type="Warning" dynamic="2" navigation="0" arg0="22" arg1="A00_15__I_0_e3"  />
    <postMsg mid="35001747" type="Warning" dynamic="2" navigation="0" arg0="21" arg1="A00_15__I_0_e3"  />
    <postMsg mid="35001747" type="Warning" dynamic="2" navigation="0" arg0="20" arg1="A00_15__I_0_e3"  />
    <postMsg mid="35001747" type="Warning" dynamic="2" navigation="0" arg0="19" arg1="A00_15__I_0_e3"  />
    <postMsg mid="35001747" type="Warning" dynamic="2" navigation="0" arg0="18" arg1="A00_15__I_0_e3"  />
    <postMsg mid="35001747" type="Warning" dynamic="2" navigation="0" arg0="17" arg1="A00_15__I_0_e3"  />
    <postMsg mid="35001747" type="Warning" dynamic="2" navigation="0" arg0="16" arg1="A00_15__I_0_e3"  />
    <postMsg mid="35001747" type="Warning" dynamic="2" navigation="0" arg0="15" arg1="A00_15__I_0_e3"  />
    <postMsg mid="35001747" type="Warning" dynamic="2" navigation="0" arg0="14" arg1="A00_15__I_0_e3"  />
    <postMsg mid="35001747" type="Warning" dynamic="2" navigation="0" arg0="13" arg1="A00_15__I_0_e3"  />
    <postMsg mid="35001747" type="Warning" dynamic="2" navigation="0" arg0="12" arg1="A00_15__I_0_e3"  />
    <postMsg mid="35001747" type="Warning" dynamic="2" navigation="0" arg0="11" arg1="A00_15__I_0_e3"  />
    <postMsg mid="35001747" type="Warning" dynamic="2" navigation="0" arg0="10" arg1="A00_15__I_0_e3"  />
    <postMsg mid="35001747" type="Warning" dynamic="2" navigation="0" arg0="9" arg1="A00_15__I_0_e3"  />
    <postMsg mid="35001747" type="Warning" dynamic="2" navigation="0" arg0="8" arg1="A00_15__I_0_e3"  />
    <postMsg mid="35001747" type="Warning" dynamic="2" navigation="0" arg0="7" arg1="A00_15__I_0_e3"  />
    <postMsg mid="35001747" type="Warning" dynamic="2" navigation="0" arg0="6" arg1="A00_15__I_0_e3"  />
    <postMsg mid="35001747" type="Warning" dynamic="2" navigation="0" arg0="5" arg1="A00_15__I_0_e3"  />
    <postMsg mid="35001747" type="Warning" dynamic="2" navigation="0" arg0="4" arg1="A00_15__I_0_e3"  />
    <postMsg mid="35001747" type="Warning" dynamic="2" navigation="0" arg0="3" arg1="A00_15__I_0_e3"  />
    <postMsg mid="35001747" type="Warning" dynamic="2" navigation="0" arg0="2" arg1="A00_15__I_0_e3"  />
    <postMsg mid="35001747" type="Warning" dynamic="2" navigation="0" arg0="1" arg1="A00_15__I_0_e3"  />
    <postMsg mid="35001747" type="Warning" dynamic="2" navigation="0" arg0="0" arg1="A00_15__I_0_e3"  />
    <postMsg mid="35001747" type="Warning" dynamic="2" navigation="0" arg0="15" arg1="A00_15__I_0_e2"  />
    <postMsg mid="35001747" type="Warning" dynamic="2" navigation="0" arg0="14" arg1="A00_15__I_0_e2"  />
    <postMsg mid="35001747" type="Warning" dynamic="2" navigation="0" arg0="13" arg1="A00_15__I_0_e2"  />
    <postMsg mid="35001747" type="Warning" dynamic="2" navigation="0" arg0="12" arg1="A00_15__I_0_e2"  />
    <postMsg mid="35001747" type="Warning" dynamic="2" navigation="0" arg0="11" arg1="A00_15__I_0_e2"  />
    <postMsg mid="35001747" type="Warning" dynamic="2" navigation="0" arg0="10" arg1="A00_15__I_0_e2"  />
    <postMsg mid="35001747" type="Warning" dynamic="2" navigation="0" arg0="9" arg1="A00_15__I_0_e2"  />
    <postMsg mid="35001747" type="Warning" dynamic="2" navigation="0" arg0="8" arg1="A00_15__I_0_e2"  />
    <postMsg mid="35001747" type="Warning" dynamic="2" navigation="0" arg0="7" arg1="A00_15__I_0_e2"  />
    <postMsg mid="35001747" type="Warning" dynamic="2" navigation="0" arg0="6" arg1="A00_15__I_0_e2"  />
    <postMsg mid="35001747" type="Warning" dynamic="2" navigation="0" arg0="5" arg1="A00_15__I_0_e2"  />
    <postMsg mid="35001747" type="Warning" dynamic="2" navigation="0" arg0="4" arg1="A00_15__I_0_e2"  />
    <postMsg mid="35001747" type="Warning" dynamic="2" navigation="0" arg0="3" arg1="A00_15__I_0_e2"  />
    <postMsg mid="35001747" type="Warning" dynamic="2" navigation="0" arg0="2" arg1="A00_15__I_0_e2"  />
    <postMsg mid="35001747" type="Warning" dynamic="2" navigation="0" arg0="1" arg1="A00_15__I_0_e2"  />
    <postMsg mid="35001747" type="Warning" dynamic="2" navigation="0" arg0="0" arg1="A00_15__I_0_e2"  />
    <postMsg mid="35001747" type="Warning" dynamic="2" navigation="0" arg0="31" arg1="A10_15__I_0_18_e3"  />
    <postMsg mid="35001747" type="Warning" dynamic="2" navigation="0" arg0="30" arg1="A10_15__I_0_18_e3"  />
    <postMsg mid="35001747" type="Warning" dynamic="2" navigation="0" arg0="29" arg1="A10_15__I_0_18_e3"  />
    <postMsg mid="35001747" type="Warning" dynamic="2" navigation="0" arg0="28" arg1="A10_15__I_0_18_e3"  />
    <postMsg mid="35001747" type="Warning" dynamic="2" navigation="0" arg0="27" arg1="A10_15__I_0_18_e3"  />
    <postMsg mid="35001747" type="Warning" dynamic="2" navigation="0" arg0="26" arg1="A10_15__I_0_18_e3"  />
    <postMsg mid="35001747" type="Warning" dynamic="2" navigation="0" arg0="25" arg1="A10_15__I_0_18_e3"  />
    <postMsg mid="35001747" type="Warning" dynamic="2" navigation="0" arg0="24" arg1="A10_15__I_0_18_e3"  />
    <postMsg mid="35001747" type="Warning" dynamic="2" navigation="0" arg0="23" arg1="A10_15__I_0_18_e3"  />
    <postMsg mid="35001747" type="Warning" dynamic="2" navigation="0" arg0="22" arg1="A10_15__I_0_18_e3"  />
    <postMsg mid="35001747" type="Warning" dynamic="2" navigation="0" arg0="21" arg1="A10_15__I_0_18_e3"  />
    <postMsg mid="35001747" type="Warning" dynamic="2" navigation="0" arg0="20" arg1="A10_15__I_0_18_e3"  />
    <postMsg mid="35001747" type="Warning" dynamic="2" navigation="0" arg0="19" arg1="A10_15__I_0_18_e3"  />
    <postMsg mid="35001747" type="Warning" dynamic="2" navigation="0" arg0="18" arg1="A10_15__I_0_18_e3"  />
    <postMsg mid="35001747" type="Warning" dynamic="2" navigation="0" arg0="17" arg1="A10_15__I_0_18_e3"  />
    <postMsg mid="35001747" type="Warning" dynamic="2" navigation="0" arg0="16" arg1="A10_15__I_0_18_e3"  />
    <postMsg mid="35001747" type="Warning" dynamic="2" navigation="0" arg0="15" arg1="A10_15__I_0_18_e3"  />
    <postMsg mid="35001747" type="Warning" dynamic="2" navigation="0" arg0="14" arg1="A10_15__I_0_18_e3"  />
    <postMsg mid="35001747" type="Warning" dynamic="2" navigation="0" arg0="13" arg1="A10_15__I_0_18_e3"  />
    <postMsg mid="35001747" type="Warning" dynamic="2" navigation="0" arg0="12" arg1="A10_15__I_0_18_e3"  />
    <postMsg mid="35001747" type="Warning" dynamic="2" navigation="0" arg0="11" arg1="A10_15__I_0_18_e3"  />
    <postMsg mid="35001747" type="Warning" dynamic="2" navigation="0" arg0="10" arg1="A10_15__I_0_18_e3"  />
    <postMsg mid="35001747" type="Warning" dynamic="2" navigation="0" arg0="9" arg1="A10_15__I_0_18_e3"  />
    <postMsg mid="35001747" type="Warning" dynamic="2" navigation="0" arg0="8" arg1="A10_15__I_0_18_e3"  />
    <postMsg mid="35001747" type="Warning" dynamic="2" navigation="0" arg0="7" arg1="A10_15__I_0_18_e3"  />
    <postMsg mid="35001747" type="Warning" dynamic="2" navigation="0" arg0="6" arg1="A10_15__I_0_18_e3"  />
    <postMsg mid="35001747" type="Warning" dynamic="2" navigation="0" arg0="5" arg1="A10_15__I_0_18_e3"  />
    <postMsg mid="35001747" type="Warning" dynamic="2" navigation="0" arg0="4" arg1="A10_15__I_0_18_e3"  />
    <postMsg mid="35001747" type="Warning" dynamic="2" navigation="0" arg0="3" arg1="A10_15__I_0_18_e3"  />
    <postMsg mid="35001747" type="Warning" dynamic="2" navigation="0" arg0="2" arg1="A10_15__I_0_18_e3"  />
    <postMsg mid="35001747" type="Warning" dynamic="2" navigation="0" arg0="1" arg1="A10_15__I_0_18_e3"  />
    <postMsg mid="35001747" type="Warning" dynamic="2" navigation="0" arg0="0" arg1="A10_15__I_0_18_e3"  />
    <postMsg mid="35001747" type="Warning" dynamic="2" navigation="0" arg0="15" arg1="A00_15__I_0_16_e2"  />
    <postMsg mid="35001747" type="Warning" dynamic="2" navigation="0" arg0="14" arg1="A00_15__I_0_16_e2"  />
    <postMsg mid="35001747" type="Warning" dynamic="2" navigation="0" arg0="13" arg1="A00_15__I_0_16_e2"  />
    <postMsg mid="35001747" type="Warning" dynamic="2" navigation="0" arg0="12" arg1="A00_15__I_0_16_e2"  />
    <postMsg mid="35001747" type="Warning" dynamic="2" navigation="0" arg0="11" arg1="A00_15__I_0_16_e2"  />
    <postMsg mid="35001747" type="Warning" dynamic="2" navigation="0" arg0="10" arg1="A00_15__I_0_16_e2"  />
    <postMsg mid="35001747" type="Warning" dynamic="2" navigation="0" arg0="9" arg1="A00_15__I_0_16_e2"  />
    <postMsg mid="35001747" type="Warning" dynamic="2" navigation="0" arg0="8" arg1="A00_15__I_0_16_e2"  />
    <postMsg mid="35001747" type="Warning" dynamic="2" navigation="0" arg0="7" arg1="A00_15__I_0_16_e2"  />
    <postMsg mid="35001747" type="Warning" dynamic="2" navigation="0" arg0="6" arg1="A00_15__I_0_16_e2"  />
    <postMsg mid="35001747" type="Warning" dynamic="2" navigation="0" arg0="5" arg1="A00_15__I_0_16_e2"  />
    <postMsg mid="35001747" type="Warning" dynamic="2" navigation="0" arg0="4" arg1="A00_15__I_0_16_e2"  />
    <postMsg mid="35001747" type="Warning" dynamic="2" navigation="0" arg0="3" arg1="A00_15__I_0_16_e2"  />
    <postMsg mid="35001747" type="Warning" dynamic="2" navigation="0" arg0="2" arg1="A00_15__I_0_16_e2"  />
    <postMsg mid="35001747" type="Warning" dynamic="2" navigation="0" arg0="1" arg1="A00_15__I_0_16_e2"  />
    <postMsg mid="35001747" type="Warning" dynamic="2" navigation="0" arg0="0" arg1="A00_15__I_0_16_e2"  />
    <postMsg mid="35001747" type="Warning" dynamic="2" navigation="0" arg0="15" arg1="A00_15__I_0_16_e1"  />
    <postMsg mid="35001747" type="Warning" dynamic="2" navigation="0" arg0="14" arg1="A00_15__I_0_16_e1"  />
    <postMsg mid="35001747" type="Warning" dynamic="2" navigation="0" arg0="13" arg1="A00_15__I_0_16_e1"  />
    <postMsg mid="35001747" type="Warning" dynamic="2" navigation="0" arg0="12" arg1="A00_15__I_0_16_e1"  />
    <postMsg mid="35001747" type="Warning" dynamic="2" navigation="0" arg0="11" arg1="A00_15__I_0_16_e1"  />
    <postMsg mid="35001747" type="Warning" dynamic="2" navigation="0" arg0="10" arg1="A00_15__I_0_16_e1"  />
    <postMsg mid="35001747" type="Warning" dynamic="2" navigation="0" arg0="9" arg1="A00_15__I_0_16_e1"  />
    <postMsg mid="35001747" type="Warning" dynamic="2" navigation="0" arg0="8" arg1="A00_15__I_0_16_e1"  />
    <postMsg mid="35001747" type="Warning" dynamic="2" navigation="0" arg0="7" arg1="A00_15__I_0_16_e1"  />
    <postMsg mid="35001747" type="Warning" dynamic="2" navigation="0" arg0="6" arg1="A00_15__I_0_16_e1"  />
    <postMsg mid="35001747" type="Warning" dynamic="2" navigation="0" arg0="5" arg1="A00_15__I_0_16_e1"  />
    <postMsg mid="35001747" type="Warning" dynamic="2" navigation="0" arg0="4" arg1="A00_15__I_0_16_e1"  />
    <postMsg mid="35001747" type="Warning" dynamic="2" navigation="0" arg0="3" arg1="A00_15__I_0_16_e1"  />
    <postMsg mid="35001747" type="Warning" dynamic="2" navigation="0" arg0="2" arg1="A00_15__I_0_16_e1"  />
    <postMsg mid="35001747" type="Warning" dynamic="2" navigation="0" arg0="1" arg1="A00_15__I_0_16_e1"  />
    <postMsg mid="35001747" type="Warning" dynamic="2" navigation="0" arg0="0" arg1="A00_15__I_0_16_e1"  />
    <postMsg mid="35001747" type="Warning" dynamic="2" navigation="0" arg0="15" arg1="A10_15__I_0_18_e2"  />
    <postMsg mid="35001747" type="Warning" dynamic="2" navigation="0" arg0="14" arg1="A10_15__I_0_18_e2"  />
    <postMsg mid="35001747" type="Warning" dynamic="2" navigation="0" arg0="13" arg1="A10_15__I_0_18_e2"  />
    <postMsg mid="35001747" type="Warning" dynamic="2" navigation="0" arg0="12" arg1="A10_15__I_0_18_e2"  />
    <postMsg mid="35001747" type="Warning" dynamic="2" navigation="0" arg0="11" arg1="A10_15__I_0_18_e2"  />
    <postMsg mid="35001747" type="Warning" dynamic="2" navigation="0" arg0="10" arg1="A10_15__I_0_18_e2"  />
    <postMsg mid="35001747" type="Warning" dynamic="2" navigation="0" arg0="9" arg1="A10_15__I_0_18_e2"  />
    <postMsg mid="35001747" type="Warning" dynamic="2" navigation="0" arg0="8" arg1="A10_15__I_0_18_e2"  />
    <postMsg mid="35001747" type="Warning" dynamic="2" navigation="0" arg0="7" arg1="A10_15__I_0_18_e2"  />
    <postMsg mid="35001747" type="Warning" dynamic="2" navigation="0" arg0="6" arg1="A10_15__I_0_18_e2"  />
    <postMsg mid="35001747" type="Warning" dynamic="2" navigation="0" arg0="5" arg1="A10_15__I_0_18_e2"  />
    <postMsg mid="35001747" type="Warning" dynamic="2" navigation="0" arg0="4" arg1="A10_15__I_0_18_e2"  />
    <postMsg mid="35001747" type="Warning" dynamic="2" navigation="0" arg0="3" arg1="A10_15__I_0_18_e2"  />
    <postMsg mid="35001747" type="Warning" dynamic="2" navigation="0" arg0="2" arg1="A10_15__I_0_18_e2"  />
    <postMsg mid="35001747" type="Warning" dynamic="2" navigation="0" arg0="1" arg1="A10_15__I_0_18_e2"  />
    <postMsg mid="35001747" type="Warning" dynamic="2" navigation="0" arg0="0" arg1="A10_15__I_0_18_e2"  />
    <postMsg mid="35001747" type="Warning" dynamic="2" navigation="0" arg0="31" arg1="A00_15__I_0_16_e3"  />
    <postMsg mid="35001747" type="Warning" dynamic="2" navigation="0" arg0="30" arg1="A00_15__I_0_16_e3"  />
    <postMsg mid="35001747" type="Warning" dynamic="2" navigation="0" arg0="29" arg1="A00_15__I_0_16_e3"  />
    <postMsg mid="35001747" type="Warning" dynamic="2" navigation="0" arg0="28" arg1="A00_15__I_0_16_e3"  />
    <postMsg mid="35001747" type="Warning" dynamic="2" navigation="0" arg0="27" arg1="A00_15__I_0_16_e3"  />
    <postMsg mid="35001747" type="Warning" dynamic="2" navigation="0" arg0="26" arg1="A00_15__I_0_16_e3"  />
    <postMsg mid="35001747" type="Warning" dynamic="2" navigation="0" arg0="25" arg1="A00_15__I_0_16_e3"  />
    <postMsg mid="35001747" type="Warning" dynamic="2" navigation="0" arg0="24" arg1="A00_15__I_0_16_e3"  />
    <postMsg mid="35001747" type="Warning" dynamic="2" navigation="0" arg0="23" arg1="A00_15__I_0_16_e3"  />
    <postMsg mid="35001747" type="Warning" dynamic="2" navigation="0" arg0="22" arg1="A00_15__I_0_16_e3"  />
    <postMsg mid="35001747" type="Warning" dynamic="2" navigation="0" arg0="21" arg1="A00_15__I_0_16_e3"  />
    <postMsg mid="35001747" type="Warning" dynamic="2" navigation="0" arg0="20" arg1="A00_15__I_0_16_e3"  />
    <postMsg mid="35001747" type="Warning" dynamic="2" navigation="0" arg0="19" arg1="A00_15__I_0_16_e3"  />
    <postMsg mid="35001747" type="Warning" dynamic="2" navigation="0" arg0="18" arg1="A00_15__I_0_16_e3"  />
    <postMsg mid="35001747" type="Warning" dynamic="2" navigation="0" arg0="17" arg1="A00_15__I_0_16_e3"  />
    <postMsg mid="35001747" type="Warning" dynamic="2" navigation="0" arg0="16" arg1="A00_15__I_0_16_e3"  />
    <postMsg mid="35001747" type="Warning" dynamic="2" navigation="0" arg0="15" arg1="A00_15__I_0_16_e3"  />
    <postMsg mid="35001747" type="Warning" dynamic="2" navigation="0" arg0="14" arg1="A00_15__I_0_16_e3"  />
    <postMsg mid="35001747" type="Warning" dynamic="2" navigation="0" arg0="13" arg1="A00_15__I_0_16_e3"  />
    <postMsg mid="35001747" type="Warning" dynamic="2" navigation="0" arg0="12" arg1="A00_15__I_0_16_e3"  />
    <postMsg mid="35001747" type="Warning" dynamic="2" navigation="0" arg0="11" arg1="A00_15__I_0_16_e3"  />
    <postMsg mid="35001747" type="Warning" dynamic="2" navigation="0" arg0="10" arg1="A00_15__I_0_16_e3"  />
    <postMsg mid="35001747" type="Warning" dynamic="2" navigation="0" arg0="9" arg1="A00_15__I_0_16_e3"  />
    <postMsg mid="35001747" type="Warning" dynamic="2" navigation="0" arg0="8" arg1="A00_15__I_0_16_e3"  />
    <postMsg mid="35001747" type="Warning" dynamic="2" navigation="0" arg0="7" arg1="A00_15__I_0_16_e3"  />
    <postMsg mid="35001747" type="Warning" dynamic="2" navigation="0" arg0="6" arg1="A00_15__I_0_16_e3"  />
    <postMsg mid="35001747" type="Warning" dynamic="2" navigation="0" arg0="5" arg1="A00_15__I_0_16_e3"  />
    <postMsg mid="35001747" type="Warning" dynamic="2" navigation="0" arg0="4" arg1="A00_15__I_0_16_e3"  />
    <postMsg mid="35001747" type="Warning" dynamic="2" navigation="0" arg0="3" arg1="A00_15__I_0_16_e3"  />
    <postMsg mid="35001747" type="Warning" dynamic="2" navigation="0" arg0="2" arg1="A00_15__I_0_16_e3"  />
    <postMsg mid="35001747" type="Warning" dynamic="2" navigation="0" arg0="1" arg1="A00_15__I_0_16_e3"  />
    <postMsg mid="35001747" type="Warning" dynamic="2" navigation="0" arg0="0" arg1="A00_15__I_0_16_e3"  />
    <postMsg mid="35001747" type="Warning" dynamic="2" navigation="0" arg0="15" arg1="A10_15__I_0_18_e1"  />
    <postMsg mid="35001747" type="Warning" dynamic="2" navigation="0" arg0="14" arg1="A10_15__I_0_18_e1"  />
    <postMsg mid="35001747" type="Warning" dynamic="2" navigation="0" arg0="13" arg1="A10_15__I_0_18_e1"  />
    <postMsg mid="35001747" type="Warning" dynamic="2" navigation="0" arg0="12" arg1="A10_15__I_0_18_e1"  />
    <postMsg mid="35001747" type="Warning" dynamic="2" navigation="0" arg0="11" arg1="A10_15__I_0_18_e1"  />
    <postMsg mid="35001747" type="Warning" dynamic="2" navigation="0" arg0="10" arg1="A10_15__I_0_18_e1"  />
    <postMsg mid="35001747" type="Warning" dynamic="2" navigation="0" arg0="9" arg1="A10_15__I_0_18_e1"  />
    <postMsg mid="35001747" type="Warning" dynamic="2" navigation="0" arg0="8" arg1="A10_15__I_0_18_e1"  />
    <postMsg mid="35001747" type="Warning" dynamic="2" navigation="0" arg0="7" arg1="A10_15__I_0_18_e1"  />
    <postMsg mid="35001747" type="Warning" dynamic="2" navigation="0" arg0="6" arg1="A10_15__I_0_18_e1"  />
    <postMsg mid="35001747" type="Warning" dynamic="2" navigation="0" arg0="5" arg1="A10_15__I_0_18_e1"  />
    <postMsg mid="35001747" type="Warning" dynamic="2" navigation="0" arg0="4" arg1="A10_15__I_0_18_e1"  />
    <postMsg mid="35001747" type="Warning" dynamic="2" navigation="0" arg0="3" arg1="A10_15__I_0_18_e1"  />
    <postMsg mid="35001747" type="Warning" dynamic="2" navigation="0" arg0="2" arg1="A10_15__I_0_18_e1"  />
    <postMsg mid="35001747" type="Warning" dynamic="2" navigation="0" arg0="1" arg1="A10_15__I_0_18_e1"  />
    <postMsg mid="35001747" type="Warning" dynamic="2" navigation="0" arg0="0" arg1="A10_15__I_0_18_e1"  />
    <postMsg mid="35001747" type="Warning" dynamic="2" navigation="0" arg0="15" arg1="A00_15__I_0_e1"  />
    <postMsg mid="35001747" type="Warning" dynamic="2" navigation="0" arg0="14" arg1="A00_15__I_0_e1"  />
    <postMsg mid="35001747" type="Warning" dynamic="2" navigation="0" arg0="13" arg1="A00_15__I_0_e1"  />
    <postMsg mid="35001747" type="Warning" dynamic="2" navigation="0" arg0="12" arg1="A00_15__I_0_e1"  />
    <postMsg mid="35001747" type="Warning" dynamic="2" navigation="0" arg0="11" arg1="A00_15__I_0_e1"  />
    <postMsg mid="35001747" type="Warning" dynamic="2" navigation="0" arg0="10" arg1="A00_15__I_0_e1"  />
    <postMsg mid="35001747" type="Warning" dynamic="2" navigation="0" arg0="9" arg1="A00_15__I_0_e1"  />
    <postMsg mid="35001747" type="Warning" dynamic="2" navigation="0" arg0="8" arg1="A00_15__I_0_e1"  />
    <postMsg mid="35001747" type="Warning" dynamic="2" navigation="0" arg0="7" arg1="A00_15__I_0_e1"  />
    <postMsg mid="35001747" type="Warning" dynamic="2" navigation="0" arg0="6" arg1="A00_15__I_0_e1"  />
    <postMsg mid="35001747" type="Warning" dynamic="2" navigation="0" arg0="5" arg1="A00_15__I_0_e1"  />
    <postMsg mid="35001747" type="Warning" dynamic="2" navigation="0" arg0="4" arg1="A00_15__I_0_e1"  />
    <postMsg mid="35001747" type="Warning" dynamic="2" navigation="0" arg0="3" arg1="A00_15__I_0_e1"  />
    <postMsg mid="35001747" type="Warning" dynamic="2" navigation="0" arg0="2" arg1="A00_15__I_0_e1"  />
    <postMsg mid="35001747" type="Warning" dynamic="2" navigation="0" arg0="1" arg1="A00_15__I_0_e1"  />
    <postMsg mid="35001747" type="Warning" dynamic="2" navigation="0" arg0="0" arg1="A00_15__I_0_e1"  />
    <postMsg mid="35001747" type="Warning" dynamic="2" navigation="0" arg0="15" arg1="A10_15__I_0_e1"  />
    <postMsg mid="35001747" type="Warning" dynamic="2" navigation="0" arg0="14" arg1="A10_15__I_0_e1"  />
    <postMsg mid="35001747" type="Warning" dynamic="2" navigation="0" arg0="13" arg1="A10_15__I_0_e1"  />
    <postMsg mid="35001747" type="Warning" dynamic="2" navigation="0" arg0="12" arg1="A10_15__I_0_e1"  />
    <postMsg mid="35001747" type="Warning" dynamic="2" navigation="0" arg0="11" arg1="A10_15__I_0_e1"  />
    <postMsg mid="35001747" type="Warning" dynamic="2" navigation="0" arg0="10" arg1="A10_15__I_0_e1"  />
    <postMsg mid="35001747" type="Warning" dynamic="2" navigation="0" arg0="9" arg1="A10_15__I_0_e1"  />
    <postMsg mid="35001747" type="Warning" dynamic="2" navigation="0" arg0="8" arg1="A10_15__I_0_e1"  />
    <postMsg mid="35001747" type="Warning" dynamic="2" navigation="0" arg0="7" arg1="A10_15__I_0_e1"  />
    <postMsg mid="35001747" type="Warning" dynamic="2" navigation="0" arg0="6" arg1="A10_15__I_0_e1"  />
    <postMsg mid="35001747" type="Warning" dynamic="2" navigation="0" arg0="5" arg1="A10_15__I_0_e1"  />
    <postMsg mid="35001747" type="Warning" dynamic="2" navigation="0" arg0="4" arg1="A10_15__I_0_e1"  />
    <postMsg mid="35001747" type="Warning" dynamic="2" navigation="0" arg0="3" arg1="A10_15__I_0_e1"  />
    <postMsg mid="35001747" type="Warning" dynamic="2" navigation="0" arg0="2" arg1="A10_15__I_0_e1"  />
    <postMsg mid="35001747" type="Warning" dynamic="2" navigation="0" arg0="1" arg1="A10_15__I_0_e1"  />
    <postMsg mid="35001747" type="Warning" dynamic="2" navigation="0" arg0="0" arg1="A10_15__I_0_e1"  />
    <postMsg mid="35001747" type="Warning" dynamic="2" navigation="0" arg0="15" arg1="A01_15__I_0_17_e1"  />
    <postMsg mid="35001747" type="Warning" dynamic="2" navigation="0" arg0="14" arg1="A01_15__I_0_17_e1"  />
    <postMsg mid="35001747" type="Warning" dynamic="2" navigation="0" arg0="13" arg1="A01_15__I_0_17_e1"  />
    <postMsg mid="35001747" type="Warning" dynamic="2" navigation="0" arg0="12" arg1="A01_15__I_0_17_e1"  />
    <postMsg mid="35001747" type="Warning" dynamic="2" navigation="0" arg0="11" arg1="A01_15__I_0_17_e1"  />
    <postMsg mid="35001747" type="Warning" dynamic="2" navigation="0" arg0="10" arg1="A01_15__I_0_17_e1"  />
    <postMsg mid="35001747" type="Warning" dynamic="2" navigation="0" arg0="9" arg1="A01_15__I_0_17_e1"  />
    <postMsg mid="35001747" type="Warning" dynamic="2" navigation="0" arg0="8" arg1="A01_15__I_0_17_e1"  />
    <postMsg mid="35001747" type="Warning" dynamic="2" navigation="0" arg0="7" arg1="A01_15__I_0_17_e1"  />
    <postMsg mid="35001747" type="Warning" dynamic="2" navigation="0" arg0="6" arg1="A01_15__I_0_17_e1"  />
    <postMsg mid="35001747" type="Warning" dynamic="2" navigation="0" arg0="5" arg1="A01_15__I_0_17_e1"  />
    <postMsg mid="35001747" type="Warning" dynamic="2" navigation="0" arg0="4" arg1="A01_15__I_0_17_e1"  />
    <postMsg mid="35001747" type="Warning" dynamic="2" navigation="0" arg0="3" arg1="A01_15__I_0_17_e1"  />
    <postMsg mid="35001747" type="Warning" dynamic="2" navigation="0" arg0="2" arg1="A01_15__I_0_17_e1"  />
    <postMsg mid="35001747" type="Warning" dynamic="2" navigation="0" arg0="1" arg1="A01_15__I_0_17_e1"  />
    <postMsg mid="35001747" type="Warning" dynamic="2" navigation="0" arg0="0" arg1="A01_15__I_0_17_e1"  />
    <postMsg mid="35001747" type="Warning" dynamic="2" navigation="0" arg0="15" arg1="A11_15__I_0_19_e1"  />
    <postMsg mid="35001747" type="Warning" dynamic="2" navigation="0" arg0="14" arg1="A11_15__I_0_19_e1"  />
    <postMsg mid="35001747" type="Warning" dynamic="2" navigation="0" arg0="13" arg1="A11_15__I_0_19_e1"  />
    <postMsg mid="35001747" type="Warning" dynamic="2" navigation="0" arg0="12" arg1="A11_15__I_0_19_e1"  />
    <postMsg mid="35001747" type="Warning" dynamic="2" navigation="0" arg0="11" arg1="A11_15__I_0_19_e1"  />
    <postMsg mid="35001747" type="Warning" dynamic="2" navigation="0" arg0="10" arg1="A11_15__I_0_19_e1"  />
    <postMsg mid="35001747" type="Warning" dynamic="2" navigation="0" arg0="9" arg1="A11_15__I_0_19_e1"  />
    <postMsg mid="35001747" type="Warning" dynamic="2" navigation="0" arg0="8" arg1="A11_15__I_0_19_e1"  />
    <postMsg mid="35001747" type="Warning" dynamic="2" navigation="0" arg0="7" arg1="A11_15__I_0_19_e1"  />
    <postMsg mid="35001747" type="Warning" dynamic="2" navigation="0" arg0="6" arg1="A11_15__I_0_19_e1"  />
    <postMsg mid="35001747" type="Warning" dynamic="2" navigation="0" arg0="5" arg1="A11_15__I_0_19_e1"  />
    <postMsg mid="35001747" type="Warning" dynamic="2" navigation="0" arg0="4" arg1="A11_15__I_0_19_e1"  />
    <postMsg mid="35001747" type="Warning" dynamic="2" navigation="0" arg0="3" arg1="A11_15__I_0_19_e1"  />
    <postMsg mid="35001747" type="Warning" dynamic="2" navigation="0" arg0="2" arg1="A11_15__I_0_19_e1"  />
    <postMsg mid="35001747" type="Warning" dynamic="2" navigation="0" arg0="1" arg1="A11_15__I_0_19_e1"  />
    <postMsg mid="35001747" type="Warning" dynamic="2" navigation="0" arg0="0" arg1="A11_15__I_0_19_e1"  />
    <postMsg mid="35001747" type="Warning" dynamic="2" navigation="0" arg0="15" arg1="A01_15__I_0_e1"  />
    <postMsg mid="35001747" type="Warning" dynamic="2" navigation="0" arg0="14" arg1="A01_15__I_0_e1"  />
    <postMsg mid="35001747" type="Warning" dynamic="2" navigation="0" arg0="13" arg1="A01_15__I_0_e1"  />
    <postMsg mid="35001747" type="Warning" dynamic="2" navigation="0" arg0="12" arg1="A01_15__I_0_e1"  />
    <postMsg mid="35001747" type="Warning" dynamic="2" navigation="0" arg0="11" arg1="A01_15__I_0_e1"  />
    <postMsg mid="35001747" type="Warning" dynamic="2" navigation="0" arg0="10" arg1="A01_15__I_0_e1"  />
    <postMsg mid="35001747" type="Warning" dynamic="2" navigation="0" arg0="9" arg1="A01_15__I_0_e1"  />
    <postMsg mid="35001747" type="Warning" dynamic="2" navigation="0" arg0="8" arg1="A01_15__I_0_e1"  />
    <postMsg mid="35001747" type="Warning" dynamic="2" navigation="0" arg0="7" arg1="A01_15__I_0_e1"  />
    <postMsg mid="35001747" type="Warning" dynamic="2" navigation="0" arg0="6" arg1="A01_15__I_0_e1"  />
    <postMsg mid="35001747" type="Warning" dynamic="2" navigation="0" arg0="5" arg1="A01_15__I_0_e1"  />
    <postMsg mid="35001747" type="Warning" dynamic="2" navigation="0" arg0="4" arg1="A01_15__I_0_e1"  />
    <postMsg mid="35001747" type="Warning" dynamic="2" navigation="0" arg0="3" arg1="A01_15__I_0_e1"  />
    <postMsg mid="35001747" type="Warning" dynamic="2" navigation="0" arg0="2" arg1="A01_15__I_0_e1"  />
    <postMsg mid="35001747" type="Warning" dynamic="2" navigation="0" arg0="1" arg1="A01_15__I_0_e1"  />
    <postMsg mid="35001747" type="Warning" dynamic="2" navigation="0" arg0="0" arg1="A01_15__I_0_e1"  />
    <postMsg mid="35001747" type="Warning" dynamic="2" navigation="0" arg0="15" arg1="A11_15__I_0_e1"  />
    <postMsg mid="35001747" type="Warning" dynamic="2" navigation="0" arg0="14" arg1="A11_15__I_0_e1"  />
    <postMsg mid="35001747" type="Warning" dynamic="2" navigation="0" arg0="13" arg1="A11_15__I_0_e1"  />
    <postMsg mid="35001747" type="Warning" dynamic="2" navigation="0" arg0="12" arg1="A11_15__I_0_e1"  />
    <postMsg mid="35001747" type="Warning" dynamic="2" navigation="0" arg0="11" arg1="A11_15__I_0_e1"  />
    <postMsg mid="35001747" type="Warning" dynamic="2" navigation="0" arg0="10" arg1="A11_15__I_0_e1"  />
    <postMsg mid="35001747" type="Warning" dynamic="2" navigation="0" arg0="9" arg1="A11_15__I_0_e1"  />
    <postMsg mid="35001747" type="Warning" dynamic="2" navigation="0" arg0="8" arg1="A11_15__I_0_e1"  />
    <postMsg mid="35001747" type="Warning" dynamic="2" navigation="0" arg0="7" arg1="A11_15__I_0_e1"  />
    <postMsg mid="35001747" type="Warning" dynamic="2" navigation="0" arg0="6" arg1="A11_15__I_0_e1"  />
    <postMsg mid="35001747" type="Warning" dynamic="2" navigation="0" arg0="5" arg1="A11_15__I_0_e1"  />
    <postMsg mid="35001747" type="Warning" dynamic="2" navigation="0" arg0="4" arg1="A11_15__I_0_e1"  />
    <postMsg mid="35001747" type="Warning" dynamic="2" navigation="0" arg0="3" arg1="A11_15__I_0_e1"  />
    <postMsg mid="35001747" type="Warning" dynamic="2" navigation="0" arg0="2" arg1="A11_15__I_0_e1"  />
    <postMsg mid="35001747" type="Warning" dynamic="2" navigation="0" arg0="1" arg1="A11_15__I_0_e1"  />
    <postMsg mid="35001747" type="Warning" dynamic="2" navigation="0" arg0="0" arg1="A11_15__I_0_e1"  />
    <postMsg mid="35001747" type="Warning" dynamic="2" navigation="0" arg0="15" arg1="A01_15__I_0_17_e2"  />
    <postMsg mid="35001747" type="Warning" dynamic="2" navigation="0" arg0="14" arg1="A01_15__I_0_17_e2"  />
    <postMsg mid="35001747" type="Warning" dynamic="2" navigation="0" arg0="13" arg1="A01_15__I_0_17_e2"  />
    <postMsg mid="35001747" type="Warning" dynamic="2" navigation="0" arg0="12" arg1="A01_15__I_0_17_e2"  />
    <postMsg mid="35001747" type="Warning" dynamic="2" navigation="0" arg0="11" arg1="A01_15__I_0_17_e2"  />
    <postMsg mid="35001747" type="Warning" dynamic="2" navigation="0" arg0="10" arg1="A01_15__I_0_17_e2"  />
    <postMsg mid="35001747" type="Warning" dynamic="2" navigation="0" arg0="9" arg1="A01_15__I_0_17_e2"  />
    <postMsg mid="35001747" type="Warning" dynamic="2" navigation="0" arg0="8" arg1="A01_15__I_0_17_e2"  />
    <postMsg mid="35001747" type="Warning" dynamic="2" navigation="0" arg0="7" arg1="A01_15__I_0_17_e2"  />
    <postMsg mid="35001747" type="Warning" dynamic="2" navigation="0" arg0="6" arg1="A01_15__I_0_17_e2"  />
    <postMsg mid="35001747" type="Warning" dynamic="2" navigation="0" arg0="5" arg1="A01_15__I_0_17_e2"  />
    <postMsg mid="35001747" type="Warning" dynamic="2" navigation="0" arg0="4" arg1="A01_15__I_0_17_e2"  />
    <postMsg mid="35001747" type="Warning" dynamic="2" navigation="0" arg0="3" arg1="A01_15__I_0_17_e2"  />
    <postMsg mid="35001747" type="Warning" dynamic="2" navigation="0" arg0="2" arg1="A01_15__I_0_17_e2"  />
    <postMsg mid="35001747" type="Warning" dynamic="2" navigation="0" arg0="1" arg1="A01_15__I_0_17_e2"  />
    <postMsg mid="35001747" type="Warning" dynamic="2" navigation="0" arg0="0" arg1="A01_15__I_0_17_e2"  />
    <postMsg mid="35001747" type="Warning" dynamic="2" navigation="0" arg0="31" arg1="A01_15__I_0_17_e3"  />
    <postMsg mid="35001747" type="Warning" dynamic="2" navigation="0" arg0="30" arg1="A01_15__I_0_17_e3"  />
    <postMsg mid="35001747" type="Warning" dynamic="2" navigation="0" arg0="29" arg1="A01_15__I_0_17_e3"  />
    <postMsg mid="35001747" type="Warning" dynamic="2" navigation="0" arg0="28" arg1="A01_15__I_0_17_e3"  />
    <postMsg mid="35001747" type="Warning" dynamic="2" navigation="0" arg0="27" arg1="A01_15__I_0_17_e3"  />
    <postMsg mid="35001747" type="Warning" dynamic="2" navigation="0" arg0="26" arg1="A01_15__I_0_17_e3"  />
    <postMsg mid="35001747" type="Warning" dynamic="2" navigation="0" arg0="25" arg1="A01_15__I_0_17_e3"  />
    <postMsg mid="35001747" type="Warning" dynamic="2" navigation="0" arg0="24" arg1="A01_15__I_0_17_e3"  />
    <postMsg mid="35001747" type="Warning" dynamic="2" navigation="0" arg0="23" arg1="A01_15__I_0_17_e3"  />
    <postMsg mid="35001747" type="Warning" dynamic="2" navigation="0" arg0="22" arg1="A01_15__I_0_17_e3"  />
    <postMsg mid="35001747" type="Warning" dynamic="2" navigation="0" arg0="21" arg1="A01_15__I_0_17_e3"  />
    <postMsg mid="35001747" type="Warning" dynamic="2" navigation="0" arg0="20" arg1="A01_15__I_0_17_e3"  />
    <postMsg mid="35001747" type="Warning" dynamic="2" navigation="0" arg0="19" arg1="A01_15__I_0_17_e3"  />
    <postMsg mid="35001747" type="Warning" dynamic="2" navigation="0" arg0="18" arg1="A01_15__I_0_17_e3"  />
    <postMsg mid="35001747" type="Warning" dynamic="2" navigation="0" arg0="17" arg1="A01_15__I_0_17_e3"  />
    <postMsg mid="35001747" type="Warning" dynamic="2" navigation="0" arg0="16" arg1="A01_15__I_0_17_e3"  />
    <postMsg mid="35001747" type="Warning" dynamic="2" navigation="0" arg0="15" arg1="A01_15__I_0_17_e3"  />
    <postMsg mid="35001747" type="Warning" dynamic="2" navigation="0" arg0="14" arg1="A01_15__I_0_17_e3"  />
    <postMsg mid="35001747" type="Warning" dynamic="2" navigation="0" arg0="13" arg1="A01_15__I_0_17_e3"  />
    <postMsg mid="35001747" type="Warning" dynamic="2" navigation="0" arg0="12" arg1="A01_15__I_0_17_e3"  />
    <postMsg mid="35001747" type="Warning" dynamic="2" navigation="0" arg0="11" arg1="A01_15__I_0_17_e3"  />
    <postMsg mid="35001747" type="Warning" dynamic="2" navigation="0" arg0="10" arg1="A01_15__I_0_17_e3"  />
    <postMsg mid="35001747" type="Warning" dynamic="2" navigation="0" arg0="9" arg1="A01_15__I_0_17_e3"  />
    <postMsg mid="35001747" type="Warning" dynamic="2" navigation="0" arg0="8" arg1="A01_15__I_0_17_e3"  />
    <postMsg mid="35001747" type="Warning" dynamic="2" navigation="0" arg0="7" arg1="A01_15__I_0_17_e3"  />
    <postMsg mid="35001747" type="Warning" dynamic="2" navigation="0" arg0="6" arg1="A01_15__I_0_17_e3"  />
    <postMsg mid="35001747" type="Warning" dynamic="2" navigation="0" arg0="5" arg1="A01_15__I_0_17_e3"  />
    <postMsg mid="35001747" type="Warning" dynamic="2" navigation="0" arg0="4" arg1="A01_15__I_0_17_e3"  />
    <postMsg mid="35001747" type="Warning" dynamic="2" navigation="0" arg0="3" arg1="A01_15__I_0_17_e3"  />
    <postMsg mid="35001747" type="Warning" dynamic="2" navigation="0" arg0="2" arg1="A01_15__I_0_17_e3"  />
    <postMsg mid="35001747" type="Warning" dynamic="2" navigation="0" arg0="1" arg1="A01_15__I_0_17_e3"  />
    <postMsg mid="35001747" type="Warning" dynamic="2" navigation="0" arg0="0" arg1="A01_15__I_0_17_e3"  />
    <postMsg mid="35001747" type="Warning" dynamic="2" navigation="0" arg0="15" arg1="A11_15__I_0_19_e2"  />
    <postMsg mid="35001747" type="Warning" dynamic="2" navigation="0" arg0="14" arg1="A11_15__I_0_19_e2"  />
    <postMsg mid="35001747" type="Warning" dynamic="2" navigation="0" arg0="13" arg1="A11_15__I_0_19_e2"  />
    <postMsg mid="35001747" type="Warning" dynamic="2" navigation="0" arg0="12" arg1="A11_15__I_0_19_e2"  />
    <postMsg mid="35001747" type="Warning" dynamic="2" navigation="0" arg0="11" arg1="A11_15__I_0_19_e2"  />
    <postMsg mid="35001747" type="Warning" dynamic="2" navigation="0" arg0="10" arg1="A11_15__I_0_19_e2"  />
    <postMsg mid="35001747" type="Warning" dynamic="2" navigation="0" arg0="9" arg1="A11_15__I_0_19_e2"  />
    <postMsg mid="35001747" type="Warning" dynamic="2" navigation="0" arg0="8" arg1="A11_15__I_0_19_e2"  />
    <postMsg mid="35001747" type="Warning" dynamic="2" navigation="0" arg0="7" arg1="A11_15__I_0_19_e2"  />
    <postMsg mid="35001747" type="Warning" dynamic="2" navigation="0" arg0="6" arg1="A11_15__I_0_19_e2"  />
    <postMsg mid="35001747" type="Warning" dynamic="2" navigation="0" arg0="5" arg1="A11_15__I_0_19_e2"  />
    <postMsg mid="35001747" type="Warning" dynamic="2" navigation="0" arg0="4" arg1="A11_15__I_0_19_e2"  />
    <postMsg mid="35001747" type="Warning" dynamic="2" navigation="0" arg0="3" arg1="A11_15__I_0_19_e2"  />
    <postMsg mid="35001747" type="Warning" dynamic="2" navigation="0" arg0="2" arg1="A11_15__I_0_19_e2"  />
    <postMsg mid="35001747" type="Warning" dynamic="2" navigation="0" arg0="1" arg1="A11_15__I_0_19_e2"  />
    <postMsg mid="35001747" type="Warning" dynamic="2" navigation="0" arg0="0" arg1="A11_15__I_0_19_e2"  />
    <postMsg mid="35001747" type="Warning" dynamic="2" navigation="0" arg0="31" arg1="A11_15__I_0_19_e3"  />
    <postMsg mid="35001747" type="Warning" dynamic="2" navigation="0" arg0="30" arg1="A11_15__I_0_19_e3"  />
    <postMsg mid="35001747" type="Warning" dynamic="2" navigation="0" arg0="29" arg1="A11_15__I_0_19_e3"  />
    <postMsg mid="35001747" type="Warning" dynamic="2" navigation="0" arg0="28" arg1="A11_15__I_0_19_e3"  />
    <postMsg mid="35001747" type="Warning" dynamic="2" navigation="0" arg0="27" arg1="A11_15__I_0_19_e3"  />
    <postMsg mid="35001747" type="Warning" dynamic="2" navigation="0" arg0="26" arg1="A11_15__I_0_19_e3"  />
    <postMsg mid="35001747" type="Warning" dynamic="2" navigation="0" arg0="25" arg1="A11_15__I_0_19_e3"  />
    <postMsg mid="35001747" type="Warning" dynamic="2" navigation="0" arg0="24" arg1="A11_15__I_0_19_e3"  />
    <postMsg mid="35001747" type="Warning" dynamic="2" navigation="0" arg0="23" arg1="A11_15__I_0_19_e3"  />
    <postMsg mid="35001747" type="Warning" dynamic="2" navigation="0" arg0="22" arg1="A11_15__I_0_19_e3"  />
    <postMsg mid="35001747" type="Warning" dynamic="2" navigation="0" arg0="21" arg1="A11_15__I_0_19_e3"  />
    <postMsg mid="35001747" type="Warning" dynamic="2" navigation="0" arg0="20" arg1="A11_15__I_0_19_e3"  />
    <postMsg mid="35001747" type="Warning" dynamic="2" navigation="0" arg0="19" arg1="A11_15__I_0_19_e3"  />
    <postMsg mid="35001747" type="Warning" dynamic="2" navigation="0" arg0="18" arg1="A11_15__I_0_19_e3"  />
    <postMsg mid="35001747" type="Warning" dynamic="2" navigation="0" arg0="17" arg1="A11_15__I_0_19_e3"  />
    <postMsg mid="35001747" type="Warning" dynamic="2" navigation="0" arg0="16" arg1="A11_15__I_0_19_e3"  />
    <postMsg mid="35001747" type="Warning" dynamic="2" navigation="0" arg0="15" arg1="A11_15__I_0_19_e3"  />
    <postMsg mid="35001747" type="Warning" dynamic="2" navigation="0" arg0="14" arg1="A11_15__I_0_19_e3"  />
    <postMsg mid="35001747" type="Warning" dynamic="2" navigation="0" arg0="13" arg1="A11_15__I_0_19_e3"  />
    <postMsg mid="35001747" type="Warning" dynamic="2" navigation="0" arg0="12" arg1="A11_15__I_0_19_e3"  />
    <postMsg mid="35001747" type="Warning" dynamic="2" navigation="0" arg0="11" arg1="A11_15__I_0_19_e3"  />
    <postMsg mid="35001747" type="Warning" dynamic="2" navigation="0" arg0="10" arg1="A11_15__I_0_19_e3"  />
    <postMsg mid="35001747" type="Warning" dynamic="2" navigation="0" arg0="9" arg1="A11_15__I_0_19_e3"  />
    <postMsg mid="35001747" type="Warning" dynamic="2" navigation="0" arg0="8" arg1="A11_15__I_0_19_e3"  />
    <postMsg mid="35001747" type="Warning" dynamic="2" navigation="0" arg0="7" arg1="A11_15__I_0_19_e3"  />
    <postMsg mid="35001747" type="Warning" dynamic="2" navigation="0" arg0="6" arg1="A11_15__I_0_19_e3"  />
    <postMsg mid="35001747" type="Warning" dynamic="2" navigation="0" arg0="5" arg1="A11_15__I_0_19_e3"  />
    <postMsg mid="35001747" type="Warning" dynamic="2" navigation="0" arg0="4" arg1="A11_15__I_0_19_e3"  />
    <postMsg mid="35001747" type="Warning" dynamic="2" navigation="0" arg0="3" arg1="A11_15__I_0_19_e3"  />
    <postMsg mid="35001747" type="Warning" dynamic="2" navigation="0" arg0="2" arg1="A11_15__I_0_19_e3"  />
    <postMsg mid="35001747" type="Warning" dynamic="2" navigation="0" arg0="1" arg1="A11_15__I_0_19_e3"  />
    <postMsg mid="35001747" type="Warning" dynamic="2" navigation="0" arg0="0" arg1="A11_15__I_0_19_e3"  />
    <postMsg mid="35001747" type="Warning" dynamic="2" navigation="0" arg0="15" arg1="A01_15__I_0_e2"  />
    <postMsg mid="35001747" type="Warning" dynamic="2" navigation="0" arg0="14" arg1="A01_15__I_0_e2"  />
    <postMsg mid="35001747" type="Warning" dynamic="2" navigation="0" arg0="13" arg1="A01_15__I_0_e2"  />
    <postMsg mid="35001747" type="Warning" dynamic="2" navigation="0" arg0="12" arg1="A01_15__I_0_e2"  />
    <postMsg mid="35001747" type="Warning" dynamic="2" navigation="0" arg0="11" arg1="A01_15__I_0_e2"  />
    <postMsg mid="35001747" type="Warning" dynamic="2" navigation="0" arg0="10" arg1="A01_15__I_0_e2"  />
    <postMsg mid="35001747" type="Warning" dynamic="2" navigation="0" arg0="9" arg1="A01_15__I_0_e2"  />
    <postMsg mid="35001747" type="Warning" dynamic="2" navigation="0" arg0="8" arg1="A01_15__I_0_e2"  />
    <postMsg mid="35001747" type="Warning" dynamic="2" navigation="0" arg0="7" arg1="A01_15__I_0_e2"  />
    <postMsg mid="35001747" type="Warning" dynamic="2" navigation="0" arg0="6" arg1="A01_15__I_0_e2"  />
    <postMsg mid="35001747" type="Warning" dynamic="2" navigation="0" arg0="5" arg1="A01_15__I_0_e2"  />
    <postMsg mid="35001747" type="Warning" dynamic="2" navigation="0" arg0="4" arg1="A01_15__I_0_e2"  />
    <postMsg mid="35001747" type="Warning" dynamic="2" navigation="0" arg0="3" arg1="A01_15__I_0_e2"  />
    <postMsg mid="35001747" type="Warning" dynamic="2" navigation="0" arg0="2" arg1="A01_15__I_0_e2"  />
    <postMsg mid="35001747" type="Warning" dynamic="2" navigation="0" arg0="1" arg1="A01_15__I_0_e2"  />
    <postMsg mid="35001747" type="Warning" dynamic="2" navigation="0" arg0="0" arg1="A01_15__I_0_e2"  />
    <postMsg mid="35001747" type="Warning" dynamic="2" navigation="0" arg0="31" arg1="A01_15__I_0_e3"  />
    <postMsg mid="35001747" type="Warning" dynamic="2" navigation="0" arg0="30" arg1="A01_15__I_0_e3"  />
    <postMsg mid="35001747" type="Warning" dynamic="2" navigation="0" arg0="29" arg1="A01_15__I_0_e3"  />
    <postMsg mid="35001747" type="Warning" dynamic="2" navigation="0" arg0="28" arg1="A01_15__I_0_e3"  />
    <postMsg mid="35001747" type="Warning" dynamic="2" navigation="0" arg0="27" arg1="A01_15__I_0_e3"  />
    <postMsg mid="35001747" type="Warning" dynamic="2" navigation="0" arg0="26" arg1="A01_15__I_0_e3"  />
    <postMsg mid="35001747" type="Warning" dynamic="2" navigation="0" arg0="25" arg1="A01_15__I_0_e3"  />
    <postMsg mid="35001747" type="Warning" dynamic="2" navigation="0" arg0="24" arg1="A01_15__I_0_e3"  />
    <postMsg mid="35001747" type="Warning" dynamic="2" navigation="0" arg0="23" arg1="A01_15__I_0_e3"  />
    <postMsg mid="35001747" type="Warning" dynamic="2" navigation="0" arg0="22" arg1="A01_15__I_0_e3"  />
    <postMsg mid="35001747" type="Warning" dynamic="2" navigation="0" arg0="21" arg1="A01_15__I_0_e3"  />
    <postMsg mid="35001747" type="Warning" dynamic="2" navigation="0" arg0="20" arg1="A01_15__I_0_e3"  />
    <postMsg mid="35001747" type="Warning" dynamic="2" navigation="0" arg0="19" arg1="A01_15__I_0_e3"  />
    <postMsg mid="35001747" type="Warning" dynamic="2" navigation="0" arg0="18" arg1="A01_15__I_0_e3"  />
    <postMsg mid="35001747" type="Warning" dynamic="2" navigation="0" arg0="17" arg1="A01_15__I_0_e3"  />
    <postMsg mid="35001747" type="Warning" dynamic="2" navigation="0" arg0="16" arg1="A01_15__I_0_e3"  />
    <postMsg mid="35001747" type="Warning" dynamic="2" navigation="0" arg0="15" arg1="A01_15__I_0_e3"  />
    <postMsg mid="35001747" type="Warning" dynamic="2" navigation="0" arg0="14" arg1="A01_15__I_0_e3"  />
    <postMsg mid="35001747" type="Warning" dynamic="2" navigation="0" arg0="13" arg1="A01_15__I_0_e3"  />
    <postMsg mid="35001747" type="Warning" dynamic="2" navigation="0" arg0="12" arg1="A01_15__I_0_e3"  />
    <postMsg mid="35001747" type="Warning" dynamic="2" navigation="0" arg0="11" arg1="A01_15__I_0_e3"  />
    <postMsg mid="35001747" type="Warning" dynamic="2" navigation="0" arg0="10" arg1="A01_15__I_0_e3"  />
    <postMsg mid="35001747" type="Warning" dynamic="2" navigation="0" arg0="9" arg1="A01_15__I_0_e3"  />
    <postMsg mid="35001747" type="Warning" dynamic="2" navigation="0" arg0="8" arg1="A01_15__I_0_e3"  />
    <postMsg mid="35001747" type="Warning" dynamic="2" navigation="0" arg0="7" arg1="A01_15__I_0_e3"  />
    <postMsg mid="35001747" type="Warning" dynamic="2" navigation="0" arg0="6" arg1="A01_15__I_0_e3"  />
    <postMsg mid="35001747" type="Warning" dynamic="2" navigation="0" arg0="5" arg1="A01_15__I_0_e3"  />
    <postMsg mid="35001747" type="Warning" dynamic="2" navigation="0" arg0="4" arg1="A01_15__I_0_e3"  />
    <postMsg mid="35001747" type="Warning" dynamic="2" navigation="0" arg0="3" arg1="A01_15__I_0_e3"  />
    <postMsg mid="35001747" type="Warning" dynamic="2" navigation="0" arg0="2" arg1="A01_15__I_0_e3"  />
    <postMsg mid="35001747" type="Warning" dynamic="2" navigation="0" arg0="1" arg1="A01_15__I_0_e3"  />
    <postMsg mid="35001747" type="Warning" dynamic="2" navigation="0" arg0="0" arg1="A01_15__I_0_e3"  />
    <postMsg mid="35001747" type="Warning" dynamic="2" navigation="0" arg0="15" arg1="A11_15__I_0_e2"  />
    <postMsg mid="35001747" type="Warning" dynamic="2" navigation="0" arg0="14" arg1="A11_15__I_0_e2"  />
    <postMsg mid="35001747" type="Warning" dynamic="2" navigation="0" arg0="13" arg1="A11_15__I_0_e2"  />
    <postMsg mid="35001747" type="Warning" dynamic="2" navigation="0" arg0="12" arg1="A11_15__I_0_e2"  />
    <postMsg mid="35001747" type="Warning" dynamic="2" navigation="0" arg0="11" arg1="A11_15__I_0_e2"  />
    <postMsg mid="35001747" type="Warning" dynamic="2" navigation="0" arg0="10" arg1="A11_15__I_0_e2"  />
    <postMsg mid="35001747" type="Warning" dynamic="2" navigation="0" arg0="9" arg1="A11_15__I_0_e2"  />
    <postMsg mid="35001747" type="Warning" dynamic="2" navigation="0" arg0="8" arg1="A11_15__I_0_e2"  />
    <postMsg mid="35001747" type="Warning" dynamic="2" navigation="0" arg0="7" arg1="A11_15__I_0_e2"  />
    <postMsg mid="35001747" type="Warning" dynamic="2" navigation="0" arg0="6" arg1="A11_15__I_0_e2"  />
    <postMsg mid="35001747" type="Warning" dynamic="2" navigation="0" arg0="5" arg1="A11_15__I_0_e2"  />
    <postMsg mid="35001747" type="Warning" dynamic="2" navigation="0" arg0="4" arg1="A11_15__I_0_e2"  />
    <postMsg mid="35001747" type="Warning" dynamic="2" navigation="0" arg0="3" arg1="A11_15__I_0_e2"  />
    <postMsg mid="35001747" type="Warning" dynamic="2" navigation="0" arg0="2" arg1="A11_15__I_0_e2"  />
    <postMsg mid="35001747" type="Warning" dynamic="2" navigation="0" arg0="1" arg1="A11_15__I_0_e2"  />
    <postMsg mid="35001747" type="Warning" dynamic="2" navigation="0" arg0="0" arg1="A11_15__I_0_e2"  />
    <postMsg mid="35001747" type="Warning" dynamic="2" navigation="0" arg0="31" arg1="A11_15__I_0_e3"  />
    <postMsg mid="35001747" type="Warning" dynamic="2" navigation="0" arg0="30" arg1="A11_15__I_0_e3"  />
    <postMsg mid="35001747" type="Warning" dynamic="2" navigation="0" arg0="29" arg1="A11_15__I_0_e3"  />
    <postMsg mid="35001747" type="Warning" dynamic="2" navigation="0" arg0="28" arg1="A11_15__I_0_e3"  />
    <postMsg mid="35001747" type="Warning" dynamic="2" navigation="0" arg0="27" arg1="A11_15__I_0_e3"  />
    <postMsg mid="35001747" type="Warning" dynamic="2" navigation="0" arg0="26" arg1="A11_15__I_0_e3"  />
    <postMsg mid="35001747" type="Warning" dynamic="2" navigation="0" arg0="25" arg1="A11_15__I_0_e3"  />
    <postMsg mid="35001747" type="Warning" dynamic="2" navigation="0" arg0="24" arg1="A11_15__I_0_e3"  />
    <postMsg mid="35001747" type="Warning" dynamic="2" navigation="0" arg0="23" arg1="A11_15__I_0_e3"  />
    <postMsg mid="35001747" type="Warning" dynamic="2" navigation="0" arg0="22" arg1="A11_15__I_0_e3"  />
    <postMsg mid="35001747" type="Warning" dynamic="2" navigation="0" arg0="21" arg1="A11_15__I_0_e3"  />
    <postMsg mid="35001747" type="Warning" dynamic="2" navigation="0" arg0="20" arg1="A11_15__I_0_e3"  />
    <postMsg mid="35001747" type="Warning" dynamic="2" navigation="0" arg0="19" arg1="A11_15__I_0_e3"  />
    <postMsg mid="35001747" type="Warning" dynamic="2" navigation="0" arg0="18" arg1="A11_15__I_0_e3"  />
    <postMsg mid="35001747" type="Warning" dynamic="2" navigation="0" arg0="17" arg1="A11_15__I_0_e3"  />
    <postMsg mid="35001747" type="Warning" dynamic="2" navigation="0" arg0="16" arg1="A11_15__I_0_e3"  />
    <postMsg mid="35001747" type="Warning" dynamic="2" navigation="0" arg0="15" arg1="A11_15__I_0_e3"  />
    <postMsg mid="35001747" type="Warning" dynamic="2" navigation="0" arg0="14" arg1="A11_15__I_0_e3"  />
    <postMsg mid="35001747" type="Warning" dynamic="2" navigation="0" arg0="13" arg1="A11_15__I_0_e3"  />
    <postMsg mid="35001747" type="Warning" dynamic="2" navigation="0" arg0="12" arg1="A11_15__I_0_e3"  />
    <postMsg mid="35001747" type="Warning" dynamic="2" navigation="0" arg0="11" arg1="A11_15__I_0_e3"  />
    <postMsg mid="35001747" type="Warning" dynamic="2" navigation="0" arg0="10" arg1="A11_15__I_0_e3"  />
    <postMsg mid="35001747" type="Warning" dynamic="2" navigation="0" arg0="9" arg1="A11_15__I_0_e3"  />
    <postMsg mid="35001747" type="Warning" dynamic="2" navigation="0" arg0="8" arg1="A11_15__I_0_e3"  />
    <postMsg mid="35001747" type="Warning" dynamic="2" navigation="0" arg0="7" arg1="A11_15__I_0_e3"  />
    <postMsg mid="35001747" type="Warning" dynamic="2" navigation="0" arg0="6" arg1="A11_15__I_0_e3"  />
    <postMsg mid="35001747" type="Warning" dynamic="2" navigation="0" arg0="5" arg1="A11_15__I_0_e3"  />
    <postMsg mid="35001747" type="Warning" dynamic="2" navigation="0" arg0="4" arg1="A11_15__I_0_e3"  />
    <postMsg mid="35001747" type="Warning" dynamic="2" navigation="0" arg0="3" arg1="A11_15__I_0_e3"  />
    <postMsg mid="35001747" type="Warning" dynamic="2" navigation="0" arg0="2" arg1="A11_15__I_0_e3"  />
    <postMsg mid="35001747" type="Warning" dynamic="2" navigation="0" arg0="1" arg1="A11_15__I_0_e3"  />
    <postMsg mid="35001747" type="Warning" dynamic="2" navigation="0" arg0="0" arg1="A11_15__I_0_e3"  />
GSR will not be inferred because no asynchronous signal was found in the netlist.
Applying 200.000000 MHz constraint to all clocks

    <postMsg mid="35001611" type="Warning" dynamic="0" navigation="0"  />
Results of NGD DRC are available in multiplier_2x2_drc.log.
Loading NGL library 'C:/lscc/diamond/3.14/ispfpga/sa5p00/data/sa5plib.ngl'...
Loading NGL library 'C:/lscc/diamond/3.14/ispfpga/xo2c00/data/xo2clib.ngl'...
Loading NGL library 'C:/lscc/diamond/3.14/ispfpga/mg5g00/data/mg5glib.ngl'...
Loading NGL library 'C:/lscc/diamond/3.14/ispfpga/or5g00/data/orc5glib.ngl'...


Running DRC...

DRC complete with no errors or warnings

Design Results:
    240 blocks expanded
completed the first expansion
All blocks are expanded and NGD expansion is successful.
Writing NGD file multiplier_impl1.ngd.

################### Begin Area Report (multiplier_2x2)######################
Number of register bits => 0 of 44439 (0 % )
CCU2C => 32
GSR => 1
IB => 128
LUT4 => 4
MULT18X18D => 8
OB => 64
################### End Area Report ##################

################### Begin Clock Report ######################
Clock Nets
Number of Clocks: 0
Clock Enable Nets
Number of Clock Enables: 0
Top 0 highest fanout Clock Enables:
Highest fanout non-clock nets
Top 10 highest fanout non-clock nets:
  Net : A00_c_15, loads : 6
  Net : A01_c_15, loads : 6
  Net : A10_c_15, loads : 6
  Net : A11_c_15, loads : 6
  Net : B00_c_15, loads : 6
  Net : B01_c_15, loads : 6
  Net : B10_c_15, loads : 6
  Net : B11_c_15, loads : 6
  Net : A00_c_14, loads : 2
  Net : A00_c_13, loads : 2
################### End Clock Report ##################

Peak Memory Usage: 90.520  MB

--------------------------------------------------------------
Elapsed CPU time for LSE flow : 1.750  secs
--------------------------------------------------------------
