Results of NGD DRC are available in backward_drc.log.
Loading NGL library 'C:/lscc/diamond/3.14/ispfpga/sa5p00/data/sa5plib.ngl'...
Loading NGL library 'C:/lscc/diamond/3.14/ispfpga/xo2c00/data/xo2clib.ngl'...
Loading NGL library 'C:/lscc/diamond/3.14/ispfpga/mg5g00/data/mg5glib.ngl'...
Loading NGL library 'C:/lscc/diamond/3.14/ispfpga/or5g00/data/orc5glib.ngl'...


Running DRC...

WARNING - synthesis: logical net 'U_in_c_43' has no load.
WARNING - synthesis: logical net 'U_in_c_44' has no load.
WARNING - synthesis: logical net 'U_in_c_45' has no load.
WARNING - synthesis: logical net 'U_in_c_46' has no load.
WARNING - synthesis: logical net 'U_in_c_47' has no load.
WARNING - synthesis: logical net 'U_in_c_48' has no load.
WARNING - synthesis: logical net 'U_in_c_49' has no load.
WARNING - synthesis: logical net 'U_in_c_50' has no load.
WARNING - synthesis: logical net 'U_in_c_51' has no load.
WARNING - synthesis: logical net 'U_in_c_52' has no load.
WARNING - synthesis: logical net 'U_in_c_53' has no load.
WARNING - synthesis: logical net 'U_in_c_54' has no load.
WARNING - synthesis: logical net 'U_in_c_55' has no load.
WARNING - synthesis: logical net 'U_in_c_56' has no load.
WARNING - synthesis: logical net 'U_in_c_57' has no load.
WARNING - synthesis: logical net 'U_in_c_58' has no load.
WARNING - synthesis: logical net 'U_in_c_59' has no load.
WARNING - synthesis: logical net 'U_in_c_60' has no load.
WARNING - synthesis: logical net 'U_in_c_61' has no load.
WARNING - synthesis: logical net 'U_in_c_62' has no load.
WARNING - synthesis: logical net 'U_in_c_63' has no load.
WARNING - synthesis: logical net 'U_in_c_64' has no load.
WARNING - synthesis: logical net 'U_in_c_65' has no load.
WARNING - synthesis: logical net 'U_in_c_66' has no load.
WARNING - synthesis: logical net 'U_in_c_67' has no load.
WARNING - synthesis: logical net 'U_in_c_68' has no load.
WARNING - synthesis: logical net 'U_in_c_69' has no load.
WARNING - synthesis: logical net 'U_in_c_70' has no load.
WARNING - synthesis: logical net 'U_in_c_71' has no load.
WARNING - synthesis: logical net 'U_in_c_72' has no load.
WARNING - synthesis: logical net 'U_in_c_73' has no load.
WARNING - synthesis: logical net 'U_in_c_74' has no load.
WARNING - synthesis: logical net 'U_in_c_75' has no load.
WARNING - synthesis: logical net 'U_in_c_76' has no load.
WARNING - synthesis: logical net 'U_in_c_77' has no load.
WARNING - synthesis: logical net 'U_in_c_78' has no load.
WARNING - synthesis: logical net 'U_in_c_79' has no load.
WARNING - synthesis: logical net 'U_in_c_80' has no load.
WARNING - synthesis: logical net 'U_in_c_81' has no load.
WARNING - synthesis: logical net 'U_in_c_82' has no load.
WARNING - synthesis: logical net 'U_in_c_83' has no load.
WARNING - synthesis: logical net 'U_in_c_84' has no load.
WARNING - synthesis: logical net 'U_in_c_85' has no load.
WARNING - synthesis: logical net 'U_in_c_86' has no load.
WARNING - synthesis: logical net 'U_in_c_87' has no load.
WARNING - synthesis: logical net 'U_in_c_88' has no load.
WARNING - synthesis: logical net 'U_in_c_89' has no load.
WARNING - synthesis: logical net 'U_in_c_90' has no load.
WARNING - synthesis: logical net 'U_in_c_91' has no load.
WARNING - synthesis: logical net 'U_in_c_92' has no load.
WARNING - synthesis: logical net 'U_in_c_93' has no load.
WARNING - synthesis: logical net 'U_in_c_94' has no load.
WARNING - synthesis: logical net 'U_in_c_95' has no load.
WARNING - synthesis: logical net 'U_in_c_96' has no load.
WARNING - synthesis: logical net 'U_in_c_97' has no load.
WARNING - synthesis: logical net 'U_in_c_98' has no load.
WARNING - synthesis: logical net 'U_in_c_99' has no load.
WARNING - synthesis: logical net 'U_in_c_100' has no load.
WARNING - synthesis: logical net 'U_in_c_101' has no load.
WARNING - synthesis: logical net 'U_in_c_102' has no load.
WARNING - synthesis: logical net 'U_in_c_103' has no load.
WARNING - synthesis: logical net 'U_in_c_104' has no load.
WARNING - synthesis: logical net 'U_in_c_105' has no load.
WARNING - synthesis: logical net 'U_in_c_106' has no load.
WARNING - synthesis: logical net 'U_in_c_107' has no load.
WARNING - synthesis: logical net 'U_in_c_108' has no load.
WARNING - synthesis: logical net 'U_in_c_109' has no load.
WARNING - synthesis: logical net 'U_in_c_110' has no load.
WARNING - synthesis: logical net 'U_in_c_111' has no load.
WARNING - synthesis: logical net 'U_in_c_112' has no load.
WARNING - synthesis: logical net 'U_in_c_113' has no load.
WARNING - synthesis: logical net 'U_in_c_114' has no load.
WARNING - synthesis: logical net 'U_in_c_115' has no load.
WARNING - synthesis: logical net 'U_in_c_116' has no load.
WARNING - synthesis: logical net 'U_in_c_117' has no load.
WARNING - synthesis: logical net 'U_in_c_118' has no load.
WARNING - synthesis: logical net 'U_in_c_119' has no load.
WARNING - synthesis: logical net 'U_in_c_120' has no load.
WARNING - synthesis: logical net 'U_in_c_121' has no load.
WARNING - synthesis: logical net 'U_in_c_122' has no load.
WARNING - synthesis: logical net 'U_in_c_123' has no load.
WARNING - synthesis: logical net 'U_in_c_124' has no load.
WARNING - synthesis: logical net 'U_in_c_125' has no load.
WARNING - synthesis: logical net 'U_in_c_126' has no load.
WARNING - synthesis: logical net 'U_in_c_127' has no load.
WARNING - synthesis: logical net 'U_in_c_160' has no load.
WARNING - synthesis: logical net 'U_in_c_161' has no load.
WARNING - synthesis: logical net 'U_in_c_162' has no load.
WARNING - synthesis: logical net 'U_in_c_163' has no load.
WARNING - synthesis: logical net 'U_in_c_164' has no load.
WARNING - synthesis: logical net 'U_in_c_42' has no load.
WARNING - synthesis: logical net 'U_in_c_165' has no load.
WARNING - synthesis: logical net 'U_in_c_166' has no load.
WARNING - synthesis: logical net 'U_in_c_167' has no load.
WARNING - synthesis: logical net 'U_in_c_168' has no load.
WARNING - synthesis: logical net 'U_in_c_169' has no load.
WARNING - synthesis: logical net 'U_in_c_170' has no load.
WARNING - synthesis: logical net 'U_in_c_171' has no load.
WARNING - synthesis: logical net 'U_in_c_172' has no load.
WARNING - synthesis: logical net 'U_in_c_173' has no load.
WARNING - synthesis: logical net 'U_in_c_174' has no load.
WARNING - synthesis: logical net 'U_in_c_175' has no load.
WARNING - synthesis: logical net 'U_in_c_176' has no load.
WARNING - synthesis: logical net 'U_in_c_177' has no load.
WARNING - synthesis: logical net 'U_in_c_178' has no load.
WARNING - synthesis: logical net 'U_in_c_179' has no load.
WARNING - synthesis: logical net 'U_in_c_180' has no load.
WARNING - synthesis: logical net 'U_in_c_181' has no load.
WARNING - synthesis: logical net 'U_in_c_182' has no load.
WARNING - synthesis: logical net 'U_in_c_183' has no load.
WARNING - synthesis: logical net 'U_in_c_184' has no load.
WARNING - synthesis: logical net 'U_in_c_185' has no load.
WARNING - synthesis: logical net 'U_in_c_186' has no load.
WARNING - synthesis: logical net 'U_in_c_187' has no load.
WARNING - synthesis: logical net 'U_in_c_188' has no load.
WARNING - synthesis: logical net 'U_in_c_189' has no load.
WARNING - synthesis: logical net 'U_in_c_190' has no load.
WARNING - synthesis: logical net 'U_in_c_191' has no load.
WARNING - synthesis: logical net 'U_in_c_192' has no load.
WARNING - synthesis: logical net 'U_in_c_193' has no load.
WARNING - synthesis: logical net 'U_in_c_194' has no load.
WARNING - synthesis: logical net 'U_in_c_195' has no load.
WARNING - synthesis: logical net 'U_in_c_196' has no load.
WARNING - synthesis: logical net 'U_in_c_197' has no load.
WARNING - synthesis: logical net 'U_in_c_198' has no load.
WARNING - synthesis: logical net 'U_in_c_199' has no load.
WARNING - synthesis: logical net 'U_in_c_200' has no load.
WARNING - synthesis: logical net 'U_in_c_201' has no load.
WARNING - synthesis: logical net 'U_in_c_202' has no load.
WARNING - synthesis: logical net 'U_in_c_203' has no load.
WARNING - synthesis: logical net 'U_in_c_204' has no load.
WARNING - synthesis: logical net 'U_in_c_205' has no load.
WARNING - synthesis: logical net 'U_in_c_206' has no load.
WARNING - synthesis: logical net 'U_in_c_207' has no load.
WARNING - synthesis: logical net 'U_in_c_208' has no load.
WARNING - synthesis: logical net 'U_in_c_209' has no load.
WARNING - synthesis: logical net 'U_in_c_210' has no load.
WARNING - synthesis: logical net 'U_in_c_211' has no load.
WARNING - synthesis: logical net 'U_in_c_212' has no load.
WARNING - synthesis: logical net 'U_in_c_213' has no load.
WARNING - synthesis: logical net 'U_in_c_214' has no load.
WARNING - synthesis: logical net 'U_in_c_215' has no load.
WARNING - synthesis: logical net 'U_in_c_216' has no load.
WARNING - synthesis: logical net 'U_in_c_217' has no load.
WARNING - synthesis: logical net 'U_in_c_218' has no load.
WARNING - synthesis: logical net 'U_in_c_219' has no load.
WARNING - synthesis: logical net 'U_in_c_220' has no load.
WARNING - synthesis: logical net 'U_in_c_221' has no load.
WARNING - synthesis: logical net 'U_in_c_222' has no load.
WARNING - synthesis: logical net 'U_in_c_223' has no load.
WARNING - synthesis: logical net 'U_in_c_224' has no load.
WARNING - synthesis: logical net 'U_in_c_225' has no load.
WARNING - synthesis: logical net 'U_in_c_226' has no load.
WARNING - synthesis: logical net 'U_in_c_227' has no load.
WARNING - synthesis: logical net 'U_in_c_228' has no load.
WARNING - synthesis: logical net 'U_in_c_229' has no load.
WARNING - synthesis: logical net 'U_in_c_230' has no load.
WARNING - synthesis: logical net 'U_in_c_231' has no load.
WARNING - synthesis: logical net 'U_in_c_232' has no load.
WARNING - synthesis: logical net 'U_in_c_233' has no load.
WARNING - synthesis: logical net 'U_in_c_234' has no load.
WARNING - synthesis: logical net 'U_in_c_235' has no load.
WARNING - synthesis: logical net 'U_in_c_236' has no load.
WARNING - synthesis: logical net 'U_in_c_237' has no load.
WARNING - synthesis: logical net 'U_in_c_238' has no load.
WARNING - synthesis: logical net 'U_in_c_239' has no load.
WARNING - synthesis: logical net 'U_in_c_240' has no load.
WARNING - synthesis: logical net 'U_in_c_241' has no load.
WARNING - synthesis: logical net 'U_in_c_242' has no load.
WARNING - synthesis: logical net 'U_in_c_243' has no load.
WARNING - synthesis: logical net 'U_in_c_244' has no load.
WARNING - synthesis: logical net 'U_in_c_245' has no load.
WARNING - synthesis: logical net 'U_in_c_246' has no load.
WARNING - synthesis: logical net 'U_in_c_247' has no load.
WARNING - synthesis: logical net 'U_in_c_248' has no load.
WARNING - synthesis: logical net 'U_in_c_249' has no load.
WARNING - synthesis: logical net 'U_in_c_250' has no load.
WARNING - synthesis: logical net 'U_in_c_251' has no load.
WARNING - synthesis: logical net 'U_in_c_252' has no load.
WARNING - synthesis: logical net 'U_in_c_253' has no load.
WARNING - synthesis: logical net 'U_in_c_254' has no load.
WARNING - synthesis: logical net 'U_in_c_255' has no load.
WARNING - synthesis: logical net 'U_in_c_256' has no load.
WARNING - synthesis: logical net 'U_in_c_257' has no load.
WARNING - synthesis: logical net 'U_in_c_258' has no load.
WARNING - synthesis: logical net 'U_in_c_259' has no load.
WARNING - synthesis: logical net 'U_in_c_260' has no load.
WARNING - synthesis: logical net 'U_in_c_261' has no load.
WARNING - synthesis: logical net 'U_in_c_262' has no load.
WARNING - synthesis: logical net 'U_in_c_263' has no load.
WARNING - synthesis: logical net 'U_in_c_264' has no load.
WARNING - synthesis: logical net 'U_in_c_265' has no load.
WARNING - synthesis: logical net 'U_in_c_266' has no load.
WARNING - synthesis: logical net 'U_in_c_267' has no load.
WARNING - synthesis: logical net 'U_in_c_268' has no load.
WARNING - synthesis: logical net 'U_in_c_269' has no load.
WARNING - synthesis: logical net 'U_in_c_270' has no load.
WARNING - synthesis: logical net 'U_in_c_271' has no load.
WARNING - synthesis: logical net 'U_in_c_272' has no load.
WARNING - synthesis: logical net 'U_in_c_273' has no load.
WARNING - synthesis: logical net 'U_in_c_274' has no load.
WARNING - synthesis: logical net 'U_in_c_275' has no load.
WARNING - synthesis: logical net 'U_in_c_276' has no load.
WARNING - synthesis: logical net 'U_in_c_277' has no load.
WARNING - synthesis: logical net 'U_in_c_278' has no load.
WARNING - synthesis: logical net 'U_in_c_279' has no load.
WARNING - synthesis: logical net 'U_in_c_280' has no load.
WARNING - synthesis: logical net 'U_in_c_281' has no load.
WARNING - synthesis: logical net 'U_in_c_282' has no load.
WARNING - synthesis: logical net 'U_in_c_283' has no load.
WARNING - synthesis: logical net 'U_in_c_284' has no load.
WARNING - synthesis: logical net 'U_in_c_285' has no load.
WARNING - synthesis: logical net 'U_in_c_286' has no load.
WARNING - synthesis: logical net 'U_in_c_287' has no load.
WARNING - synthesis: logical net 'U_in_c_288' has no load.
WARNING - synthesis: logical net 'U_in_c_289' has no load.
WARNING - synthesis: logical net 'U_in_c_290' has no load.
WARNING - synthesis: logical net 'U_in_c_291' has no load.
WARNING - synthesis: logical net 'U_in_c_292' has no load.
WARNING - synthesis: logical net 'U_in_c_293' has no load.
WARNING - synthesis: logical net 'U_in_c_294' has no load.
WARNING - synthesis: logical net 'U_in_c_295' has no load.
WARNING - synthesis: logical net 'U_in_c_296' has no load.
WARNING - synthesis: logical net 'U_in_c_297' has no load.
WARNING - synthesis: logical net 'U_in_c_298' has no load.
WARNING - synthesis: logical net 'U_in_c_299' has no load.
WARNING - synthesis: logical net 'U_in_c_300' has no load.
WARNING - synthesis: logical net 'U_in_c_301' has no load.
WARNING - synthesis: logical net 'U_in_c_302' has no load.
WARNING - synthesis: logical net 'U_in_c_303' has no load.
WARNING - synthesis: logical net 'U_in_c_304' has no load.
WARNING - synthesis: logical net 'U_in_c_305' has no load.
WARNING - synthesis: logical net 'U_in_c_306' has no load.
WARNING - synthesis: logical net 'U_in_c_307' has no load.
WARNING - synthesis: logical net 'U_in_c_308' has no load.
WARNING - synthesis: logical net 'U_in_c_309' has no load.
WARNING - synthesis: logical net 'U_in_c_310' has no load.
WARNING - synthesis: logical net 'U_in_c_311' has no load.
WARNING - synthesis: logical net 'U_in_c_312' has no load.
WARNING - synthesis: logical net 'U_in_c_313' has no load.
WARNING - synthesis: logical net 'U_in_c_314' has no load.
WARNING - synthesis: logical net 'U_in_c_315' has no load.
WARNING - synthesis: logical net 'U_in_c_316' has no load.
WARNING - synthesis: logical net 'U_in_c_317' has no load.
WARNING - synthesis: logical net 'U_in_c_318' has no load.
WARNING - synthesis: logical net 'U_in_c_319' has no load.
WARNING - synthesis: logical net 'U_in_c_320' has no load.
WARNING - synthesis: logical net 'U_in_c_321' has no load.
WARNING - synthesis: logical net 'U_in_c_322' has no load.
WARNING - synthesis: logical net 'U_in_c_323' has no load.
WARNING - synthesis: logical net 'U_in_c_324' has no load.
WARNING - synthesis: logical net 'U_in_c_325' has no load.
WARNING - synthesis: logical net 'U_in_c_326' has no load.
WARNING - synthesis: logical net 'U_in_c_327' has no load.
WARNING - synthesis: logical net 'U_in_c_328' has no load.
WARNING - synthesis: logical net 'U_in_c_329' has no load.
WARNING - synthesis: logical net 'U_in_c_330' has no load.
WARNING - synthesis: logical net 'U_in_c_331' has no load.
WARNING - synthesis: logical net 'U_in_c_332' has no load.
WARNING - synthesis: logical net 'U_in_c_333' has no load.
WARNING - synthesis: logical net 'U_in_c_334' has no load.
WARNING - synthesis: logical net 'U_in_c_335' has no load.
WARNING - synthesis: logical net 'U_in_c_336' has no load.
WARNING - synthesis: logical net 'U_in_c_337' has no load.
WARNING - synthesis: logical net 'U_in_c_338' has no load.
WARNING - synthesis: logical net 'U_in_c_339' has no load.
WARNING - synthesis: logical net 'U_in_c_340' has no load.
WARNING - synthesis: logical net 'U_in_c_341' has no load.
WARNING - synthesis: logical net 'U_in_c_342' has no load.
WARNING - synthesis: logical net 'U_in_c_343' has no load.
WARNING - synthesis: logical net 'U_in_c_344' has no load.
WARNING - synthesis: logical net 'U_in_c_345' has no load.
WARNING - synthesis: logical net 'U_in_c_346' has no load.
WARNING - synthesis: logical net 'U_in_c_347' has no load.
WARNING - synthesis: logical net 'U_in_c_348' has no load.
WARNING - synthesis: logical net 'U_in_c_349' has no load.
WARNING - synthesis: logical net 'U_in_c_350' has no load.
WARNING - synthesis: logical net 'U_in_c_351' has no load.
WARNING - synthesis: logical net 'U_in_c_352' has no load.
WARNING - synthesis: logical net 'U_in_c_353' has no load.
WARNING - synthesis: logical net 'U_in_c_354' has no load.
WARNING - synthesis: logical net 'U_in_c_355' has no load.
WARNING - synthesis: logical net 'U_in_c_356' has no load.
WARNING - synthesis: logical net 'U_in_c_357' has no load.
WARNING - synthesis: logical net 'U_in_c_358' has no load.
WARNING - synthesis: logical net 'U_in_c_359' has no load.
WARNING - synthesis: logical net 'U_in_c_360' has no load.
WARNING - synthesis: logical net 'U_in_c_361' has no load.
WARNING - synthesis: logical net 'U_in_c_362' has no load.
WARNING - synthesis: logical net 'U_in_c_363' has no load.
WARNING - synthesis: logical net 'U_in_c_364' has no load.
WARNING - synthesis: logical net 'U_in_c_365' has no load.
WARNING - synthesis: logical net 'U_in_c_366' has no load.
WARNING - synthesis: logical net 'U_in_c_367' has no load.
WARNING - synthesis: logical net 'U_in_c_368' has no load.
WARNING - synthesis: logical net 'U_in_c_369' has no load.
WARNING - synthesis: logical net 'U_in_c_370' has no load.
WARNING - synthesis: logical net 'U_in_c_371' has no load.
WARNING - synthesis: logical net 'U_in_c_372' has no load.
WARNING - synthesis: logical net 'U_in_c_373' has no load.
WARNING - synthesis: logical net 'U_in_c_374' has no load.
WARNING - synthesis: logical net 'U_in_c_375' has no load.
WARNING - synthesis: logical net 'U_in_c_376' has no load.
WARNING - synthesis: logical net 'U_in_c_377' has no load.
WARNING - synthesis: logical net 'U_in_c_378' has no load.
WARNING - synthesis: logical net 'U_in_c_379' has no load.
WARNING - synthesis: logical net 'U_in_c_380' has no load.
WARNING - synthesis: logical net 'U_in_c_381' has no load.
WARNING - synthesis: logical net 'U_in_c_382' has no load.
WARNING - synthesis: logical net 'U_in_c_383' has no load.
WARNING - synthesis: logical net 'U_in_c_384' has no load.
WARNING - synthesis: logical net 'U_in_c_385' has no load.
WARNING - synthesis: logical net 'U_in_c_386' has no load.
WARNING - synthesis: logical net 'U_in_c_387' has no load.
WARNING - synthesis: logical net 'U_in_c_388' has no load.
WARNING - synthesis: logical net 'U_in_c_389' has no load.
WARNING - synthesis: logical net 'U_in_c_390' has no load.
WARNING - synthesis: logical net 'U_in_c_391' has no load.
WARNING - synthesis: logical net 'U_in_c_392' has no load.
WARNING - synthesis: logical net 'U_in_c_393' has no load.
WARNING - synthesis: logical net 'U_in_c_394' has no load.
WARNING - synthesis: logical net 'U_in_c_395' has no load.
WARNING - synthesis: logical net 'U_in_c_396' has no load.
WARNING - synthesis: logical net 'U_in_c_397' has no load.
WARNING - synthesis: logical net 'U_in_c_398' has no load.
WARNING - synthesis: logical net 'U_in_c_399' has no load.
WARNING - synthesis: logical net 'U_in_c_400' has no load.
WARNING - synthesis: logical net 'U_in_c_401' has no load.
WARNING - synthesis: logical net 'U_in_c_402' has no load.
WARNING - synthesis: logical net 'U_in_c_403' has no load.
WARNING - synthesis: logical net 'U_in_c_404' has no load.
WARNING - synthesis: logical net 'U_in_c_405' has no load.
WARNING - synthesis: logical net 'U_in_c_406' has no load.
WARNING - synthesis: logical net 'U_in_c_407' has no load.
WARNING - synthesis: logical net 'U_in_c_408' has no load.
WARNING - synthesis: logical net 'U_in_c_409' has no load.
WARNING - synthesis: logical net 'U_in_c_410' has no load.
WARNING - synthesis: logical net 'U_in_c_411' has no load.
WARNING - synthesis: logical net 'U_in_c_412' has no load.
WARNING - synthesis: logical net 'U_in_c_413' has no load.
WARNING - synthesis: logical net 'U_in_c_414' has no load.
WARNING - synthesis: logical net 'U_in_c_415' has no load.
WARNING - synthesis: logical net 'U_in_c_416' has no load.
WARNING - synthesis: logical net 'U_in_c_417' has no load.
WARNING - synthesis: logical net 'U_in_c_418' has no load.
WARNING - synthesis: logical net 'U_in_c_419' has no load.
WARNING - synthesis: logical net 'U_in_c_420' has no load.
WARNING - synthesis: logical net 'U_in_c_421' has no load.
WARNING - synthesis: logical net 'U_in_c_422' has no load.
WARNING - synthesis: logical net 'U_in_c_423' has no load.
WARNING - synthesis: logical net 'U_in_c_424' has no load.
WARNING - synthesis: logical net 'U_in_c_425' has no load.
WARNING - synthesis: logical net 'U_in_c_426' has no load.
WARNING - synthesis: logical net 'U_in_c_427' has no load.
WARNING - synthesis: logical net 'U_in_c_428' has no load.
WARNING - synthesis: logical net 'U_in_c_429' has no load.
WARNING - synthesis: logical net 'U_in_c_430' has no load.
WARNING - synthesis: logical net 'U_in_c_431' has no load.
WARNING - synthesis: logical net 'U_in_c_432' has no load.
WARNING - synthesis: logical net 'U_in_c_433' has no load.
WARNING - synthesis: logical net 'U_in_c_434' has no load.
WARNING - synthesis: logical net 'U_in_c_435' has no load.
WARNING - synthesis: logical net 'U_in_c_436' has no load.
WARNING - synthesis: logical net 'U_in_c_437' has no load.
WARNING - synthesis: logical net 'U_in_c_438' has no load.
WARNING - synthesis: logical net 'U_in_c_439' has no load.
WARNING - synthesis: logical net 'U_in_c_440' has no load.
WARNING - synthesis: logical net 'U_in_c_441' has no load.
WARNING - synthesis: logical net 'U_in_c_442' has no load.
WARNING - synthesis: logical net 'U_in_c_443' has no load.
WARNING - synthesis: logical net 'U_in_c_444' has no load.
WARNING - synthesis: logical net 'U_in_c_445' has no load.
WARNING - synthesis: logical net 'U_in_c_446' has no load.
WARNING - synthesis: logical net 'U_in_c_447' has no load.
WARNING - synthesis: logical net 'U_in_c_448' has no load.
WARNING - synthesis: logical net 'U_in_c_449' has no load.
WARNING - synthesis: logical net 'U_in_c_450' has no load.
WARNING - synthesis: logical net 'U_in_c_451' has no load.
WARNING - synthesis: logical net 'U_in_c_452' has no load.
WARNING - synthesis: logical net 'U_in_c_453' has no load.
WARNING - synthesis: logical net 'U_in_c_454' has no load.
WARNING - synthesis: logical net 'U_in_c_455' has no load.
WARNING - synthesis: logical net 'U_in_c_456' has no load.
WARNING - synthesis: logical net 'U_in_c_457' has no load.
WARNING - synthesis: logical net 'U_in_c_458' has no load.
WARNING - synthesis: logical net 'U_in_c_459' has no load.
WARNING - synthesis: logical net 'U_in_c_460' has no load.
WARNING - synthesis: logical net 'U_in_c_461' has no load.
WARNING - synthesis: logical net 'U_in_c_462' has no load.
WARNING - synthesis: logical net 'U_in_c_463' has no load.
WARNING - synthesis: logical net 'U_in_c_464' has no load.
WARNING - synthesis: logical net 'U_in_c_465' has no load.
WARNING - synthesis: logical net 'U_in_c_466' has no load.
WARNING - synthesis: logical net 'U_in_c_467' has no load.
WARNING - synthesis: logical net 'U_in_c_468' has no load.
WARNING - synthesis: logical net 'U_in_c_469' has no load.
WARNING - synthesis: logical net 'U_in_c_470' has no load.
WARNING - synthesis: logical net 'U_in_c_471' has no load.
WARNING - synthesis: logical net 'U_in_c_472' has no load.
WARNING - synthesis: logical net 'U_in_c_473' has no load.
WARNING - synthesis: logical net 'U_in_c_474' has no load.
WARNING - synthesis: logical net 'U_in_c_475' has no load.
WARNING - synthesis: logical net 'U_in_c_476' has no load.
WARNING - synthesis: logical net 'U_in_c_477' has no load.
WARNING - synthesis: logical net 'U_in_c_478' has no load.
WARNING - synthesis: logical net 'U_in_c_479' has no load.
WARNING - synthesis: logical net 'U_in_c_480' has no load.
WARNING - synthesis: logical net 'U_in_c_481' has no load.
WARNING - synthesis: logical net 'U_in_c_482' has no load.
WARNING - synthesis: logical net 'U_in_c_483' has no load.
WARNING - synthesis: logical net 'U_in_c_484' has no load.
WARNING - synthesis: logical net 'U_in_c_485' has no load.
WARNING - synthesis: logical net 'U_in_c_486' has no load.
WARNING - synthesis: logical net 'U_in_c_487' has no load.
WARNING - synthesis: logical net 'U_in_c_488' has no load.
WARNING - synthesis: logical net 'U_in_c_489' has no load.
WARNING - synthesis: logical net 'U_in_c_490' has no load.
WARNING - synthesis: logical net 'U_in_c_491' has no load.
WARNING - synthesis: logical net 'U_in_c_492' has no load.
WARNING - synthesis: logical net 'U_in_c_493' has no load.
WARNING - synthesis: logical net 'U_in_c_494' has no load.
WARNING - synthesis: logical net 'U_in_c_495' has no load.
WARNING - synthesis: logical net 'U_in_c_496' has no load.
WARNING - synthesis: logical net 'U_in_c_497' has no load.
WARNING - synthesis: logical net 'U_in_c_498' has no load.
WARNING - synthesis: logical net 'U_in_c_499' has no load.
WARNING - synthesis: logical net 'U_in_c_500' has no load.
WARNING - synthesis: logical net 'U_in_c_501' has no load.
WARNING - synthesis: logical net 'U_in_c_502' has no load.
WARNING - synthesis: logical net 'U_in_c_503' has no load.
WARNING - synthesis: logical net 'U_in_c_504' has no load.
WARNING - synthesis: logical net 'U_in_c_505' has no load.
WARNING - synthesis: logical net 'U_in_c_506' has no load.
WARNING - synthesis: logical net 'U_in_c_507' has no load.
WARNING - synthesis: logical net 'U_in_c_508' has no load.
WARNING - synthesis: logical net 'U_in_c_509' has no load.
WARNING - synthesis: logical net 'U_in_c_510' has no load.
WARNING - synthesis: logical net 'U_in_c_511' has no load.
WARNING - synthesis: logical net 'U_in_c_41' has no load.
WARNING - synthesis: logical net 'U_in_c_40' has no load.
WARNING - synthesis: logical net 'U_in_c_39' has no load.
WARNING - synthesis: logical net 'U_in_c_38' has no load.
WARNING - synthesis: logical net 'U_in_c_37' has no load.
WARNING - synthesis: logical net 'U_in_c_36' has no load.
WARNING - synthesis: logical net 'U_in_c_35' has no load.
WARNING - synthesis: logical net 'U_in_c_34' has no load.
WARNING - synthesis: logical net 'U_in_c_33' has no load.
WARNING - synthesis: logical net 'U_in_c_32' has no load.
WARNING - synthesis: logical net 'U_in_c_31' has no load.
WARNING - synthesis: logical net 'U_in_c_30' has no load.
WARNING - synthesis: logical net 'U_in_c_29' has no load.
WARNING - synthesis: logical net 'U_in_c_28' has no load.
WARNING - synthesis: logical net 'U_in_c_27' has no load.
WARNING - synthesis: logical net 'U_in_c_26' has no load.
WARNING - synthesis: logical net 'U_in_c_25' has no load.
WARNING - synthesis: logical net 'U_in_c_24' has no load.
WARNING - synthesis: logical net 'U_in_c_23' has no load.
WARNING - synthesis: logical net 'U_in_c_22' has no load.
WARNING - synthesis: logical net 'U_in_c_21' has no load.
WARNING - synthesis: logical net 'U_in_c_20' has no load.
WARNING - synthesis: logical net 'U_in_c_19' has no load.
WARNING - synthesis: logical net 'U_in_c_18' has no load.
WARNING - synthesis: logical net 'U_in_c_17' has no load.
WARNING - synthesis: logical net 'U_in_c_16' has no load.
WARNING - synthesis: logical net 'U_in_c_15' has no load.
WARNING - synthesis: logical net 'U_in_c_14' has no load.
WARNING - synthesis: logical net 'U_in_c_13' has no load.
WARNING - synthesis: logical net 'U_in_c_12' has no load.
WARNING - synthesis: logical net 'U_in_c_11' has no load.
WARNING - synthesis: logical net 'U_in_c_10' has no load.
WARNING - synthesis: logical net 'U_in_c_9' has no load.
WARNING - synthesis: logical net 'U_in_c_8' has no load.
WARNING - synthesis: logical net 'U_in_c_7' has no load.
WARNING - synthesis: logical net 'U_in_c_6' has no load.
WARNING - synthesis: logical net 'U_in_c_5' has no load.
WARNING - synthesis: logical net 'U_in_c_4' has no load.
WARNING - synthesis: logical net 'U_in_c_3' has no load.
WARNING - synthesis: logical net 'U_in_c_2' has no load.
WARNING - synthesis: logical net 'U_in_c_1' has no load.
WARNING - synthesis: logical net 'U_in_c_0' has no load.
WARNING - synthesis: logical net 'y_in_c_95' has no load.
WARNING - synthesis: logical net 'y_in_c_94' has no load.
WARNING - synthesis: logical net 'y_in_c_93' has no load.
WARNING - synthesis: logical net 'y_in_c_92' has no load.
WARNING - synthesis: logical net 'y_in_c_91' has no load.
WARNING - synthesis: logical net 'y_in_c_90' has no load.
WARNING - synthesis: logical net 'y_in_c_89' has no load.
WARNING - synthesis: logical net 'y_in_c_88' has no load.
WARNING - synthesis: logical net 'y_in_c_87' has no load.
WARNING - synthesis: logical net 'y_in_c_86' has no load.
WARNING - synthesis: logical net 'y_in_c_85' has no load.
WARNING - synthesis: logical net 'y_in_c_84' has no load.
WARNING - synthesis: logical net 'y_in_c_83' has no load.
WARNING - synthesis: logical net 'y_in_c_82' has no load.
WARNING - synthesis: logical net 'y_in_c_81' has no load.
WARNING - synthesis: logical net 'y_in_c_80' has no load.
WARNING - synthesis: logical net 'y_in_c_79' has no load.
WARNING - synthesis: logical net 'y_in_c_78' has no load.
WARNING - synthesis: logical net 'y_in_c_77' has no load.
WARNING - synthesis: logical net 'y_in_c_76' has no load.
WARNING - synthesis: logical net 'y_in_c_75' has no load.
WARNING - synthesis: logical net 'y_in_c_74' has no load.
WARNING - synthesis: logical net 'y_in_c_73' has no load.
WARNING - synthesis: logical net 'y_in_c_72' has no load.
WARNING - synthesis: logical net 'y_in_c_71' has no load.
WARNING - synthesis: logical net 'y_in_c_70' has no load.
WARNING - synthesis: logical net 'y_in_c_69' has no load.
WARNING - synthesis: logical net 'y_in_c_68' has no load.
WARNING - synthesis: logical net 'y_in_c_67' has no load.
WARNING - synthesis: logical net 'y_in_c_66' has no load.
WARNING - synthesis: logical net 'y_in_c_65' has no load.
WARNING - synthesis: logical net 'y_in_c_64' has no load.
WARNING - synthesis: logical net 'y_in_c_63' has no load.
WARNING - synthesis: logical net 'y_in_c_62' has no load.
WARNING - synthesis: logical net 'y_in_c_61' has no load.
WARNING - synthesis: logical net 'y_in_c_60' has no load.
WARNING - synthesis: logical net 'y_in_c_59' has no load.
WARNING - synthesis: logical net 'y_in_c_58' has no load.
WARNING - synthesis: logical net 'y_in_c_57' has no load.
WARNING - synthesis: logical net 'y_in_c_56' has no load.
WARNING - synthesis: logical net 'y_in_c_55' has no load.
WARNING - synthesis: logical net 'y_in_c_54' has no load.
WARNING - synthesis: logical net 'y_in_c_53' has no load.
WARNING - synthesis: logical net 'y_in_c_52' has no load.
WARNING - synthesis: logical net 'y_in_c_51' has no load.
WARNING - synthesis: logical net 'y_in_c_50' has no load.
WARNING - synthesis: logical net 'y_in_c_49' has no load.
WARNING - synthesis: logical net 'y_in_c_48' has no load.
WARNING - synthesis: logical net 'y_in_c_47' has no load.
WARNING - synthesis: logical net 'y_in_c_46' has no load.
WARNING - synthesis: logical net 'y_in_c_45' has no load.
WARNING - synthesis: logical net 'y_in_c_44' has no load.
WARNING - synthesis: logical net 'y_in_c_43' has no load.
WARNING - synthesis: logical net 'y_in_c_42' has no load.
WARNING - synthesis: logical net 'y_in_c_41' has no load.
WARNING - synthesis: logical net 'y_in_c_40' has no load.
WARNING - synthesis: logical net 'y_in_c_39' has no load.
WARNING - synthesis: logical net 'y_in_c_38' has no load.
WARNING - synthesis: logical net 'y_in_c_37' has no load.
WARNING - synthesis: logical net 'y_in_c_36' has no load.
WARNING - synthesis: logical net 'y_in_c_35' has no load.
WARNING - synthesis: logical net 'y_in_c_34' has no load.
WARNING - synthesis: logical net 'y_in_c_33' has no load.
WARNING - synthesis: logical net 'y_in_c_32' has no load.
WARNING - synthesis: logical net 'y_in_c_31' has no load.
WARNING - synthesis: logical net 'y_in_c_30' has no load.
WARNING - synthesis: logical net 'y_in_c_29' has no load.
WARNING - synthesis: logical net 'y_in_c_28' has no load.
WARNING - synthesis: logical net 'y_in_c_27' has no load.
WARNING - synthesis: logical net 'y_in_c_26' has no load.
WARNING - synthesis: logical net 'y_in_c_25' has no load.
WARNING - synthesis: logical net 'y_in_c_24' has no load.
WARNING - synthesis: logical net 'y_in_c_23' has no load.
WARNING - synthesis: logical net 'y_in_c_22' has no load.
WARNING - synthesis: logical net 'y_in_c_21' has no load.
WARNING - synthesis: logical net 'y_in_c_20' has no load.
WARNING - synthesis: logical net 'y_in_c_19' has no load.
WARNING - synthesis: logical net 'y_in_c_18' has no load.
WARNING - synthesis: logical net 'y_in_c_17' has no load.
WARNING - synthesis: logical net 'y_in_c_16' has no load.
WARNING - synthesis: logical net 'y_in_c_15' has no load.
WARNING - synthesis: logical net 'y_in_c_14' has no load.
WARNING - synthesis: logical net 'y_in_c_13' has no load.
WARNING - synthesis: logical net 'y_in_c_12' has no load.
WARNING - synthesis: logical net 'y_in_c_11' has no load.
WARNING - synthesis: logical net 'y_in_c_10' has no load.
WARNING - synthesis: logical net 'y_in_c_9' has no load.
WARNING - synthesis: logical net 'y_in_c_8' has no load.
WARNING - synthesis: logical net 'y_in_c_7' has no load.
WARNING - synthesis: logical net 'y_in_c_6' has no load.
WARNING - synthesis: logical net 'y_in_c_5' has no load.
WARNING - synthesis: logical net 'y_in_c_4' has no load.
WARNING - synthesis: logical net 'y_in_c_3' has no load.
WARNING - synthesis: logical net 'y_in_c_2' has no load.
WARNING - synthesis: logical net 'y_in_c_1' has no load.
WARNING - synthesis: logical net 'y_in_c_0' has no load.
WARNING - synthesis: DRC complete with 576 warnings.

Design Results:
   4391 blocks expanded
completed the first expansion
All blocks are expanded and NGD expansion is successful.
Writing NGD file inv_matriz_impl1.ngd.
