
synthesis -f "detector_de_seq_impl1_lattice.synproj"
synthesis:  version Diamond (64-bit) 3.14.0.75.2

Copyright (c) 1991-1994 by NeoCAD Inc. All rights reserved.
Copyright (c) 1995 AT&T Corp.   All rights reserved.
Copyright (c) 1995-2001 Lucent Technologies Inc.  All rights reserved.
Copyright (c) 2001 Agere Systems   All rights reserved.
Copyright (c) 2002-2024 Lattice Semiconductor Corporation,  All rights reserved.
Fri May 30 21:15:17 2025


Command Line:  synthesis -f detector_de_seq_impl1_lattice.synproj -gui 

    <postMsg mid="35002000" type="Info"    dynamic="0" navigation="0"  />
Synthesis options:
The -a option is ECP5U.
The -s option is 6.
The -t option is CABGA381.
The -d option is LFE5U-45F.
Using package CABGA381.
Using performance grade 6.
                                                          

##########################################################

### Lattice Family : ECP5U

### Device  : LFE5U-45F

### Package : CABGA381

### Speed   : 6

##########################################################

                                                          

    <postMsg mid="35001781" type="Info"    dynamic="0" navigation="0"  />
Optimization goal = Timing
Top-level module name = detector_sequencia_110.
Target frequency = 200.000000 MHz.
Maximum fanout = 1000.
Timing path count = 3
BRAM utilization = 100.000000 %
DSP usage = true
DSP utilization = 100.000000 %
fsm_encoding_style = auto
resolve_mixed_drivers = 0
fix_gated_clocks = 1

Mux style = Auto
Use Carry Chain = true
carry_chain_length = 0
Loop Limit = 1950.
Use IO Insertion = TRUE
Use IO Reg = AUTO

Resource Sharing = TRUE
Propagate Constants = TRUE
Remove Duplicate Registers = TRUE
force_gsr = auto
ROM style = auto
RAM style = auto
The -comp option is FALSE.
The -syn option is FALSE.
-p C:/lscc/diamond/3.14/ispfpga/sa5p00/data (searchpath added)
-p D:/RTL_FPGA/SD2/VERILOG/aula8-detector/impl1 (searchpath added)
-p D:/RTL_FPGA/SD2/VERILOG/aula8-detector (searchpath added)
VHDL library = work
VHDL design file = D:/RTL_FPGA/SD2/VERILOG/aula8-detector/detector_seq.vhd
NGD file = detector_de_seq_impl1.ngd
-sdc option: SDC file input not used.
-lpf option: Output file option is ON.
Hardtimer checking is enabled (default). The -dt option is not used.
The -r option is OFF. [ Remove LOC Properties is OFF. ]
Technology check ok...

Analyzing Verilog file C:/lscc/diamond/3.14/ispfpga/userware/NT/SYNTHESIS_HEADERS/ecp5u.v. VERI-1482
Compile design.
Compile Design Begin
    <postMsg mid="35921504" type="Info"    dynamic="2" navigation="0" arg0="" arg1="D:/RTL_FPGA/SD2/VERILOG/aula8-detector/impl1"  />
Analyzing VHDL file d:/rtl_fpga/sd2/verilog/aula8-detector/detector_seq.vhd. VHDL-1481
    <postMsg mid="35921012" type="Info"    dynamic="2" navigation="2" arg0="d:/rtl_fpga/sd2/verilog/aula8-detector/detector_seq.vhd(4): " arg1="detector_sequencia_110" arg2="d:/rtl_fpga/sd2/verilog/aula8-detector/detector_seq.vhd" arg3="4"  />
    <postMsg mid="35921010" type="Info"    dynamic="2" navigation="2" arg0="d:/rtl_fpga/sd2/verilog/aula8-detector/detector_seq.vhd(12): " arg1="behavioral" arg2="d:/rtl_fpga/sd2/verilog/aula8-detector/detector_seq.vhd" arg3="12"  />
unit detector_sequencia_110 is not yet analyzed. VHDL-1485
unit detector_sequencia_110 is not yet analyzed. VHDL-1485
d:/rtl_fpga/sd2/verilog/aula8-detector/detector_seq.vhd(4): executing detector_sequencia_110(behavioral)

    <postMsg mid="35921205" type="Warning" dynamic="3" navigation="2" arg0="d:/rtl_fpga/sd2/verilog/aula8-detector/detector_seq.vhd(10): " arg1="detector_sequencia_110" arg2="behavioral" arg3="d:/rtl_fpga/sd2/verilog/aula8-detector/detector_seq.vhd" arg4="10"  />
Top module name (VHDL): detector_sequencia_110
Last elaborated design is detector_sequencia_110(behavioral)
Loading NGL library 'C:/lscc/diamond/3.14/ispfpga/sa5p00/data/sa5plib.ngl'...
Loading NGL library 'C:/lscc/diamond/3.14/ispfpga/xo2c00/data/xo2clib.ngl'...
Loading NGL library 'C:/lscc/diamond/3.14/ispfpga/mg5g00/data/mg5glib.ngl'...
Loading NGL library 'C:/lscc/diamond/3.14/ispfpga/or5g00/data/orc5glib.ngl'...
Loading device for application map from file 'sa5p45.nph' in environment: C:/lscc/diamond/3.14/ispfpga.
Package Status:                     Final          Version 1.50.
Top-level module name = detector_sequencia_110.
    <postMsg mid="35001771" type="Warning" dynamic="1" navigation="0" arg0="next_state[2]"  />
    <postMsg mid="35001771" type="Warning" dynamic="1" navigation="0" arg0="next_state[1]"  />
    <postMsg mid="35001771" type="Warning" dynamic="1" navigation="0" arg0="next_state[0]"  />



GSR instance connected to net n56.
Applying 200.000000 MHz constraint to all clocks

    <postMsg mid="35001611" type="Warning" dynamic="0" navigation="0"  />
Results of NGD DRC are available in detector_sequencia_110_drc.log.
Loading NGL library 'C:/lscc/diamond/3.14/ispfpga/sa5p00/data/sa5plib.ngl'...
Loading NGL library 'C:/lscc/diamond/3.14/ispfpga/xo2c00/data/xo2clib.ngl'...
Loading NGL library 'C:/lscc/diamond/3.14/ispfpga/mg5g00/data/mg5glib.ngl'...
Loading NGL library 'C:/lscc/diamond/3.14/ispfpga/or5g00/data/orc5glib.ngl'...


Running DRC...

    <postMsg mid="1166052" type="Warning" dynamic="2" navigation="1" arg0="logical" arg1="GND_net" arg2="GND_net"  />
    <postMsg mid="1163101" type="Warning" dynamic="1" navigation="0" arg0="1"  />

Design Results:
     16 blocks expanded
completed the first expansion
All blocks are expanded and NGD expansion is successful.
Writing NGD file detector_de_seq_impl1.ngd.

################### Begin Area Report (detector_sequencia_110)######################
Number of register bits => 3 of 44457 (0 % )
FD1S3AX => 1
FD1S3IX => 2
GSR => 1
IB => 3
LUT4 => 5
OB => 1
################### End Area Report ##################

################### Begin Clock Report ######################
Clock Nets
Number of Clocks: 1
  Net : clk_c, loads : 3
Clock Enable Nets
Number of Clock Enables: 0
Top 0 highest fanout Clock Enables:
Highest fanout non-clock nets
Top 10 highest fanout non-clock nets:
  Net : current_state_2, loads : 4
  Net : current_state_1, loads : 4
  Net : current_state_0, loads : 4
  Net : next_state_2__N_4_c_1, loads : 3
  Net : reset_c, loads : 1
  Net : out_bit_c, loads : 1
  Net : next_state_1, loads : 1
  Net : n73, loads : 1
  Net : n56, loads : 1
  Net : n85, loads : 1
################### End Clock Report ##################

Timing Report Summary
--------------
--------------------------------------------------------------------------------
Constraint                              |   Constraint|       Actual|Levels
--------------------------------------------------------------------------------
                                        |             |             |
create_clock -period 5.000000 -name     |             |             |
clk0 [get_nets clk_c]                   |  200.000 MHz|  360.620 MHz|     2  
                                        |             |             |
--------------------------------------------------------------------------------


All constraints were met.


Peak Memory Usage: 105.301  MB

--------------------------------------------------------------
Elapsed CPU time for LSE flow : 0.672  secs
--------------------------------------------------------------
