
synthesis -f "erro_7_impl1_lattice.synproj"
synthesis:  version Diamond (64-bit) 3.14.0.75.2

Copyright (c) 1991-1994 by NeoCAD Inc. All rights reserved.
Copyright (c) 1995 AT&T Corp.   All rights reserved.
Copyright (c) 1995-2001 Lucent Technologies Inc.  All rights reserved.
Copyright (c) 2001 Agere Systems   All rights reserved.
Copyright (c) 2002-2024 Lattice Semiconductor Corporation,  All rights reserved.
Wed Apr 23 20:57:09 2025


Command Line:  synthesis -f erro_7_impl1_lattice.synproj -gui -msgset D:/RTL_FPGA/VHDL/erros_2/promote.xml 

    <postMsg mid="35002000" type="Info"    dynamic="0" navigation="0"  />
Synthesis options:
The -a option is ECP5U.
The -s option is 6.
The -t option is CABGA256.
The -d option is LFE5U-45F.
Using package CABGA256.
Using performance grade 6.
                                                          

##########################################################

### Lattice Family : ECP5U

### Device  : LFE5U-45F

### Package : CABGA256

### Speed   : 6

##########################################################

                                                          

    <postMsg mid="35001781" type="Info"    dynamic="0" navigation="0"  />
Optimization goal = Timing
Top-level module name = erro_7.
Target frequency = 200.000000 MHz.
Maximum fanout = 1000.
Timing path count = 3
BRAM utilization = 100.000000 %
DSP usage = true
DSP utilization = 100.000000 %
fsm_encoding_style = auto
resolve_mixed_drivers = 0
fix_gated_clocks = 1

Mux style = Auto
Use Carry Chain = true
carry_chain_length = 0
Loop Limit = 1950.
Use IO Insertion = TRUE
Use IO Reg = AUTO

Resource Sharing = TRUE
Propagate Constants = TRUE
Remove Duplicate Registers = TRUE
force_gsr = auto
ROM style = auto
RAM style = auto
The -comp option is FALSE.
The -syn option is FALSE.
-p C:/lscc/diamond/3.14/ispfpga/sa5p00/data (searchpath added)
-p D:/RTL_FPGA/VHDL/erros_2/impl1 (searchpath added)
-p D:/RTL_FPGA/VHDL/erros_2 (searchpath added)
VHDL library = work
VHDL design file = D:/RTL_FPGA/VHDL/erros_2/erro_7.vhd
NGD file = erro_7_impl1.ngd
-sdc option: SDC file input not used.
-lpf option: Output file option is ON.
Hardtimer checking is enabled (default). The -dt option is not used.
The -r option is OFF. [ Remove LOC Properties is OFF. ]
Technology check ok...

Analyzing Verilog file C:/lscc/diamond/3.14/ispfpga/userware/NT/SYNTHESIS_HEADERS/ecp5u.v. VERI-1482
Compile design.
Compile Design Begin
    <postMsg mid="35921504" type="Info"    dynamic="2" navigation="0" arg0="" arg1="D:/RTL_FPGA/VHDL/erros_2/impl1"  />
Analyzing VHDL file d:/rtl_fpga/vhdl/erros_2/erro_7.vhd. VHDL-1481
    <postMsg mid="35921012" type="Info"    dynamic="2" navigation="2" arg0="d:/rtl_fpga/vhdl/erros_2/erro_7.vhd(5): " arg1="erro_7" arg2="d:/rtl_fpga/vhdl/erros_2/erro_7.vhd" arg3="5"  />
    <postMsg mid="35921010" type="Info"    dynamic="2" navigation="2" arg0="d:/rtl_fpga/vhdl/erros_2/erro_7.vhd(13): " arg1="behaviour" arg2="d:/rtl_fpga/vhdl/erros_2/erro_7.vhd" arg3="13"  />
unit erro_7 is not yet analyzed. VHDL-1485
unit erro_7 is not yet analyzed. VHDL-1485
d:/rtl_fpga/vhdl/erros_2/erro_7.vhd(5): executing erro_7(behaviour)

    <postMsg mid="35921205" type="Warning" dynamic="3" navigation="2" arg0="d:/rtl_fpga/vhdl/erros_2/erro_7.vhd(11): " arg1="erro_7" arg2="behaviour" arg3="d:/rtl_fpga/vhdl/erros_2/erro_7.vhd" arg4="11"  />
Top module name (VHDL): erro_7
Last elaborated design is erro_7(behaviour)
Loading NGL library 'C:/lscc/diamond/3.14/ispfpga/sa5p00/data/sa5plib.ngl'...
Loading NGL library 'C:/lscc/diamond/3.14/ispfpga/xo2c00/data/xo2clib.ngl'...
Loading NGL library 'C:/lscc/diamond/3.14/ispfpga/mg5g00/data/mg5glib.ngl'...
Loading NGL library 'C:/lscc/diamond/3.14/ispfpga/or5g00/data/orc5glib.ngl'...
Loading device for application map from file 'sa5p45.nph' in environment: C:/lscc/diamond/3.14/ispfpga.
Package Status:                     Final          Version 1.50.
Top-level module name = erro_7.



GSR instance connected to net n34.
Applying 200.000000 MHz constraint to all clocks

    <postMsg mid="35001611" type="Warning" dynamic="0" navigation="0"  />
Results of NGD DRC are available in erro_7_drc.log.
Loading NGL library 'C:/lscc/diamond/3.14/ispfpga/sa5p00/data/sa5plib.ngl'...
Loading NGL library 'C:/lscc/diamond/3.14/ispfpga/xo2c00/data/xo2clib.ngl'...
Loading NGL library 'C:/lscc/diamond/3.14/ispfpga/mg5g00/data/mg5glib.ngl'...
Loading NGL library 'C:/lscc/diamond/3.14/ispfpga/or5g00/data/orc5glib.ngl'...


Running DRC...

    <postMsg mid="1166052" type="Warning" dynamic="2" navigation="1" arg0="logical" arg1="GND_net" arg2="GND_net"  />
    <postMsg mid="1163101" type="Warning" dynamic="1" navigation="0" arg0="1"  />

Design Results:
     20 blocks expanded
completed the first expansion
All blocks are expanded and NGD expansion is successful.
Writing NGD file erro_7_impl1.ngd.

################### Begin Area Report (erro_7)######################
Number of register bits => 5 of 44439 (0 % )
FD1P3AX => 4
FD1S3AX => 1
GSR => 1
IB => 2
LUT4 => 5
OB => 4
################### End Area Report ##################

################### Begin Clock Report ######################
Clock Nets
Number of Clocks: 1
  Net : clk_c, loads : 5
Clock Enable Nets
Number of Clock Enables: 1
Top 1 highest fanout Clock Enables:
  Net : a, loads : 4
Highest fanout non-clock nets
Top 10 highest fanout non-clock nets:
  Net : y_c_0, loads : 5
  Net : y_c_1, loads : 4
  Net : a, loads : 4
  Net : y_c_2, loads : 3
  Net : y_c_3, loads : 2
  Net : reset_c, loads : 1
  Net : n34, loads : 1
  Net : n22, loads : 1
  Net : n23, loads : 1
  Net : n24, loads : 1
################### End Clock Report ##################

Timing Report Summary
--------------
--------------------------------------------------------------------------------
Constraint                              |   Constraint|       Actual|Levels
--------------------------------------------------------------------------------
                                        |             |             |
create_clock -period 5.000000 -name     |             |             |
clk0 [get_nets clk_c]                   |  200.000 MHz|  354.988 MHz|     2  
                                        |             |             |
--------------------------------------------------------------------------------


All constraints were met.


Peak Memory Usage: 105.371  MB

--------------------------------------------------------------
Elapsed CPU time for LSE flow : 1.453  secs
--------------------------------------------------------------
