--------------------------------------------------------------------------------
Lattice Synthesis Timing Report, Version  
Wed Apr 23 20:57:11 2025

Copyright (c) 1991-1994 by NeoCAD Inc. All rights reserved.
Copyright (c) 1995 AT&T Corp.   All rights reserved.
Copyright (c) 1995-2001 Lucent Technologies Inc.  All rights reserved.
Copyright (c) 2001 Agere Systems   All rights reserved.
Copyright (c) 2002-2024 Lattice Semiconductor Corporation,  All rights reserved.

Report Information
------------------
Design:     erro_7
Constraint file:  
Report level:    verbose report, limited to 3 items per constraint
--------------------------------------------------------------------------------



================================================================================
Constraint: create_clock -period 5.000000 -name clk0 [get_nets clk_c]
            14 items scored, 0 timing errors detected.
--------------------------------------------------------------------------------


Passed:  The following path meets requirements by 2.183ns

 Logical Details:  Cell type  Pin type       Cell name  (clock net +/-)

   Source:         FD1P3AX    CK             contador_18__i1  (from clk_c +)
   Destination:    FD1P3AX    D              contador_18__i2  (to clk_c +)

   Delay:                   2.992ns  (17.7% logic, 82.3% route), 2 logic levels.

 Constraint Details:

      2.992ns data_path contador_18__i1 to contador_18__i2 meets
      5.000ns delay constraint less
     -0.175ns L_S requirement (totaling 5.175ns) by 2.183ns

 Path Details: contador_18__i1 to contador_18__i2

   Name    Fanout   Delay (ns)          Pins               Resource(Cell.Net)
L_CO        ---     0.365             CK to Q              contador_18__i1 (from clk_c)
Route         5   e 1.441                                  y_c_0
LUT4        ---     0.166              B to Z              i30_2_lut
Route         1   e 1.020                                  n24
                  --------
                    2.992  (17.7% logic, 82.3% route), 2 logic levels.


Passed:  The following path meets requirements by 2.183ns

 Logical Details:  Cell type  Pin type       Cell name  (clock net +/-)

   Source:         FD1P3AX    CK             contador_18__i1  (from clk_c +)
   Destination:    FD1P3AX    D              contador_18__i3  (to clk_c +)

   Delay:                   2.992ns  (17.7% logic, 82.3% route), 2 logic levels.

 Constraint Details:

      2.992ns data_path contador_18__i1 to contador_18__i3 meets
      5.000ns delay constraint less
     -0.175ns L_S requirement (totaling 5.175ns) by 2.183ns

 Path Details: contador_18__i1 to contador_18__i3

   Name    Fanout   Delay (ns)          Pins               Resource(Cell.Net)
L_CO        ---     0.365             CK to Q              contador_18__i1 (from clk_c)
Route         5   e 1.441                                  y_c_0
LUT4        ---     0.166              C to Z              i37_3_lut
Route         1   e 1.020                                  n23
                  --------
                    2.992  (17.7% logic, 82.3% route), 2 logic levels.


Passed:  The following path meets requirements by 2.183ns

 Logical Details:  Cell type  Pin type       Cell name  (clock net +/-)

   Source:         FD1P3AX    CK             contador_18__i1  (from clk_c +)
   Destination:    FD1P3AX    D              contador_18__i4  (to clk_c +)

   Delay:                   2.992ns  (17.7% logic, 82.3% route), 2 logic levels.

 Constraint Details:

      2.992ns data_path contador_18__i1 to contador_18__i4 meets
      5.000ns delay constraint less
     -0.175ns L_S requirement (totaling 5.175ns) by 2.183ns

 Path Details: contador_18__i1 to contador_18__i4

   Name    Fanout   Delay (ns)          Pins               Resource(Cell.Net)
L_CO        ---     0.365             CK to Q              contador_18__i1 (from clk_c)
Route         5   e 1.441                                  y_c_0
LUT4        ---     0.166              B to Z              i44_4_lut
Route         1   e 1.020                                  n22
                  --------
                    2.992  (17.7% logic, 82.3% route), 2 logic levels.

Report: 2.817 ns is the maximum delay for this constraint.


Timing Report Summary
--------------
--------------------------------------------------------------------------------
Constraint                              |   Constraint|       Actual|Levels
--------------------------------------------------------------------------------
                                        |             |             |
create_clock -period 5.000000 -name     |             |             |
clk0 [get_nets clk_c]                   |     5.000 ns|     2.817 ns|     2  
                                        |             |             |
--------------------------------------------------------------------------------


All constraints were met.



Timing summary:
---------------

Timing errors: 0  Score: 0

Constraints cover  14 paths, 10 nets, and 23 connections (79.3% coverage)


Peak memory: 110075904 bytes, TRCE: 90112 bytes, DLYMAN: 0 bytes
CPU_TIME_REPORT: 0 secs 
