synthesis:  version Diamond (64-bit) 3.14.0.75.2

Copyright (c) 1991-1994 by NeoCAD Inc. All rights reserved.
Copyright (c) 1995 AT&T Corp.   All rights reserved.
Copyright (c) 1995-2001 Lucent Technologies Inc.  All rights reserved.
Copyright (c) 2001 Agere Systems   All rights reserved.
Copyright (c) 2002-2024 Lattice Semiconductor Corporation,  All rights reserved.
Sat Jun 21 19:55:58 2025


Command Line:  synthesis -f media_aritmetica_impl1_lattice.synproj -gui 

Synthesis options:
The -a option is ECP5U.
The -s option is 6.
The -t option is CABGA256.
The -d option is LFE5U-45F.
Using package CABGA256.
Using performance grade 6.
                                                          

##########################################################

### Lattice Family : ECP5U

### Device  : LFE5U-45F

### Package : CABGA256

### Speed   : 6

##########################################################

                                                          

INFO - synthesis: User-Selected Strategy Settings
Optimization goal = Timing
Top-level module name = media.
Target frequency = 200.000000 MHz.
Maximum fanout = 1000.
Timing path count = 3
BRAM utilization = 100.000000 %
DSP usage = true
DSP utilization = 100.000000 %
fsm_encoding_style = auto
resolve_mixed_drivers = 0
fix_gated_clocks = 1

Mux style = Auto
Use Carry Chain = true
carry_chain_length = 0
Loop Limit = 1950.
Use IO Insertion = TRUE
Use IO Reg = AUTO

Resource Sharing = TRUE
Propagate Constants = TRUE
Remove Duplicate Registers = TRUE
force_gsr = auto
ROM style = auto
RAM style = auto
The -comp option is FALSE.
The -syn option is FALSE.
-p D:/RTL_FPGA/SD2/VERILOG/aula12-fsm/Ex3 (searchpath added)
-p C:/lscc/diamond/3.14/ispfpga/sa5p00/data (searchpath added)
-p D:/RTL_FPGA/SD2/VERILOG/aula12-fsm/Ex3/impl1 (searchpath added)
-p D:/RTL_FPGA/SD2/VERILOG/aula12-fsm/Ex3 (searchpath added)
Verilog design file = D:/RTL_FPGA/SD2/VERILOG/aula12-fsm/Ex3/media_aritmetica.v
NGD file = media_aritmetica_impl1.ngd
-sdc option: SDC file input not used.
-lpf option: Output file option is ON.
Hardtimer checking is enabled (default). The -dt option is not used.
The -r option is OFF. [ Remove LOC Properties is OFF. ]
Technology check ok...

Analyzing Verilog file C:/lscc/diamond/3.14/ispfpga/userware/NT/SYNTHESIS_HEADERS/ecp5u.v. VERI-1482
Compile design.
Compile Design Begin
Analyzing Verilog file d:/rtl_fpga/sd2/verilog/aula12-fsm/ex3/media_aritmetica.v. VERI-1482
Analyzing Verilog file C:/lscc/diamond/3.14/ispfpga/userware/NT/SYNTHESIS_HEADERS/ecp5u.v. VERI-1482
Top module name (Verilog): media
INFO - synthesis: d:/rtl_fpga/sd2/verilog/aula12-fsm/ex3/media_aritmetica.v(1): compiling module media. VERI-1018
WARNING - synthesis: d:/rtl_fpga/sd2/verilog/aula12-fsm/ex3/media_aritmetica.v(66): expression size 4 truncated to fit in target size 3. VERI-1209
WARNING - synthesis: d:/rtl_fpga/sd2/verilog/aula12-fsm/ex3/media_aritmetica.v(67): expression size 4 truncated to fit in target size 3. VERI-1209
WARNING - synthesis: d:/rtl_fpga/sd2/verilog/aula12-fsm/ex3/media_aritmetica.v(68): expression size 4 truncated to fit in target size 3. VERI-1209
WARNING - synthesis: d:/rtl_fpga/sd2/verilog/aula12-fsm/ex3/media_aritmetica.v(69): expression size 4 truncated to fit in target size 3. VERI-1209
WARNING - synthesis: d:/rtl_fpga/sd2/verilog/aula12-fsm/ex3/media_aritmetica.v(70): expression size 4 truncated to fit in target size 3. VERI-1209
WARNING - synthesis: d:/rtl_fpga/sd2/verilog/aula12-fsm/ex3/media_aritmetica.v(71): expression size 4 truncated to fit in target size 3. VERI-1209
Loading NGL library 'C:/lscc/diamond/3.14/ispfpga/sa5p00/data/sa5plib.ngl'...
Loading NGL library 'C:/lscc/diamond/3.14/ispfpga/xo2c00/data/xo2clib.ngl'...
Loading NGL library 'C:/lscc/diamond/3.14/ispfpga/mg5g00/data/mg5glib.ngl'...
Loading NGL library 'C:/lscc/diamond/3.14/ispfpga/or5g00/data/orc5glib.ngl'...
Loading device for application map from file 'sa5p45.nph' in environment: C:/lscc/diamond/3.14/ispfpga.
Package Status:                     Final          Version 1.50.
Top-level module name = media.
INFO - synthesis: Extracted state machine for register 'state' with one-hot encoding
original encoding -> new encoding (one-hot encoding)

 000 -> 0000001

 001 -> 0000010

 010 -> 0000100

 011 -> 0001000

 100 -> 0010000

 101 -> 0100000

 110 -> 1000000




WARNING - synthesis: Bit 7 of Register media is stuck at Zero
WARNING - synthesis: Bit 6 of Register media is stuck at Zero
GSR instance connected to net n372.
Applying 200.000000 MHz constraint to all clocks

WARNING - synthesis: No user .sdc file.
Results of NGD DRC are available in media_drc.log.
Loading NGL library 'C:/lscc/diamond/3.14/ispfpga/sa5p00/data/sa5plib.ngl'...
Loading NGL library 'C:/lscc/diamond/3.14/ispfpga/xo2c00/data/xo2clib.ngl'...
Loading NGL library 'C:/lscc/diamond/3.14/ispfpga/mg5g00/data/mg5glib.ngl'...
Loading NGL library 'C:/lscc/diamond/3.14/ispfpga/or5g00/data/orc5glib.ngl'...
All blocks are expanded and NGD expansion is successful.
Writing NGD file media_aritmetica_impl1.ngd.

################### Begin Area Report (media)######################
Number of register bits => 22 of 44439 (0 % )
CCU2C => 4
FD1P3AX => 16
FD1S3AX => 3
FD1S3IX => 2
FD1S3JX => 1
GSR => 1
IB => 12
LUT4 => 25
OB => 9
################### End Area Report ##################

################### Begin Clock Report ######################
Clock Nets
Number of Clocks: 1
  Net : clk_c, loads : 22
Clock Enable Nets
Number of Clock Enables: 3
Top 3 highest fanout Clock Enables:
  Net : done_N_43, loads : 12
  Net : clk_c_enable_8, loads : 8
  Net : next_state_2__N_9_c_2, loads : 6
Highest fanout non-clock nets
Top 10 highest fanout non-clock nets:
  Net : done_N_43, loads : 12
  Net : n181, loads : 10
  Net : n177, loads : 9
  Net : clk_c_enable_8, loads : 8
  Net : n575, loads : 6
  Net : next_state_2__N_9_c_2, loads : 6
  Net : n182, loads : 5
  Net : data_in_c_0, loads : 3
  Net : media_temp_7, loads : 3
  Net : media_temp_6, loads : 3
################### End Clock Report ##################

Timing Report Summary
--------------
--------------------------------------------------------------------------------
Constraint                              |   Constraint|       Actual|Levels
--------------------------------------------------------------------------------
                                        |             |             |
create_clock -period 5.000000 -name     |             |             |
clk0 [get_nets clk_c]                   |  200.000 MHz|  176.585 MHz|     6 *
                                        |             |             |
--------------------------------------------------------------------------------


1 constraints not met.


Peak Memory Usage: 88.508  MB

--------------------------------------------------------------
Elapsed CPU time for LSE flow : 0.719  secs
--------------------------------------------------------------
