Results of NGD DRC are available in cod83_drc.log.
Loading NGL library 'C:/lscc/diamond/3.14/ispfpga/sa5p00/data/sa5plib.ngl'...
Loading NGL library 'C:/lscc/diamond/3.14/ispfpga/xo2c00/data/xo2clib.ngl'...
Loading NGL library 'C:/lscc/diamond/3.14/ispfpga/mg5g00/data/mg5glib.ngl'...
Loading NGL library 'C:/lscc/diamond/3.14/ispfpga/or5g00/data/orc5glib.ngl'...


Running DRC...

WARNING - synthesis: logical net 'a_in[7]' has no load.
WARNING - synthesis: input pad net 'a_in[7]' has no legal load.
WARNING - synthesis: logical net 'a_in[6]' has no load.
WARNING - synthesis: input pad net 'a_in[6]' has no legal load.
WARNING - synthesis: logical net 'a_in[5]' has no load.
WARNING - synthesis: input pad net 'a_in[5]' has no legal load.
WARNING - synthesis: logical net 'a_in[4]' has no load.
WARNING - synthesis: input pad net 'a_in[4]' has no legal load.
WARNING - synthesis: logical net 'a_in[3]' has no load.
WARNING - synthesis: input pad net 'a_in[3]' has no legal load.
WARNING - synthesis: logical net 'a_in[2]' has no load.
WARNING - synthesis: input pad net 'a_in[2]' has no legal load.
WARNING - synthesis: logical net 'a_in[1]' has no load.
WARNING - synthesis: input pad net 'a_in[1]' has no legal load.
WARNING - synthesis: logical net 'a_in[0]' has no load.
WARNING - synthesis: input pad net 'a_in[0]' has no legal load.
WARNING - synthesis: DRC complete with 16 warnings.

Design Results:
      7 blocks expanded
completed the first expansion
All blocks are expanded and NGD expansion is successful.
Writing NGD file cod_16_4_com_cod83_impl1.ngd.
