
synthesis -f "segmentos7_impl1_lattice.synproj"
synthesis:  version Diamond (64-bit) 3.14.0.75.2

Copyright (c) 1991-1994 by NeoCAD Inc. All rights reserved.
Copyright (c) 1995 AT&T Corp.   All rights reserved.
Copyright (c) 1995-2001 Lucent Technologies Inc.  All rights reserved.
Copyright (c) 2001 Agere Systems   All rights reserved.
Copyright (c) 2002-2024 Lattice Semiconductor Corporation,  All rights reserved.
Wed Apr 02 21:12:04 2025


Command Line:  synthesis -f segmentos7_impl1_lattice.synproj -gui -msgset C:/FPGAprojects/segmentos7/promote.xml 

    <postMsg mid="35002000" type="Info"    dynamic="0" navigation="0"  />
Synthesis options:
The -a option is ECP5U.
The -s option is 6.
The -t option is CABGA256.
The -d option is LFE5U-45F.
Using package CABGA256.
Using performance grade 6.
                                                          

##########################################################

### Lattice Family : ECP5U

### Device  : LFE5U-45F

### Package : CABGA256

### Speed   : 6

##########################################################

                                                          

    <postMsg mid="35001781" type="Info"    dynamic="0" navigation="0"  />
Optimization goal = Timing
Top-level module name = mux_nb.
Target frequency = 200.000000 MHz.
Maximum fanout = 1000.
Timing path count = 3
BRAM utilization = 100.000000 %
DSP usage = true
DSP utilization = 100.000000 %
fsm_encoding_style = auto
resolve_mixed_drivers = 0
fix_gated_clocks = 1

Mux style = Auto
Use Carry Chain = true
carry_chain_length = 0
Loop Limit = 1950.
Use IO Insertion = TRUE
Use IO Reg = AUTO

Resource Sharing = TRUE
Propagate Constants = TRUE
Remove Duplicate Registers = TRUE
force_gsr = auto
ROM style = auto
RAM style = auto
The -comp option is FALSE.
The -syn option is FALSE.
-p C:/FPGAprojects/segmentos7 (searchpath added)
-p C:/lscc/diamond/3.14/ispfpga/sa5p00/data (searchpath added)
-p C:/FPGAprojects/segmentos7/impl1 (searchpath added)
-p C:/FPGAprojects/segmentos7 (searchpath added)
Verilog design file = C:/FPGAprojects/segmentos7/segmentos7.v
Verilog design file = C:/FPGAprojects/segmentos7/mux_nb.v
NGD file = segmentos7_impl1.ngd
-sdc option: SDC file input not used.
-lpf option: Output file option is ON.
Hardtimer checking is enabled (default). The -dt option is not used.
The -r option is OFF. [ Remove LOC Properties is OFF. ]
Technology check ok...

Analyzing Verilog file C:/lscc/diamond/3.14/ispfpga/userware/NT/SYNTHESIS_HEADERS/ecp5u.v. VERI-1482
Compile design.
Compile Design Begin
Analyzing Verilog file c:/fpgaprojects/segmentos7/segmentos7.v. VERI-1482
Analyzing Verilog file c:/fpgaprojects/segmentos7/mux_nb.v. VERI-1482
Analyzing Verilog file C:/lscc/diamond/3.14/ispfpga/userware/NT/SYNTHESIS_HEADERS/ecp5u.v. VERI-1482
Top module name (Verilog): mux_nb
    <postMsg mid="35901018" type="Info"    dynamic="2" navigation="2" arg0="c:/fpgaprojects/segmentos7/mux_nb.v(1): " arg1="mux_nb" arg2="c:/fpgaprojects/segmentos7/mux_nb.v" arg3="1"  />
    <postMsg mid="35901209" type="Warning" dynamic="3" navigation="2" arg0="c:/fpgaprojects/segmentos7/mux_nb.v(2): " arg1="24" arg2="1" arg3="c:/fpgaprojects/segmentos7/mux_nb.v" arg4="2"  />
    <postMsg mid="35901018" type="Info"    dynamic="2" navigation="2" arg0="c:/fpgaprojects/segmentos7/segmentos7.v(1): " arg1="mux_1" arg2="c:/fpgaprojects/segmentos7/segmentos7.v" arg3="1"  />
    <postMsg mid="35901166" type="Warning" dynamic="1" navigation="2" arg0="c:/fpgaprojects/segmentos7/segmentos7.v(13): " arg1="c:/fpgaprojects/segmentos7/segmentos7.v" arg2="13"  />
    <postMsg mid="35901330" type="Warning" dynamic="4" navigation="2" arg0="c:/fpgaprojects/segmentos7/mux_nb.v(5): " arg1="1" arg2="24" arg3="mux_op" arg4="c:/fpgaprojects/segmentos7/mux_nb.v" arg5="5"  />
    <postMsg mid="35901209" type="Warning" dynamic="3" navigation="2" arg0="c:/fpgaprojects/segmentos7/mux_nb.v(9): " arg1="4" arg2="1" arg3="c:/fpgaprojects/segmentos7/mux_nb.v" arg4="9"  />
    <postMsg mid="35901209" type="Warning" dynamic="3" navigation="2" arg0="c:/fpgaprojects/segmentos7/mux_nb.v(10): " arg1="4" arg2="1" arg3="c:/fpgaprojects/segmentos7/mux_nb.v" arg4="10"  />
    <postMsg mid="35901209" type="Warning" dynamic="3" navigation="2" arg0="c:/fpgaprojects/segmentos7/mux_nb.v(11): " arg1="4" arg2="1" arg3="c:/fpgaprojects/segmentos7/mux_nb.v" arg4="11"  />
    <postMsg mid="35901209" type="Warning" dynamic="3" navigation="2" arg0="c:/fpgaprojects/segmentos7/mux_nb.v(12): " arg1="4" arg2="1" arg3="c:/fpgaprojects/segmentos7/mux_nb.v" arg4="12"  />
    <postMsg mid="35901209" type="Warning" dynamic="3" navigation="2" arg0="c:/fpgaprojects/segmentos7/mux_nb.v(13): " arg1="4" arg2="1" arg3="c:/fpgaprojects/segmentos7/mux_nb.v" arg4="13"  />
    <postMsg mid="35901209" type="Warning" dynamic="3" navigation="2" arg0="c:/fpgaprojects/segmentos7/mux_nb.v(14): " arg1="4" arg2="1" arg3="c:/fpgaprojects/segmentos7/mux_nb.v" arg4="14"  />
    <postMsg mid="35901166" type="Warning" dynamic="1" navigation="2" arg0="c:/fpgaprojects/segmentos7/mux_nb.v(25): " arg1="c:/fpgaprojects/segmentos7/mux_nb.v" arg2="25"  />
    <postMsg mid="35901166" type="Warning" dynamic="1" navigation="2" arg0="c:/fpgaprojects/segmentos7/mux_nb.v(26): " arg1="c:/fpgaprojects/segmentos7/mux_nb.v" arg2="26"  />
    <postMsg mid="35901166" type="Warning" dynamic="1" navigation="2" arg0="c:/fpgaprojects/segmentos7/mux_nb.v(27): " arg1="c:/fpgaprojects/segmentos7/mux_nb.v" arg2="27"  />
    <postMsg mid="35901166" type="Warning" dynamic="1" navigation="2" arg0="c:/fpgaprojects/segmentos7/mux_nb.v(28): " arg1="c:/fpgaprojects/segmentos7/mux_nb.v" arg2="28"  />
    <postMsg mid="35901166" type="Warning" dynamic="1" navigation="2" arg0="c:/fpgaprojects/segmentos7/mux_nb.v(29): " arg1="c:/fpgaprojects/segmentos7/mux_nb.v" arg2="29"  />
    <postMsg mid="35901166" type="Warning" dynamic="1" navigation="2" arg0="c:/fpgaprojects/segmentos7/mux_nb.v(30): " arg1="c:/fpgaprojects/segmentos7/mux_nb.v" arg2="30"  />
    <postMsg mid="35901166" type="Warning" dynamic="1" navigation="2" arg0="c:/fpgaprojects/segmentos7/mux_nb.v(31): " arg1="c:/fpgaprojects/segmentos7/mux_nb.v" arg2="31"  />
    <postMsg mid="35901166" type="Warning" dynamic="1" navigation="2" arg0="c:/fpgaprojects/segmentos7/mux_nb.v(32): " arg1="c:/fpgaprojects/segmentos7/mux_nb.v" arg2="32"  />
Last elaborated design is mux_nb()
Loading NGL library 'C:/lscc/diamond/3.14/ispfpga/sa5p00/data/sa5plib.ngl'...
Loading NGL library 'C:/lscc/diamond/3.14/ispfpga/xo2c00/data/xo2clib.ngl'...
Loading NGL library 'C:/lscc/diamond/3.14/ispfpga/mg5g00/data/mg5glib.ngl'...
Loading NGL library 'C:/lscc/diamond/3.14/ispfpga/or5g00/data/orc5glib.ngl'...
Loading device for application map from file 'sa5p45.nph' in environment: C:/lscc/diamond/3.14/ispfpga.
Package Status:                     Final          Version 1.50.
Top-level module name = mux_nb.
    <postMsg mid="35935034" type="Warning" dynamic="2" navigation="2" arg0="c:/fpgaprojects/segmentos7/mux_nb.v(5): " arg1="U1" arg2="c:/fpgaprojects/segmentos7/mux_nb.v" arg3="5"  />
    <postMsg mid="35002005" type="Warning" dynamic="1" navigation="0" arg0="sel_op"  />
    <postMsg mid="35002005" type="Warning" dynamic="1" navigation="0" arg0="m_in[23]"  />
    <postMsg mid="35002005" type="Warning" dynamic="1" navigation="0" arg0="m_in[22]"  />
    <postMsg mid="35002005" type="Warning" dynamic="1" navigation="0" arg0="m_in[21]"  />
    <postMsg mid="35002005" type="Warning" dynamic="1" navigation="0" arg0="m_in[19]"  />
    <postMsg mid="35002005" type="Warning" dynamic="1" navigation="0" arg0="m_in[18]"  />
    <postMsg mid="35002005" type="Warning" dynamic="1" navigation="0" arg0="m_in[17]"  />
    <postMsg mid="35002005" type="Warning" dynamic="1" navigation="0" arg0="m_in[15]"  />
    <postMsg mid="35002005" type="Warning" dynamic="1" navigation="0" arg0="m_in[14]"  />
    <postMsg mid="35002005" type="Warning" dynamic="1" navigation="0" arg0="m_in[13]"  />
    <postMsg mid="35002005" type="Warning" dynamic="1" navigation="0" arg0="m_in[11]"  />
    <postMsg mid="35002005" type="Warning" dynamic="1" navigation="0" arg0="m_in[10]"  />
    <postMsg mid="35002005" type="Warning" dynamic="1" navigation="0" arg0="m_in[9]"  />
    <postMsg mid="35002005" type="Warning" dynamic="1" navigation="0" arg0="m_in[7]"  />
    <postMsg mid="35002005" type="Warning" dynamic="1" navigation="0" arg0="m_in[6]"  />
    <postMsg mid="35002005" type="Warning" dynamic="1" navigation="0" arg0="m_in[5]"  />
    <postMsg mid="35002005" type="Warning" dynamic="1" navigation="0" arg0="m_in[3]"  />
    <postMsg mid="35002005" type="Warning" dynamic="1" navigation="0" arg0="m_in[2]"  />
    <postMsg mid="35002005" type="Warning" dynamic="1" navigation="0" arg0="m_in[1]"  />
    <postMsg mid="35002005" type="Warning" dynamic="1" navigation="0" arg0="a[23]"  />
    <postMsg mid="35002005" type="Warning" dynamic="1" navigation="0" arg0="a[22]"  />
    <postMsg mid="35002005" type="Warning" dynamic="1" navigation="0" arg0="a[21]"  />
    <postMsg mid="35002005" type="Warning" dynamic="1" navigation="0" arg0="a[20]"  />
    <postMsg mid="35002005" type="Warning" dynamic="1" navigation="0" arg0="a[19]"  />
    <postMsg mid="35002005" type="Warning" dynamic="1" navigation="0" arg0="a[18]"  />
    <postMsg mid="35002005" type="Warning" dynamic="1" navigation="0" arg0="a[17]"  />
    <postMsg mid="35002005" type="Warning" dynamic="1" navigation="0" arg0="a[16]"  />
    <postMsg mid="35002005" type="Warning" dynamic="1" navigation="0" arg0="a[15]"  />
    <postMsg mid="35002005" type="Warning" dynamic="1" navigation="0" arg0="a[14]"  />
    <postMsg mid="35002005" type="Warning" dynamic="1" navigation="0" arg0="a[13]"  />
    <postMsg mid="35002005" type="Warning" dynamic="1" navigation="0" arg0="a[12]"  />
    <postMsg mid="35002005" type="Warning" dynamic="1" navigation="0" arg0="a[11]"  />
    <postMsg mid="35002005" type="Warning" dynamic="1" navigation="0" arg0="a[10]"  />
    <postMsg mid="35002005" type="Warning" dynamic="1" navigation="0" arg0="a[9]"  />
    <postMsg mid="35002005" type="Warning" dynamic="1" navigation="0" arg0="a[8]"  />
    <postMsg mid="35002005" type="Warning" dynamic="1" navigation="0" arg0="a[7]"  />
    <postMsg mid="35002005" type="Warning" dynamic="1" navigation="0" arg0="a[6]"  />
    <postMsg mid="35002005" type="Warning" dynamic="1" navigation="0" arg0="a[5]"  />
    <postMsg mid="35002005" type="Warning" dynamic="1" navigation="0" arg0="a[4]"  />
    <postMsg mid="35002005" type="Warning" dynamic="1" navigation="0" arg0="a[3]"  />
    <postMsg mid="35002005" type="Warning" dynamic="1" navigation="0" arg0="a[2]"  />
    <postMsg mid="35002005" type="Warning" dynamic="1" navigation="0" arg0="a[1]"  />
    <postMsg mid="35002005" type="Warning" dynamic="1" navigation="0" arg0="a[0]"  />
    <postMsg mid="35002005" type="Warning" dynamic="1" navigation="0" arg0="b[23]"  />
    <postMsg mid="35002005" type="Warning" dynamic="1" navigation="0" arg0="b[22]"  />
    <postMsg mid="35002005" type="Warning" dynamic="1" navigation="0" arg0="b[21]"  />
    <postMsg mid="35002005" type="Warning" dynamic="1" navigation="0" arg0="b[20]"  />
    <postMsg mid="35002005" type="Warning" dynamic="1" navigation="0" arg0="b[19]"  />
    <postMsg mid="35002005" type="Warning" dynamic="1" navigation="0" arg0="b[18]"  />
    <postMsg mid="35002005" type="Warning" dynamic="1" navigation="0" arg0="b[17]"  />
    <postMsg mid="35002005" type="Warning" dynamic="1" navigation="0" arg0="b[16]"  />
    <postMsg mid="35002005" type="Warning" dynamic="1" navigation="0" arg0="b[15]"  />
    <postMsg mid="35002005" type="Warning" dynamic="1" navigation="0" arg0="b[14]"  />
    <postMsg mid="35002005" type="Warning" dynamic="1" navigation="0" arg0="b[13]"  />
    <postMsg mid="35002005" type="Warning" dynamic="1" navigation="0" arg0="b[12]"  />
    <postMsg mid="35002005" type="Warning" dynamic="1" navigation="0" arg0="b[11]"  />
    <postMsg mid="35002005" type="Warning" dynamic="1" navigation="0" arg0="b[10]"  />
    <postMsg mid="35002005" type="Warning" dynamic="1" navigation="0" arg0="b[9]"  />
    <postMsg mid="35002005" type="Warning" dynamic="1" navigation="0" arg0="b[8]"  />
    <postMsg mid="35002005" type="Warning" dynamic="1" navigation="0" arg0="b[7]"  />
    <postMsg mid="35002005" type="Warning" dynamic="1" navigation="0" arg0="b[6]"  />
    <postMsg mid="35002005" type="Warning" dynamic="1" navigation="0" arg0="b[5]"  />
    <postMsg mid="35002005" type="Warning" dynamic="1" navigation="0" arg0="b[4]"  />
    <postMsg mid="35002005" type="Warning" dynamic="1" navigation="0" arg0="b[3]"  />
    <postMsg mid="35002005" type="Warning" dynamic="1" navigation="0" arg0="b[2]"  />
    <postMsg mid="35002005" type="Warning" dynamic="1" navigation="0" arg0="b[1]"  />
    <postMsg mid="35002005" type="Warning" dynamic="1" navigation="0" arg0="b[0]"  />



    <postMsg mid="35002005" type="Warning" dynamic="1" navigation="0" arg0="sel_op"  />
    <postMsg mid="35002005" type="Warning" dynamic="1" navigation="0" arg0="m_in[23]"  />
    <postMsg mid="35002005" type="Warning" dynamic="1" navigation="0" arg0="m_in[22]"  />
    <postMsg mid="35002005" type="Warning" dynamic="1" navigation="0" arg0="m_in[21]"  />
    <postMsg mid="35002005" type="Warning" dynamic="1" navigation="0" arg0="m_in[19]"  />
    <postMsg mid="35002005" type="Warning" dynamic="1" navigation="0" arg0="m_in[18]"  />
    <postMsg mid="35002005" type="Warning" dynamic="1" navigation="0" arg0="m_in[17]"  />
    <postMsg mid="35002005" type="Warning" dynamic="1" navigation="0" arg0="m_in[15]"  />
    <postMsg mid="35002005" type="Warning" dynamic="1" navigation="0" arg0="m_in[14]"  />
    <postMsg mid="35002005" type="Warning" dynamic="1" navigation="0" arg0="m_in[13]"  />
    <postMsg mid="35002005" type="Warning" dynamic="1" navigation="0" arg0="m_in[11]"  />
    <postMsg mid="35002005" type="Warning" dynamic="1" navigation="0" arg0="m_in[10]"  />
    <postMsg mid="35002005" type="Warning" dynamic="1" navigation="0" arg0="m_in[9]"  />
    <postMsg mid="35002005" type="Warning" dynamic="1" navigation="0" arg0="m_in[7]"  />
    <postMsg mid="35002005" type="Warning" dynamic="1" navigation="0" arg0="m_in[6]"  />
    <postMsg mid="35002005" type="Warning" dynamic="1" navigation="0" arg0="m_in[5]"  />
    <postMsg mid="35002005" type="Warning" dynamic="1" navigation="0" arg0="m_in[3]"  />
    <postMsg mid="35002005" type="Warning" dynamic="1" navigation="0" arg0="m_in[2]"  />
    <postMsg mid="35002005" type="Warning" dynamic="1" navigation="0" arg0="m_in[1]"  />
    <postMsg mid="35002005" type="Warning" dynamic="1" navigation="0" arg0="a[23]"  />
    <postMsg mid="35002005" type="Warning" dynamic="1" navigation="0" arg0="a[22]"  />
    <postMsg mid="35002005" type="Warning" dynamic="1" navigation="0" arg0="a[21]"  />
    <postMsg mid="35002005" type="Warning" dynamic="1" navigation="0" arg0="a[20]"  />
    <postMsg mid="35002005" type="Warning" dynamic="1" navigation="0" arg0="a[19]"  />
    <postMsg mid="35002005" type="Warning" dynamic="1" navigation="0" arg0="a[18]"  />
    <postMsg mid="35002005" type="Warning" dynamic="1" navigation="0" arg0="a[17]"  />
    <postMsg mid="35002005" type="Warning" dynamic="1" navigation="0" arg0="a[16]"  />
    <postMsg mid="35002005" type="Warning" dynamic="1" navigation="0" arg0="a[15]"  />
    <postMsg mid="35002005" type="Warning" dynamic="1" navigation="0" arg0="a[14]"  />
    <postMsg mid="35002005" type="Warning" dynamic="1" navigation="0" arg0="a[13]"  />
    <postMsg mid="35002005" type="Warning" dynamic="1" navigation="0" arg0="a[12]"  />
    <postMsg mid="35002005" type="Warning" dynamic="1" navigation="0" arg0="a[11]"  />
    <postMsg mid="35002005" type="Warning" dynamic="1" navigation="0" arg0="a[10]"  />
    <postMsg mid="35002005" type="Warning" dynamic="1" navigation="0" arg0="a[9]"  />
    <postMsg mid="35002005" type="Warning" dynamic="1" navigation="0" arg0="a[8]"  />
    <postMsg mid="35002005" type="Warning" dynamic="1" navigation="0" arg0="a[7]"  />
    <postMsg mid="35002005" type="Warning" dynamic="1" navigation="0" arg0="a[6]"  />
    <postMsg mid="35002005" type="Warning" dynamic="1" navigation="0" arg0="a[5]"  />
    <postMsg mid="35002005" type="Warning" dynamic="1" navigation="0" arg0="a[4]"  />
    <postMsg mid="35002005" type="Warning" dynamic="1" navigation="0" arg0="a[3]"  />
    <postMsg mid="35002005" type="Warning" dynamic="1" navigation="0" arg0="a[2]"  />
    <postMsg mid="35002005" type="Warning" dynamic="1" navigation="0" arg0="a[1]"  />
    <postMsg mid="35002005" type="Warning" dynamic="1" navigation="0" arg0="a[0]"  />
    <postMsg mid="35002005" type="Warning" dynamic="1" navigation="0" arg0="b[23]"  />
    <postMsg mid="35002005" type="Warning" dynamic="1" navigation="0" arg0="b[22]"  />
    <postMsg mid="35002005" type="Warning" dynamic="1" navigation="0" arg0="b[21]"  />
    <postMsg mid="35002005" type="Warning" dynamic="1" navigation="0" arg0="b[20]"  />
    <postMsg mid="35002005" type="Warning" dynamic="1" navigation="0" arg0="b[19]"  />
    <postMsg mid="35002005" type="Warning" dynamic="1" navigation="0" arg0="b[18]"  />
    <postMsg mid="35002005" type="Warning" dynamic="1" navigation="0" arg0="b[17]"  />
    <postMsg mid="35002005" type="Warning" dynamic="1" navigation="0" arg0="b[16]"  />
    <postMsg mid="35002005" type="Warning" dynamic="1" navigation="0" arg0="b[15]"  />
    <postMsg mid="35002005" type="Warning" dynamic="1" navigation="0" arg0="b[14]"  />
    <postMsg mid="35002005" type="Warning" dynamic="1" navigation="0" arg0="b[13]"  />
    <postMsg mid="35002005" type="Warning" dynamic="1" navigation="0" arg0="b[12]"  />
    <postMsg mid="35002005" type="Warning" dynamic="1" navigation="0" arg0="b[11]"  />
    <postMsg mid="35002005" type="Warning" dynamic="1" navigation="0" arg0="b[10]"  />
    <postMsg mid="35002005" type="Warning" dynamic="1" navigation="0" arg0="b[9]"  />
    <postMsg mid="35002005" type="Warning" dynamic="1" navigation="0" arg0="b[8]"  />
    <postMsg mid="35002005" type="Warning" dynamic="1" navigation="0" arg0="b[7]"  />
    <postMsg mid="35002005" type="Warning" dynamic="1" navigation="0" arg0="b[6]"  />
    <postMsg mid="35002005" type="Warning" dynamic="1" navigation="0" arg0="b[5]"  />
    <postMsg mid="35002005" type="Warning" dynamic="1" navigation="0" arg0="b[4]"  />
    <postMsg mid="35002005" type="Warning" dynamic="1" navigation="0" arg0="b[3]"  />
    <postMsg mid="35002005" type="Warning" dynamic="1" navigation="0" arg0="b[2]"  />
    <postMsg mid="35002005" type="Warning" dynamic="1" navigation="0" arg0="b[1]"  />
    <postMsg mid="35002005" type="Warning" dynamic="1" navigation="0" arg0="b[0]"  />
GSR will not be inferred because no asynchronous signal was found in the netlist.
Applying 200.000000 MHz constraint to all clocks

    <postMsg mid="35001783" type="Warning" dynamic="1" navigation="0" arg0="mux_nbout_I_0"  />
    <postMsg mid="35001611" type="Warning" dynamic="0" navigation="0"  />
Results of NGD DRC are available in mux_nb_drc.log.
Loading NGL library 'C:/lscc/diamond/3.14/ispfpga/sa5p00/data/sa5plib.ngl'...
Loading NGL library 'C:/lscc/diamond/3.14/ispfpga/xo2c00/data/xo2clib.ngl'...
Loading NGL library 'C:/lscc/diamond/3.14/ispfpga/mg5g00/data/mg5glib.ngl'...
Loading NGL library 'C:/lscc/diamond/3.14/ispfpga/or5g00/data/orc5glib.ngl'...


Running DRC...

    <postMsg mid="1166052" type="Warning" dynamic="2" navigation="1" arg0="logical" arg1="sel_op" arg2="sel_op"  />
    <postMsg mid="1166064" type="Warning" dynamic="2" navigation="0" arg0="input" arg1="sel_op"  />
    <postMsg mid="1166052" type="Warning" dynamic="2" navigation="1" arg0="logical" arg1="m_in[23]" arg2="m_in[23]"  />
    <postMsg mid="1166064" type="Warning" dynamic="2" navigation="0" arg0="input" arg1="m_in[23]"  />
    <postMsg mid="1166052" type="Warning" dynamic="2" navigation="1" arg0="logical" arg1="m_in[22]" arg2="m_in[22]"  />
    <postMsg mid="1166064" type="Warning" dynamic="2" navigation="0" arg0="input" arg1="m_in[22]"  />
    <postMsg mid="1166052" type="Warning" dynamic="2" navigation="1" arg0="logical" arg1="m_in[21]" arg2="m_in[21]"  />
    <postMsg mid="1166064" type="Warning" dynamic="2" navigation="0" arg0="input" arg1="m_in[21]"  />
    <postMsg mid="1166052" type="Warning" dynamic="2" navigation="1" arg0="logical" arg1="m_in[19]" arg2="m_in[19]"  />
    <postMsg mid="1166064" type="Warning" dynamic="2" navigation="0" arg0="input" arg1="m_in[19]"  />
    <postMsg mid="1166052" type="Warning" dynamic="2" navigation="1" arg0="logical" arg1="m_in[18]" arg2="m_in[18]"  />
    <postMsg mid="1166064" type="Warning" dynamic="2" navigation="0" arg0="input" arg1="m_in[18]"  />
    <postMsg mid="1166052" type="Warning" dynamic="2" navigation="1" arg0="logical" arg1="m_in[17]" arg2="m_in[17]"  />
    <postMsg mid="1166064" type="Warning" dynamic="2" navigation="0" arg0="input" arg1="m_in[17]"  />
    <postMsg mid="1166052" type="Warning" dynamic="2" navigation="1" arg0="logical" arg1="m_in[15]" arg2="m_in[15]"  />
    <postMsg mid="1166064" type="Warning" dynamic="2" navigation="0" arg0="input" arg1="m_in[15]"  />
    <postMsg mid="1166052" type="Warning" dynamic="2" navigation="1" arg0="logical" arg1="m_in[14]" arg2="m_in[14]"  />
    <postMsg mid="1166064" type="Warning" dynamic="2" navigation="0" arg0="input" arg1="m_in[14]"  />
    <postMsg mid="1166052" type="Warning" dynamic="2" navigation="1" arg0="logical" arg1="m_in[13]" arg2="m_in[13]"  />
    <postMsg mid="1166064" type="Warning" dynamic="2" navigation="0" arg0="input" arg1="m_in[13]"  />
    <postMsg mid="1166052" type="Warning" dynamic="2" navigation="1" arg0="logical" arg1="m_in[11]" arg2="m_in[11]"  />
    <postMsg mid="1166064" type="Warning" dynamic="2" navigation="0" arg0="input" arg1="m_in[11]"  />
    <postMsg mid="1166052" type="Warning" dynamic="2" navigation="1" arg0="logical" arg1="m_in[10]" arg2="m_in[10]"  />
    <postMsg mid="1166064" type="Warning" dynamic="2" navigation="0" arg0="input" arg1="m_in[10]"  />
    <postMsg mid="1166052" type="Warning" dynamic="2" navigation="1" arg0="logical" arg1="m_in[9]" arg2="m_in[9]"  />
    <postMsg mid="1166064" type="Warning" dynamic="2" navigation="0" arg0="input" arg1="m_in[9]"  />
    <postMsg mid="1166052" type="Warning" dynamic="2" navigation="1" arg0="logical" arg1="m_in[7]" arg2="m_in[7]"  />
    <postMsg mid="1166064" type="Warning" dynamic="2" navigation="0" arg0="input" arg1="m_in[7]"  />
    <postMsg mid="1166052" type="Warning" dynamic="2" navigation="1" arg0="logical" arg1="m_in[6]" arg2="m_in[6]"  />
    <postMsg mid="1166064" type="Warning" dynamic="2" navigation="0" arg0="input" arg1="m_in[6]"  />
    <postMsg mid="1166052" type="Warning" dynamic="2" navigation="1" arg0="logical" arg1="m_in[5]" arg2="m_in[5]"  />
    <postMsg mid="1166064" type="Warning" dynamic="2" navigation="0" arg0="input" arg1="m_in[5]"  />
    <postMsg mid="1166052" type="Warning" dynamic="2" navigation="1" arg0="logical" arg1="m_in[3]" arg2="m_in[3]"  />
    <postMsg mid="1166064" type="Warning" dynamic="2" navigation="0" arg0="input" arg1="m_in[3]"  />
    <postMsg mid="1166052" type="Warning" dynamic="2" navigation="1" arg0="logical" arg1="m_in[2]" arg2="m_in[2]"  />
    <postMsg mid="1166064" type="Warning" dynamic="2" navigation="0" arg0="input" arg1="m_in[2]"  />
    <postMsg mid="1166052" type="Warning" dynamic="2" navigation="1" arg0="logical" arg1="m_in[1]" arg2="m_in[1]"  />
    <postMsg mid="1166064" type="Warning" dynamic="2" navigation="0" arg0="input" arg1="m_in[1]"  />
    <postMsg mid="1166052" type="Warning" dynamic="2" navigation="1" arg0="logical" arg1="a[23]" arg2="a[23]"  />
    <postMsg mid="1166064" type="Warning" dynamic="2" navigation="0" arg0="input" arg1="a[23]"  />
    <postMsg mid="1166052" type="Warning" dynamic="2" navigation="1" arg0="logical" arg1="a[22]" arg2="a[22]"  />
    <postMsg mid="1166064" type="Warning" dynamic="2" navigation="0" arg0="input" arg1="a[22]"  />
    <postMsg mid="1166052" type="Warning" dynamic="2" navigation="1" arg0="logical" arg1="a[21]" arg2="a[21]"  />
    <postMsg mid="1166064" type="Warning" dynamic="2" navigation="0" arg0="input" arg1="a[21]"  />
    <postMsg mid="1166052" type="Warning" dynamic="2" navigation="1" arg0="logical" arg1="a[20]" arg2="a[20]"  />
    <postMsg mid="1166064" type="Warning" dynamic="2" navigation="0" arg0="input" arg1="a[20]"  />
    <postMsg mid="1166052" type="Warning" dynamic="2" navigation="1" arg0="logical" arg1="a[19]" arg2="a[19]"  />
    <postMsg mid="1166064" type="Warning" dynamic="2" navigation="0" arg0="input" arg1="a[19]"  />
    <postMsg mid="1166052" type="Warning" dynamic="2" navigation="1" arg0="logical" arg1="a[18]" arg2="a[18]"  />
    <postMsg mid="1166064" type="Warning" dynamic="2" navigation="0" arg0="input" arg1="a[18]"  />
    <postMsg mid="1166052" type="Warning" dynamic="2" navigation="1" arg0="logical" arg1="a[17]" arg2="a[17]"  />
    <postMsg mid="1166064" type="Warning" dynamic="2" navigation="0" arg0="input" arg1="a[17]"  />
    <postMsg mid="1166052" type="Warning" dynamic="2" navigation="1" arg0="logical" arg1="a[16]" arg2="a[16]"  />
    <postMsg mid="1166064" type="Warning" dynamic="2" navigation="0" arg0="input" arg1="a[16]"  />
    <postMsg mid="1166052" type="Warning" dynamic="2" navigation="1" arg0="logical" arg1="a[15]" arg2="a[15]"  />
    <postMsg mid="1166064" type="Warning" dynamic="2" navigation="0" arg0="input" arg1="a[15]"  />
    <postMsg mid="1166052" type="Warning" dynamic="2" navigation="1" arg0="logical" arg1="a[14]" arg2="a[14]"  />
    <postMsg mid="1166064" type="Warning" dynamic="2" navigation="0" arg0="input" arg1="a[14]"  />
    <postMsg mid="1166052" type="Warning" dynamic="2" navigation="1" arg0="logical" arg1="a[13]" arg2="a[13]"  />
    <postMsg mid="1166064" type="Warning" dynamic="2" navigation="0" arg0="input" arg1="a[13]"  />
    <postMsg mid="1166052" type="Warning" dynamic="2" navigation="1" arg0="logical" arg1="a[12]" arg2="a[12]"  />
    <postMsg mid="1166064" type="Warning" dynamic="2" navigation="0" arg0="input" arg1="a[12]"  />
    <postMsg mid="1166052" type="Warning" dynamic="2" navigation="1" arg0="logical" arg1="a[11]" arg2="a[11]"  />
    <postMsg mid="1166064" type="Warning" dynamic="2" navigation="0" arg0="input" arg1="a[11]"  />
    <postMsg mid="1166052" type="Warning" dynamic="2" navigation="1" arg0="logical" arg1="a[10]" arg2="a[10]"  />
    <postMsg mid="1166064" type="Warning" dynamic="2" navigation="0" arg0="input" arg1="a[10]"  />
    <postMsg mid="1166052" type="Warning" dynamic="2" navigation="1" arg0="logical" arg1="a[9]" arg2="a[9]"  />
    <postMsg mid="1166064" type="Warning" dynamic="2" navigation="0" arg0="input" arg1="a[9]"  />
    <postMsg mid="1166052" type="Warning" dynamic="2" navigation="1" arg0="logical" arg1="a[8]" arg2="a[8]"  />
    <postMsg mid="1166064" type="Warning" dynamic="2" navigation="0" arg0="input" arg1="a[8]"  />
    <postMsg mid="1166052" type="Warning" dynamic="2" navigation="1" arg0="logical" arg1="a[7]" arg2="a[7]"  />
    <postMsg mid="1166064" type="Warning" dynamic="2" navigation="0" arg0="input" arg1="a[7]"  />
    <postMsg mid="1166052" type="Warning" dynamic="2" navigation="1" arg0="logical" arg1="a[6]" arg2="a[6]"  />
    <postMsg mid="1166064" type="Warning" dynamic="2" navigation="0" arg0="input" arg1="a[6]"  />
    <postMsg mid="1166052" type="Warning" dynamic="2" navigation="1" arg0="logical" arg1="a[5]" arg2="a[5]"  />
    <postMsg mid="1166064" type="Warning" dynamic="2" navigation="0" arg0="input" arg1="a[5]"  />
    <postMsg mid="1166052" type="Warning" dynamic="2" navigation="1" arg0="logical" arg1="a[4]" arg2="a[4]"  />
    <postMsg mid="1166064" type="Warning" dynamic="2" navigation="0" arg0="input" arg1="a[4]"  />
    <postMsg mid="1166052" type="Warning" dynamic="2" navigation="1" arg0="logical" arg1="a[3]" arg2="a[3]"  />
    <postMsg mid="1166064" type="Warning" dynamic="2" navigation="0" arg0="input" arg1="a[3]"  />
    <postMsg mid="1166052" type="Warning" dynamic="2" navigation="1" arg0="logical" arg1="a[2]" arg2="a[2]"  />
    <postMsg mid="1166064" type="Warning" dynamic="2" navigation="0" arg0="input" arg1="a[2]"  />
    <postMsg mid="1166052" type="Warning" dynamic="2" navigation="1" arg0="logical" arg1="a[1]" arg2="a[1]"  />
    <postMsg mid="1166064" type="Warning" dynamic="2" navigation="0" arg0="input" arg1="a[1]"  />
    <postMsg mid="1166052" type="Warning" dynamic="2" navigation="1" arg0="logical" arg1="a[0]" arg2="a[0]"  />
    <postMsg mid="1166064" type="Warning" dynamic="2" navigation="0" arg0="input" arg1="a[0]"  />
    <postMsg mid="1166052" type="Warning" dynamic="2" navigation="1" arg0="logical" arg1="b[23]" arg2="b[23]"  />
    <postMsg mid="1166064" type="Warning" dynamic="2" navigation="0" arg0="input" arg1="b[23]"  />
    <postMsg mid="1166052" type="Warning" dynamic="2" navigation="1" arg0="logical" arg1="b[22]" arg2="b[22]"  />
    <postMsg mid="1166064" type="Warning" dynamic="2" navigation="0" arg0="input" arg1="b[22]"  />
    <postMsg mid="1166052" type="Warning" dynamic="2" navigation="1" arg0="logical" arg1="b[21]" arg2="b[21]"  />
    <postMsg mid="1166064" type="Warning" dynamic="2" navigation="0" arg0="input" arg1="b[21]"  />
    <postMsg mid="1166052" type="Warning" dynamic="2" navigation="1" arg0="logical" arg1="b[20]" arg2="b[20]"  />
    <postMsg mid="1166064" type="Warning" dynamic="2" navigation="0" arg0="input" arg1="b[20]"  />
    <postMsg mid="1166052" type="Warning" dynamic="2" navigation="1" arg0="logical" arg1="b[19]" arg2="b[19]"  />
    <postMsg mid="1166064" type="Warning" dynamic="2" navigation="0" arg0="input" arg1="b[19]"  />
    <postMsg mid="1166052" type="Warning" dynamic="2" navigation="1" arg0="logical" arg1="b[18]" arg2="b[18]"  />
    <postMsg mid="1166064" type="Warning" dynamic="2" navigation="0" arg0="input" arg1="b[18]"  />
    <postMsg mid="1166052" type="Warning" dynamic="2" navigation="1" arg0="logical" arg1="b[17]" arg2="b[17]"  />
    <postMsg mid="1166064" type="Warning" dynamic="2" navigation="0" arg0="input" arg1="b[17]"  />
    <postMsg mid="1166052" type="Warning" dynamic="2" navigation="1" arg0="logical" arg1="b[16]" arg2="b[16]"  />
    <postMsg mid="1166064" type="Warning" dynamic="2" navigation="0" arg0="input" arg1="b[16]"  />
    <postMsg mid="1166052" type="Warning" dynamic="2" navigation="1" arg0="logical" arg1="b[15]" arg2="b[15]"  />
    <postMsg mid="1166064" type="Warning" dynamic="2" navigation="0" arg0="input" arg1="b[15]"  />
    <postMsg mid="1166052" type="Warning" dynamic="2" navigation="1" arg0="logical" arg1="b[14]" arg2="b[14]"  />
    <postMsg mid="1166064" type="Warning" dynamic="2" navigation="0" arg0="input" arg1="b[14]"  />
    <postMsg mid="1166052" type="Warning" dynamic="2" navigation="1" arg0="logical" arg1="b[13]" arg2="b[13]"  />
    <postMsg mid="1166064" type="Warning" dynamic="2" navigation="0" arg0="input" arg1="b[13]"  />
    <postMsg mid="1166052" type="Warning" dynamic="2" navigation="1" arg0="logical" arg1="b[12]" arg2="b[12]"  />
    <postMsg mid="1166064" type="Warning" dynamic="2" navigation="0" arg0="input" arg1="b[12]"  />
    <postMsg mid="1166052" type="Warning" dynamic="2" navigation="1" arg0="logical" arg1="b[11]" arg2="b[11]"  />
    <postMsg mid="1166064" type="Warning" dynamic="2" navigation="0" arg0="input" arg1="b[11]"  />
    <postMsg mid="1166052" type="Warning" dynamic="2" navigation="1" arg0="logical" arg1="b[10]" arg2="b[10]"  />
    <postMsg mid="1166064" type="Warning" dynamic="2" navigation="0" arg0="input" arg1="b[10]"  />
    <postMsg mid="1166052" type="Warning" dynamic="2" navigation="1" arg0="logical" arg1="b[9]" arg2="b[9]"  />
    <postMsg mid="1166064" type="Warning" dynamic="2" navigation="0" arg0="input" arg1="b[9]"  />
    <postMsg mid="1166052" type="Warning" dynamic="2" navigation="1" arg0="logical" arg1="b[8]" arg2="b[8]"  />
    <postMsg mid="1166064" type="Warning" dynamic="2" navigation="0" arg0="input" arg1="b[8]"  />
    <postMsg mid="1166052" type="Warning" dynamic="2" navigation="1" arg0="logical" arg1="b[7]" arg2="b[7]"  />
    <postMsg mid="1166064" type="Warning" dynamic="2" navigation="0" arg0="input" arg1="b[7]"  />
    <postMsg mid="1166052" type="Warning" dynamic="2" navigation="1" arg0="logical" arg1="b[6]" arg2="b[6]"  />
    <postMsg mid="1166064" type="Warning" dynamic="2" navigation="0" arg0="input" arg1="b[6]"  />
    <postMsg mid="1166052" type="Warning" dynamic="2" navigation="1" arg0="logical" arg1="b[5]" arg2="b[5]"  />
    <postMsg mid="1166064" type="Warning" dynamic="2" navigation="0" arg0="input" arg1="b[5]"  />
    <postMsg mid="1166052" type="Warning" dynamic="2" navigation="1" arg0="logical" arg1="b[4]" arg2="b[4]"  />
    <postMsg mid="1166064" type="Warning" dynamic="2" navigation="0" arg0="input" arg1="b[4]"  />
    <postMsg mid="1166052" type="Warning" dynamic="2" navigation="1" arg0="logical" arg1="b[3]" arg2="b[3]"  />
    <postMsg mid="1166064" type="Warning" dynamic="2" navigation="0" arg0="input" arg1="b[3]"  />
    <postMsg mid="1166052" type="Warning" dynamic="2" navigation="1" arg0="logical" arg1="b[2]" arg2="b[2]"  />
    <postMsg mid="1166064" type="Warning" dynamic="2" navigation="0" arg0="input" arg1="b[2]"  />
    <postMsg mid="1166052" type="Warning" dynamic="2" navigation="1" arg0="logical" arg1="b[1]" arg2="b[1]"  />
    <postMsg mid="1166064" type="Warning" dynamic="2" navigation="0" arg0="input" arg1="b[1]"  />
    <postMsg mid="1166052" type="Warning" dynamic="2" navigation="1" arg0="logical" arg1="b[0]" arg2="b[0]"  />
    <postMsg mid="1166064" type="Warning" dynamic="2" navigation="0" arg0="input" arg1="b[0]"  />
    <postMsg mid="1163101" type="Warning" dynamic="1" navigation="0" arg0="134"  />

Design Results:
     27 blocks expanded
completed the first expansion
All blocks are expanded and NGD expansion is successful.
Writing NGD file segmentos7_impl1.ngd.

################### Begin Area Report (mux_nb)######################
Number of register bits => 0 of 44439 (0 % )
GSR => 1
IB => 9
LUT4 => 6
OB => 7
PFUMX => 1
################### End Area Report ##################

################### Begin Clock Report ######################
Clock Nets
Number of Clocks: 0
Clock Enable Nets
Number of Clock Enables: 0
Top 0 highest fanout Clock Enables:
Highest fanout non-clock nets
Top 10 highest fanout non-clock nets:
  Net : f_seg_c, loads : 4
  Net : sel_nibble_c_0, loads : 3
  Net : sel_nibble_c_2, loads : 2
  Net : mux_nbout, loads : 2
  Net : m_in_c_20, loads : 1
  Net : m_in_c_16, loads : 1
  Net : m_in_c_12, loads : 1
  Net : m_in_c_8, loads : 1
  Net : m_in_c_4, loads : 1
  Net : m_in_c_0, loads : 1
################### End Clock Report ##################

Peak Memory Usage: 87.523  MB

--------------------------------------------------------------
Elapsed CPU time for LSE flow : 0.453  secs
--------------------------------------------------------------
