
synthesis -f "lsfr_reg_impl1_lattice.synproj"
synthesis:  version Diamond (64-bit) 3.14.0.75.2

Copyright (c) 1991-1994 by NeoCAD Inc. All rights reserved.
Copyright (c) 1995 AT&T Corp.   All rights reserved.
Copyright (c) 1995-2001 Lucent Technologies Inc.  All rights reserved.
Copyright (c) 2001 Agere Systems   All rights reserved.
Copyright (c) 2002-2024 Lattice Semiconductor Corporation,  All rights reserved.
Tue Apr 22 20:48:39 2025


Command Line:  synthesis -f lsfr_reg_impl1_lattice.synproj -gui -msgset D:/RTL_FPGA/VHDL/lsfr_reg/promote.xml 

    <postMsg mid="35002000" type="Info"    dynamic="0" navigation="0"  />
Synthesis options:
The -a option is ECP5U.
The -s option is 6.
The -t option is CABGA256.
The -d option is LFE5U-45F.
Using package CABGA256.
Using performance grade 6.
                                                          

##########################################################

### Lattice Family : ECP5U

### Device  : LFE5U-45F

### Package : CABGA256

### Speed   : 6

##########################################################

                                                          

    <postMsg mid="35001781" type="Info"    dynamic="0" navigation="0"  />
Optimization goal = Timing
Top-level module name = LFSR.
Target frequency = 200.000000 MHz.
Maximum fanout = 1000.
Timing path count = 3
BRAM utilization = 100.000000 %
DSP usage = true
DSP utilization = 100.000000 %
fsm_encoding_style = auto
resolve_mixed_drivers = 0
fix_gated_clocks = 1

Mux style = Auto
Use Carry Chain = true
carry_chain_length = 0
Loop Limit = 1950.
Use IO Insertion = TRUE
Use IO Reg = AUTO

Resource Sharing = TRUE
Propagate Constants = TRUE
Remove Duplicate Registers = TRUE
force_gsr = auto
ROM style = auto
RAM style = auto
The -comp option is FALSE.
The -syn option is FALSE.
-p C:/lscc/diamond/3.14/ispfpga/sa5p00/data (searchpath added)
-p D:/RTL_FPGA/VHDL/lsfr_reg/impl1 (searchpath added)
-p D:/RTL_FPGA/VHDL/lsfr_reg (searchpath added)
VHDL library = work
VHDL design file = D:/RTL_FPGA/VHDL/lsfr_reg/lsfr_reg.vhd
VHDL design file = D:/RTL_FPGA/VHDL/lsfr_reg/d_ff.vhd
VHDL design file = D:/RTL_FPGA/VHDL/lsfr_reg/db_ff.vhd
NGD file = lsfr_reg_impl1.ngd
-sdc option: SDC file input not used.
-lpf option: Output file option is ON.
Hardtimer checking is enabled (default). The -dt option is not used.
The -r option is OFF. [ Remove LOC Properties is OFF. ]
Technology check ok...

Analyzing Verilog file C:/lscc/diamond/3.14/ispfpga/userware/NT/SYNTHESIS_HEADERS/ecp5u.v. VERI-1482
Compile design.
Compile Design Begin
    <postMsg mid="35921504" type="Info"    dynamic="2" navigation="0" arg0="" arg1="D:/RTL_FPGA/VHDL/lsfr_reg/impl1"  />
Analyzing VHDL file d:/rtl_fpga/vhdl/lsfr_reg/lsfr_reg.vhd. VHDL-1481
    <postMsg mid="35921012" type="Info"    dynamic="2" navigation="2" arg0="d:/rtl_fpga/vhdl/lsfr_reg/lsfr_reg.vhd(5): " arg1="lfsr" arg2="d:/rtl_fpga/vhdl/lsfr_reg/lsfr_reg.vhd" arg3="5"  />
    <postMsg mid="35921010" type="Info"    dynamic="2" navigation="2" arg0="d:/rtl_fpga/vhdl/lsfr_reg/lsfr_reg.vhd(13): " arg1="behaviour" arg2="d:/rtl_fpga/vhdl/lsfr_reg/lsfr_reg.vhd" arg3="13"  />
unit LFSR is not yet analyzed. VHDL-1485
Analyzing VHDL file d:/rtl_fpga/vhdl/lsfr_reg/d_ff.vhd. VHDL-1481
    <postMsg mid="35921012" type="Info"    dynamic="2" navigation="2" arg0="d:/rtl_fpga/vhdl/lsfr_reg/d_ff.vhd(4): " arg1="d_ff" arg2="d:/rtl_fpga/vhdl/lsfr_reg/d_ff.vhd" arg3="4"  />
    <postMsg mid="35921010" type="Info"    dynamic="2" navigation="2" arg0="d:/rtl_fpga/vhdl/lsfr_reg/d_ff.vhd(13): " arg1="behavior" arg2="d:/rtl_fpga/vhdl/lsfr_reg/d_ff.vhd" arg3="13"  />
unit LFSR is not yet analyzed. VHDL-1485
Analyzing VHDL file d:/rtl_fpga/vhdl/lsfr_reg/db_ff.vhd. VHDL-1481
    <postMsg mid="35921012" type="Info"    dynamic="2" navigation="2" arg0="d:/rtl_fpga/vhdl/lsfr_reg/db_ff.vhd(4): " arg1="db_ff" arg2="d:/rtl_fpga/vhdl/lsfr_reg/db_ff.vhd" arg3="4"  />
    <postMsg mid="35921010" type="Info"    dynamic="2" navigation="2" arg0="d:/rtl_fpga/vhdl/lsfr_reg/db_ff.vhd(13): " arg1="behavior" arg2="d:/rtl_fpga/vhdl/lsfr_reg/db_ff.vhd" arg3="13"  />
unit LFSR is not yet analyzed. VHDL-1485
unit LFSR is not yet analyzed. VHDL-1485
d:/rtl_fpga/vhdl/lsfr_reg/lsfr_reg.vhd(5): executing LFSR(behaviour)

    <postMsg mid="35921205" type="Warning" dynamic="3" navigation="2" arg0="d:/rtl_fpga/vhdl/lsfr_reg/lsfr_reg.vhd(11): " arg1="LFSR" arg2="behaviour" arg3="d:/rtl_fpga/vhdl/lsfr_reg/lsfr_reg.vhd" arg4="11"  />
Top module name (VHDL): LFSR
Last elaborated design is LFSR(behaviour)
Loading NGL library 'C:/lscc/diamond/3.14/ispfpga/sa5p00/data/sa5plib.ngl'...
Loading NGL library 'C:/lscc/diamond/3.14/ispfpga/xo2c00/data/xo2clib.ngl'...
Loading NGL library 'C:/lscc/diamond/3.14/ispfpga/mg5g00/data/mg5glib.ngl'...
Loading NGL library 'C:/lscc/diamond/3.14/ispfpga/or5g00/data/orc5glib.ngl'...
Loading device for application map from file 'sa5p45.nph' in environment: C:/lscc/diamond/3.14/ispfpga.
Package Status:                     Final          Version 1.50.
Top-level module name = LFSR.
    <postMsg mid="35001771" type="Warning" dynamic="1" navigation="0" arg0="q_s[3]"  />
    <postMsg mid="35001771" type="Warning" dynamic="1" navigation="0" arg0="q_s[2]"  />
    <postMsg mid="35001771" type="Warning" dynamic="1" navigation="0" arg0="q_s[1]"  />
    <postMsg mid="35001771" type="Warning" dynamic="1" navigation="0" arg0="q_s[0]"  />



GSR instance connected to net n19.
Applying 200.000000 MHz constraint to all clocks

    <postMsg mid="35001611" type="Warning" dynamic="0" navigation="0"  />
Results of NGD DRC are available in LFSR_drc.log.
Loading NGL library 'C:/lscc/diamond/3.14/ispfpga/sa5p00/data/sa5plib.ngl'...
Loading NGL library 'C:/lscc/diamond/3.14/ispfpga/xo2c00/data/xo2clib.ngl'...
Loading NGL library 'C:/lscc/diamond/3.14/ispfpga/mg5g00/data/mg5glib.ngl'...
Loading NGL library 'C:/lscc/diamond/3.14/ispfpga/or5g00/data/orc5glib.ngl'...


Running DRC...

    <postMsg mid="1166052" type="Warning" dynamic="2" navigation="1" arg0="logical" arg1="GND_net" arg2="GND_net"  />
    <postMsg mid="1163101" type="Warning" dynamic="1" navigation="0" arg0="1"  />

Design Results:
     13 blocks expanded
completed the first expansion
All blocks are expanded and NGD expansion is successful.
Writing NGD file lsfr_reg_impl1.ngd.

################### Begin Area Report (LFSR)######################
Number of register bits => 4 of 44439 (0 % )
FD1S3AX => 3
FD1S3AY => 1
GSR => 1
IB => 2
LUT4 => 2
OB => 1
################### End Area Report ##################

################### Begin Clock Report ######################
Clock Nets
Number of Clocks: 1
  Net : clk_c, loads : 4
Clock Enable Nets
Number of Clock Enables: 0
Top 0 highest fanout Clock Enables:
Highest fanout non-clock nets
Top 10 highest fanout non-clock nets:
  Net : q_c, loads : 2
  Net : up_c, loads : 1
  Net : d1/q_s_1, loads : 1
  Net : n19, loads : 1
  Net : d3/q_s_3, loads : 0
  Net : d2/q_s_2, loads : 0
  Net : d0/q_s_0, loads : 0
  Net : q, loads : 0
################### End Clock Report ##################

Timing Report Summary
--------------
--------------------------------------------------------------------------------
Constraint                              |   Constraint|       Actual|Levels
--------------------------------------------------------------------------------
                                        |             |             |
create_clock -period 5.000000 -name     |             |             |
clk0 [get_nets clk_c]                   |  200.000 MHz|  360.750 MHz|     2  
                                        |             |             |
--------------------------------------------------------------------------------


All constraints were met.


Peak Memory Usage: 104.852  MB

--------------------------------------------------------------
Elapsed CPU time for LSE flow : 1.563  secs
--------------------------------------------------------------
