--------------------------------------------------------------------------------
Lattice Synthesis Timing Report, Version  
Wed May 28 19:48:55 2025

Copyright (c) 1991-1994 by NeoCAD Inc. All rights reserved.
Copyright (c) 1995 AT&T Corp.   All rights reserved.
Copyright (c) 1995-2001 Lucent Technologies Inc.  All rights reserved.
Copyright (c) 2001 Agere Systems   All rights reserved.
Copyright (c) 2002-2024 Lattice Semiconductor Corporation,  All rights reserved.

Report Information
------------------
Design:     cnt_asc_mod13
Constraint file:  
Report level:    verbose report, limited to 3 items per constraint
--------------------------------------------------------------------------------



================================================================================
Constraint: create_clock -period 5.000000 -name clk0 [get_nets clk_c]
            15 items scored, 0 timing errors detected.
--------------------------------------------------------------------------------


Passed:  The following path meets requirements by 2.087ns

 Logical Details:  Cell type  Pin type       Cell name  (clock net +/-)

   Source:         FD1S3AX    CK             Q_i1  (from clk_c +)
   Destination:    FD1P3IX    SP             Q_i3  (to clk_c +)

   Delay:                   2.992ns  (17.7% logic, 82.3% route), 2 logic levels.

 Constraint Details:

      2.992ns data_path Q_i1 to Q_i3 meets
      5.000ns delay constraint less
     -0.079ns LCE_S requirement (totaling 5.079ns) by 2.087ns

 Path Details: Q_i1 to Q_i3

   Name    Fanout   Delay (ns)          Pins               Resource(Cell.Net)
L_CO        ---     0.365             CK to Q              Q_i1 (from clk_c)
Route         5   e 1.441                                  led_c_0
LUT4        ---     0.166              B to Z              i189_2_lut_rep_3
Route         1   e 1.020                                  clk_c_enable_1
                  --------
                    2.992  (17.7% logic, 82.3% route), 2 logic levels.


Passed:  The following path meets requirements by 2.087ns

 Logical Details:  Cell type  Pin type       Cell name  (clock net +/-)

   Source:         FD1S3AX    CK             Q_i2  (from clk_c +)
   Destination:    FD1P3IX    SP             Q_i3  (to clk_c +)

   Delay:                   2.992ns  (17.7% logic, 82.3% route), 2 logic levels.

 Constraint Details:

      2.992ns data_path Q_i2 to Q_i3 meets
      5.000ns delay constraint less
     -0.079ns LCE_S requirement (totaling 5.079ns) by 2.087ns

 Path Details: Q_i2 to Q_i3

   Name    Fanout   Delay (ns)          Pins               Resource(Cell.Net)
L_CO        ---     0.365             CK to Q              Q_i2 (from clk_c)
Route         5   e 1.441                                  led_c_1
LUT4        ---     0.166              A to Z              i189_2_lut_rep_3
Route         1   e 1.020                                  clk_c_enable_1
                  --------
                    2.992  (17.7% logic, 82.3% route), 2 logic levels.


Passed:  The following path meets requirements by 2.183ns

 Logical Details:  Cell type  Pin type       Cell name  (clock net +/-)

   Source:         FD1S3AX    CK             Q_i4  (from clk_c +)
   Destination:    FD1S3AX    D              Q_i4  (to clk_c +)

   Delay:                   2.992ns  (17.7% logic, 82.3% route), 2 logic levels.

 Constraint Details:

      2.992ns data_path Q_i4 to Q_i4 meets
      5.000ns delay constraint less
     -0.175ns L_S requirement (totaling 5.175ns) by 2.183ns

 Path Details: Q_i4 to Q_i4

   Name    Fanout   Delay (ns)          Pins               Resource(Cell.Net)
L_CO        ---     0.365             CK to Q              Q_i4 (from clk_c)
Route         5   e 1.441                                  led_c_3
LUT4        ---     0.166              B to Z              led_c_1_bdd_4_lut
Route         1   e 1.020                                  D[3]
                  --------
                    2.992  (17.7% logic, 82.3% route), 2 logic levels.

Report: 2.913 ns is the maximum delay for this constraint.


Timing Report Summary
--------------
--------------------------------------------------------------------------------
Constraint                              |   Constraint|       Actual|Levels
--------------------------------------------------------------------------------
                                        |             |             |
create_clock -period 5.000000 -name     |             |             |
clk0 [get_nets clk_c]                   |     5.000 ns|     2.913 ns|     2  
                                        |             |             |
--------------------------------------------------------------------------------


All constraints were met.



Timing summary:
---------------

Timing errors: 0  Score: 0

Constraints cover  15 paths, 9 nets, and 23 connections (79.3% coverage)


Peak memory: 114540544 bytes, TRCE: 77824 bytes, DLYMAN: 0 bytes
CPU_TIME_REPORT: 0 secs 
