--------------------------------------------------------------------------------
Lattice Synthesis Timing Report, Version  
Wed May 14 11:20:20 2025

Copyright (c) 1991-1994 by NeoCAD Inc. All rights reserved.
Copyright (c) 1995 AT&T Corp.   All rights reserved.
Copyright (c) 1995-2001 Lucent Technologies Inc.  All rights reserved.
Copyright (c) 2001 Agere Systems   All rights reserved.
Copyright (c) 2002-2024 Lattice Semiconductor Corporation,  All rights reserved.

Report Information
------------------
Design:     datapath
Constraint file:  
Report level:    verbose report, limited to 3 items per constraint
--------------------------------------------------------------------------------



================================================================================
Constraint: create_clock -period 5.000000 -name clk0 [get_nets clk_c]
            5 items scored, 0 timing errors detected.
--------------------------------------------------------------------------------


Passed:  The following path meets requirements by 2.366ns

 Logical Details:  Cell type  Pin type       Cell name  (clock net +/-)

   Source:         FD1P3AX    CK             \rf/data_out_i0_i0  (from clk_c +)
   Destination:    FD1S3IX    D              \regB/Q__i1  (to clk_c +)

   Delay:                   2.809ns  (18.9% logic, 81.1% route), 2 logic levels.

 Constraint Details:

      2.809ns data_path \rf/data_out_i0_i0 to \regB/Q__i1 meets
      5.000ns delay constraint less
     -0.175ns L_S requirement (totaling 5.175ns) by 2.366ns

 Path Details: \rf/data_out_i0_i0 to \regB/Q__i1

   Name    Fanout   Delay (ns)          Pins               Resource(Cell.Net)
L_CO        ---     0.365             CK to Q              \rf/data_out_i0_i0 (from clk_c)
Route         2   e 1.258                                  reg_data_out[0]
LUT4        ---     0.166              A to Z              \demux/in_3__I_0_7_i1_2_lut
Route         1   e 1.020                                  demux_reg_B[0]
                  --------
                    2.809  (18.9% logic, 81.1% route), 2 logic levels.


Passed:  The following path meets requirements by 2.366ns

 Logical Details:  Cell type  Pin type       Cell name  (clock net +/-)

   Source:         FD1P3AX    CK             \rf/data_out_i0_i0  (from clk_c +)
   Destination:    FD1S3IX    D              \regA/Q__i0  (to clk_c +)

   Delay:                   2.809ns  (18.9% logic, 81.1% route), 2 logic levels.

 Constraint Details:

      2.809ns data_path \rf/data_out_i0_i0 to \regA/Q__i0 meets
      5.000ns delay constraint less
     -0.175ns L_S requirement (totaling 5.175ns) by 2.366ns

 Path Details: \rf/data_out_i0_i0 to \regA/Q__i0

   Name    Fanout   Delay (ns)          Pins               Resource(Cell.Net)
L_CO        ---     0.365             CK to Q              \rf/data_out_i0_i0 (from clk_c)
Route         2   e 1.258                                  reg_data_out[0]
LUT4        ---     0.166              A to Z              \demux/in_3__I_0_i1_2_lut
Route         1   e 1.020                                  demux_reg_A[0]
                  --------
                    2.809  (18.9% logic, 81.1% route), 2 logic levels.


Passed:  The following path meets requirements by 3.790ns

 Logical Details:  Cell type  Pin type       Cell name  (clock net +/-)

   Source:         FD1P3AX    CK             \rf/data_out_i0_i1  (from clk_c +)
   Destination:    FD1S3IX    D              \regA/Q__i1  (to clk_c +)

   Delay:                   1.385ns  (26.4% logic, 73.6% route), 1 logic levels.

 Constraint Details:

      1.385ns data_path \rf/data_out_i0_i1 to \regA/Q__i1 meets
      5.000ns delay constraint less
     -0.175ns L_S requirement (totaling 5.175ns) by 3.790ns

 Path Details: \rf/data_out_i0_i1 to \regA/Q__i1

   Name    Fanout   Delay (ns)          Pins               Resource(Cell.Net)
L_CO        ---     0.365             CK to Q              \rf/data_out_i0_i1 (from clk_c)
Route         1   e 1.020                                  reg_data_out[1]
                  --------
                    1.385  (26.4% logic, 73.6% route), 1 logic levels.

Report: 2.634 ns is the maximum delay for this constraint.


Timing Report Summary
--------------
--------------------------------------------------------------------------------
Constraint                              |   Constraint|       Actual|Levels
--------------------------------------------------------------------------------
                                        |             |             |
create_clock -period 5.000000 -name     |             |             |
clk0 [get_nets clk_c]                   |     5.000 ns|     2.634 ns|     2  
                                        |             |             |
--------------------------------------------------------------------------------


All constraints were met.



Timing summary:
---------------

Timing errors: 0  Score: 0

Constraints cover  5 paths, 7 nets, and 17 connections (7.0% coverage)


Peak memory: 94330880 bytes, TRCE: 40960 bytes, DLYMAN: 0 bytes
CPU_TIME_REPORT: 0 secs 
