
synthesis -f "frequency_divider_impl1_lattice.synproj"
synthesis:  version Diamond (64-bit) 3.14.0.75.2

Copyright (c) 1991-1994 by NeoCAD Inc. All rights reserved.
Copyright (c) 1995 AT&T Corp.   All rights reserved.
Copyright (c) 1995-2001 Lucent Technologies Inc.  All rights reserved.
Copyright (c) 2001 Agere Systems   All rights reserved.
Copyright (c) 2002-2024 Lattice Semiconductor Corporation,  All rights reserved.
Mon Apr 21 23:24:34 2025


Command Line:  synthesis -f frequency_divider_impl1_lattice.synproj -gui 

    <postMsg mid="35002000" type="Info"    dynamic="0" navigation="0"  />
Synthesis options:
The -a option is ECP5U.
The -s option is 6.
The -t option is CABGA256.
The -d option is LFE5U-45F.
Using package CABGA256.
Using performance grade 6.
                                                          

##########################################################

### Lattice Family : ECP5U

### Device  : LFE5U-45F

### Package : CABGA256

### Speed   : 6

##########################################################

                                                          

    <postMsg mid="35001781" type="Info"    dynamic="0" navigation="0"  />
Optimization goal = Timing
Top-level module name = freq_divider.
Target frequency = 200.000000 MHz.
Maximum fanout = 1000.
Timing path count = 3
BRAM utilization = 100.000000 %
DSP usage = true
DSP utilization = 100.000000 %
fsm_encoding_style = auto
resolve_mixed_drivers = 0
fix_gated_clocks = 1

Mux style = Auto
Use Carry Chain = true
carry_chain_length = 0
Loop Limit = 1950.
Use IO Insertion = TRUE
Use IO Reg = AUTO

Resource Sharing = TRUE
Propagate Constants = TRUE
Remove Duplicate Registers = TRUE
force_gsr = auto
ROM style = auto
RAM style = auto
The -comp option is FALSE.
The -syn option is FALSE.
-p E:/ld/ispfpga/sa5p00/data (searchpath added)
-p E:/repositories/RTL_FPGA/VHDL/freq_divider/impl1 (searchpath added)
-p E:/repositories/RTL_FPGA/VHDL/freq_divider (searchpath added)
VHDL library = work
VHDL design file = E:/repositories/RTL_FPGA/VHDL/freq_divider/frequency_divider.vhd
NGD file = frequency_divider_impl1.ngd
-sdc option: SDC file input not used.
-lpf option: Output file option is ON.
Hardtimer checking is enabled (default). The -dt option is not used.
The -r option is OFF. [ Remove LOC Properties is OFF. ]
Technology check ok...

Analyzing Verilog file E:/ld/ispfpga/userware/NT/SYNTHESIS_HEADERS/ecp5u.v. VERI-1482
Compile design.
Compile Design Begin
    <postMsg mid="35921504" type="Info"    dynamic="2" navigation="0" arg0="" arg1="E:/repositories/RTL_FPGA/VHDL/freq_divider/impl1"  />
Analyzing VHDL file e:/repositories/rtl_fpga/vhdl/freq_divider/frequency_divider.vhd. VHDL-1481
    <postMsg mid="35921012" type="Info"    dynamic="2" navigation="2" arg0="e:/repositories/rtl_fpga/vhdl/freq_divider/frequency_divider.vhd(5): " arg1="freq_divider" arg2="e:/repositories/rtl_fpga/vhdl/freq_divider/frequency_divider.vhd" arg3="5"  />
    <postMsg mid="35921010" type="Info"    dynamic="2" navigation="2" arg0="e:/repositories/rtl_fpga/vhdl/freq_divider/frequency_divider.vhd(15): " arg1="behaviour" arg2="e:/repositories/rtl_fpga/vhdl/freq_divider/frequency_divider.vhd" arg3="15"  />
unit freq_divider is not yet analyzed. VHDL-1485
unit freq_divider is not yet analyzed. VHDL-1485
e:/repositories/rtl_fpga/vhdl/freq_divider/frequency_divider.vhd(5): executing freq_divider(behaviour)

    <postMsg mid="35921303" type="Warning" dynamic="3" navigation="2" arg0="e:/repositories/rtl_fpga/vhdl/freq_divider/frequency_divider.vhd(41): " arg1="10" arg2="clockfrequency" arg3="e:/repositories/rtl_fpga/vhdl/freq_divider/frequency_divider.vhd" arg4="41"  />
    <postMsg mid="35921205" type="Warning" dynamic="3" navigation="2" arg0="e:/repositories/rtl_fpga/vhdl/freq_divider/frequency_divider.vhd(13): " arg1="freq_divider" arg2="behaviour" arg3="e:/repositories/rtl_fpga/vhdl/freq_divider/frequency_divider.vhd" arg4="13"  />
Top module name (VHDL): freq_divider
Last elaborated design is freq_divider(behaviour)
Loading NGL library 'E:/ld/ispfpga/sa5p00/data/sa5plib.ngl'...
Loading NGL library 'E:/ld/ispfpga/xo2c00/data/xo2clib.ngl'...
Loading NGL library 'E:/ld/ispfpga/mg5g00/data/mg5glib.ngl'...
Loading NGL library 'E:/ld/ispfpga/or5g00/data/orc5glib.ngl'...
Loading device for application map from file 'sa5p45.nph' in environment: E:/ld/ispfpga.
Package Status:                     Final          Version 1.50.
Top-level module name = freq_divider.



    <postMsg mid="35935013" type="Warning" dynamic="2" navigation="2" arg0="e:/repositories/rtl_fpga/vhdl/freq_divider/frequency_divider.vhd(56): " arg1="pulse_out_32" arg2="e:/repositories/rtl_fpga/vhdl/freq_divider/frequency_divider.vhd" arg3="56"  />
    <postMsg mid="35002005" type="Warning" dynamic="1" navigation="0" arg0="clk"  />
    <postMsg mid="35002005" type="Warning" dynamic="1" navigation="0" arg0="c[3]"  />
    <postMsg mid="35002005" type="Warning" dynamic="1" navigation="0" arg0="c[2]"  />
    <postMsg mid="35002005" type="Warning" dynamic="1" navigation="0" arg0="c[1]"  />
    <postMsg mid="35002005" type="Warning" dynamic="1" navigation="0" arg0="c[0]"  />
    <postMsg mid="35002005" type="Warning" dynamic="1" navigation="0" arg0="nRst"  />
GSR will not be inferred because no asynchronous signal was found in the netlist.
Applying 200.000000 MHz constraint to all clocks

    <postMsg mid="35001611" type="Warning" dynamic="0" navigation="0"  />
Results of NGD DRC are available in freq_divider_drc.log.
Loading NGL library 'E:/ld/ispfpga/sa5p00/data/sa5plib.ngl'...
Loading NGL library 'E:/ld/ispfpga/xo2c00/data/xo2clib.ngl'...
Loading NGL library 'E:/ld/ispfpga/mg5g00/data/mg5glib.ngl'...
Loading NGL library 'E:/ld/ispfpga/or5g00/data/orc5glib.ngl'...


Running DRC...

    <postMsg mid="1166052" type="Warning" dynamic="2" navigation="1" arg0="logical" arg1="clk" arg2="clk"  />
    <postMsg mid="1166064" type="Warning" dynamic="2" navigation="0" arg0="input" arg1="clk"  />
    <postMsg mid="1166052" type="Warning" dynamic="2" navigation="1" arg0="logical" arg1="c[3]" arg2="c[3]"  />
    <postMsg mid="1166064" type="Warning" dynamic="2" navigation="0" arg0="input" arg1="c[3]"  />
    <postMsg mid="1166052" type="Warning" dynamic="2" navigation="1" arg0="logical" arg1="c[2]" arg2="c[2]"  />
    <postMsg mid="1166064" type="Warning" dynamic="2" navigation="0" arg0="input" arg1="c[2]"  />
    <postMsg mid="1166052" type="Warning" dynamic="2" navigation="1" arg0="logical" arg1="c[1]" arg2="c[1]"  />
    <postMsg mid="1166064" type="Warning" dynamic="2" navigation="0" arg0="input" arg1="c[1]"  />
    <postMsg mid="1166052" type="Warning" dynamic="2" navigation="1" arg0="logical" arg1="c[0]" arg2="c[0]"  />
    <postMsg mid="1166064" type="Warning" dynamic="2" navigation="0" arg0="input" arg1="c[0]"  />
    <postMsg mid="1166052" type="Warning" dynamic="2" navigation="1" arg0="logical" arg1="nRst" arg2="nRst"  />
    <postMsg mid="1166064" type="Warning" dynamic="2" navigation="0" arg0="input" arg1="nRst"  />
    <postMsg mid="1163101" type="Warning" dynamic="1" navigation="0" arg0="12"  />

Design Results:
      5 blocks expanded
completed the first expansion
All blocks are expanded and NGD expansion is successful.
Writing NGD file frequency_divider_impl1.ngd.

################### Begin Area Report (freq_divider)######################
Number of register bits => 0 of 44439 (0 % )
GSR => 1
OB => 1
################### End Area Report ##################

################### Begin Clock Report ######################
Clock Nets
Number of Clocks: 0
Clock Enable Nets
Number of Clock Enables: 0
Top 0 highest fanout Clock Enables:
Highest fanout non-clock nets
Top 10 highest fanout non-clock nets:
  Net : pulse, loads : 0
################### End Clock Report ##################

Peak Memory Usage: 104.168  MB

--------------------------------------------------------------
Elapsed CPU time for LSE flow : 0.891  secs
--------------------------------------------------------------
