
synthesis -f "decod_416_83_impl1_lattice.synproj"
synthesis:  version Diamond (64-bit) 3.14.0.75.2

Copyright (c) 1991-1994 by NeoCAD Inc. All rights reserved.
Copyright (c) 1995 AT&T Corp.   All rights reserved.
Copyright (c) 1995-2001 Lucent Technologies Inc.  All rights reserved.
Copyright (c) 2001 Agere Systems   All rights reserved.
Copyright (c) 2002-2024 Lattice Semiconductor Corporation,  All rights reserved.
Mon Apr 28 20:30:51 2025


Command Line:  synthesis -f decod_416_83_impl1_lattice.synproj -gui 

    <postMsg mid="35002000" type="Info"    dynamic="0" navigation="0"  />
Synthesis options:
The -a option is ECP5U.
The -s option is 6.
The -t option is CABGA256.
The -d option is LFE5U-45F.
Using package CABGA256.
Using performance grade 6.
                                                          

##########################################################

### Lattice Family : ECP5U

### Device  : LFE5U-45F

### Package : CABGA256

### Speed   : 6

##########################################################

                                                          

    <postMsg mid="35001781" type="Info"    dynamic="0" navigation="0"  />
Optimization goal = Timing
Top-level module name = decod_416.
Target frequency = 200.000000 MHz.
Maximum fanout = 1000.
Timing path count = 3
BRAM utilization = 100.000000 %
DSP usage = true
DSP utilization = 100.000000 %
fsm_encoding_style = auto
resolve_mixed_drivers = 0
fix_gated_clocks = 1

Mux style = Auto
Use Carry Chain = true
carry_chain_length = 0
Loop Limit = 1950.
Use IO Insertion = TRUE
Use IO Reg = AUTO

Resource Sharing = TRUE
Propagate Constants = TRUE
Remove Duplicate Registers = TRUE
force_gsr = auto
ROM style = auto
RAM style = auto
The -comp option is FALSE.
The -syn option is FALSE.
-p D:/RTL_FPGA/VERILOG/decod416_83 (searchpath added)
-p C:/lscc/diamond/3.14/ispfpga/sa5p00/data (searchpath added)
-p D:/RTL_FPGA/VERILOG/decod416_83/impl1 (searchpath added)
-p D:/RTL_FPGA/VERILOG/decod416_83 (searchpath added)
Verilog design file = D:/RTL_FPGA/VERILOG/decod416_83/decod_416_2mod.v
Verilog design file = D:/RTL_FPGA/VERILOG/decod416_83/decod_83.v
NGD file = decod_416_83_impl1.ngd
-sdc option: SDC file input not used.
-lpf option: Output file option is ON.
Hardtimer checking is enabled (default). The -dt option is not used.
The -r option is OFF. [ Remove LOC Properties is OFF. ]
Technology check ok...

Analyzing Verilog file C:/lscc/diamond/3.14/ispfpga/userware/NT/SYNTHESIS_HEADERS/ecp5u.v. VERI-1482
Compile design.
Compile Design Begin
Analyzing Verilog file d:/rtl_fpga/verilog/decod416_83/decod_416_2mod.v. VERI-1482
    <postMsg mid="35901320" type="Warning" dynamic="1" navigation="2" arg0="d:/rtl_fpga/verilog/decod416_83/decod_416_2mod.v(11): " arg1="d:/rtl_fpga/verilog/decod416_83/decod_416_2mod.v" arg2="11"  />
    <postMsg mid="35901320" type="Warning" dynamic="1" navigation="2" arg0="d:/rtl_fpga/verilog/decod416_83/decod_416_2mod.v(11): " arg1="d:/rtl_fpga/verilog/decod416_83/decod_416_2mod.v" arg2="11"  />
Analyzing Verilog file d:/rtl_fpga/verilog/decod416_83/decod_83.v. VERI-1482
Analyzing Verilog file C:/lscc/diamond/3.14/ispfpga/userware/NT/SYNTHESIS_HEADERS/ecp5u.v. VERI-1482
Top module name (Verilog): decod_416
    <postMsg mid="35901320" type="Warning" dynamic="1" navigation="2" arg0="d:/rtl_fpga/verilog/decod416_83/decod_416_2mod.v(11): " arg1="d:/rtl_fpga/verilog/decod416_83/decod_416_2mod.v" arg2="11"  />
    <postMsg mid="35901320" type="Warning" dynamic="1" navigation="2" arg0="d:/rtl_fpga/verilog/decod416_83/decod_416_2mod.v(11): " arg1="d:/rtl_fpga/verilog/decod416_83/decod_416_2mod.v" arg2="11"  />
    <postMsg mid="35901018" type="Info"    dynamic="2" navigation="2" arg0="d:/rtl_fpga/verilog/decod416_83/decod_416_2mod.v(1): " arg1="decod_416" arg2="d:/rtl_fpga/verilog/decod416_83/decod_416_2mod.v" arg3="1"  />
    <postMsg mid="35901018" type="Info"    dynamic="2" navigation="2" arg0="d:/rtl_fpga/verilog/decod416_83/decod_83.v(1): " arg1="decod_83" arg2="d:/rtl_fpga/verilog/decod416_83/decod_83.v" arg3="1"  />
    <postMsg mid="35901209" type="Warning" dynamic="3" navigation="2" arg0="d:/rtl_fpga/verilog/decod416_83/decod_416_2mod.v(11): " arg1="40" arg2="16" arg3="d:/rtl_fpga/verilog/decod416_83/decod_416_2mod.v" arg4="11"  />
Last elaborated design is decod_416()
Loading NGL library 'C:/lscc/diamond/3.14/ispfpga/sa5p00/data/sa5plib.ngl'...
Loading NGL library 'C:/lscc/diamond/3.14/ispfpga/xo2c00/data/xo2clib.ngl'...
Loading NGL library 'C:/lscc/diamond/3.14/ispfpga/mg5g00/data/mg5glib.ngl'...
Loading NGL library 'C:/lscc/diamond/3.14/ispfpga/or5g00/data/orc5glib.ngl'...
Loading device for application map from file 'sa5p45.nph' in environment: C:/lscc/diamond/3.14/ispfpga.
Package Status:                     Final          Version 1.50.
Top-level module name = decod_416.



    <postMsg mid="35002005" type="Warning" dynamic="1" navigation="0" arg0="a_in[3]"  />
    <postMsg mid="35002005" type="Warning" dynamic="1" navigation="0" arg0="a_out[8]"  />
GSR will not be inferred because no asynchronous signal was found in the netlist.
Applying 200.000000 MHz constraint to all clocks

    <postMsg mid="35001611" type="Warning" dynamic="0" navigation="0"  />
Results of NGD DRC are available in decod_416_drc.log.
Loading NGL library 'C:/lscc/diamond/3.14/ispfpga/sa5p00/data/sa5plib.ngl'...
Loading NGL library 'C:/lscc/diamond/3.14/ispfpga/xo2c00/data/xo2clib.ngl'...
Loading NGL library 'C:/lscc/diamond/3.14/ispfpga/mg5g00/data/mg5glib.ngl'...
Loading NGL library 'C:/lscc/diamond/3.14/ispfpga/or5g00/data/orc5glib.ngl'...


Running DRC...

DRC complete with no errors or warnings

Design Results:
     32 blocks expanded
completed the first expansion
All blocks are expanded and NGD expansion is successful.
Writing NGD file decod_416_83_impl1.ngd.

################### Begin Area Report (decod_416)######################
Number of register bits => 0 of 44439 (0 % )
GSR => 1
IB => 4
LUT4 => 8
OB => 16
################### End Area Report ##################

################### Begin Clock Report ######################
Clock Nets
Number of Clocks: 0
Clock Enable Nets
Number of Clock Enables: 0
Top 0 highest fanout Clock Enables:
Highest fanout non-clock nets
Top 10 highest fanout non-clock nets:
  Net : a_in_c_2, loads : 8
  Net : a_in_c_1, loads : 8
  Net : a_in_c_0, loads : 8
  Net : a_out_0_3_c, loads : 1
  Net : a_out[13], loads : 0
  Net : a_out[9], loads : 0
  Net : a_out[14], loads : 0
  Net : a_out[10], loads : 0
  Net : a_out[15], loads : 0
  Net : a_out[11], loads : 0
################### End Clock Report ##################

Peak Memory Usage: 87.328  MB

--------------------------------------------------------------
Elapsed CPU time for LSE flow : 0.766  secs
--------------------------------------------------------------
