synthesis:  version Diamond (64-bit) 3.14.0.75.2

Copyright (c) 1991-1994 by NeoCAD Inc. All rights reserved.
Copyright (c) 1995 AT&T Corp.   All rights reserved.
Copyright (c) 1995-2001 Lucent Technologies Inc.  All rights reserved.
Copyright (c) 2001 Agere Systems   All rights reserved.
Copyright (c) 2002-2024 Lattice Semiconductor Corporation,  All rights reserved.
Mon Apr 07 19:25:07 2025


Command Line:  synthesis -f reset_sinc_impl1_lattice.synproj -gui 

Synthesis options:
The -a option is ECP5U.
The -s option is 6.
The -t option is CABGA256.
The -d option is LFE5U-45F.
Using package CABGA256.
Using performance grade 6.
                                                          

##########################################################

### Lattice Family : ECP5U

### Device  : LFE5U-45F

### Package : CABGA256

### Speed   : 6

##########################################################

                                                          

INFO - synthesis: User-Selected Strategy Settings
Optimization goal = Timing
Top-level module name = reset_sinc.
Target frequency = 200.000000 MHz.
Maximum fanout = 1000.
Timing path count = 3
BRAM utilization = 100.000000 %
DSP usage = true
DSP utilization = 100.000000 %
fsm_encoding_style = auto
resolve_mixed_drivers = 0
fix_gated_clocks = 1

Mux style = Auto
Use Carry Chain = true
carry_chain_length = 0
Loop Limit = 1950.
Use IO Insertion = TRUE
Use IO Reg = AUTO

Resource Sharing = TRUE
Propagate Constants = TRUE
Remove Duplicate Registers = TRUE
force_gsr = auto
ROM style = auto
RAM style = auto
The -comp option is FALSE.
The -syn option is FALSE.
-p C:/FPGAprojects/flipflops (searchpath added)
-p C:/lscc/diamond/3.14/ispfpga/sa5p00/data (searchpath added)
-p C:/FPGAprojects/flipflops/impl1 (searchpath added)
-p C:/FPGAprojects/flipflops (searchpath added)
Verilog design file = C:/FPGAprojects/flipflops/reset_sinc.v
NGD file = reset_sinc_impl1.ngd
-sdc option: SDC file input not used.
-lpf option: Output file option is ON.
Hardtimer checking is enabled (default). The -dt option is not used.
The -r option is OFF. [ Remove LOC Properties is OFF. ]
Technology check ok...

Analyzing Verilog file C:/lscc/diamond/3.14/ispfpga/userware/NT/SYNTHESIS_HEADERS/ecp5u.v. VERI-1482
Compile design.
Compile Design Begin
Analyzing Verilog file c:/fpgaprojects/flipflops/reset_sinc.v. VERI-1482
Analyzing Verilog file C:/lscc/diamond/3.14/ispfpga/userware/NT/SYNTHESIS_HEADERS/ecp5u.v. VERI-1482
Top module name (Verilog): reset_sinc
INFO - synthesis: c:/fpgaprojects/flipflops/reset_sinc.v(1): compiling module reset_sinc. VERI-1018
Loading NGL library 'C:/lscc/diamond/3.14/ispfpga/sa5p00/data/sa5plib.ngl'...
Loading NGL library 'C:/lscc/diamond/3.14/ispfpga/xo2c00/data/xo2clib.ngl'...
Loading NGL library 'C:/lscc/diamond/3.14/ispfpga/mg5g00/data/mg5glib.ngl'...
Loading NGL library 'C:/lscc/diamond/3.14/ispfpga/or5g00/data/orc5glib.ngl'...
Loading device for application map from file 'sa5p45.nph' in environment: C:/lscc/diamond/3.14/ispfpga.
Package Status:                     Final          Version 1.50.
Top-level module name = reset_sinc.



GSR instance connected to net n12.
Applying 200.000000 MHz constraint to all clocks

WARNING - synthesis: No user .sdc file.
Results of NGD DRC are available in reset_sinc_drc.log.
Loading NGL library 'C:/lscc/diamond/3.14/ispfpga/sa5p00/data/sa5plib.ngl'...
Loading NGL library 'C:/lscc/diamond/3.14/ispfpga/xo2c00/data/xo2clib.ngl'...
Loading NGL library 'C:/lscc/diamond/3.14/ispfpga/mg5g00/data/mg5glib.ngl'...
Loading NGL library 'C:/lscc/diamond/3.14/ispfpga/or5g00/data/orc5glib.ngl'...
WARNING - synthesis: logical net 'GND_net' has no load.
WARNING - synthesis: DRC complete with 1 warnings.
All blocks are expanded and NGD expansion is successful.
Writing NGD file reset_sinc_impl1.ngd.

################### Begin Area Report (reset_sinc)######################
Number of register bits => 4 of 44439 (0 % )
FD1S3AX => 3
FD1S3DX => 1
GSR => 1
IB => 2
LUT4 => 1
OB => 1
################### End Area Report ##################

################### Begin Clock Report ######################
Clock Nets
Number of Clocks: 1
  Net : clk_A_c, loads : 4
Clock Enable Nets
Number of Clock Enables: 0
Top 0 highest fanout Clock Enables:
Highest fanout non-clock nets
Top 10 highest fanout non-clock nets:
  Net : nrst_in_c, loads : 1
  Net : Q_nrst_c, loads : 1
  Net : Q_FF1, loads : 1
  Net : Q_FF2, loads : 1
  Net : Q_FF3, loads : 1
  Net : n12, loads : 1
  Net : Q_nrst, loads : 0
################### End Clock Report ##################

Timing Report Summary
--------------
--------------------------------------------------------------------------------
Constraint                              |   Constraint|       Actual|Levels
--------------------------------------------------------------------------------
                                        |             |             |
create_clock -period 5.000000 -name     |             |             |
clk0 [get_nets clk_A_c]                 |  200.000 MHz|  826.446 MHz|     1  
                                        |             |             |
--------------------------------------------------------------------------------


All constraints were met.


Peak Memory Usage: 86.730  MB

--------------------------------------------------------------
Elapsed CPU time for LSE flow : 0.406  secs
--------------------------------------------------------------
