synthesis:  version Diamond (64-bit) 3.14.0.75.2

Copyright (c) 1991-1994 by NeoCAD Inc. All rights reserved.
Copyright (c) 1995 AT&T Corp.   All rights reserved.
Copyright (c) 1995-2001 Lucent Technologies Inc.  All rights reserved.
Copyright (c) 2001 Agere Systems   All rights reserved.
Copyright (c) 2002-2024 Lattice Semiconductor Corporation,  All rights reserved.
Tue May 06 20:57:38 2025


Command Line:  synthesis -f bit4_carry_look_ahead_adder_impl1_lattice.synproj -gui 

Synthesis options:
The -a option is ECP5U.
The -s option is 6.
The -t option is CABGA256.
The -d option is LFE5U-45F.
Using package CABGA256.
Using performance grade 6.
                                                          

##########################################################

### Lattice Family : ECP5U

### Device  : LFE5U-45F

### Package : CABGA256

### Speed   : 6

##########################################################

                                                          

INFO - synthesis: User-Selected Strategy Settings
Optimization goal = Timing
Top-level module name = param_clah.
Target frequency = 200.000000 MHz.
Maximum fanout = 1000.
Timing path count = 3
BRAM utilization = 100.000000 %
DSP usage = true
DSP utilization = 100.000000 %
fsm_encoding_style = auto
resolve_mixed_drivers = 0
fix_gated_clocks = 1

Mux style = Auto
Use Carry Chain = true
carry_chain_length = 0
Loop Limit = 1950.
Use IO Insertion = TRUE
Use IO Reg = AUTO

Resource Sharing = TRUE
Propagate Constants = TRUE
Remove Duplicate Registers = TRUE
force_gsr = auto
ROM style = auto
RAM style = auto
The -comp option is FALSE.
The -syn option is FALSE.
-p C:/lscc/diamond/3.14/ispfpga/sa5p00/data (searchpath added)
-p D:/RTL_FPGA/VERILOG/aula19_clah/impl1 (searchpath added)
-p D:/RTL_FPGA/VERILOG/aula19_clah (searchpath added)
VHDL library = work
VHDL design file = D:/RTL_FPGA/VERILOG/aula19_clah/param_clah.vhd
NGD file = bit4_carry_look_ahead_adder_impl1.ngd
-sdc option: SDC file input not used.
-lpf option: Output file option is ON.
Hardtimer checking is enabled (default). The -dt option is not used.
The -r option is OFF. [ Remove LOC Properties is OFF. ]
Technology check ok...

Analyzing Verilog file C:/lscc/diamond/3.14/ispfpga/userware/NT/SYNTHESIS_HEADERS/ecp5u.v. VERI-1482
Compile design.
Compile Design Begin
INFO - synthesis: The default VHDL library search path is now "D:/RTL_FPGA/VERILOG/aula19_clah/impl1". VHDL-1504
Analyzing VHDL file d:/rtl_fpga/verilog/aula19_clah/param_clah.vhd. VHDL-1481
INFO - synthesis: d:/rtl_fpga/verilog/aula19_clah/param_clah.vhd(3): analyzing entity param_clah. VHDL-1012
INFO - synthesis: d:/rtl_fpga/verilog/aula19_clah/param_clah.vhd(13): analyzing architecture behaviour. VHDL-1010
unit param_clah is not yet analyzed. VHDL-1485
unit param_clah is not yet analyzed. VHDL-1485
d:/rtl_fpga/verilog/aula19_clah/param_clah.vhd(3): executing param_clah(behaviour)

WARNING - synthesis: d:/rtl_fpga/verilog/aula19_clah/param_clah.vhd(11): replacing existing netlist param_clah(behaviour). VHDL-1205
Top module name (VHDL): param_clah
Loading NGL library 'C:/lscc/diamond/3.14/ispfpga/sa5p00/data/sa5plib.ngl'...
Loading NGL library 'C:/lscc/diamond/3.14/ispfpga/xo2c00/data/xo2clib.ngl'...
Loading NGL library 'C:/lscc/diamond/3.14/ispfpga/mg5g00/data/mg5glib.ngl'...
Loading NGL library 'C:/lscc/diamond/3.14/ispfpga/or5g00/data/orc5glib.ngl'...
Loading device for application map from file 'sa5p45.nph' in environment: C:/lscc/diamond/3.14/ispfpga.
Package Status:                     Final          Version 1.50.
Top-level module name = param_clah.



GSR will not be inferred because no asynchronous signal was found in the netlist.
Applying 200.000000 MHz constraint to all clocks

WARNING - synthesis: No user .sdc file.
Results of NGD DRC are available in param_clah_drc.log.
Loading NGL library 'C:/lscc/diamond/3.14/ispfpga/sa5p00/data/sa5plib.ngl'...
Loading NGL library 'C:/lscc/diamond/3.14/ispfpga/xo2c00/data/xo2clib.ngl'...
Loading NGL library 'C:/lscc/diamond/3.14/ispfpga/mg5g00/data/mg5glib.ngl'...
Loading NGL library 'C:/lscc/diamond/3.14/ispfpga/or5g00/data/orc5glib.ngl'...
WARNING - synthesis: logical net 'GND_net' has no load.
WARNING - synthesis: DRC complete with 1 warnings.
All blocks are expanded and NGD expansion is successful.
Writing NGD file bit4_carry_look_ahead_adder_impl1.ngd.

################### Begin Area Report (param_clah)######################
Number of register bits => 0 of 44439 (0 % )
GSR => 1
IB => 17
LUT4 => 16
OB => 9
################### End Area Report ##################

################### Begin Clock Report ######################
Clock Nets
Number of Clocks: 0
Clock Enable Nets
Number of Clock Enables: 0
Top 0 highest fanout Clock Enables:
Highest fanout non-clock nets
Top 10 highest fanout non-clock nets:
  Net : Cin_c, loads : 2
  Net : A_c_7, loads : 2
  Net : A_c_6, loads : 2
  Net : A_c_5, loads : 2
  Net : A_c_4, loads : 2
  Net : A_c_3, loads : 2
  Net : A_c_2, loads : 2
  Net : A_c_1, loads : 2
  Net : A_c_0, loads : 2
  Net : B_c_7, loads : 2
################### End Clock Report ##################

Peak Memory Usage: 105.766  MB

--------------------------------------------------------------
Elapsed CPU time for LSE flow : 0.703  secs
--------------------------------------------------------------
