
synthesis -f "half_adder_vhdl_impl1_lattice.synproj"
synthesis:  version Diamond (64-bit) 3.14.0.75.2

Copyright (c) 1991-1994 by NeoCAD Inc. All rights reserved.
Copyright (c) 1995 AT&T Corp.   All rights reserved.
Copyright (c) 1995-2001 Lucent Technologies Inc.  All rights reserved.
Copyright (c) 2001 Agere Systems   All rights reserved.
Copyright (c) 2002-2024 Lattice Semiconductor Corporation,  All rights reserved.
Mon Apr 14 20:37:28 2025


Command Line:  synthesis -f half_adder_vhdl_impl1_lattice.synproj -gui 

    <postMsg mid="35002000" type="Info"    dynamic="0" navigation="0"  />
Synthesis options:
The -a option is ECP5U.
The -s option is 6.
The -t option is CABGA256.
The -d option is LFE5U-45F.
Using package CABGA256.
Using performance grade 6.
                                                          

##########################################################

### Lattice Family : ECP5U

### Device  : LFE5U-45F

### Package : CABGA256

### Speed   : 6

##########################################################

                                                          

    <postMsg mid="35001781" type="Info"    dynamic="0" navigation="0"  />
Optimization goal = Timing
Top-level module name = sum8bits.
Target frequency = 200.000000 MHz.
Maximum fanout = 1000.
Timing path count = 3
BRAM utilization = 100.000000 %
DSP usage = true
DSP utilization = 100.000000 %
fsm_encoding_style = auto
resolve_mixed_drivers = 0
fix_gated_clocks = 1

Mux style = Auto
Use Carry Chain = true
carry_chain_length = 0
Loop Limit = 1950.
Use IO Insertion = TRUE
Use IO Reg = AUTO

Resource Sharing = TRUE
Propagate Constants = TRUE
Remove Duplicate Registers = TRUE
force_gsr = auto
ROM style = auto
RAM style = auto
The -comp option is FALSE.
The -syn option is FALSE.
-p C:/lscc/diamond/3.14/ispfpga/sa5p00/data (searchpath added)
-p D:/RTL_FPGA/VHDL/somador/impl1 (searchpath added)
-p D:/RTL_FPGA/VHDL/somador (searchpath added)
VHDL library = work
VHDL design file = D:/RTL_FPGA/VHDL/somador/halfadder_vhdl.vhd
VHDL design file = D:/RTL_FPGA/VHDL/somador/sum8bits.vhd
NGD file = half_adder_vhdl_impl1.ngd
-sdc option: SDC file input not used.
-lpf option: Output file option is ON.
Hardtimer checking is enabled (default). The -dt option is not used.
The -r option is OFF. [ Remove LOC Properties is OFF. ]
Technology check ok...

Analyzing Verilog file C:/lscc/diamond/3.14/ispfpga/userware/NT/SYNTHESIS_HEADERS/ecp5u.v. VERI-1482
Compile design.
Compile Design Begin
    <postMsg mid="35921504" type="Info"    dynamic="2" navigation="0" arg0="" arg1="D:/RTL_FPGA/VHDL/somador/impl1"  />
Analyzing VHDL file d:/rtl_fpga/vhdl/somador/halfadder_vhdl.vhd. VHDL-1481
    <postMsg mid="35921012" type="Info"    dynamic="2" navigation="2" arg0="d:/rtl_fpga/vhdl/somador/halfadder_vhdl.vhd(4): " arg1="fulladder" arg2="d:/rtl_fpga/vhdl/somador/halfadder_vhdl.vhd" arg3="4"  />
    <postMsg mid="35921010" type="Info"    dynamic="2" navigation="2" arg0="d:/rtl_fpga/vhdl/somador/halfadder_vhdl.vhd(10): " arg1="behaviour" arg2="d:/rtl_fpga/vhdl/somador/halfadder_vhdl.vhd" arg3="10"  />
unit sum8bits is not yet analyzed. VHDL-1485
Analyzing VHDL file d:/rtl_fpga/vhdl/somador/sum8bits.vhd. VHDL-1481
    <postMsg mid="35921012" type="Info"    dynamic="2" navigation="2" arg0="d:/rtl_fpga/vhdl/somador/sum8bits.vhd(4): " arg1="sum8bits" arg2="d:/rtl_fpga/vhdl/somador/sum8bits.vhd" arg3="4"  />
    <postMsg mid="35921010" type="Info"    dynamic="2" navigation="2" arg0="d:/rtl_fpga/vhdl/somador/sum8bits.vhd(13): " arg1="behaviour" arg2="d:/rtl_fpga/vhdl/somador/sum8bits.vhd" arg3="13"  />
unit sum8bits is not yet analyzed. VHDL-1485
unit sum8bits is not yet analyzed. VHDL-1485
d:/rtl_fpga/vhdl/somador/sum8bits.vhd(4): executing sum8bits(behaviour)

    <postMsg mid="35921205" type="Warning" dynamic="3" navigation="2" arg0="d:/rtl_fpga/vhdl/somador/sum8bits.vhd(11): " arg1="sum8bits" arg2="behaviour" arg3="d:/rtl_fpga/vhdl/somador/sum8bits.vhd" arg4="11"  />
Top module name (VHDL): sum8bits
Last elaborated design is sum8bits(behaviour)
Loading NGL library 'C:/lscc/diamond/3.14/ispfpga/sa5p00/data/sa5plib.ngl'...
Loading NGL library 'C:/lscc/diamond/3.14/ispfpga/xo2c00/data/xo2clib.ngl'...
Loading NGL library 'C:/lscc/diamond/3.14/ispfpga/mg5g00/data/mg5glib.ngl'...
Loading NGL library 'C:/lscc/diamond/3.14/ispfpga/or5g00/data/orc5glib.ngl'...
Loading device for application map from file 'sa5p45.nph' in environment: C:/lscc/diamond/3.14/ispfpga.
Package Status:                     Final          Version 1.50.
Top-level module name = sum8bits.
    <postMsg mid="35001771" type="Warning" dynamic="1" navigation="0" arg0="carry_s[6]"  />
    <postMsg mid="35001771" type="Warning" dynamic="1" navigation="0" arg0="carry_s[5]"  />
    <postMsg mid="35001771" type="Warning" dynamic="1" navigation="0" arg0="carry_s[4]"  />
    <postMsg mid="35001771" type="Warning" dynamic="1" navigation="0" arg0="carry_s[3]"  />
    <postMsg mid="35001771" type="Warning" dynamic="1" navigation="0" arg0="carry_s[2]"  />
    <postMsg mid="35001771" type="Warning" dynamic="1" navigation="0" arg0="carry_s[1]"  />
    <postMsg mid="35001771" type="Warning" dynamic="1" navigation="0" arg0="carry_s[0]"  />
    <postMsg mid="35002005" type="Warning" dynamic="1" navigation="0" arg0="carry"  />
######## Missing driver on net carry. Patching with GND.



GSR will not be inferred because no asynchronous signal was found in the netlist.
Applying 200.000000 MHz constraint to all clocks

    <postMsg mid="35001611" type="Warning" dynamic="0" navigation="0"  />
Results of NGD DRC are available in sum8bits_drc.log.
Loading NGL library 'C:/lscc/diamond/3.14/ispfpga/sa5p00/data/sa5plib.ngl'...
Loading NGL library 'C:/lscc/diamond/3.14/ispfpga/xo2c00/data/xo2clib.ngl'...
Loading NGL library 'C:/lscc/diamond/3.14/ispfpga/mg5g00/data/mg5glib.ngl'...
Loading NGL library 'C:/lscc/diamond/3.14/ispfpga/or5g00/data/orc5glib.ngl'...


Running DRC...

DRC complete with no errors or warnings

Design Results:
     35 blocks expanded
completed the first expansion
All blocks are expanded and NGD expansion is successful.
Writing NGD file half_adder_vhdl_impl1.ngd.

################### Begin Area Report (sum8bits)######################
Number of register bits => 0 of 44439 (0 % )
CCU2C => 5
GSR => 1
IB => 17
OB => 9
################### End Area Report ##################

################### Begin Clock Report ######################
Clock Nets
Number of Clocks: 0
Clock Enable Nets
Number of Clock Enables: 0
Top 0 highest fanout Clock Enables:
Highest fanout non-clock nets
Top 10 highest fanout non-clock nets:
  Net : cin_c, loads : 2
  Net : a_c_7, loads : 1
  Net : a_c_6, loads : 1
  Net : a_c_5, loads : 1
  Net : a_c_4, loads : 1
  Net : a_c_3, loads : 1
  Net : a_c_2, loads : 1
  Net : a_c_1, loads : 1
  Net : a_c_0, loads : 1
  Net : b_c_7, loads : 1
################### End Clock Report ##################

Peak Memory Usage: 104.699  MB

--------------------------------------------------------------
Elapsed CPU time for LSE flow : 1.391  secs
--------------------------------------------------------------
