synthesis:  version Diamond (64-bit) 3.14.0.75.2

Copyright (c) 1991-1994 by NeoCAD Inc. All rights reserved.
Copyright (c) 1995 AT&T Corp.   All rights reserved.
Copyright (c) 1995-2001 Lucent Technologies Inc.  All rights reserved.
Copyright (c) 2001 Agere Systems   All rights reserved.
Copyright (c) 2002-2024 Lattice Semiconductor Corporation,  All rights reserved.
Tue Jun 03 18:47:53 2025


Command Line:  synthesis -f conversor_bcd_fsm_impl1_lattice.synproj -gui -msgset D:/RTL_FPGA/SD2/VERILOG/aula10-fsm_mealy/Ex2/promote.xml 

Synthesis options:
The -a option is ECP5U.
The -s option is 6.
The -t option is CABGA256.
The -d option is LFE5U-45F.
Using package CABGA256.
Using performance grade 6.
                                                          

##########################################################

### Lattice Family : ECP5U

### Device  : LFE5U-45F

### Package : CABGA256

### Speed   : 6

##########################################################

                                                          

INFO - synthesis: User-Selected Strategy Settings
Optimization goal = Timing
Top-level module name = conversor_bcd.
Target frequency = 200.000000 MHz.
Maximum fanout = 1000.
Timing path count = 3
BRAM utilization = 100.000000 %
DSP usage = true
DSP utilization = 100.000000 %
fsm_encoding_style = auto
resolve_mixed_drivers = 0
fix_gated_clocks = 1

Mux style = Auto
Use Carry Chain = true
carry_chain_length = 0
Loop Limit = 1950.
Use IO Insertion = TRUE
Use IO Reg = AUTO

Resource Sharing = TRUE
Propagate Constants = TRUE
Remove Duplicate Registers = TRUE
force_gsr = auto
ROM style = auto
RAM style = auto
The -comp option is FALSE.
The -syn option is FALSE.
-p D:/RTL_FPGA/SD2/VERILOG/aula10-fsm_mealy/Ex2 (searchpath added)
-p C:/lscc/diamond/3.14/ispfpga/sa5p00/data (searchpath added)
-p D:/RTL_FPGA/SD2/VERILOG/aula10-fsm_mealy/Ex2/impl1 (searchpath added)
-p D:/RTL_FPGA/SD2/VERILOG/aula10-fsm_mealy/Ex2 (searchpath added)
Verilog design file = D:/RTL_FPGA/SD2/VERILOG/aula10-fsm_mealy/Ex2/conversor_bcd.v
NGD file = conversor_bcd_fsm_impl1.ngd
-sdc option: SDC file input not used.
-lpf option: Output file option is ON.
Hardtimer checking is enabled (default). The -dt option is not used.
The -r option is OFF. [ Remove LOC Properties is OFF. ]
Technology check ok...

Analyzing Verilog file C:/lscc/diamond/3.14/ispfpga/userware/NT/SYNTHESIS_HEADERS/ecp5u.v. VERI-1482
Compile design.
Compile Design Begin
Analyzing Verilog file d:/rtl_fpga/sd2/verilog/aula10-fsm_mealy/ex2/conversor_bcd.v. VERI-1482
Analyzing Verilog file C:/lscc/diamond/3.14/ispfpga/userware/NT/SYNTHESIS_HEADERS/ecp5u.v. VERI-1482
Top module name (Verilog): conversor_bcd
INFO - synthesis: d:/rtl_fpga/sd2/verilog/aula10-fsm_mealy/ex2/conversor_bcd.v(1): compiling module conversor_bcd. VERI-1018
Loading NGL library 'C:/lscc/diamond/3.14/ispfpga/sa5p00/data/sa5plib.ngl'...
Loading NGL library 'C:/lscc/diamond/3.14/ispfpga/xo2c00/data/xo2clib.ngl'...
Loading NGL library 'C:/lscc/diamond/3.14/ispfpga/mg5g00/data/mg5glib.ngl'...
Loading NGL library 'C:/lscc/diamond/3.14/ispfpga/or5g00/data/orc5glib.ngl'...
Loading device for application map from file 'sa5p45.nph' in environment: C:/lscc/diamond/3.14/ispfpga.
Package Status:                     Final          Version 1.50.
Top-level module name = conversor_bcd.



WARNING - synthesis: d:/rtl_fpga/sd2/verilog/aula10-fsm_mealy/ex2/conversor_bcd.v(26): Latch next_state_2__I_0 input is stuck at Zero

WARNING - synthesis: Bit 2 of Register state is stuck at Zero
WARNING - synthesis: d:/rtl_fpga/sd2/verilog/aula10-fsm_mealy/ex2/conversor_bcd.v(38): Transparent Latch y_out_I_0 gate is stuck at One

GSR will not be inferred because no asynchronous signal was found in the netlist.
Applying 200.000000 MHz constraint to all clocks

WARNING - synthesis: No user .sdc file.
Results of NGD DRC are available in conversor_bcd_drc.log.
Loading NGL library 'C:/lscc/diamond/3.14/ispfpga/sa5p00/data/sa5plib.ngl'...
Loading NGL library 'C:/lscc/diamond/3.14/ispfpga/xo2c00/data/xo2clib.ngl'...
Loading NGL library 'C:/lscc/diamond/3.14/ispfpga/mg5g00/data/mg5glib.ngl'...
Loading NGL library 'C:/lscc/diamond/3.14/ispfpga/or5g00/data/orc5glib.ngl'...
WARNING - synthesis: logical net 'GND_net' has no load.
WARNING - synthesis: logical net 'clk_c' has no load.
WARNING - synthesis: logical net 'reset_c' has no load.
WARNING - synthesis: DRC complete with 3 warnings.
All blocks are expanded and NGD expansion is successful.
Writing NGD file conversor_bcd_fsm_impl1.ngd.

################### Begin Area Report (conversor_bcd)######################
Number of register bits => 0 of 44439 (0 % )
GSR => 1
IB => 3
LUT4 => 1
OB => 1
################### End Area Report ##################

################### Begin Clock Report ######################
Clock Nets
Number of Clocks: 1
  Net : clk_c, loads : 0
Clock Enable Nets
Number of Clock Enables: 0
Top 0 highest fanout Clock Enables:
Highest fanout non-clock nets
Top 10 highest fanout non-clock nets:
  Net : x_in_c, loads : 1
  Net : x_in_N_6, loads : 1
  Net : reset_c, loads : 0
  Net : y_out, loads : 0
################### End Clock Report ##################

Peak Memory Usage: 88.219  MB

--------------------------------------------------------------
Elapsed CPU time for LSE flow : 0.953  secs
--------------------------------------------------------------
