synthesis:  version Diamond (64-bit) 3.14.0.75.2

Copyright (c) 1991-1994 by NeoCAD Inc. All rights reserved.
Copyright (c) 1995 AT&T Corp.   All rights reserved.
Copyright (c) 1995-2001 Lucent Technologies Inc.  All rights reserved.
Copyright (c) 2001 Agere Systems   All rights reserved.
Copyright (c) 2002-2024 Lattice Semiconductor Corporation,  All rights reserved.
Fri May 23 22:05:36 2025


Command Line:  synthesis -f aula3_multiplicador_flutuante_impl1_lattice.synproj -gui -msgset D:/RTL_FPGA/SD2/VHDL/aula3_multiplicador_flutuante/promote.xml 

Synthesis options:
The -a option is ECP5U.
The -s option is 6.
The -t option is CABGA256.
The -d option is LFE5U-45F.
Using package CABGA256.
Using performance grade 6.
                                                          

##########################################################

### Lattice Family : ECP5U

### Device  : LFE5U-45F

### Package : CABGA256

### Speed   : 6

##########################################################

                                                          

INFO - synthesis: User-Selected Strategy Settings
Optimization goal = Timing
Top-level module name = ieee754_multiplier.
Target frequency = 200.000000 MHz.
Maximum fanout = 1000.
Timing path count = 3
BRAM utilization = 100.000000 %
DSP usage = true
DSP utilization = 100.000000 %
fsm_encoding_style = auto
resolve_mixed_drivers = 0
fix_gated_clocks = 1

Mux style = Auto
Use Carry Chain = true
carry_chain_length = 0
Loop Limit = 1950.
Use IO Insertion = TRUE
Use IO Reg = AUTO

Resource Sharing = TRUE
Propagate Constants = TRUE
Remove Duplicate Registers = TRUE
force_gsr = auto
ROM style = auto
RAM style = auto
The -comp option is FALSE.
The -syn option is FALSE.
-p C:/lscc/diamond/3.14/ispfpga/sa5p00/data (searchpath added)
-p D:/RTL_FPGA/SD2/VHDL/aula3_multiplicador_flutuante/impl1 (searchpath added)
-p D:/RTL_FPGA/SD2/VHDL/aula3_multiplicador_flutuante (searchpath added)
VHDL library = work
VHDL design file = D:/RTL_FPGA/SD2/VHDL/aula3_multiplicador_flutuante/mult_flutuante.vhd
NGD file = aula3_multiplicador_flutuante_impl1.ngd
-sdc option: SDC file input not used.
-lpf option: Output file option is ON.
Hardtimer checking is enabled (default). The -dt option is not used.
The -r option is OFF. [ Remove LOC Properties is OFF. ]
Technology check ok...

Analyzing Verilog file C:/lscc/diamond/3.14/ispfpga/userware/NT/SYNTHESIS_HEADERS/ecp5u.v. VERI-1482
Compile design.
Compile Design Begin
INFO - synthesis: The default VHDL library search path is now "D:/RTL_FPGA/SD2/VHDL/aula3_multiplicador_flutuante/impl1". VHDL-1504
Analyzing VHDL file d:/rtl_fpga/sd2/vhdl/aula3_multiplicador_flutuante/mult_flutuante.vhd. VHDL-1481
INFO - synthesis: d:/rtl_fpga/sd2/vhdl/aula3_multiplicador_flutuante/mult_flutuante.vhd(4): analyzing entity ieee754_multiplier. VHDL-1012
INFO - synthesis: d:/rtl_fpga/sd2/vhdl/aula3_multiplicador_flutuante/mult_flutuante.vhd(11): analyzing architecture behavioral. VHDL-1010
unit ieee754_multiplier is not yet analyzed. VHDL-1485
unit ieee754_multiplier is not yet analyzed. VHDL-1485
d:/rtl_fpga/sd2/vhdl/aula3_multiplicador_flutuante/mult_flutuante.vhd(4): executing ieee754_multiplier(behavioral)

INFO - synthesis: d:/rtl_fpga/sd2/vhdl/aula3_multiplicador_flutuante/mult_flutuante.vhd(59): non-constant loop found will execute up to 1950 iterations. VHDL-1436
WARNING - synthesis: d:/rtl_fpga/sd2/vhdl/aula3_multiplicador_flutuante/mult_flutuante.vhd(9): replacing existing netlist ieee754_multiplier(behavioral). VHDL-1205
Top module name (VHDL): ieee754_multiplier
Loading NGL library 'C:/lscc/diamond/3.14/ispfpga/sa5p00/data/sa5plib.ngl'...
Loading NGL library 'C:/lscc/diamond/3.14/ispfpga/xo2c00/data/xo2clib.ngl'...
Loading NGL library 'C:/lscc/diamond/3.14/ispfpga/mg5g00/data/mg5glib.ngl'...
Loading NGL library 'C:/lscc/diamond/3.14/ispfpga/or5g00/data/orc5glib.ngl'...
Loading device for application map from file 'sa5p45.nph' in environment: C:/lscc/diamond/3.14/ispfpga.
Package Status:                     Final          Version 1.50.
Top-level module name = ieee754_multiplier.
WARNING - synthesis: Initial value found on net gnd will be ignored due to unrecognized driver type
WARNING - synthesis: Initial value found on net mantissa_a[23] will be ignored due to unrecognized driver type
WARNING - synthesis: Initial value found on net mantissa_a[22] will be ignored due to unrecognized driver type
WARNING - synthesis: Initial value found on net mantissa_a[21] will be ignored due to unrecognized driver type
WARNING - synthesis: Initial value found on net mantissa_a[20] will be ignored due to unrecognized driver type
WARNING - synthesis: Initial value found on net mantissa_a[19] will be ignored due to unrecognized driver type
WARNING - synthesis: Initial value found on net mantissa_a[18] will be ignored due to unrecognized driver type
WARNING - synthesis: Initial value found on net mantissa_a[17] will be ignored due to unrecognized driver type
WARNING - synthesis: Initial value found on net mantissa_a[16] will be ignored due to unrecognized driver type
WARNING - synthesis: Initial value found on net mantissa_a[15] will be ignored due to unrecognized driver type
WARNING - synthesis: Initial value found on net mantissa_a[14] will be ignored due to unrecognized driver type
WARNING - synthesis: Initial value found on net mantissa_a[13] will be ignored due to unrecognized driver type
WARNING - synthesis: Initial value found on net mantissa_a[12] will be ignored due to unrecognized driver type
WARNING - synthesis: Initial value found on net mantissa_a[11] will be ignored due to unrecognized driver type
WARNING - synthesis: Initial value found on net mantissa_a[10] will be ignored due to unrecognized driver type
WARNING - synthesis: Initial value found on net mantissa_a[9] will be ignored due to unrecognized driver type
WARNING - synthesis: Initial value found on net mantissa_a[8] will be ignored due to unrecognized driver type
WARNING - synthesis: Initial value found on net mantissa_a[7] will be ignored due to unrecognized driver type
WARNING - synthesis: Initial value found on net mantissa_a[6] will be ignored due to unrecognized driver type
WARNING - synthesis: Initial value found on net mantissa_a[5] will be ignored due to unrecognized driver type
WARNING - synthesis: Initial value found on net mantissa_a[4] will be ignored due to unrecognized driver type
WARNING - synthesis: Initial value found on net mantissa_a[3] will be ignored due to unrecognized driver type
WARNING - synthesis: Initial value found on net mantissa_a[2] will be ignored due to unrecognized driver type
WARNING - synthesis: Initial value found on net mantissa_a[1] will be ignored due to unrecognized driver type
WARNING - synthesis: Initial value found on net mantissa_a[0] will be ignored due to unrecognized driver type
WARNING - synthesis: Initial value found on net mantissa_b[23] will be ignored due to unrecognized driver type
WARNING - synthesis: Initial value found on net mantissa_b[22] will be ignored due to unrecognized driver type
WARNING - synthesis: Initial value found on net mantissa_b[21] will be ignored due to unrecognized driver type
WARNING - synthesis: Initial value found on net mantissa_b[20] will be ignored due to unrecognized driver type
WARNING - synthesis: Initial value found on net mantissa_b[19] will be ignored due to unrecognized driver type
WARNING - synthesis: Initial value found on net mantissa_b[18] will be ignored due to unrecognized driver type
WARNING - synthesis: Initial value found on net mantissa_b[17] will be ignored due to unrecognized driver type
WARNING - synthesis: Initial value found on net mantissa_b[16] will be ignored due to unrecognized driver type
WARNING - synthesis: Initial value found on net mantissa_b[15] will be ignored due to unrecognized driver type
WARNING - synthesis: Initial value found on net mantissa_b[14] will be ignored due to unrecognized driver type
WARNING - synthesis: Initial value found on net mantissa_b[13] will be ignored due to unrecognized driver type
WARNING - synthesis: Initial value found on net mantissa_b[12] will be ignored due to unrecognized driver type
WARNING - synthesis: Initial value found on net mantissa_b[11] will be ignored due to unrecognized driver type
WARNING - synthesis: Initial value found on net mantissa_b[10] will be ignored due to unrecognized driver type
WARNING - synthesis: Initial value found on net mantissa_b[9] will be ignored due to unrecognized driver type
WARNING - synthesis: Initial value found on net mantissa_b[8] will be ignored due to unrecognized driver type
WARNING - synthesis: Initial value found on net mantissa_b[7] will be ignored due to unrecognized driver type
WARNING - synthesis: Initial value found on net mantissa_b[6] will be ignored due to unrecognized driver type
WARNING - synthesis: Initial value found on net mantissa_b[5] will be ignored due to unrecognized driver type
WARNING - synthesis: Initial value found on net mantissa_b[4] will be ignored due to unrecognized driver type
WARNING - synthesis: Initial value found on net mantissa_b[3] will be ignored due to unrecognized driver type
WARNING - synthesis: Initial value found on net mantissa_b[2] will be ignored due to unrecognized driver type
WARNING - synthesis: Initial value found on net mantissa_b[1] will be ignored due to unrecognized driver type
WARNING - synthesis: Initial value found on net mantissa_b[0] will be ignored due to unrecognized driver type
WARNING - synthesis: I/O Port a[31] 's net has no driver and is unused.
WARNING - synthesis: I/O Port b[31] 's net has no driver and is unused.



WARNING - synthesis: I/O Port a[31] 's net has no driver and is unused.
WARNING - synthesis: I/O Port b[31] 's net has no driver and is unused.
GSR will not be inferred because no asynchronous signal was found in the netlist.
Applying 200.000000 MHz constraint to all clocks

WARNING - synthesis: No user .sdc file.
Results of NGD DRC are available in ieee754_multiplier_drc.log.
Loading NGL library 'C:/lscc/diamond/3.14/ispfpga/sa5p00/data/sa5plib.ngl'...
Loading NGL library 'C:/lscc/diamond/3.14/ispfpga/xo2c00/data/xo2clib.ngl'...
Loading NGL library 'C:/lscc/diamond/3.14/ispfpga/mg5g00/data/mg5glib.ngl'...
Loading NGL library 'C:/lscc/diamond/3.14/ispfpga/or5g00/data/orc5glib.ngl'...
WARNING - synthesis: logical net 'a[31]' has no load.
WARNING - synthesis: input pad net 'a[31]' has no legal load.
WARNING - synthesis: logical net 'b[31]' has no load.
WARNING - synthesis: input pad net 'b[31]' has no legal load.
WARNING - synthesis: DRC complete with 4 warnings.
All blocks are expanded and NGD expansion is successful.
Writing NGD file aula3_multiplicador_flutuante_impl1.ngd.

################### Begin Area Report (ieee754_multiplier)######################
Number of register bits => 0 of 44439 (0 % )
ALU54B => 2
CCU2C => 10
GSR => 1
IB => 62
LUT4 => 307
MULT18X18D => 4
OB => 32
PFUMX => 13
################### End Area Report ##################

################### Begin Clock Report ######################
Clock Nets
Number of Clocks: 0
Clock Enable Nets
Number of Clock Enables: 0
Top 0 highest fanout Clock Enables:
Highest fanout non-clock nets
Top 10 highest fanout non-clock nets:
  Net : n4883, loads : 76
  Net : mantissa_a_23, loads : 26
  Net : mantissa_b_23, loads : 26
  Net : n179, loads : 26
  Net : n4885, loads : 23
  Net : n4881, loads : 23
  Net : n2493, loads : 17
  Net : result_31_N_63_4, loads : 14
  Net : n4872, loads : 14
  Net : n4904, loads : 13
################### End Clock Report ##################

Peak Memory Usage: 114.141  MB

--------------------------------------------------------------
Elapsed CPU time for LSE flow : 4.078  secs
--------------------------------------------------------------
