
synthesis -f "kalman_core_impl1_lattice.synproj"
synthesis:  version Diamond (64-bit) 3.14.0.75.2

Copyright (c) 1991-1994 by NeoCAD Inc. All rights reserved.
Copyright (c) 1995 AT&T Corp.   All rights reserved.
Copyright (c) 1995-2001 Lucent Technologies Inc.  All rights reserved.
Copyright (c) 2001 Agere Systems   All rights reserved.
Copyright (c) 2002-2024 Lattice Semiconductor Corporation,  All rights reserved.
Thu Aug 14 21:58:33 2025


Command Line:  synthesis -f kalman_core_impl1_lattice.synproj -gui -msgset D:/CI/RTL_FPGA/Projeto_Final/kalman_core/promote.xml 

    <postMsg mid="35002000" type="Info"    dynamic="0" navigation="0"  />
Synthesis options:
The -a option is ECP5U.
The -s option is 6.
The -t option is CABGA256.
The -d option is LFE5U-45F.
Using package CABGA256.
Using performance grade 6.
                                                          

##########################################################

### Lattice Family : ECP5U

### Device  : LFE5U-45F

### Package : CABGA256

### Speed   : 6

##########################################################

                                                          

    <postMsg mid="35001781" type="Info"    dynamic="0" navigation="0"  />
Optimization goal = Timing
Top-level module name = matrix_inv.
Target frequency = 200.000000 MHz.
Maximum fanout = 1000.
Timing path count = 3
BRAM utilization = 100.000000 %
DSP usage = true
DSP utilization = 100.000000 %
fsm_encoding_style = auto
resolve_mixed_drivers = 0
fix_gated_clocks = 1

Mux style = Auto
Use Carry Chain = true
carry_chain_length = 0
Loop Limit = 1950.
Use IO Insertion = TRUE
Use IO Reg = AUTO

Resource Sharing = TRUE
Propagate Constants = TRUE
Remove Duplicate Registers = TRUE
force_gsr = auto
ROM style = auto
RAM style = auto
The -comp option is FALSE.
The -syn option is FALSE.
-p D:/CI/RTL_FPGA/Projeto_Final/kalman_core (searchpath added)
-p C:/lscc/diamond/3.14/ispfpga/sa5p00/data (searchpath added)
-p D:/CI/RTL_FPGA/Projeto_Final/kalman_core/impl1 (searchpath added)
-p D:/CI/RTL_FPGA/Projeto_Final/kalman_core (searchpath added)
Mixed language design
Verilog design file = D:/CI/RTL_FPGA/Projeto_Final/kalman_core/matrix_inv.v
VHDL library = work
VHDL design file = D:/CI/RTL_FPGA/Projeto_Final/kalman_core/divNRDA_FSM.vhd
NGD file = kalman_core_impl1.ngd
-sdc option: SDC file input not used.
-lpf option: Output file option is ON.
Hardtimer checking is enabled (default). The -dt option is not used.
The -r option is OFF. [ Remove LOC Properties is OFF. ]
Technology check ok...

Analyzing Verilog file C:/lscc/diamond/3.14/ispfpga/userware/NT/SYNTHESIS_HEADERS/ecp5u.v. VERI-1482
Compile design.
Compile Design Begin
Analyzing Verilog file d:/ci/rtl_fpga/projeto_final/kalman_core/matrix_inv.v. VERI-1482
Analyzing VHDL file d:/ci/rtl_fpga/projeto_final/kalman_core/divnrda_fsm.vhd. VHDL-1481
    <postMsg mid="35921012" type="Info"    dynamic="2" navigation="2" arg0="d:/ci/rtl_fpga/projeto_final/kalman_core/divnrda_fsm.vhd(7): " arg1="divnrda_fsm" arg2="d:/ci/rtl_fpga/projeto_final/kalman_core/divnrda_fsm.vhd" arg3="7"  />
    <postMsg mid="35921010" type="Info"    dynamic="2" navigation="2" arg0="d:/ci/rtl_fpga/projeto_final/kalman_core/divnrda_fsm.vhd(20): " arg1="behavioral" arg2="d:/ci/rtl_fpga/projeto_final/kalman_core/divnrda_fsm.vhd" arg3="20"  />
unit matrix_inv is not yet analyzed. VHDL-1485
    <postMsg mid="35921504" type="Info"    dynamic="2" navigation="0" arg0="" arg1="D:/CI/RTL_FPGA/Projeto_Final/kalman_core/impl1"  />
Top module language type = Verilog.
Top module name (Verilog, mixed language): matrix_inv
    <postMsg mid="35901018" type="Info"    dynamic="2" navigation="2" arg0="d:/ci/rtl_fpga/projeto_final/kalman_core/matrix_inv.v(1): " arg1="matrix_inv" arg2="d:/ci/rtl_fpga/projeto_final/kalman_core/matrix_inv.v" arg3="1"  />
    <postMsg mid="35901231" type="Info"    dynamic="2" navigation="2" arg0="d:/ci/rtl_fpga/projeto_final/kalman_core/matrix_inv.v(64): " arg1="divNRDA_FSM" arg2="d:/ci/rtl_fpga/projeto_final/kalman_core/matrix_inv.v" arg3="64"  />
d:/ci/rtl_fpga/projeto_final/kalman_core/divnrda_fsm.vhd(7): executing divNRDA_FSM(Behavioral)

    <postMsg mid="35921303" type="Warning" dynamic="3" navigation="2" arg0="d:/ci/rtl_fpga/projeto_final/kalman_core/divnrda_fsm.vhd(29): " arg1="&quot;00000000000000010000000000000000&quot;" arg2="dividend" arg3="d:/ci/rtl_fpga/projeto_final/kalman_core/divnrda_fsm.vhd" arg4="29"  />
    <postMsg mid="35921251" type="Warning" dynamic="2" navigation="2" arg0="d:/ci/rtl_fpga/projeto_final/kalman_core/divnrda_fsm.vhd(61): " arg1="i" arg2="d:/ci/rtl_fpga/projeto_final/kalman_core/divnrda_fsm.vhd" arg3="61"  />
    <postMsg mid="35921251" type="Warning" dynamic="2" navigation="2" arg0="d:/ci/rtl_fpga/projeto_final/kalman_core/divnrda_fsm.vhd(69): " arg1="a0" arg2="d:/ci/rtl_fpga/projeto_final/kalman_core/divnrda_fsm.vhd" arg3="69"  />
    <postMsg mid="35921251" type="Warning" dynamic="2" navigation="2" arg0="d:/ci/rtl_fpga/projeto_final/kalman_core/divnrda_fsm.vhd(75): " arg1="i" arg2="d:/ci/rtl_fpga/projeto_final/kalman_core/divnrda_fsm.vhd" arg3="75"  />
    <postMsg mid="35921251" type="Warning" dynamic="2" navigation="2" arg0="d:/ci/rtl_fpga/projeto_final/kalman_core/divnrda_fsm.vhd(75): " arg1="rega" arg2="d:/ci/rtl_fpga/projeto_final/kalman_core/divnrda_fsm.vhd" arg3="75"  />
    <postMsg mid="35921251" type="Warning" dynamic="2" navigation="2" arg0="d:/ci/rtl_fpga/projeto_final/kalman_core/divnrda_fsm.vhd(77): " arg1="i" arg2="d:/ci/rtl_fpga/projeto_final/kalman_core/divnrda_fsm.vhd" arg3="77"  />
    <postMsg mid="35921251" type="Warning" dynamic="2" navigation="2" arg0="d:/ci/rtl_fpga/projeto_final/kalman_core/divnrda_fsm.vhd(77): " arg1="rega" arg2="d:/ci/rtl_fpga/projeto_final/kalman_core/divnrda_fsm.vhd" arg3="77"  />
    <postMsg mid="35921251" type="Warning" dynamic="2" navigation="2" arg0="d:/ci/rtl_fpga/projeto_final/kalman_core/divnrda_fsm.vhd(79): " arg1="i" arg2="d:/ci/rtl_fpga/projeto_final/kalman_core/divnrda_fsm.vhd" arg3="79"  />
    <postMsg mid="35921172" type="Info"    dynamic="1" navigation="2" arg0="d:/ci/rtl_fpga/projeto_final/kalman_core/divnrda_fsm.vhd(89): " arg1="d:/ci/rtl_fpga/projeto_final/kalman_core/divnrda_fsm.vhd" arg2="89"  />
    <postMsg mid="35921613" type="Warning" dynamic="1" navigation="2" arg0="d:/ci/rtl_fpga/projeto_final/kalman_core/divnrda_fsm.vhd(91): " arg1="d:/ci/rtl_fpga/projeto_final/kalman_core/divnrda_fsm.vhd" arg2="91"  />
    <postMsg mid="35921172" type="Info"    dynamic="1" navigation="2" arg0="d:/ci/rtl_fpga/projeto_final/kalman_core/divnrda_fsm.vhd(138): " arg1="d:/ci/rtl_fpga/projeto_final/kalman_core/divnrda_fsm.vhd" arg2="138"  />
    <postMsg mid="35901232" type="Info"    dynamic="1" navigation="2" arg0="d:/ci/rtl_fpga/projeto_final/kalman_core/matrix_inv.v(64): " arg1="d:/ci/rtl_fpga/projeto_final/kalman_core/matrix_inv.v" arg2="64"  />
Loading NGL library 'C:/lscc/diamond/3.14/ispfpga/sa5p00/data/sa5plib.ngl'...
Loading NGL library 'C:/lscc/diamond/3.14/ispfpga/xo2c00/data/xo2clib.ngl'...
Loading NGL library 'C:/lscc/diamond/3.14/ispfpga/mg5g00/data/mg5glib.ngl'...
Loading NGL library 'C:/lscc/diamond/3.14/ispfpga/or5g00/data/orc5glib.ngl'...
Loading device for application map from file 'sa5p45.nph' in environment: C:/lscc/diamond/3.14/ispfpga.
Package Status:                     Final          Version 1.50.
Top-level module name = matrix_inv.
    <postMsg mid="35001771" type="Warning" dynamic="1" navigation="0" arg0="proximo_estado[2]"  />
    <postMsg mid="35001771" type="Warning" dynamic="1" navigation="0" arg0="proximo_estado[1]"  />
    <postMsg mid="35001771" type="Warning" dynamic="1" navigation="0" arg0="proximo_estado[0]"  />
    <postMsg mid="35002005" type="Warning" dynamic="1" navigation="0" arg0="error"  />
    <postMsg mid="35002005" type="Warning" dynamic="1" navigation="0" arg0="ready"  />
######## Missing driver on net error. Patching with GND.
######## Missing driver on net ready. Patching with GND.
    <postMsg mid="35001774" type="Info"    dynamic="2" navigation="0" arg0="state" arg1="one-hot"  />
original encoding -> new encoding (one-hot encoding)

 000 -> 0000001

 001 -> 0000010

 010 -> 0000100

 011 -> 0001000

 100 -> 0010000

 101 -> 0100000

 110 -> 1000000

    <postMsg mid="35001774" type="Info"    dynamic="2" navigation="0" arg0="\u_recip/estado_atual" arg1="one-hot"  />
original encoding -> new encoding (one-hot encoding)

 000 -> 00000001

 001 -> 00000010

 010 -> 00000100

 011 -> 00001000

 100 -> 00010000

 101 -> 00100000

 110 -> 01000000

 111 -> 10000000




    <postMsg mid="35001747" type="Warning" dynamic="2" navigation="0" arg0="32" arg1="\u_recip/regM"  />


######### Begin FIR Info ########


Number of FIR filters recognized: 3



######### End FIR Info ########


    <postMsg mid="35935035" type="Warning" dynamic="2" navigation="2" arg0="d:/ci/rtl_fpga/projeto_final/kalman_core/matrix_inv.v(99): " arg1="c_s_res10_i3" arg2="d:/ci/rtl_fpga/projeto_final/kalman_core/matrix_inv.v" arg3="99"  />
    <postMsg mid="35001747" type="Warning" dynamic="2" navigation="0" arg0="16" arg1="c_s_res10_e2"  />
    <postMsg mid="35001747" type="Warning" dynamic="2" navigation="0" arg0="15" arg1="c_s_res10_e2"  />
    <postMsg mid="35001747" type="Warning" dynamic="2" navigation="0" arg0="14" arg1="c_s_res10_e2"  />
    <postMsg mid="35001747" type="Warning" dynamic="2" navigation="0" arg0="13" arg1="c_s_res10_e2"  />
    <postMsg mid="35001747" type="Warning" dynamic="2" navigation="0" arg0="12" arg1="c_s_res10_e2"  />
    <postMsg mid="35001747" type="Warning" dynamic="2" navigation="0" arg0="11" arg1="c_s_res10_e2"  />
    <postMsg mid="35001747" type="Warning" dynamic="2" navigation="0" arg0="10" arg1="c_s_res10_e2"  />
    <postMsg mid="35001747" type="Warning" dynamic="2" navigation="0" arg0="9" arg1="c_s_res10_e2"  />
    <postMsg mid="35001747" type="Warning" dynamic="2" navigation="0" arg0="8" arg1="c_s_res10_e2"  />
    <postMsg mid="35001747" type="Warning" dynamic="2" navigation="0" arg0="7" arg1="c_s_res10_e2"  />
    <postMsg mid="35001747" type="Warning" dynamic="2" navigation="0" arg0="6" arg1="c_s_res10_e2"  />
    <postMsg mid="35001747" type="Warning" dynamic="2" navigation="0" arg0="5" arg1="c_s_res10_e2"  />
    <postMsg mid="35001747" type="Warning" dynamic="2" navigation="0" arg0="4" arg1="c_s_res10_e2"  />
    <postMsg mid="35001747" type="Warning" dynamic="2" navigation="0" arg0="3" arg1="c_s_res10_e2"  />
    <postMsg mid="35001747" type="Warning" dynamic="2" navigation="0" arg0="2" arg1="c_s_res10_e2"  />
    <postMsg mid="35001747" type="Warning" dynamic="2" navigation="0" arg0="1" arg1="c_s_res10_e2"  />
    <postMsg mid="35001748" type="Warning" dynamic="2" navigation="0" arg0="0" arg1="c_s_res10_e2"  />
    <postMsg mid="35935035" type="Warning" dynamic="2" navigation="2" arg0="d:/ci/rtl_fpga/projeto_final/kalman_core/matrix_inv.v(98): " arg1="b_s_res8_i3" arg2="d:/ci/rtl_fpga/projeto_final/kalman_core/matrix_inv.v" arg3="98"  />
    <postMsg mid="35001747" type="Warning" dynamic="2" navigation="0" arg0="16" arg1="b_s_res8_e2"  />
    <postMsg mid="35001747" type="Warning" dynamic="2" navigation="0" arg0="15" arg1="b_s_res8_e2"  />
    <postMsg mid="35001747" type="Warning" dynamic="2" navigation="0" arg0="14" arg1="b_s_res8_e2"  />
    <postMsg mid="35001747" type="Warning" dynamic="2" navigation="0" arg0="13" arg1="b_s_res8_e2"  />
    <postMsg mid="35001747" type="Warning" dynamic="2" navigation="0" arg0="12" arg1="b_s_res8_e2"  />
    <postMsg mid="35001747" type="Warning" dynamic="2" navigation="0" arg0="11" arg1="b_s_res8_e2"  />
    <postMsg mid="35001747" type="Warning" dynamic="2" navigation="0" arg0="10" arg1="b_s_res8_e2"  />
    <postMsg mid="35001747" type="Warning" dynamic="2" navigation="0" arg0="9" arg1="b_s_res8_e2"  />
    <postMsg mid="35001747" type="Warning" dynamic="2" navigation="0" arg0="8" arg1="b_s_res8_e2"  />
    <postMsg mid="35001747" type="Warning" dynamic="2" navigation="0" arg0="7" arg1="b_s_res8_e2"  />
    <postMsg mid="35001747" type="Warning" dynamic="2" navigation="0" arg0="6" arg1="b_s_res8_e2"  />
    <postMsg mid="35001747" type="Warning" dynamic="2" navigation="0" arg0="5" arg1="b_s_res8_e2"  />
    <postMsg mid="35001747" type="Warning" dynamic="2" navigation="0" arg0="4" arg1="b_s_res8_e2"  />
    <postMsg mid="35001747" type="Warning" dynamic="2" navigation="0" arg0="3" arg1="b_s_res8_e2"  />
    <postMsg mid="35001747" type="Warning" dynamic="2" navigation="0" arg0="2" arg1="b_s_res8_e2"  />
    <postMsg mid="35001747" type="Warning" dynamic="2" navigation="0" arg0="1" arg1="b_s_res8_e2"  />
    <postMsg mid="35001748" type="Warning" dynamic="2" navigation="0" arg0="0" arg1="b_s_res8_e2"  />
    <postMsg mid="35001747" type="Warning" dynamic="2" navigation="0" arg0="31" arg1="prod_c__2_res9_e2"  />
    <postMsg mid="35001747" type="Warning" dynamic="2" navigation="0" arg0="30" arg1="prod_c__2_res9_e2"  />
    <postMsg mid="35001747" type="Warning" dynamic="2" navigation="0" arg0="29" arg1="prod_c__2_res9_e2"  />
    <postMsg mid="35001747" type="Warning" dynamic="2" navigation="0" arg0="28" arg1="prod_c__2_res9_e2"  />
    <postMsg mid="35001747" type="Warning" dynamic="2" navigation="0" arg0="27" arg1="prod_c__2_res9_e2"  />
    <postMsg mid="35001747" type="Warning" dynamic="2" navigation="0" arg0="26" arg1="prod_c__2_res9_e2"  />
    <postMsg mid="35001747" type="Warning" dynamic="2" navigation="0" arg0="25" arg1="prod_c__2_res9_e2"  />
    <postMsg mid="35001747" type="Warning" dynamic="2" navigation="0" arg0="24" arg1="prod_c__2_res9_e2"  />
    <postMsg mid="35001747" type="Warning" dynamic="2" navigation="0" arg0="23" arg1="prod_c__2_res9_e2"  />
    <postMsg mid="35001747" type="Warning" dynamic="2" navigation="0" arg0="22" arg1="prod_c__2_res9_e2"  />
    <postMsg mid="35001747" type="Warning" dynamic="2" navigation="0" arg0="21" arg1="prod_c__2_res9_e2"  />
    <postMsg mid="35001747" type="Warning" dynamic="2" navigation="0" arg0="20" arg1="prod_c__2_res9_e2"  />
    <postMsg mid="35001747" type="Warning" dynamic="2" navigation="0" arg0="19" arg1="prod_c__2_res9_e2"  />
    <postMsg mid="35001747" type="Warning" dynamic="2" navigation="0" arg0="18" arg1="prod_c__2_res9_e2"  />
    <postMsg mid="35001747" type="Warning" dynamic="2" navigation="0" arg0="17" arg1="prod_c__2_res9_e2"  />
    <postMsg mid="35001747" type="Warning" dynamic="2" navigation="0" arg0="16" arg1="prod_c__2_res9_e2"  />
    <postMsg mid="35001747" type="Warning" dynamic="2" navigation="0" arg0="15" arg1="prod_c__2_res9_e2"  />
    <postMsg mid="35001747" type="Warning" dynamic="2" navigation="0" arg0="14" arg1="prod_c__2_res9_e2"  />
    <postMsg mid="35001747" type="Warning" dynamic="2" navigation="0" arg0="13" arg1="prod_c__2_res9_e2"  />
    <postMsg mid="35001747" type="Warning" dynamic="2" navigation="0" arg0="12" arg1="prod_c__2_res9_e2"  />
    <postMsg mid="35001747" type="Warning" dynamic="2" navigation="0" arg0="11" arg1="prod_c__2_res9_e2"  />
    <postMsg mid="35001747" type="Warning" dynamic="2" navigation="0" arg0="10" arg1="prod_c__2_res9_e2"  />
    <postMsg mid="35001747" type="Warning" dynamic="2" navigation="0" arg0="9" arg1="prod_c__2_res9_e2"  />
    <postMsg mid="35001747" type="Warning" dynamic="2" navigation="0" arg0="8" arg1="prod_c__2_res9_e2"  />
    <postMsg mid="35001747" type="Warning" dynamic="2" navigation="0" arg0="7" arg1="prod_c__2_res9_e2"  />
    <postMsg mid="35001747" type="Warning" dynamic="2" navigation="0" arg0="6" arg1="prod_c__2_res9_e2"  />
    <postMsg mid="35001747" type="Warning" dynamic="2" navigation="0" arg0="5" arg1="prod_c__2_res9_e2"  />
    <postMsg mid="35001747" type="Warning" dynamic="2" navigation="0" arg0="4" arg1="prod_c__2_res9_e2"  />
    <postMsg mid="35001747" type="Warning" dynamic="2" navigation="0" arg0="3" arg1="prod_c__2_res9_e2"  />
    <postMsg mid="35001747" type="Warning" dynamic="2" navigation="0" arg0="2" arg1="prod_c__2_res9_e2"  />
    <postMsg mid="35001747" type="Warning" dynamic="2" navigation="0" arg0="1" arg1="prod_c__2_res9_e2"  />
    <postMsg mid="35001747" type="Warning" dynamic="2" navigation="0" arg0="0" arg1="prod_c__2_res9_e2"  />
    <postMsg mid="35001747" type="Warning" dynamic="2" navigation="0" arg0="31" arg1="prod_b__1_res7_e2"  />
    <postMsg mid="35001747" type="Warning" dynamic="2" navigation="0" arg0="30" arg1="prod_b__1_res7_e2"  />
    <postMsg mid="35001747" type="Warning" dynamic="2" navigation="0" arg0="29" arg1="prod_b__1_res7_e2"  />
    <postMsg mid="35001747" type="Warning" dynamic="2" navigation="0" arg0="28" arg1="prod_b__1_res7_e2"  />
    <postMsg mid="35001747" type="Warning" dynamic="2" navigation="0" arg0="27" arg1="prod_b__1_res7_e2"  />
    <postMsg mid="35001747" type="Warning" dynamic="2" navigation="0" arg0="26" arg1="prod_b__1_res7_e2"  />
    <postMsg mid="35001747" type="Warning" dynamic="2" navigation="0" arg0="25" arg1="prod_b__1_res7_e2"  />
    <postMsg mid="35001747" type="Warning" dynamic="2" navigation="0" arg0="24" arg1="prod_b__1_res7_e2"  />
    <postMsg mid="35001747" type="Warning" dynamic="2" navigation="0" arg0="23" arg1="prod_b__1_res7_e2"  />
    <postMsg mid="35001747" type="Warning" dynamic="2" navigation="0" arg0="22" arg1="prod_b__1_res7_e2"  />
    <postMsg mid="35001747" type="Warning" dynamic="2" navigation="0" arg0="21" arg1="prod_b__1_res7_e2"  />
    <postMsg mid="35001747" type="Warning" dynamic="2" navigation="0" arg0="20" arg1="prod_b__1_res7_e2"  />
    <postMsg mid="35001747" type="Warning" dynamic="2" navigation="0" arg0="19" arg1="prod_b__1_res7_e2"  />
    <postMsg mid="35001747" type="Warning" dynamic="2" navigation="0" arg0="18" arg1="prod_b__1_res7_e2"  />
    <postMsg mid="35001747" type="Warning" dynamic="2" navigation="0" arg0="17" arg1="prod_b__1_res7_e2"  />
    <postMsg mid="35001747" type="Warning" dynamic="2" navigation="0" arg0="16" arg1="prod_b__1_res7_e2"  />
    <postMsg mid="35001747" type="Warning" dynamic="2" navigation="0" arg0="15" arg1="prod_b__1_res7_e2"  />
    <postMsg mid="35001747" type="Warning" dynamic="2" navigation="0" arg0="14" arg1="prod_b__1_res7_e2"  />
    <postMsg mid="35001747" type="Warning" dynamic="2" navigation="0" arg0="13" arg1="prod_b__1_res7_e2"  />
    <postMsg mid="35001747" type="Warning" dynamic="2" navigation="0" arg0="12" arg1="prod_b__1_res7_e2"  />
    <postMsg mid="35001747" type="Warning" dynamic="2" navigation="0" arg0="11" arg1="prod_b__1_res7_e2"  />
    <postMsg mid="35001747" type="Warning" dynamic="2" navigation="0" arg0="10" arg1="prod_b__1_res7_e2"  />
    <postMsg mid="35001747" type="Warning" dynamic="2" navigation="0" arg0="9" arg1="prod_b__1_res7_e2"  />
    <postMsg mid="35001747" type="Warning" dynamic="2" navigation="0" arg0="8" arg1="prod_b__1_res7_e2"  />
    <postMsg mid="35001747" type="Warning" dynamic="2" navigation="0" arg0="7" arg1="prod_b__1_res7_e2"  />
    <postMsg mid="35001747" type="Warning" dynamic="2" navigation="0" arg0="6" arg1="prod_b__1_res7_e2"  />
    <postMsg mid="35001747" type="Warning" dynamic="2" navigation="0" arg0="5" arg1="prod_b__1_res7_e2"  />
    <postMsg mid="35001747" type="Warning" dynamic="2" navigation="0" arg0="4" arg1="prod_b__1_res7_e2"  />
    <postMsg mid="35001747" type="Warning" dynamic="2" navigation="0" arg0="3" arg1="prod_b__1_res7_e2"  />
    <postMsg mid="35001747" type="Warning" dynamic="2" navigation="0" arg0="2" arg1="prod_b__1_res7_e2"  />
    <postMsg mid="35001747" type="Warning" dynamic="2" navigation="0" arg0="1" arg1="prod_b__1_res7_e2"  />
    <postMsg mid="35001747" type="Warning" dynamic="2" navigation="0" arg0="0" arg1="prod_b__1_res7_e2"  />
    <postMsg mid="35001747" type="Warning" dynamic="2" navigation="0" arg0="31" arg1="prod_b__1_res7_e1"  />
    <postMsg mid="35001747" type="Warning" dynamic="2" navigation="0" arg0="30" arg1="prod_b__1_res7_e1"  />
    <postMsg mid="35001747" type="Warning" dynamic="2" navigation="0" arg0="29" arg1="prod_b__1_res7_e1"  />
    <postMsg mid="35001747" type="Warning" dynamic="2" navigation="0" arg0="28" arg1="prod_b__1_res7_e1"  />
    <postMsg mid="35001747" type="Warning" dynamic="2" navigation="0" arg0="27" arg1="prod_b__1_res7_e1"  />
    <postMsg mid="35001747" type="Warning" dynamic="2" navigation="0" arg0="26" arg1="prod_b__1_res7_e1"  />
    <postMsg mid="35001747" type="Warning" dynamic="2" navigation="0" arg0="25" arg1="prod_b__1_res7_e1"  />
    <postMsg mid="35001747" type="Warning" dynamic="2" navigation="0" arg0="24" arg1="prod_b__1_res7_e1"  />
    <postMsg mid="35001747" type="Warning" dynamic="2" navigation="0" arg0="23" arg1="prod_b__1_res7_e1"  />
    <postMsg mid="35001747" type="Warning" dynamic="2" navigation="0" arg0="22" arg1="prod_b__1_res7_e1"  />
    <postMsg mid="35001747" type="Warning" dynamic="2" navigation="0" arg0="21" arg1="prod_b__1_res7_e1"  />
    <postMsg mid="35001747" type="Warning" dynamic="2" navigation="0" arg0="20" arg1="prod_b__1_res7_e1"  />
    <postMsg mid="35001747" type="Warning" dynamic="2" navigation="0" arg0="19" arg1="prod_b__1_res7_e1"  />
    <postMsg mid="35001747" type="Warning" dynamic="2" navigation="0" arg0="18" arg1="prod_b__1_res7_e1"  />
    <postMsg mid="35001747" type="Warning" dynamic="2" navigation="0" arg0="17" arg1="prod_b__1_res7_e1"  />
    <postMsg mid="35001747" type="Warning" dynamic="2" navigation="0" arg0="16" arg1="prod_b__1_res7_e1"  />
    <postMsg mid="35001747" type="Warning" dynamic="2" navigation="0" arg0="15" arg1="prod_b__1_res7_e1"  />
    <postMsg mid="35001747" type="Warning" dynamic="2" navigation="0" arg0="14" arg1="prod_b__1_res7_e1"  />
    <postMsg mid="35001747" type="Warning" dynamic="2" navigation="0" arg0="13" arg1="prod_b__1_res7_e1"  />
    <postMsg mid="35001747" type="Warning" dynamic="2" navigation="0" arg0="12" arg1="prod_b__1_res7_e1"  />
    <postMsg mid="35001747" type="Warning" dynamic="2" navigation="0" arg0="11" arg1="prod_b__1_res7_e1"  />
    <postMsg mid="35001747" type="Warning" dynamic="2" navigation="0" arg0="10" arg1="prod_b__1_res7_e1"  />
    <postMsg mid="35001747" type="Warning" dynamic="2" navigation="0" arg0="9" arg1="prod_b__1_res7_e1"  />
    <postMsg mid="35001747" type="Warning" dynamic="2" navigation="0" arg0="8" arg1="prod_b__1_res7_e1"  />
    <postMsg mid="35001747" type="Warning" dynamic="2" navigation="0" arg0="7" arg1="prod_b__1_res7_e1"  />
    <postMsg mid="35001747" type="Warning" dynamic="2" navigation="0" arg0="6" arg1="prod_b__1_res7_e1"  />
    <postMsg mid="35001747" type="Warning" dynamic="2" navigation="0" arg0="5" arg1="prod_b__1_res7_e1"  />
    <postMsg mid="35001747" type="Warning" dynamic="2" navigation="0" arg0="4" arg1="prod_b__1_res7_e1"  />
    <postMsg mid="35001747" type="Warning" dynamic="2" navigation="0" arg0="3" arg1="prod_b__1_res7_e1"  />
    <postMsg mid="35001747" type="Warning" dynamic="2" navigation="0" arg0="2" arg1="prod_b__1_res7_e1"  />
    <postMsg mid="35001747" type="Warning" dynamic="2" navigation="0" arg0="1" arg1="prod_b__1_res7_e1"  />
    <postMsg mid="35001747" type="Warning" dynamic="2" navigation="0" arg0="0" arg1="prod_b__1_res7_e1"  />
    <postMsg mid="35001747" type="Warning" dynamic="2" navigation="0" arg0="31" arg1="prod_c__2_res9_e1"  />
    <postMsg mid="35001747" type="Warning" dynamic="2" navigation="0" arg0="30" arg1="prod_c__2_res9_e1"  />
    <postMsg mid="35001747" type="Warning" dynamic="2" navigation="0" arg0="29" arg1="prod_c__2_res9_e1"  />
    <postMsg mid="35001747" type="Warning" dynamic="2" navigation="0" arg0="28" arg1="prod_c__2_res9_e1"  />
    <postMsg mid="35001747" type="Warning" dynamic="2" navigation="0" arg0="27" arg1="prod_c__2_res9_e1"  />
    <postMsg mid="35001747" type="Warning" dynamic="2" navigation="0" arg0="26" arg1="prod_c__2_res9_e1"  />
    <postMsg mid="35001747" type="Warning" dynamic="2" navigation="0" arg0="25" arg1="prod_c__2_res9_e1"  />
    <postMsg mid="35001747" type="Warning" dynamic="2" navigation="0" arg0="24" arg1="prod_c__2_res9_e1"  />
    <postMsg mid="35001747" type="Warning" dynamic="2" navigation="0" arg0="23" arg1="prod_c__2_res9_e1"  />
    <postMsg mid="35001747" type="Warning" dynamic="2" navigation="0" arg0="22" arg1="prod_c__2_res9_e1"  />
    <postMsg mid="35001747" type="Warning" dynamic="2" navigation="0" arg0="21" arg1="prod_c__2_res9_e1"  />
    <postMsg mid="35001747" type="Warning" dynamic="2" navigation="0" arg0="20" arg1="prod_c__2_res9_e1"  />
    <postMsg mid="35001747" type="Warning" dynamic="2" navigation="0" arg0="19" arg1="prod_c__2_res9_e1"  />
    <postMsg mid="35001747" type="Warning" dynamic="2" navigation="0" arg0="18" arg1="prod_c__2_res9_e1"  />
    <postMsg mid="35001747" type="Warning" dynamic="2" navigation="0" arg0="17" arg1="prod_c__2_res9_e1"  />
    <postMsg mid="35001747" type="Warning" dynamic="2" navigation="0" arg0="16" arg1="prod_c__2_res9_e1"  />
    <postMsg mid="35001747" type="Warning" dynamic="2" navigation="0" arg0="15" arg1="prod_c__2_res9_e1"  />
    <postMsg mid="35001747" type="Warning" dynamic="2" navigation="0" arg0="14" arg1="prod_c__2_res9_e1"  />
    <postMsg mid="35001747" type="Warning" dynamic="2" navigation="0" arg0="13" arg1="prod_c__2_res9_e1"  />
    <postMsg mid="35001747" type="Warning" dynamic="2" navigation="0" arg0="12" arg1="prod_c__2_res9_e1"  />
    <postMsg mid="35001747" type="Warning" dynamic="2" navigation="0" arg0="11" arg1="prod_c__2_res9_e1"  />
    <postMsg mid="35001747" type="Warning" dynamic="2" navigation="0" arg0="10" arg1="prod_c__2_res9_e1"  />
    <postMsg mid="35001747" type="Warning" dynamic="2" navigation="0" arg0="9" arg1="prod_c__2_res9_e1"  />
    <postMsg mid="35001747" type="Warning" dynamic="2" navigation="0" arg0="8" arg1="prod_c__2_res9_e1"  />
    <postMsg mid="35001747" type="Warning" dynamic="2" navigation="0" arg0="7" arg1="prod_c__2_res9_e1"  />
    <postMsg mid="35001747" type="Warning" dynamic="2" navigation="0" arg0="6" arg1="prod_c__2_res9_e1"  />
    <postMsg mid="35001747" type="Warning" dynamic="2" navigation="0" arg0="5" arg1="prod_c__2_res9_e1"  />
    <postMsg mid="35001747" type="Warning" dynamic="2" navigation="0" arg0="4" arg1="prod_c__2_res9_e1"  />
    <postMsg mid="35001747" type="Warning" dynamic="2" navigation="0" arg0="3" arg1="prod_c__2_res9_e1"  />
    <postMsg mid="35001747" type="Warning" dynamic="2" navigation="0" arg0="2" arg1="prod_c__2_res9_e1"  />
    <postMsg mid="35001747" type="Warning" dynamic="2" navigation="0" arg0="1" arg1="prod_c__2_res9_e1"  />
    <postMsg mid="35001747" type="Warning" dynamic="2" navigation="0" arg0="0" arg1="prod_c__2_res9_e1"  />
    <postMsg mid="35001747" type="Warning" dynamic="2" navigation="0" arg0="31" arg1="prod_d__3_res11_e1"  />
    <postMsg mid="35001747" type="Warning" dynamic="2" navigation="0" arg0="30" arg1="prod_d__3_res11_e1"  />
    <postMsg mid="35001747" type="Warning" dynamic="2" navigation="0" arg0="29" arg1="prod_d__3_res11_e1"  />
    <postMsg mid="35001747" type="Warning" dynamic="2" navigation="0" arg0="28" arg1="prod_d__3_res11_e1"  />
    <postMsg mid="35001747" type="Warning" dynamic="2" navigation="0" arg0="27" arg1="prod_d__3_res11_e1"  />
    <postMsg mid="35001747" type="Warning" dynamic="2" navigation="0" arg0="26" arg1="prod_d__3_res11_e1"  />
    <postMsg mid="35001747" type="Warning" dynamic="2" navigation="0" arg0="25" arg1="prod_d__3_res11_e1"  />
    <postMsg mid="35001747" type="Warning" dynamic="2" navigation="0" arg0="24" arg1="prod_d__3_res11_e1"  />
    <postMsg mid="35001747" type="Warning" dynamic="2" navigation="0" arg0="23" arg1="prod_d__3_res11_e1"  />
    <postMsg mid="35001747" type="Warning" dynamic="2" navigation="0" arg0="22" arg1="prod_d__3_res11_e1"  />
    <postMsg mid="35001747" type="Warning" dynamic="2" navigation="0" arg0="21" arg1="prod_d__3_res11_e1"  />
    <postMsg mid="35001747" type="Warning" dynamic="2" navigation="0" arg0="20" arg1="prod_d__3_res11_e1"  />
    <postMsg mid="35001747" type="Warning" dynamic="2" navigation="0" arg0="19" arg1="prod_d__3_res11_e1"  />
    <postMsg mid="35001747" type="Warning" dynamic="2" navigation="0" arg0="18" arg1="prod_d__3_res11_e1"  />
    <postMsg mid="35001747" type="Warning" dynamic="2" navigation="0" arg0="17" arg1="prod_d__3_res11_e1"  />
    <postMsg mid="35001747" type="Warning" dynamic="2" navigation="0" arg0="16" arg1="prod_d__3_res11_e1"  />
    <postMsg mid="35001747" type="Warning" dynamic="2" navigation="0" arg0="15" arg1="prod_d__3_res11_e1"  />
    <postMsg mid="35001747" type="Warning" dynamic="2" navigation="0" arg0="14" arg1="prod_d__3_res11_e1"  />
    <postMsg mid="35001747" type="Warning" dynamic="2" navigation="0" arg0="13" arg1="prod_d__3_res11_e1"  />
    <postMsg mid="35001747" type="Warning" dynamic="2" navigation="0" arg0="12" arg1="prod_d__3_res11_e1"  />
    <postMsg mid="35001747" type="Warning" dynamic="2" navigation="0" arg0="11" arg1="prod_d__3_res11_e1"  />
    <postMsg mid="35001747" type="Warning" dynamic="2" navigation="0" arg0="10" arg1="prod_d__3_res11_e1"  />
    <postMsg mid="35001747" type="Warning" dynamic="2" navigation="0" arg0="9" arg1="prod_d__3_res11_e1"  />
    <postMsg mid="35001747" type="Warning" dynamic="2" navigation="0" arg0="8" arg1="prod_d__3_res11_e1"  />
    <postMsg mid="35001747" type="Warning" dynamic="2" navigation="0" arg0="7" arg1="prod_d__3_res11_e1"  />
    <postMsg mid="35001747" type="Warning" dynamic="2" navigation="0" arg0="6" arg1="prod_d__3_res11_e1"  />
    <postMsg mid="35001747" type="Warning" dynamic="2" navigation="0" arg0="5" arg1="prod_d__3_res11_e1"  />
    <postMsg mid="35001747" type="Warning" dynamic="2" navigation="0" arg0="4" arg1="prod_d__3_res11_e1"  />
    <postMsg mid="35001747" type="Warning" dynamic="2" navigation="0" arg0="3" arg1="prod_d__3_res11_e1"  />
    <postMsg mid="35001747" type="Warning" dynamic="2" navigation="0" arg0="2" arg1="prod_d__3_res11_e1"  />
    <postMsg mid="35001747" type="Warning" dynamic="2" navigation="0" arg0="1" arg1="prod_d__3_res11_e1"  />
    <postMsg mid="35001747" type="Warning" dynamic="2" navigation="0" arg0="0" arg1="prod_d__3_res11_e1"  />
######## Missing driver on net n7842. Patching with GND.
######## Missing driver on net n5292. Patching with GND.
######## Missing driver on net n5291. Patching with GND.
######## Missing driver on net n5290. Patching with GND.
######## Missing driver on net n5289. Patching with GND.
######## Missing driver on net n5288. Patching with GND.
######## Missing driver on net n5287. Patching with GND.
######## Missing driver on net n5286. Patching with GND.
######## Missing driver on net n5285. Patching with GND.
######## Missing driver on net n5284. Patching with GND.
######## Missing driver on net n5283. Patching with GND.
######## Missing driver on net n5282. Patching with GND.
######## Missing driver on net n5281. Patching with GND.
######## Missing driver on net n5280. Patching with GND.
######## Missing driver on net n5279. Patching with GND.
######## Missing driver on net n5278. Patching with GND.
######## Missing driver on net n7843. Patching with GND.
######## Missing driver on net n7844. Patching with GND.
######## Missing driver on net n7845. Patching with GND.
######## Missing driver on net n7846. Patching with GND.
######## Missing driver on net n7847. Patching with GND.
######## Missing driver on net n7848. Patching with GND.
######## Missing driver on net n5196. Patching with GND.
######## Missing driver on net n5195. Patching with GND.
######## Missing driver on net n5194. Patching with GND.
######## Missing driver on net n5193. Patching with GND.
######## Missing driver on net n5192. Patching with GND.
######## Missing driver on net n5191. Patching with GND.
######## Missing driver on net n5190. Patching with GND.
######## Missing driver on net n5189. Patching with GND.
######## Missing driver on net n5188. Patching with GND.
######## Missing driver on net n5187. Patching with GND.
######## Missing driver on net n5186. Patching with GND.
######## Missing driver on net n5185. Patching with GND.
######## Missing driver on net n5184. Patching with GND.
######## Missing driver on net n5183. Patching with GND.
######## Missing driver on net n5182. Patching with GND.
######## Missing driver on net n7841. Patching with GND.
######## Missing driver on net n7840. Patching with GND.
######## Missing driver on net n7839. Patching with GND.
######## Missing driver on net n7838. Patching with GND.
######## Missing driver on net n7837. Patching with GND.
######## Missing driver on net n7836. Patching with GND.
######## Missing driver on net n7835. Patching with GND.
######## Missing driver on net n7834. Patching with GND.
######## Missing driver on net n7833. Patching with GND.
######## Missing driver on net n7832. Patching with GND.
######## Missing driver on net n7831. Patching with GND.
######## Missing driver on net n7830. Patching with GND.
######## Missing driver on net n7829. Patching with GND.
######## Missing driver on net n7828. Patching with GND.
######## Missing driver on net n7827. Patching with GND.
######## Missing driver on net n7826. Patching with GND.
######## Missing driver on net n7825. Patching with GND.
######## Missing driver on net n7824. Patching with GND.
######## Missing driver on net n7823. Patching with GND.
######## Missing driver on net n7822. Patching with GND.
######## Missing driver on net n7821. Patching with GND.
######## Missing driver on net n7820. Patching with GND.
######## Missing driver on net n7819. Patching with GND.
######## Missing driver on net n7818. Patching with GND.
######## Missing driver on net n7817. Patching with GND.
######## Missing driver on net n7816. Patching with GND.
######## Missing driver on net n7815. Patching with GND.
######## Missing driver on net n7814. Patching with GND.
######## Missing driver on net n7813. Patching with GND.
######## Missing driver on net n7812. Patching with GND.
######## Missing driver on net n7811. Patching with GND.
######## Missing driver on net n7810. Patching with GND.
######## Missing driver on net n7809. Patching with GND.
######## Missing driver on net n7808. Patching with GND.
######## Missing driver on net n7807. Patching with GND.
######## Missing driver on net n7806. Patching with GND.
######## Missing driver on net n7805. Patching with GND.
######## Missing driver on net n7804. Patching with GND.
######## Missing driver on net n7803. Patching with GND.
######## Missing driver on net n7802. Patching with GND.
######## Missing driver on net n7801. Patching with GND.
GSR instance connected to net n4174.
Applying 200.000000 MHz constraint to all clocks

    <postMsg mid="35001611" type="Warning" dynamic="0" navigation="0"  />
Results of NGD DRC are available in matrix_inv_drc.log.
Loading NGL library 'C:/lscc/diamond/3.14/ispfpga/sa5p00/data/sa5plib.ngl'...
Loading NGL library 'C:/lscc/diamond/3.14/ispfpga/xo2c00/data/xo2clib.ngl'...
Loading NGL library 'C:/lscc/diamond/3.14/ispfpga/mg5g00/data/mg5glib.ngl'...
Loading NGL library 'C:/lscc/diamond/3.14/ispfpga/or5g00/data/orc5glib.ngl'...


Running DRC...

DRC complete with no errors or warnings

Design Results:
    930 blocks expanded
completed the first expansion
All blocks are expanded and NGD expansion is successful.
Writing NGD file kalman_core_impl1.ngd.

################### Begin Area Report (matrix_inv)######################
Number of register bits => 483 of 44439 (1 % )
ALU54B => 8
CCU2C => 121
FD1P3AX => 426
FD1P3IX => 6
FD1S3AX => 41
FD1S3IX => 8
FD1S3JX => 2
GSR => 1
IB => 67
LUT4 => 162
MULT18X18D => 18
OB => 66
PFUMX => 1
################### End Area Report ##################

################### Begin Clock Report ######################
Clock Nets
Number of Clocks: 1
  Net : clk_c, loads : 501
Clock Enable Nets
Number of Clock Enables: 13
Top 10 highest fanout Clock Enables:
  Net : clk_c_enable_395, loads : 132
  Net : clk_c_enable_410, loads : 66
  Net : clk_c_enable_411, loads : 50
  Net : clk_c_enable_348, loads : 50
  Net : u_recip/clk_c_enable_239, loads : 38
  Net : clk_c_enable_145, loads : 34
  Net : u_recip/clk_c_enable_192, loads : 33
  Net : clk_c_enable_363, loads : 15
  Net : clk_c_enable_431, loads : 15
  Net : u_recip/clk_c_enable_417, loads : 6
Highest fanout non-clock nets
Top 10 highest fanout non-clock nets:
  Net : clk_c_enable_395, loads : 132
  Net : u_recip/n3864, loads : 70
  Net : clk_c_enable_410, loads : 66
  Net : clk_c_enable_348, loads : 50
  Net : clk_c_enable_411, loads : 50
  Net : n68_adj_1176, loads : 42
  Net : n68_adj_1226, loads : 42
  Net : u_recip/quotient_31_N_908_31, loads : 40
  Net : u_recip/clk_c_enable_239, loads : 38
  Net : u_recip/n3859, loads : 37
################### End Clock Report ##################

Timing Report Summary
--------------
--------------------------------------------------------------------------------
Constraint                              |   Constraint|       Actual|Levels
--------------------------------------------------------------------------------
                                        |             |             |
create_clock -period 5.000000 -name     |             |             |
clk0 [get_nets clk_c]                   |  200.000 MHz|   62.716 MHz|     6 *
                                        |             |             |
--------------------------------------------------------------------------------


1 constraints not met.


Peak Memory Usage: 134.289  MB

--------------------------------------------------------------
Elapsed CPU time for LSE flow : 12.406  secs
--------------------------------------------------------------
