
synthesis -f "FIR_impl1_lattice.synproj"
synthesis:  version Diamond (64-bit) 3.14.0.75.2

Copyright (c) 1991-1994 by NeoCAD Inc. All rights reserved.
Copyright (c) 1995 AT&T Corp.   All rights reserved.
Copyright (c) 1995-2001 Lucent Technologies Inc.  All rights reserved.
Copyright (c) 2001 Agere Systems   All rights reserved.
Copyright (c) 2002-2024 Lattice Semiconductor Corporation,  All rights reserved.
Wed Apr 23 13:37:34 2025


Command Line:  synthesis -f FIR_impl1_lattice.synproj -gui -msgset D:/RTL_FPGA/VHDL/FIR_1/promote.xml 

    <postMsg mid="35002000" type="Info"    dynamic="0" navigation="0"  />
Synthesis options:
The -a option is ECP5U.
The -s option is 6.
The -t option is CABGA256.
The -d option is LFE5U-25F.
Using package CABGA256.
Using performance grade 6.
                                                          

##########################################################

### Lattice Family : ECP5U

### Device  : LFE5U-25F

### Package : CABGA256

### Speed   : 6

##########################################################

                                                          

    <postMsg mid="35001781" type="Info"    dynamic="0" navigation="0"  />
Optimization goal = Timing
Top-level module name = FIR.
Target frequency = 200.000000 MHz.
Maximum fanout = 1000.
Timing path count = 3
BRAM utilization = 100.000000 %
DSP usage = true
DSP utilization = 100.000000 %
fsm_encoding_style = auto
resolve_mixed_drivers = 0
fix_gated_clocks = 1

Mux style = Auto
Use Carry Chain = true
carry_chain_length = 0
Loop Limit = 1950.
Use IO Insertion = TRUE
Use IO Reg = AUTO

Resource Sharing = TRUE
Propagate Constants = TRUE
Remove Duplicate Registers = TRUE
force_gsr = auto
ROM style = auto
RAM style = auto
The -comp option is FALSE.
The -syn option is FALSE.
-p C:/lscc/diamond/3.14/ispfpga/sa5p00/data (searchpath added)
-p D:/RTL_FPGA/VHDL/FIR_1/impl1 (searchpath added)
-p D:/RTL_FPGA/VHDL/FIR_1 (searchpath added)
VHDL library = work
VHDL design file = D:/RTL_FPGA/VHDL/FIR_1/FIR.vhd
VHDL design file = D:/RTL_FPGA/VHDL/FIR_1/d_ff.vhd
NGD file = FIR_impl1.ngd
-sdc option: SDC file input not used.
-lpf option: Output file option is ON.
Hardtimer checking is enabled (default). The -dt option is not used.
The -r option is OFF. [ Remove LOC Properties is OFF. ]
Technology check ok...

Analyzing Verilog file C:/lscc/diamond/3.14/ispfpga/userware/NT/SYNTHESIS_HEADERS/ecp5u.v. VERI-1482
Compile design.
Compile Design Begin
    <postMsg mid="35921504" type="Info"    dynamic="2" navigation="0" arg0="" arg1="D:/RTL_FPGA/VHDL/FIR_1/impl1"  />
Analyzing VHDL file d:/rtl_fpga/vhdl/fir_1/fir.vhd. VHDL-1481
    <postMsg mid="35921012" type="Info"    dynamic="2" navigation="2" arg0="d:/rtl_fpga/vhdl/fir_1/fir.vhd(5): " arg1="fir" arg2="d:/rtl_fpga/vhdl/fir_1/fir.vhd" arg3="5"  />
    <postMsg mid="35921010" type="Info"    dynamic="2" navigation="2" arg0="d:/rtl_fpga/vhdl/fir_1/fir.vhd(18): " arg1="behavioral" arg2="d:/rtl_fpga/vhdl/fir_1/fir.vhd" arg3="18"  />
unit FIR is not yet analyzed. VHDL-1485
Analyzing VHDL file d:/rtl_fpga/vhdl/fir_1/d_ff.vhd. VHDL-1481
unit FIR is not yet analyzed. VHDL-1485
unit FIR is not yet analyzed. VHDL-1485
d:/rtl_fpga/vhdl/fir_1/fir.vhd(5): executing FIR(behavioral)

    <postMsg mid="35921205" type="Warning" dynamic="3" navigation="2" arg0="d:/rtl_fpga/vhdl/fir_1/fir.vhd(16): " arg1="FIR" arg2="behavioral" arg3="d:/rtl_fpga/vhdl/fir_1/fir.vhd" arg4="16"  />
Top module name (VHDL): FIR
Last elaborated design is FIR(behavioral)
Loading NGL library 'C:/lscc/diamond/3.14/ispfpga/sa5p00/data/sa5plib.ngl'...
Loading NGL library 'C:/lscc/diamond/3.14/ispfpga/xo2c00/data/xo2clib.ngl'...
Loading NGL library 'C:/lscc/diamond/3.14/ispfpga/mg5g00/data/mg5glib.ngl'...
Loading NGL library 'C:/lscc/diamond/3.14/ispfpga/or5g00/data/orc5glib.ngl'...
Loading device for application map from file 'sa5p25.nph' in environment: C:/lscc/diamond/3.14/ispfpga.
Package Status:                     Final          Version 1.44.
Top-level module name = FIR.





######### Begin FIR Info ########


Number of FIR filters recognized: 1



######### End FIR Info ########


    <postMsg mid="35001747" type="Warning" dynamic="2" navigation="0" arg0="3" arg1="\i65/mult_25_rep_6_e1"  />
    <postMsg mid="35001747" type="Warning" dynamic="2" navigation="0" arg0="2" arg1="\i65/mult_25_rep_6_e1"  />
    <postMsg mid="35001747" type="Warning" dynamic="2" navigation="0" arg0="1" arg1="\i65/mult_25_rep_6_e1"  />
    <postMsg mid="35001747" type="Warning" dynamic="2" navigation="0" arg0="0" arg1="\i65/mult_25_rep_6_e1"  />
    <postMsg mid="35001747" type="Warning" dynamic="2" navigation="0" arg0="7" arg1="\i65/mult_25_rep_6_e3"  />
    <postMsg mid="35001747" type="Warning" dynamic="2" navigation="0" arg0="6" arg1="\i65/mult_25_rep_6_e3"  />
    <postMsg mid="35001747" type="Warning" dynamic="2" navigation="0" arg0="5" arg1="\i65/mult_25_rep_6_e3"  />
    <postMsg mid="35001747" type="Warning" dynamic="2" navigation="0" arg0="4" arg1="\i65/mult_25_rep_6_e3"  />
    <postMsg mid="35001747" type="Warning" dynamic="2" navigation="0" arg0="3" arg1="\i65/mult_25_rep_6_e3"  />
    <postMsg mid="35001747" type="Warning" dynamic="2" navigation="0" arg0="2" arg1="\i65/mult_25_rep_6_e3"  />
    <postMsg mid="35001747" type="Warning" dynamic="2" navigation="0" arg0="1" arg1="\i65/mult_25_rep_6_e3"  />
    <postMsg mid="35001747" type="Warning" dynamic="2" navigation="0" arg0="0" arg1="\i65/mult_25_rep_6_e3"  />
    <postMsg mid="35001747" type="Warning" dynamic="2" navigation="0" arg0="3" arg1="\i65/mult_25_rep_6_e2"  />
    <postMsg mid="35001747" type="Warning" dynamic="2" navigation="0" arg0="2" arg1="\i65/mult_25_rep_6_e2"  />
    <postMsg mid="35001747" type="Warning" dynamic="2" navigation="0" arg0="1" arg1="\i65/mult_25_rep_6_e2"  />
    <postMsg mid="35001747" type="Warning" dynamic="2" navigation="0" arg0="0" arg1="\i65/mult_25_rep_6_e2"  />
    <postMsg mid="35001747" type="Warning" dynamic="2" navigation="0" arg0="7" arg1="\i65/mult_31_e3"  />
    <postMsg mid="35001747" type="Warning" dynamic="2" navigation="0" arg0="6" arg1="\i65/mult_31_e3"  />
    <postMsg mid="35001747" type="Warning" dynamic="2" navigation="0" arg0="5" arg1="\i65/mult_31_e3"  />
    <postMsg mid="35001747" type="Warning" dynamic="2" navigation="0" arg0="4" arg1="\i65/mult_31_e3"  />
    <postMsg mid="35001747" type="Warning" dynamic="2" navigation="0" arg0="3" arg1="\i65/mult_31_e3"  />
    <postMsg mid="35001747" type="Warning" dynamic="2" navigation="0" arg0="2" arg1="\i65/mult_31_e3"  />
    <postMsg mid="35001747" type="Warning" dynamic="2" navigation="0" arg0="1" arg1="\i65/mult_31_e3"  />
    <postMsg mid="35001747" type="Warning" dynamic="2" navigation="0" arg0="0" arg1="\i65/mult_31_e3"  />
    <postMsg mid="35001747" type="Warning" dynamic="2" navigation="0" arg0="7" arg1="\i65/mult_25_e3"  />
    <postMsg mid="35001747" type="Warning" dynamic="2" navigation="0" arg0="6" arg1="\i65/mult_25_e3"  />
    <postMsg mid="35001747" type="Warning" dynamic="2" navigation="0" arg0="5" arg1="\i65/mult_25_e3"  />
    <postMsg mid="35001747" type="Warning" dynamic="2" navigation="0" arg0="4" arg1="\i65/mult_25_e3"  />
    <postMsg mid="35001747" type="Warning" dynamic="2" navigation="0" arg0="3" arg1="\i65/mult_25_e3"  />
    <postMsg mid="35001747" type="Warning" dynamic="2" navigation="0" arg0="2" arg1="\i65/mult_25_e3"  />
    <postMsg mid="35001747" type="Warning" dynamic="2" navigation="0" arg0="1" arg1="\i65/mult_25_e3"  />
    <postMsg mid="35001747" type="Warning" dynamic="2" navigation="0" arg0="0" arg1="\i65/mult_25_e3"  />
    <postMsg mid="35001747" type="Warning" dynamic="2" navigation="0" arg0="7" arg1="\i65/sum_c0c1_ret3_rep_7_e1"  />
    <postMsg mid="35001747" type="Warning" dynamic="2" navigation="0" arg0="6" arg1="\i65/sum_c0c1_ret3_rep_7_e1"  />
    <postMsg mid="35001747" type="Warning" dynamic="2" navigation="0" arg0="5" arg1="\i65/sum_c0c1_ret3_rep_7_e1"  />
    <postMsg mid="35001747" type="Warning" dynamic="2" navigation="0" arg0="4" arg1="\i65/sum_c0c1_ret3_rep_7_e1"  />
    <postMsg mid="35001747" type="Warning" dynamic="2" navigation="0" arg0="3" arg1="\i65/sum_c0c1_ret3_rep_7_e1"  />
    <postMsg mid="35001747" type="Warning" dynamic="2" navigation="0" arg0="2" arg1="\i65/sum_c0c1_ret3_rep_7_e1"  />
    <postMsg mid="35001747" type="Warning" dynamic="2" navigation="0" arg0="1" arg1="\i65/sum_c0c1_ret3_rep_7_e1"  />
    <postMsg mid="35001747" type="Warning" dynamic="2" navigation="0" arg0="0" arg1="\i65/sum_c0c1_ret3_rep_7_e1"  />
    <postMsg mid="35935035" type="Warning" dynamic="2" navigation="2" arg0="d:/rtl_fpga/vhdl/fir_1/fir.vhd(56): " arg1="\i65/sum_c0c1_ret3_i3" arg2="d:/rtl_fpga/vhdl/fir_1/fir.vhd" arg3="56"  />
    <postMsg mid="35001747" type="Warning" dynamic="2" navigation="0" arg0="7" arg1="_add_1_e3"  />
    <postMsg mid="35001747" type="Warning" dynamic="2" navigation="0" arg0="6" arg1="_add_1_e3"  />
    <postMsg mid="35001747" type="Warning" dynamic="2" navigation="0" arg0="5" arg1="_add_1_e3"  />
    <postMsg mid="35001747" type="Warning" dynamic="2" navigation="0" arg0="4" arg1="_add_1_e3"  />
    <postMsg mid="35001747" type="Warning" dynamic="2" navigation="0" arg0="3" arg1="_add_1_e3"  />
    <postMsg mid="35001747" type="Warning" dynamic="2" navigation="0" arg0="2" arg1="_add_1_e3"  />
    <postMsg mid="35001747" type="Warning" dynamic="2" navigation="0" arg0="1" arg1="_add_1_e3"  />
    <postMsg mid="35001747" type="Warning" dynamic="2" navigation="0" arg0="0" arg1="_add_1_e3"  />
    <postMsg mid="35935035" type="Warning" dynamic="2" navigation="2" arg0="d:/rtl_fpga/vhdl/fir_1/fir.vhd(63): " arg1="\i65/sum_c0c1c2_i3" arg2="d:/rtl_fpga/vhdl/fir_1/fir.vhd" arg3="63"  />
    <postMsg mid="35001747" type="Warning" dynamic="2" navigation="0" arg0="7" arg1="\i65/mult_24_e3"  />
    <postMsg mid="35001747" type="Warning" dynamic="2" navigation="0" arg0="6" arg1="\i65/mult_24_e3"  />
    <postMsg mid="35001747" type="Warning" dynamic="2" navigation="0" arg0="5" arg1="\i65/mult_24_e3"  />
    <postMsg mid="35001747" type="Warning" dynamic="2" navigation="0" arg0="4" arg1="\i65/mult_24_e3"  />
    <postMsg mid="35001747" type="Warning" dynamic="2" navigation="0" arg0="3" arg1="\i65/mult_24_e3"  />
    <postMsg mid="35001747" type="Warning" dynamic="2" navigation="0" arg0="2" arg1="\i65/mult_24_e3"  />
    <postMsg mid="35001747" type="Warning" dynamic="2" navigation="0" arg0="1" arg1="\i65/mult_24_e3"  />
    <postMsg mid="35001747" type="Warning" dynamic="2" navigation="0" arg0="0" arg1="\i65/mult_24_e3"  />
    <postMsg mid="35001747" type="Warning" dynamic="2" navigation="0" arg0="7" arg1="\i65/sum_c0c1_ret3_rep_7_e2"  />
    <postMsg mid="35001747" type="Warning" dynamic="2" navigation="0" arg0="6" arg1="\i65/sum_c0c1_ret3_rep_7_e2"  />
    <postMsg mid="35001747" type="Warning" dynamic="2" navigation="0" arg0="5" arg1="\i65/sum_c0c1_ret3_rep_7_e2"  />
    <postMsg mid="35001747" type="Warning" dynamic="2" navigation="0" arg0="4" arg1="\i65/sum_c0c1_ret3_rep_7_e2"  />
    <postMsg mid="35001747" type="Warning" dynamic="2" navigation="0" arg0="3" arg1="\i65/sum_c0c1_ret3_rep_7_e2"  />
    <postMsg mid="35001747" type="Warning" dynamic="2" navigation="0" arg0="2" arg1="\i65/sum_c0c1_ret3_rep_7_e2"  />
    <postMsg mid="35001747" type="Warning" dynamic="2" navigation="0" arg0="1" arg1="\i65/sum_c0c1_ret3_rep_7_e2"  />
    <postMsg mid="35001747" type="Warning" dynamic="2" navigation="0" arg0="0" arg1="\i65/sum_c0c1_ret3_rep_7_e2"  />
    <postMsg mid="35001747" type="Warning" dynamic="2" navigation="0" arg0="7" arg1="\i65/sum_c0c1_ret3_rep_7_e3"  />
    <postMsg mid="35001747" type="Warning" dynamic="2" navigation="0" arg0="6" arg1="\i65/sum_c0c1_ret3_rep_7_e3"  />
    <postMsg mid="35001747" type="Warning" dynamic="2" navigation="0" arg0="5" arg1="\i65/sum_c0c1_ret3_rep_7_e3"  />
    <postMsg mid="35001747" type="Warning" dynamic="2" navigation="0" arg0="4" arg1="\i65/sum_c0c1_ret3_rep_7_e3"  />
    <postMsg mid="35001747" type="Warning" dynamic="2" navigation="0" arg0="3" arg1="\i65/sum_c0c1_ret3_rep_7_e3"  />
    <postMsg mid="35001747" type="Warning" dynamic="2" navigation="0" arg0="2" arg1="\i65/sum_c0c1_ret3_rep_7_e3"  />
    <postMsg mid="35001747" type="Warning" dynamic="2" navigation="0" arg0="1" arg1="\i65/sum_c0c1_ret3_rep_7_e3"  />
    <postMsg mid="35001747" type="Warning" dynamic="2" navigation="0" arg0="0" arg1="\i65/sum_c0c1_ret3_rep_7_e3"  />
    <postMsg mid="35001747" type="Warning" dynamic="2" navigation="0" arg0="7" arg1="\i65/sum_c0c1_ret3_e2"  />
    <postMsg mid="35001747" type="Warning" dynamic="2" navigation="0" arg0="6" arg1="\i65/sum_c0c1_ret3_e2"  />
    <postMsg mid="35001747" type="Warning" dynamic="2" navigation="0" arg0="5" arg1="\i65/sum_c0c1_ret3_e2"  />
    <postMsg mid="35001747" type="Warning" dynamic="2" navigation="0" arg0="4" arg1="\i65/sum_c0c1_ret3_e2"  />
    <postMsg mid="35001747" type="Warning" dynamic="2" navigation="0" arg0="3" arg1="\i65/sum_c0c1_ret3_e2"  />
    <postMsg mid="35001747" type="Warning" dynamic="2" navigation="0" arg0="2" arg1="\i65/sum_c0c1_ret3_e2"  />
    <postMsg mid="35001747" type="Warning" dynamic="2" navigation="0" arg0="1" arg1="\i65/sum_c0c1_ret3_e2"  />
    <postMsg mid="35001747" type="Warning" dynamic="2" navigation="0" arg0="0" arg1="\i65/sum_c0c1_ret3_e2"  />
Mapped 1 DMALU(s).

######## Missing driver on net n546. Patching with GND.
######## Missing driver on net n545. Patching with GND.
GSR instance connected to net n612.
Applying 200.000000 MHz constraint to all clocks

    <postMsg mid="35001611" type="Warning" dynamic="0" navigation="0"  />
Results of NGD DRC are available in FIR_drc.log.
Loading NGL library 'C:/lscc/diamond/3.14/ispfpga/sa5p00/data/sa5plib.ngl'...
Loading NGL library 'C:/lscc/diamond/3.14/ispfpga/xo2c00/data/xo2clib.ngl'...
Loading NGL library 'C:/lscc/diamond/3.14/ispfpga/mg5g00/data/mg5glib.ngl'...
Loading NGL library 'C:/lscc/diamond/3.14/ispfpga/or5g00/data/orc5glib.ngl'...


Running DRC...

DRC complete with no errors or warnings

Design Results:
     69 blocks expanded
completed the first expansion
All blocks are expanded and NGD expansion is successful.
Writing NGD file FIR_impl1.ngd.

################### Begin Area Report (FIR)######################
Number of register bits => 20 of 24879 (0 % )
ALU54B => 1
FD1P3AX => 4
FD1S3AX => 16
GSR => 1
IB => 9
LUT4 => 24
MULT18X18D => 2
MULT9X9D => 1
OB => 8
################### End Area Report ##################

################### Begin Clock Report ######################
Clock Nets
Number of Clocks: 1
  Net : clk_c, loads : 24
Clock Enable Nets
Number of Clock Enables: 2
Top 2 highest fanout Clock Enables:
  Net : CL_c, loads : 12
  Net : clk_c_enable_4, loads : 4
Highest fanout non-clock nets
Top 10 highest fanout non-clock nets:
  Net : Ca_c_1, loads : 15
  Net : CL_c, loads : 12
  Net : Ca_c_0, loads : 10
  Net : x_c_3, loads : 8
  Net : x_c_2, loads : 8
  Net : x_c_1, loads : 8
  Net : x_c_0, loads : 8
  Net : reset_c, loads : 4
  Net : clk_c_enable_4, loads : 4
  Net : n663, loads : 4
################### End Clock Report ##################

Timing Report Summary
--------------
--------------------------------------------------------------------------------
Constraint                              |   Constraint|       Actual|Levels
--------------------------------------------------------------------------------
                                        |             |             |
create_clock -period 5.000000 -name     |             |             |
clk0 [get_nets clk_c]                   |  200.000 MHz|  379.651 MHz|     2  
                                        |             |             |
--------------------------------------------------------------------------------


All constraints were met.


Peak Memory Usage: 94.117  MB

--------------------------------------------------------------
Elapsed CPU time for LSE flow : 6.203  secs
--------------------------------------------------------------
