
synthesis -f "aula23_sub_paralelo_impl1_lattice.synproj"
synthesis:  version Diamond (64-bit) 3.14.0.75.2

Copyright (c) 1991-1994 by NeoCAD Inc. All rights reserved.
Copyright (c) 1995 AT&T Corp.   All rights reserved.
Copyright (c) 1995-2001 Lucent Technologies Inc.  All rights reserved.
Copyright (c) 2001 Agere Systems   All rights reserved.
Copyright (c) 2002-2024 Lattice Semiconductor Corporation,  All rights reserved.
Wed May 14 21:06:56 2025


Command Line:  synthesis -f aula23_sub_paralelo_impl1_lattice.synproj -gui -msgset D:/RTL_FPGA/VHDL/aula23_sub_paralelo/promote.xml 

    <postMsg mid="35002000" type="Info"    dynamic="0" navigation="0"  />
Synthesis options:
The -a option is ECP5U.
The -s option is 6.
The -t option is CABGA256.
The -d option is LFE5U-45F.
Using package CABGA256.
Using performance grade 6.
                                                          

##########################################################

### Lattice Family : ECP5U

### Device  : LFE5U-45F

### Package : CABGA256

### Speed   : 6

##########################################################

                                                          

    <postMsg mid="35001781" type="Info"    dynamic="0" navigation="0"  />
Optimization goal = Timing
Top-level module name = subtractor_complement.
Target frequency = 200.000000 MHz.
Maximum fanout = 1000.
Timing path count = 3
BRAM utilization = 100.000000 %
DSP usage = true
DSP utilization = 100.000000 %
fsm_encoding_style = auto
resolve_mixed_drivers = 0
fix_gated_clocks = 1

Mux style = Auto
Use Carry Chain = true
carry_chain_length = 0
Loop Limit = 1950.
Use IO Insertion = TRUE
Use IO Reg = AUTO

Resource Sharing = TRUE
Propagate Constants = TRUE
Remove Duplicate Registers = TRUE
force_gsr = auto
ROM style = auto
RAM style = auto
The -comp option is FALSE.
The -syn option is FALSE.
-p C:/lscc/diamond/3.14/ispfpga/sa5p00/data (searchpath added)
-p D:/RTL_FPGA/VHDL/aula23_sub_paralelo/impl1 (searchpath added)
-p D:/RTL_FPGA/VHDL/aula23_sub_paralelo (searchpath added)
VHDL library = work
VHDL design file = D:/RTL_FPGA/VHDL/aula23_sub_paralelo/subtractor_2complement.vhd
VHDL design file = D:/RTL_FPGA/VHDL/aula23_sub_paralelo/impl1/source/param_clah.vhd
NGD file = aula23_sub_paralelo_impl1.ngd
-sdc option: SDC file input not used.
-lpf option: Output file option is ON.
Hardtimer checking is enabled (default). The -dt option is not used.
The -r option is OFF. [ Remove LOC Properties is OFF. ]
Technology check ok...

Analyzing Verilog file C:/lscc/diamond/3.14/ispfpga/userware/NT/SYNTHESIS_HEADERS/ecp5u.v. VERI-1482
Compile design.
Compile Design Begin
    <postMsg mid="35921504" type="Info"    dynamic="2" navigation="0" arg0="" arg1="D:/RTL_FPGA/VHDL/aula23_sub_paralelo/impl1"  />
Analyzing VHDL file d:/rtl_fpga/vhdl/aula23_sub_paralelo/subtractor_2complement.vhd. VHDL-1481
    <postMsg mid="35921012" type="Info"    dynamic="2" navigation="2" arg0="d:/rtl_fpga/vhdl/aula23_sub_paralelo/subtractor_2complement.vhd(3): " arg1="subtractor_complement" arg2="d:/rtl_fpga/vhdl/aula23_sub_paralelo/subtractor_2complement.vhd" arg3="3"  />
    <postMsg mid="35921010" type="Info"    dynamic="2" navigation="2" arg0="d:/rtl_fpga/vhdl/aula23_sub_paralelo/subtractor_2complement.vhd(13): " arg1="behavioral" arg2="d:/rtl_fpga/vhdl/aula23_sub_paralelo/subtractor_2complement.vhd" arg3="13"  />
unit subtractor_complement is not yet analyzed. VHDL-1485
Analyzing VHDL file d:/rtl_fpga/vhdl/aula23_sub_paralelo/impl1/source/param_clah.vhd. VHDL-1481
    <postMsg mid="35921012" type="Info"    dynamic="2" navigation="2" arg0="d:/rtl_fpga/vhdl/aula23_sub_paralelo/impl1/source/param_clah.vhd(3): " arg1="param_clah" arg2="d:/rtl_fpga/vhdl/aula23_sub_paralelo/impl1/source/param_clah.vhd" arg3="3"  />
    <postMsg mid="35921010" type="Info"    dynamic="2" navigation="2" arg0="d:/rtl_fpga/vhdl/aula23_sub_paralelo/impl1/source/param_clah.vhd(13): " arg1="behaviour" arg2="d:/rtl_fpga/vhdl/aula23_sub_paralelo/impl1/source/param_clah.vhd" arg3="13"  />
unit subtractor_complement is not yet analyzed. VHDL-1485
unit subtractor_complement is not yet analyzed. VHDL-1485
d:/rtl_fpga/vhdl/aula23_sub_paralelo/subtractor_2complement.vhd(3): executing subtractor_complement(behavioral)

    <postMsg mid="35921205" type="Warning" dynamic="3" navigation="2" arg0="d:/rtl_fpga/vhdl/aula23_sub_paralelo/subtractor_2complement.vhd(11): " arg1="subtractor_complement" arg2="behavioral" arg3="d:/rtl_fpga/vhdl/aula23_sub_paralelo/subtractor_2complement.vhd" arg4="11"  />
Top module name (VHDL): subtractor_complement
Last elaborated design is subtractor_complement(behavioral)
Loading NGL library 'C:/lscc/diamond/3.14/ispfpga/sa5p00/data/sa5plib.ngl'...
Loading NGL library 'C:/lscc/diamond/3.14/ispfpga/xo2c00/data/xo2clib.ngl'...
Loading NGL library 'C:/lscc/diamond/3.14/ispfpga/mg5g00/data/mg5glib.ngl'...
Loading NGL library 'C:/lscc/diamond/3.14/ispfpga/or5g00/data/orc5glib.ngl'...
Loading device for application map from file 'sa5p45.nph' in environment: C:/lscc/diamond/3.14/ispfpga.
Package Status:                     Final          Version 1.50.
Top-level module name = subtractor_complement.



GSR will not be inferred because no asynchronous signal was found in the netlist.
Applying 200.000000 MHz constraint to all clocks

    <postMsg mid="35001611" type="Warning" dynamic="0" navigation="0"  />
Results of NGD DRC are available in subtractor_complement_drc.log.
Loading NGL library 'C:/lscc/diamond/3.14/ispfpga/sa5p00/data/sa5plib.ngl'...
Loading NGL library 'C:/lscc/diamond/3.14/ispfpga/xo2c00/data/xo2clib.ngl'...
Loading NGL library 'C:/lscc/diamond/3.14/ispfpga/mg5g00/data/mg5glib.ngl'...
Loading NGL library 'C:/lscc/diamond/3.14/ispfpga/or5g00/data/orc5glib.ngl'...


Running DRC...

    <postMsg mid="1166052" type="Warning" dynamic="2" navigation="1" arg0="logical" arg1="GND_net" arg2="GND_net"  />
    <postMsg mid="1163101" type="Warning" dynamic="1" navigation="0" arg0="1"  />

Design Results:
     30 blocks expanded
completed the first expansion
All blocks are expanded and NGD expansion is successful.
Writing NGD file aula23_sub_paralelo_impl1.ngd.

################### Begin Area Report (subtractor_complement)######################
Number of register bits => 0 of 44439 (0 % )
GSR => 1
IB => 9
LUT4 => 12
OB => 5
################### End Area Report ##################

################### Begin Clock Report ######################
Clock Nets
Number of Clocks: 0
Clock Enable Nets
Number of Clock Enables: 0
Top 0 highest fanout Clock Enables:
Highest fanout non-clock nets
Top 10 highest fanout non-clock nets:
  Net : B_c_0, loads : 7
  Net : B_c_2, loads : 5
  Net : B_c_1, loads : 5
  Net : A_c_2, loads : 3
  Net : B_C2/n102, loads : 3
  Net : A_c_3, loads : 2
  Net : A_c_1, loads : 2
  Net : A_c_0, loads : 2
  Net : B_c_3, loads : 2
  Net : Brin_c, loads : 2
################### End Clock Report ##################

Peak Memory Usage: 105.746  MB

--------------------------------------------------------------
Elapsed CPU time for LSE flow : 1.109  secs
--------------------------------------------------------------
