
synthesis -f "I2C_impl1_lattice.synproj"
synthesis:  version Diamond (64-bit) 3.14.0.75.2

Copyright (c) 1991-1994 by NeoCAD Inc. All rights reserved.
Copyright (c) 1995 AT&T Corp.   All rights reserved.
Copyright (c) 1995-2001 Lucent Technologies Inc.  All rights reserved.
Copyright (c) 2001 Agere Systems   All rights reserved.
Copyright (c) 2002-2024 Lattice Semiconductor Corporation,  All rights reserved.
Thu Jul 03 20:30:06 2025


Command Line:  synthesis -f I2C_impl1_lattice.synproj -gui 

    <postMsg mid="35002000" type="Info"    dynamic="0" navigation="0"  />
Synthesis options:
The -a option is ECP5U.
The -s option is 6.
The -t option is CABGA256.
The -d option is LFE5U-45F.
Using package CABGA256.
Using performance grade 6.
                                                          

##########################################################

### Lattice Family : ECP5U

### Device  : LFE5U-45F

### Package : CABGA256

### Speed   : 6

##########################################################

                                                          

    <postMsg mid="35001781" type="Info"    dynamic="0" navigation="0"  />
Optimization goal = Timing
Top-level module name = i2c_slave.
Target frequency = 200.000000 MHz.
Maximum fanout = 1000.
Timing path count = 3
BRAM utilization = 100.000000 %
DSP usage = true
DSP utilization = 100.000000 %
fsm_encoding_style = auto
resolve_mixed_drivers = 0
fix_gated_clocks = 1

Mux style = Auto
Use Carry Chain = true
carry_chain_length = 0
Loop Limit = 1950.
Use IO Insertion = TRUE
Use IO Reg = AUTO

Resource Sharing = TRUE
Propagate Constants = TRUE
Remove Duplicate Registers = TRUE
force_gsr = auto
ROM style = auto
RAM style = auto
The -comp option is FALSE.
The -syn option is FALSE.
-p D:/RTL_FPGA/SD3/VERILOG/aula-56_I2C (searchpath added)
-p C:/lscc/diamond/3.14/ispfpga/sa5p00/data (searchpath added)
-p D:/RTL_FPGA/SD3/VERILOG/aula-56_I2C/impl1 (searchpath added)
-p D:/RTL_FPGA/SD3/VERILOG/aula-56_I2C (searchpath added)
Verilog design file = D:/RTL_FPGA/SD3/VERILOG/aula-56_I2C/i2c_slave.v
NGD file = I2C_impl1.ngd
-sdc option: SDC file input not used.
-lpf option: Output file option is ON.
Hardtimer checking is enabled (default). The -dt option is not used.
The -r option is OFF. [ Remove LOC Properties is OFF. ]
Technology check ok...

Analyzing Verilog file C:/lscc/diamond/3.14/ispfpga/userware/NT/SYNTHESIS_HEADERS/ecp5u.v. VERI-1482
Compile design.
Compile Design Begin
Analyzing Verilog file d:/rtl_fpga/sd3/verilog/aula-56_i2c/i2c_slave.v. VERI-1482
Analyzing Verilog file C:/lscc/diamond/3.14/ispfpga/userware/NT/SYNTHESIS_HEADERS/ecp5u.v. VERI-1482
Top module name (Verilog): i2c_slave
    <postMsg mid="35901018" type="Info"    dynamic="2" navigation="2" arg0="d:/rtl_fpga/sd3/verilog/aula-56_i2c/i2c_slave.v(3): " arg1="i2c_slave" arg2="d:/rtl_fpga/sd3/verilog/aula-56_i2c/i2c_slave.v" arg3="3"  />
Last elaborated design is i2c_slave()
Loading NGL library 'C:/lscc/diamond/3.14/ispfpga/sa5p00/data/sa5plib.ngl'...
Loading NGL library 'C:/lscc/diamond/3.14/ispfpga/xo2c00/data/xo2clib.ngl'...
Loading NGL library 'C:/lscc/diamond/3.14/ispfpga/mg5g00/data/mg5glib.ngl'...
Loading NGL library 'C:/lscc/diamond/3.14/ispfpga/or5g00/data/orc5glib.ngl'...
Loading device for application map from file 'sa5p45.nph' in environment: C:/lscc/diamond/3.14/ispfpga.
Package Status:                     Final          Version 1.50.
Top-level module name = i2c_slave.
    <postMsg mid="35001774" type="Info"    dynamic="2" navigation="0" arg0="state" arg1="one-hot"  />
original encoding -> new encoding (one-hot encoding)

 000 -> 000001

 001 -> 000010

 010 -> 000100

 011 -> 001000

 100 -> 010000

 101 -> 100000




GSR instance connected to net n812.
Applying 200.000000 MHz constraint to all clocks

    <postMsg mid="35001611" type="Warning" dynamic="0" navigation="0"  />
Results of NGD DRC are available in i2c_slave_drc.log.
Loading NGL library 'C:/lscc/diamond/3.14/ispfpga/sa5p00/data/sa5plib.ngl'...
Loading NGL library 'C:/lscc/diamond/3.14/ispfpga/xo2c00/data/xo2clib.ngl'...
Loading NGL library 'C:/lscc/diamond/3.14/ispfpga/mg5g00/data/mg5glib.ngl'...
Loading NGL library 'C:/lscc/diamond/3.14/ispfpga/or5g00/data/orc5glib.ngl'...


Running DRC...

    <postMsg mid="1166052" type="Warning" dynamic="2" navigation="1" arg0="logical" arg1="GND_net" arg2="GND_net"  />
    <postMsg mid="1163101" type="Warning" dynamic="1" navigation="0" arg0="1"  />

Design Results:
    127 blocks expanded
completed the first expansion
All blocks are expanded and NGD expansion is successful.
Writing NGD file I2C_impl1.ngd.

################### Begin Area Report (i2c_slave)######################
Number of register bits => 34 of 44439 (0 % )
BB => 1
FD1P3AX => 2
FD1P3AY => 1
FD1P3IX => 16
FD1P3JX => 3
FD1S3AX => 2
FD1S3AY => 4
FD1S3IX => 5
FD1S3JX => 1
GSR => 1
IB => 11
L6MUX21 => 1
LUT4 => 63
OB => 11
PFUMX => 2
################### End Area Report ##################

################### Begin Clock Report ######################
Clock Nets
Number of Clocks: 1
  Net : clk_c, loads : 34
Clock Enable Nets
Number of Clock Enables: 12
Top 10 highest fanout Clock Enables:
  Net : clk_c_enable_21, loads : 9
  Net : clk_c_enable_22, loads : 8
  Net : clk_c_enable_12, loads : 4
  Net : clk_c_enable_14, loads : 3
  Net : clk_c_enable_6, loads : 1
  Net : clk_c_enable_11, loads : 1
  Net : clk_c_enable_1, loads : 1
  Net : clk_c_enable_4, loads : 1
  Net : clk_c_enable_3, loads : 1
  Net : clk_c_enable_13, loads : 1
Highest fanout non-clock nets
Top 10 highest fanout non-clock nets:
  Net : bit_count_0, loads : 16
  Net : bit_count_1, loads : 13
  Net : scl_sync, loads : 13
  Net : bit_count_2, loads : 12
  Net : sda_sync, loads : 11
  Net : scl_last, loads : 11
  Net : n365, loads : 10
  Net : n367, loads : 9
  Net : clk_c_enable_21, loads : 9
  Net : clk_c_enable_22, loads : 8
################### End Clock Report ##################

Timing Report Summary
--------------
--------------------------------------------------------------------------------
Constraint                              |   Constraint|       Actual|Levels
--------------------------------------------------------------------------------
                                        |             |             |
create_clock -period 5.000000 -name     |             |             |
clk0 [get_nets clk_c]                   |  200.000 MHz|  156.863 MHz|     5 *
                                        |             |             |
--------------------------------------------------------------------------------


1 constraints not met.


Peak Memory Usage: 90.211  MB

--------------------------------------------------------------
Elapsed CPU time for LSE flow : 0.922  secs
--------------------------------------------------------------
