synthesis:  version Diamond (64-bit) 3.14.0.75.2

Copyright (c) 1991-1994 by NeoCAD Inc. All rights reserved.
Copyright (c) 1995 AT&T Corp.   All rights reserved.
Copyright (c) 1995-2001 Lucent Technologies Inc.  All rights reserved.
Copyright (c) 2001 Agere Systems   All rights reserved.
Copyright (c) 2002-2024 Lattice Semiconductor Corporation,  All rights reserved.
Tue Apr 15 19:12:09 2025


Command Line:  synthesis -f sel_mux_impl1_lattice.synproj -gui -msgset D:/RTL_FPGA/VHDL/ALU/promote.xml 

Synthesis options:
The -a option is ECP5U.
The -s option is 6.
The -t option is CABGA381.
The -d option is LFE5U-45F.
Using package CABGA381.
Using performance grade 6.
                                                          

##########################################################

### Lattice Family : ECP5U

### Device  : LFE5U-45F

### Package : CABGA381

### Speed   : 6

##########################################################

                                                          

INFO - synthesis: User-Selected Strategy Settings
Optimization goal = Timing
Top-level module name = mux_sel.
Target frequency = 200.000000 MHz.
Maximum fanout = 1000.
Timing path count = 3
BRAM utilization = 100.000000 %
DSP usage = true
DSP utilization = 100.000000 %
fsm_encoding_style = auto
resolve_mixed_drivers = 0
fix_gated_clocks = 1

Mux style = Auto
Use Carry Chain = true
carry_chain_length = 0
Loop Limit = 1950.
Use IO Insertion = TRUE
Use IO Reg = AUTO

Resource Sharing = TRUE
Propagate Constants = TRUE
Remove Duplicate Registers = TRUE
force_gsr = auto
ROM style = auto
RAM style = auto
The -comp option is FALSE.
The -syn option is FALSE.
-p C:/lscc/diamond/3.14/ispfpga/sa5p00/data (searchpath added)
-p D:/RTL_FPGA/VHDL/ALU/impl1 (searchpath added)
-p D:/RTL_FPGA/VHDL/ALU (searchpath added)
VHDL library = work
VHDL design file = D:/RTL_FPGA/VHDL/MUX/mux_sel.vhd
NGD file = sel_mux_impl1.ngd
-sdc option: SDC file input not used.
-lpf option: Output file option is ON.
Hardtimer checking is enabled (default). The -dt option is not used.
The -r option is OFF. [ Remove LOC Properties is OFF. ]
Technology check ok...

Analyzing Verilog file C:/lscc/diamond/3.14/ispfpga/userware/NT/SYNTHESIS_HEADERS/ecp5u.v. VERI-1482
Compile design.
Compile Design Begin
INFO - synthesis: The default VHDL library search path is now "D:/RTL_FPGA/VHDL/ALU/impl1". VHDL-1504
Analyzing VHDL file d:/rtl_fpga/vhdl/mux/mux_sel.vhd. VHDL-1481
INFO - synthesis: d:/rtl_fpga/vhdl/mux/mux_sel.vhd(5): analyzing entity mux_sel. VHDL-1012
INFO - synthesis: d:/rtl_fpga/vhdl/mux/mux_sel.vhd(13): analyzing architecture behaviour. VHDL-1010
unit mux_sel is not yet analyzed. VHDL-1485
unit mux_sel is not yet analyzed. VHDL-1485
d:/rtl_fpga/vhdl/mux/mux_sel.vhd(5): executing mux_sel(behaviour)

WARNING - synthesis: d:/rtl_fpga/vhdl/mux/mux_sel.vhd(11): replacing existing netlist mux_sel(behaviour). VHDL-1205
Top module name (VHDL): mux_sel
Loading NGL library 'C:/lscc/diamond/3.14/ispfpga/sa5p00/data/sa5plib.ngl'...
Loading NGL library 'C:/lscc/diamond/3.14/ispfpga/xo2c00/data/xo2clib.ngl'...
Loading NGL library 'C:/lscc/diamond/3.14/ispfpga/mg5g00/data/mg5glib.ngl'...
Loading NGL library 'C:/lscc/diamond/3.14/ispfpga/or5g00/data/orc5glib.ngl'...
Loading device for application map from file 'sa5p45.nph' in environment: C:/lscc/diamond/3.14/ispfpga.
Package Status:                     Final          Version 1.50.
Top-level module name = mux_sel.



GSR will not be inferred because no asynchronous signal was found in the netlist.
Applying 200.000000 MHz constraint to all clocks

WARNING - synthesis: No user .sdc file.
Results of NGD DRC are available in mux_sel_drc.log.
Loading NGL library 'C:/lscc/diamond/3.14/ispfpga/sa5p00/data/sa5plib.ngl'...
Loading NGL library 'C:/lscc/diamond/3.14/ispfpga/xo2c00/data/xo2clib.ngl'...
Loading NGL library 'C:/lscc/diamond/3.14/ispfpga/mg5g00/data/mg5glib.ngl'...
Loading NGL library 'C:/lscc/diamond/3.14/ispfpga/or5g00/data/orc5glib.ngl'...
All blocks are expanded and NGD expansion is successful.
Writing NGD file sel_mux_impl1.ngd.

################### Begin Area Report (mux_sel)######################
Number of register bits => 0 of 44457 (0 % )
CCU2C => 3
GSR => 1
IB => 17
LUT4 => 14
OB => 3
PFUMX => 3
################### End Area Report ##################

################### Begin Clock Report ######################
Clock Nets
Number of Clocks: 0
Clock Enable Nets
Number of Clock Enables: 0
Top 0 highest fanout Clock Enables:
Highest fanout non-clock nets
Top 10 highest fanout non-clock nets:
  Net : b_c_7, loads : 5
  Net : x2_c, loads : 5
  Net : a_c_7, loads : 4
  Net : a_c_6, loads : 3
  Net : a_c_5, loads : 3
  Net : a_c_4, loads : 3
  Net : a_c_3, loads : 3
  Net : a_c_2, loads : 3
  Net : b_c_6, loads : 3
  Net : b_c_4, loads : 3
################### End Clock Report ##################

Peak Memory Usage: 105.883  MB

--------------------------------------------------------------
Elapsed CPU time for LSE flow : 1.656  secs
--------------------------------------------------------------
