--------------------------------------------------------------------------------
Lattice Synthesis Timing Report, Version  
Thu Jun 19 16:58:36 2025

Copyright (c) 1991-1994 by NeoCAD Inc. All rights reserved.
Copyright (c) 1995 AT&T Corp.   All rights reserved.
Copyright (c) 1995-2001 Lucent Technologies Inc.  All rights reserved.
Copyright (c) 2001 Agere Systems   All rights reserved.
Copyright (c) 2002-2024 Lattice Semiconductor Corporation,  All rights reserved.

Report Information
------------------
Design:     pwm
Constraint file:  
Report level:    verbose report, limited to 3 items per constraint
--------------------------------------------------------------------------------



================================================================================
Constraint: create_clock -period 5.000000 -name clk0 [get_nets clk_c]
            136 items scored, 60 timing errors detected.
--------------------------------------------------------------------------------


Error:  The following path violates requirements by 0.742ns

 Logical Details:  Cell type  Pin type       Cell name  (clock net +/-)

   Source:         FD1S3IX    CK             i_43__i6  (from clk_c +)
   Destination:    FD1S3IX    CD             i_43__i2  (to clk_c +)

   Delay:                   5.917ns  (14.6% logic, 85.4% route), 4 logic levels.

 Constraint Details:

      5.917ns data_path i_43__i6 to i_43__i2 violates
      5.000ns delay constraint less
     -0.175ns L_S requirement (totaling 5.175ns) by 0.742ns

 Path Details: i_43__i6 to i_43__i2

   Name    Fanout   Delay (ns)          Pins               Resource(Cell.Net)
L_CO        ---     0.365             CK to Q              i_43__i6 (from clk_c)
Route         5   e 1.441                                  i[6]
LUT4        ---     0.166              C to Z              i1_4_lut_adj_1
Route         1   e 1.020                                  n445
LUT4        ---     0.166              A to Z              i1_4_lut
Route         2   e 1.158                                  n427
LUT4        ---     0.166              B to Z              i1_2_lut
Route         8   e 1.435                                  n173
                  --------
                    5.917  (14.6% logic, 85.4% route), 4 logic levels.


Error:  The following path violates requirements by 0.742ns

 Logical Details:  Cell type  Pin type       Cell name  (clock net +/-)

   Source:         FD1S3IX    CK             i_43__i6  (from clk_c +)
   Destination:    FD1S3IX    CD             i_43__i5  (to clk_c +)

   Delay:                   5.917ns  (14.6% logic, 85.4% route), 4 logic levels.

 Constraint Details:

      5.917ns data_path i_43__i6 to i_43__i5 violates
      5.000ns delay constraint less
     -0.175ns L_S requirement (totaling 5.175ns) by 0.742ns

 Path Details: i_43__i6 to i_43__i5

   Name    Fanout   Delay (ns)          Pins               Resource(Cell.Net)
L_CO        ---     0.365             CK to Q              i_43__i6 (from clk_c)
Route         5   e 1.441                                  i[6]
LUT4        ---     0.166              C to Z              i1_4_lut_adj_1
Route         1   e 1.020                                  n445
LUT4        ---     0.166              A to Z              i1_4_lut
Route         2   e 1.158                                  n427
LUT4        ---     0.166              B to Z              i1_2_lut
Route         8   e 1.435                                  n173
                  --------
                    5.917  (14.6% logic, 85.4% route), 4 logic levels.


Error:  The following path violates requirements by 0.742ns

 Logical Details:  Cell type  Pin type       Cell name  (clock net +/-)

   Source:         FD1S3IX    CK             i_43__i6  (from clk_c +)
   Destination:    FD1S3IX    CD             i_43__i6  (to clk_c +)

   Delay:                   5.917ns  (14.6% logic, 85.4% route), 4 logic levels.

 Constraint Details:

      5.917ns data_path i_43__i6 to i_43__i6 violates
      5.000ns delay constraint less
     -0.175ns L_S requirement (totaling 5.175ns) by 0.742ns

 Path Details: i_43__i6 to i_43__i6

   Name    Fanout   Delay (ns)          Pins               Resource(Cell.Net)
L_CO        ---     0.365             CK to Q              i_43__i6 (from clk_c)
Route         5   e 1.441                                  i[6]
LUT4        ---     0.166              C to Z              i1_4_lut_adj_1
Route         1   e 1.020                                  n445
LUT4        ---     0.166              A to Z              i1_4_lut
Route         2   e 1.158                                  n427
LUT4        ---     0.166              B to Z              i1_2_lut
Route         8   e 1.435                                  n173
                  --------
                    5.917  (14.6% logic, 85.4% route), 4 logic levels.

Warning: 5.742 ns is the maximum delay for this constraint.


Timing Report Summary
--------------
--------------------------------------------------------------------------------
Constraint                              |   Constraint|       Actual|Levels
--------------------------------------------------------------------------------
                                        |             |             |
create_clock -period 5.000000 -name     |             |             |
clk0 [get_nets clk_c]                   |     5.000 ns|     5.742 ns|     4 *
                                        |             |             |
--------------------------------------------------------------------------------


1 constraints not met.

--------------------------------------------------------------------------------
Critical Nets                           |   Loads|  Errors| % of total
--------------------------------------------------------------------------------
n427                                    |       2|      54|     90.00%
                                        |        |        |
n173                                    |       8|      48|     80.00%
                                        |        |        |
n445                                    |       1|      36|     60.00%
                                        |        |        |
n437                                    |       1|      18|     30.00%
                                        |        |        |
n370                                    |       1|      12|     20.00%
                                        |        |        |
i[2]                                    |       3|      10|     16.67%
                                        |        |        |
i[5]                                    |       4|      10|     16.67%
                                        |        |        |
i[6]                                    |       5|      10|     16.67%
                                        |        |        |
i[0]                                    |       3|       9|     15.00%
                                        |        |        |
i[1]                                    |       3|       9|     15.00%
                                        |        |        |
i[7]                                    |       4|       9|     15.00%
                                        |        |        |
n472                                    |       1|       7|     11.67%
                                        |        |        |
--------------------------------------------------------------------------------


Timing summary:
---------------

Timing errors: 60  Score: 36772

Constraints cover  136 paths, 43 nets, and 84 connections (81.6% coverage)


Peak memory: 93921280 bytes, TRCE: 57344 bytes, DLYMAN: 0 bytes
CPU_TIME_REPORT: 0 secs 
