synthesis:  version Diamond (64-bit) 3.14.0.75.2

Copyright (c) 1991-1994 by NeoCAD Inc. All rights reserved.
Copyright (c) 1995 AT&T Corp.   All rights reserved.
Copyright (c) 1995-2001 Lucent Technologies Inc.  All rights reserved.
Copyright (c) 2001 Agere Systems   All rights reserved.
Copyright (c) 2002-2024 Lattice Semiconductor Corporation,  All rights reserved.
Thu Jul 24 12:28:58 2025


Command Line:  synthesis -f inverter_impl1_lattice.synproj -gui -msgset C:/Users/Luso/Documents/RTL_FPGA/RTL_FPGA/Projeto_Final/inverter/promote.xml 

Synthesis options:
The -a option is ECP5U.
The -s option is 6.
The -t option is CABGA256.
The -d option is LFE5U-25F.
Using package CABGA256.
Using performance grade 6.
                                                          

##########################################################

### Lattice Family : ECP5U

### Device  : LFE5U-25F

### Package : CABGA256

### Speed   : 6

##########################################################

                                                          

INFO - synthesis: User-Selected Strategy Settings
Optimization goal = Timing
Top-level module name = matrix_inv.
Target frequency = 200.000000 MHz.
Maximum fanout = 1000.
Timing path count = 3
BRAM utilization = 100.000000 %
DSP usage = true
DSP utilization = 100.000000 %
fsm_encoding_style = auto
resolve_mixed_drivers = 0
fix_gated_clocks = 1

Mux style = Auto
Use Carry Chain = true
carry_chain_length = 0
Loop Limit = 1950.
Use IO Insertion = TRUE
Use IO Reg = AUTO

Resource Sharing = TRUE
Propagate Constants = TRUE
Remove Duplicate Registers = TRUE
force_gsr = auto
ROM style = auto
RAM style = auto
The -comp option is FALSE.
The -syn option is FALSE.
-p C:/Users/Luso/Documents/RTL_FPGA/RTL_FPGA/Projeto_Final/inverter (searchpath added)
-p C:/lscc/diamond/3.14/ispfpga/sa5p00/data (searchpath added)
-p C:/Users/Luso/Documents/RTL_FPGA/RTL_FPGA/Projeto_Final/inverter/impl1 (searchpath added)
-p C:/Users/Luso/Documents/RTL_FPGA/RTL_FPGA/Projeto_Final/inverter (searchpath added)
Verilog design file = C:/Users/Luso/Documents/RTL_FPGA/RTL_FPGA/Projeto_Final/inverter/reciprocal_q16_16.v
Verilog design file = C:/Users/Luso/Documents/RTL_FPGA/RTL_FPGA/Projeto_Final/inverter/inverterv1.v
NGD file = inverter_impl1.ngd
-sdc option: SDC file input not used.
-lpf option: Output file option is ON.
Hardtimer checking is enabled (default). The -dt option is not used.
The -r option is OFF. [ Remove LOC Properties is OFF. ]
Technology check ok...

Analyzing Verilog file C:/lscc/diamond/3.14/ispfpga/userware/NT/SYNTHESIS_HEADERS/ecp5u.v. VERI-1482
Compile design.
Compile Design Begin
Analyzing Verilog file c:/users/luso/documents/rtl_fpga/rtl_fpga/projeto_final/inverter/reciprocal_q16_16.v. VERI-1482
Analyzing Verilog file c:/users/luso/documents/rtl_fpga/rtl_fpga/projeto_final/inverter/inverterv1.v. VERI-1482
Analyzing Verilog file C:/lscc/diamond/3.14/ispfpga/userware/NT/SYNTHESIS_HEADERS/ecp5u.v. VERI-1482
Top module name (Verilog): matrix_inv
INFO - synthesis: c:/users/luso/documents/rtl_fpga/rtl_fpga/projeto_final/inverter/inverterv1.v(8): compiling module matrix_inv. VERI-1018
INFO - synthesis: c:/users/luso/documents/rtl_fpga/rtl_fpga/projeto_final/inverter/reciprocal_q16_16.v(5): compiling module reciprocal_q16_16. VERI-1018
WARNING - synthesis: c:/users/luso/documents/rtl_fpga/rtl_fpga/projeto_final/inverter/reciprocal_q16_16.v(29): expression size 33 truncated to fit in target size 32. VERI-1209
Loading NGL library 'C:/lscc/diamond/3.14/ispfpga/sa5p00/data/sa5plib.ngl'...
Loading NGL library 'C:/lscc/diamond/3.14/ispfpga/xo2c00/data/xo2clib.ngl'...
Loading NGL library 'C:/lscc/diamond/3.14/ispfpga/mg5g00/data/mg5glib.ngl'...
Loading NGL library 'C:/lscc/diamond/3.14/ispfpga/or5g00/data/orc5glib.ngl'...
Loading device for application map from file 'sa5p25.nph' in environment: C:/lscc/diamond/3.14/ispfpga.
Package Status:                     Final          Version 1.44.
Top-level module name = matrix_inv.





######### Begin FIR Info ########


Number of FIR filters recognized: 1



######### End FIR Info ########


WARNING - synthesis: Bit 63 of Register a2_reg_15__I_0_e3 is stuck at Zero
WARNING - synthesis: Bit 62 of Register a2_reg_15__I_0_e3 is stuck at Zero
WARNING - synthesis: Bit 61 of Register a2_reg_15__I_0_e3 is stuck at Zero
WARNING - synthesis: Bit 60 of Register a2_reg_15__I_0_e3 is stuck at Zero
WARNING - synthesis: Bit 59 of Register a2_reg_15__I_0_e3 is stuck at Zero
WARNING - synthesis: Bit 58 of Register a2_reg_15__I_0_e3 is stuck at Zero
WARNING - synthesis: Bit 57 of Register a2_reg_15__I_0_e3 is stuck at Zero
WARNING - synthesis: Bit 56 of Register a2_reg_15__I_0_e3 is stuck at Zero
WARNING - synthesis: Bit 55 of Register a2_reg_15__I_0_e3 is stuck at Zero
WARNING - synthesis: Bit 54 of Register a2_reg_15__I_0_e3 is stuck at Zero
WARNING - synthesis: Bit 53 of Register a2_reg_15__I_0_e3 is stuck at Zero
WARNING - synthesis: Bit 52 of Register a2_reg_15__I_0_e3 is stuck at Zero
WARNING - synthesis: Bit 51 of Register a2_reg_15__I_0_e3 is stuck at Zero
WARNING - synthesis: Bit 50 of Register a2_reg_15__I_0_e3 is stuck at Zero
WARNING - synthesis: Bit 49 of Register a2_reg_15__I_0_e3 is stuck at Zero
WARNING - synthesis: Bit 48 of Register a2_reg_15__I_0_e3 is stuck at Zero
WARNING - synthesis: Bit 47 of Register a2_reg_15__I_0_e3 is stuck at Zero
WARNING - synthesis: Bit 46 of Register a2_reg_15__I_0_e3 is stuck at Zero
WARNING - synthesis: Bit 45 of Register a2_reg_15__I_0_e3 is stuck at Zero
WARNING - synthesis: Bit 44 of Register a2_reg_15__I_0_e3 is stuck at Zero
WARNING - synthesis: Bit 43 of Register a2_reg_15__I_0_e3 is stuck at Zero
WARNING - synthesis: Bit 42 of Register a2_reg_15__I_0_e3 is stuck at Zero
WARNING - synthesis: Bit 41 of Register a2_reg_15__I_0_e3 is stuck at Zero
WARNING - synthesis: Bit 40 of Register a2_reg_15__I_0_e3 is stuck at Zero
WARNING - synthesis: Bit 39 of Register a2_reg_15__I_0_e3 is stuck at Zero
WARNING - synthesis: Bit 38 of Register a2_reg_15__I_0_e3 is stuck at Zero
WARNING - synthesis: Bit 37 of Register a2_reg_15__I_0_e3 is stuck at Zero
WARNING - synthesis: Bit 36 of Register a2_reg_15__I_0_e3 is stuck at Zero
WARNING - synthesis: Bit 35 of Register a2_reg_15__I_0_e3 is stuck at Zero
WARNING - synthesis: Bit 34 of Register a2_reg_15__I_0_e3 is stuck at Zero
WARNING - synthesis: Bit 33 of Register a2_reg_15__I_0_e3 is stuck at Zero
WARNING - synthesis: Bit 32 of Register a2_reg_15__I_0_e3 is stuck at Zero
WARNING - synthesis: Bit 31 of Register a2_reg_15__I_0_e3 is stuck at Zero
WARNING - synthesis: Bit 30 of Register a2_reg_15__I_0_e3 is stuck at Zero
WARNING - synthesis: Bit 29 of Register a2_reg_15__I_0_e3 is stuck at Zero
WARNING - synthesis: Bit 28 of Register a2_reg_15__I_0_e3 is stuck at Zero
WARNING - synthesis: Bit 27 of Register a2_reg_15__I_0_e3 is stuck at Zero
WARNING - synthesis: Bit 26 of Register a2_reg_15__I_0_e3 is stuck at Zero
WARNING - synthesis: Bit 25 of Register a2_reg_15__I_0_e3 is stuck at Zero
WARNING - synthesis: Bit 24 of Register a2_reg_15__I_0_e3 is stuck at Zero
WARNING - synthesis: Bit 23 of Register a2_reg_15__I_0_e3 is stuck at Zero
WARNING - synthesis: Bit 22 of Register a2_reg_15__I_0_e3 is stuck at Zero
WARNING - synthesis: Bit 21 of Register a2_reg_15__I_0_e3 is stuck at Zero
WARNING - synthesis: Bit 20 of Register a2_reg_15__I_0_e3 is stuck at Zero
WARNING - synthesis: Bit 19 of Register a2_reg_15__I_0_e3 is stuck at Zero
WARNING - synthesis: Bit 18 of Register a2_reg_15__I_0_e3 is stuck at Zero
WARNING - synthesis: Bit 17 of Register a2_reg_15__I_0_e3 is stuck at Zero
WARNING - synthesis: Bit 16 of Register a2_reg_15__I_0_e3 is stuck at Zero
WARNING - synthesis: Bit 15 of Register a2_reg_15__I_0_e3 is stuck at Zero
WARNING - synthesis: Bit 14 of Register a2_reg_15__I_0_e3 is stuck at Zero
WARNING - synthesis: Bit 13 of Register a2_reg_15__I_0_e3 is stuck at Zero
WARNING - synthesis: Bit 12 of Register a2_reg_15__I_0_e3 is stuck at Zero
WARNING - synthesis: Bit 11 of Register a2_reg_15__I_0_e3 is stuck at Zero
WARNING - synthesis: Bit 10 of Register a2_reg_15__I_0_e3 is stuck at Zero
WARNING - synthesis: Bit 9 of Register a2_reg_15__I_0_e3 is stuck at Zero
WARNING - synthesis: Bit 8 of Register a2_reg_15__I_0_e3 is stuck at Zero
WARNING - synthesis: Bit 7 of Register a2_reg_15__I_0_e3 is stuck at Zero
WARNING - synthesis: Bit 6 of Register a2_reg_15__I_0_e3 is stuck at Zero
WARNING - synthesis: Bit 5 of Register a2_reg_15__I_0_e3 is stuck at Zero
WARNING - synthesis: Bit 4 of Register a2_reg_15__I_0_e3 is stuck at Zero
WARNING - synthesis: Bit 3 of Register a2_reg_15__I_0_e3 is stuck at Zero
WARNING - synthesis: Bit 2 of Register a2_reg_15__I_0_e3 is stuck at Zero
WARNING - synthesis: Bit 1 of Register a2_reg_15__I_0_e3 is stuck at Zero
WARNING - synthesis: Bit 0 of Register a2_reg_15__I_0_e3 is stuck at Zero
WARNING - synthesis: Bit 63 of Register c_s_31__I_0_e3 is stuck at Zero
WARNING - synthesis: Bit 62 of Register c_s_31__I_0_e3 is stuck at Zero
WARNING - synthesis: Bit 61 of Register c_s_31__I_0_e3 is stuck at Zero
WARNING - synthesis: Bit 60 of Register c_s_31__I_0_e3 is stuck at Zero
WARNING - synthesis: Bit 59 of Register c_s_31__I_0_e3 is stuck at Zero
WARNING - synthesis: Bit 58 of Register c_s_31__I_0_e3 is stuck at Zero
WARNING - synthesis: Bit 57 of Register c_s_31__I_0_e3 is stuck at Zero
WARNING - synthesis: Bit 56 of Register c_s_31__I_0_e3 is stuck at Zero
WARNING - synthesis: Bit 55 of Register c_s_31__I_0_e3 is stuck at Zero
WARNING - synthesis: Bit 54 of Register c_s_31__I_0_e3 is stuck at Zero
WARNING - synthesis: Bit 53 of Register c_s_31__I_0_e3 is stuck at Zero
WARNING - synthesis: Bit 52 of Register c_s_31__I_0_e3 is stuck at Zero
WARNING - synthesis: Bit 51 of Register c_s_31__I_0_e3 is stuck at Zero
WARNING - synthesis: Bit 50 of Register c_s_31__I_0_e3 is stuck at Zero
WARNING - synthesis: Bit 49 of Register c_s_31__I_0_e3 is stuck at Zero
WARNING - synthesis: Bit 48 of Register c_s_31__I_0_e3 is stuck at Zero
WARNING - synthesis: Bit 47 of Register c_s_31__I_0_e3 is stuck at Zero
WARNING - synthesis: Bit 46 of Register c_s_31__I_0_e3 is stuck at Zero
WARNING - synthesis: Bit 45 of Register c_s_31__I_0_e3 is stuck at Zero
WARNING - synthesis: Bit 44 of Register c_s_31__I_0_e3 is stuck at Zero
WARNING - synthesis: Bit 43 of Register c_s_31__I_0_e3 is stuck at Zero
WARNING - synthesis: Bit 42 of Register c_s_31__I_0_e3 is stuck at Zero
WARNING - synthesis: Bit 41 of Register c_s_31__I_0_e3 is stuck at Zero
WARNING - synthesis: Bit 40 of Register c_s_31__I_0_e3 is stuck at Zero
WARNING - synthesis: Bit 39 of Register c_s_31__I_0_e3 is stuck at Zero
WARNING - synthesis: Bit 38 of Register c_s_31__I_0_e3 is stuck at Zero
WARNING - synthesis: Bit 37 of Register c_s_31__I_0_e3 is stuck at Zero
WARNING - synthesis: Bit 36 of Register c_s_31__I_0_e3 is stuck at Zero
WARNING - synthesis: Bit 35 of Register c_s_31__I_0_e3 is stuck at Zero
WARNING - synthesis: Bit 34 of Register c_s_31__I_0_e3 is stuck at Zero
WARNING - synthesis: Bit 33 of Register c_s_31__I_0_e3 is stuck at Zero
WARNING - synthesis: Bit 32 of Register c_s_31__I_0_e3 is stuck at Zero
WARNING - synthesis: Bit 31 of Register c_s_31__I_0_e3 is stuck at Zero
WARNING - synthesis: Bit 30 of Register c_s_31__I_0_e3 is stuck at Zero
WARNING - synthesis: Bit 29 of Register c_s_31__I_0_e3 is stuck at Zero
WARNING - synthesis: Bit 28 of Register c_s_31__I_0_e3 is stuck at Zero
WARNING - synthesis: Bit 27 of Register c_s_31__I_0_e3 is stuck at Zero
WARNING - synthesis: Bit 26 of Register c_s_31__I_0_e3 is stuck at Zero
WARNING - synthesis: Bit 25 of Register c_s_31__I_0_e3 is stuck at Zero
WARNING - synthesis: Bit 24 of Register c_s_31__I_0_e3 is stuck at Zero
WARNING - synthesis: Bit 23 of Register c_s_31__I_0_e3 is stuck at Zero
WARNING - synthesis: Bit 22 of Register c_s_31__I_0_e3 is stuck at Zero
WARNING - synthesis: Bit 21 of Register c_s_31__I_0_e3 is stuck at Zero
WARNING - synthesis: Bit 20 of Register c_s_31__I_0_e3 is stuck at Zero
WARNING - synthesis: Bit 19 of Register c_s_31__I_0_e3 is stuck at Zero
WARNING - synthesis: Bit 18 of Register c_s_31__I_0_e3 is stuck at Zero
WARNING - synthesis: Bit 17 of Register c_s_31__I_0_e3 is stuck at Zero
WARNING - synthesis: Bit 16 of Register c_s_31__I_0_e3 is stuck at Zero
WARNING - synthesis: Bit 15 of Register c_s_31__I_0_e3 is stuck at Zero
WARNING - synthesis: Bit 14 of Register c_s_31__I_0_e3 is stuck at Zero
WARNING - synthesis: Bit 13 of Register c_s_31__I_0_e3 is stuck at Zero
WARNING - synthesis: Bit 12 of Register c_s_31__I_0_e3 is stuck at Zero
WARNING - synthesis: Bit 11 of Register c_s_31__I_0_e3 is stuck at Zero
WARNING - synthesis: Bit 10 of Register c_s_31__I_0_e3 is stuck at Zero
WARNING - synthesis: Bit 9 of Register c_s_31__I_0_e3 is stuck at Zero
WARNING - synthesis: Bit 8 of Register c_s_31__I_0_e3 is stuck at Zero
WARNING - synthesis: Bit 7 of Register c_s_31__I_0_e3 is stuck at Zero
WARNING - synthesis: Bit 6 of Register c_s_31__I_0_e3 is stuck at Zero
WARNING - synthesis: Bit 5 of Register c_s_31__I_0_e3 is stuck at Zero
WARNING - synthesis: Bit 4 of Register c_s_31__I_0_e3 is stuck at Zero
WARNING - synthesis: Bit 3 of Register c_s_31__I_0_e3 is stuck at Zero
WARNING - synthesis: Bit 2 of Register c_s_31__I_0_e3 is stuck at Zero
WARNING - synthesis: Bit 1 of Register c_s_31__I_0_e3 is stuck at Zero
WARNING - synthesis: Bit 0 of Register c_s_31__I_0_e3 is stuck at Zero
WARNING - synthesis: Bit 31 of Register c_s_31__I_0_e2 is stuck at Zero
WARNING - synthesis: Bit 30 of Register c_s_31__I_0_e2 is stuck at Zero
WARNING - synthesis: Bit 29 of Register c_s_31__I_0_e2 is stuck at Zero
WARNING - synthesis: Bit 28 of Register c_s_31__I_0_e2 is stuck at Zero
WARNING - synthesis: Bit 27 of Register c_s_31__I_0_e2 is stuck at Zero
WARNING - synthesis: Bit 26 of Register c_s_31__I_0_e2 is stuck at Zero
WARNING - synthesis: Bit 25 of Register c_s_31__I_0_e2 is stuck at Zero
WARNING - synthesis: Bit 24 of Register c_s_31__I_0_e2 is stuck at Zero
WARNING - synthesis: Bit 23 of Register c_s_31__I_0_e2 is stuck at Zero
WARNING - synthesis: Bit 22 of Register c_s_31__I_0_e2 is stuck at Zero
WARNING - synthesis: Bit 21 of Register c_s_31__I_0_e2 is stuck at Zero
WARNING - synthesis: Bit 20 of Register c_s_31__I_0_e2 is stuck at Zero
WARNING - synthesis: Bit 19 of Register c_s_31__I_0_e2 is stuck at Zero
WARNING - synthesis: Bit 18 of Register c_s_31__I_0_e2 is stuck at Zero
WARNING - synthesis: Bit 17 of Register c_s_31__I_0_e2 is stuck at Zero
WARNING - synthesis: Bit 16 of Register c_s_31__I_0_e2 is stuck at Zero
WARNING - synthesis: Bit 15 of Register c_s_31__I_0_e2 is stuck at Zero
WARNING - synthesis: Bit 14 of Register c_s_31__I_0_e2 is stuck at Zero
WARNING - synthesis: Bit 13 of Register c_s_31__I_0_e2 is stuck at Zero
WARNING - synthesis: Bit 12 of Register c_s_31__I_0_e2 is stuck at Zero
WARNING - synthesis: Bit 11 of Register c_s_31__I_0_e2 is stuck at Zero
WARNING - synthesis: Bit 10 of Register c_s_31__I_0_e2 is stuck at Zero
WARNING - synthesis: Bit 9 of Register c_s_31__I_0_e2 is stuck at Zero
WARNING - synthesis: Bit 8 of Register c_s_31__I_0_e2 is stuck at Zero
WARNING - synthesis: Bit 7 of Register c_s_31__I_0_e2 is stuck at Zero
WARNING - synthesis: Bit 6 of Register c_s_31__I_0_e2 is stuck at Zero
WARNING - synthesis: Bit 5 of Register c_s_31__I_0_e2 is stuck at Zero
WARNING - synthesis: Bit 4 of Register c_s_31__I_0_e2 is stuck at Zero
WARNING - synthesis: Bit 3 of Register c_s_31__I_0_e2 is stuck at Zero
WARNING - synthesis: Bit 2 of Register c_s_31__I_0_e2 is stuck at Zero
WARNING - synthesis: Bit 1 of Register c_s_31__I_0_e2 is stuck at Zero
WARNING - synthesis: Bit 0 of Register c_s_31__I_0_e2 is stuck at Zero
WARNING - synthesis: Bit 63 of Register b_s_31__I_0_e3 is stuck at Zero
WARNING - synthesis: Bit 62 of Register b_s_31__I_0_e3 is stuck at Zero
WARNING - synthesis: Bit 61 of Register b_s_31__I_0_e3 is stuck at Zero
WARNING - synthesis: Bit 60 of Register b_s_31__I_0_e3 is stuck at Zero
WARNING - synthesis: Bit 59 of Register b_s_31__I_0_e3 is stuck at Zero
WARNING - synthesis: Bit 58 of Register b_s_31__I_0_e3 is stuck at Zero
WARNING - synthesis: Bit 57 of Register b_s_31__I_0_e3 is stuck at Zero
WARNING - synthesis: Bit 56 of Register b_s_31__I_0_e3 is stuck at Zero
WARNING - synthesis: Bit 55 of Register b_s_31__I_0_e3 is stuck at Zero
WARNING - synthesis: Bit 54 of Register b_s_31__I_0_e3 is stuck at Zero
WARNING - synthesis: Bit 53 of Register b_s_31__I_0_e3 is stuck at Zero
WARNING - synthesis: Bit 52 of Register b_s_31__I_0_e3 is stuck at Zero
WARNING - synthesis: Bit 51 of Register b_s_31__I_0_e3 is stuck at Zero
WARNING - synthesis: Bit 50 of Register b_s_31__I_0_e3 is stuck at Zero
WARNING - synthesis: Bit 49 of Register b_s_31__I_0_e3 is stuck at Zero
WARNING - synthesis: Bit 48 of Register b_s_31__I_0_e3 is stuck at Zero
WARNING - synthesis: Bit 47 of Register b_s_31__I_0_e3 is stuck at Zero
WARNING - synthesis: Bit 46 of Register b_s_31__I_0_e3 is stuck at Zero
WARNING - synthesis: Bit 45 of Register b_s_31__I_0_e3 is stuck at Zero
WARNING - synthesis: Bit 44 of Register b_s_31__I_0_e3 is stuck at Zero
WARNING - synthesis: Bit 43 of Register b_s_31__I_0_e3 is stuck at Zero
WARNING - synthesis: Bit 42 of Register b_s_31__I_0_e3 is stuck at Zero
WARNING - synthesis: Bit 41 of Register b_s_31__I_0_e3 is stuck at Zero
WARNING - synthesis: Bit 40 of Register b_s_31__I_0_e3 is stuck at Zero
WARNING - synthesis: Bit 39 of Register b_s_31__I_0_e3 is stuck at Zero
WARNING - synthesis: Bit 38 of Register b_s_31__I_0_e3 is stuck at Zero
WARNING - synthesis: Bit 37 of Register b_s_31__I_0_e3 is stuck at Zero
WARNING - synthesis: Bit 36 of Register b_s_31__I_0_e3 is stuck at Zero
WARNING - synthesis: Bit 35 of Register b_s_31__I_0_e3 is stuck at Zero
WARNING - synthesis: Bit 34 of Register b_s_31__I_0_e3 is stuck at Zero
WARNING - synthesis: Bit 33 of Register b_s_31__I_0_e3 is stuck at Zero
WARNING - synthesis: Bit 32 of Register b_s_31__I_0_e3 is stuck at Zero
WARNING - synthesis: Bit 31 of Register b_s_31__I_0_e3 is stuck at Zero
WARNING - synthesis: Bit 30 of Register b_s_31__I_0_e3 is stuck at Zero
WARNING - synthesis: Bit 29 of Register b_s_31__I_0_e3 is stuck at Zero
WARNING - synthesis: Bit 28 of Register b_s_31__I_0_e3 is stuck at Zero
WARNING - synthesis: Bit 27 of Register b_s_31__I_0_e3 is stuck at Zero
WARNING - synthesis: Bit 26 of Register b_s_31__I_0_e3 is stuck at Zero
WARNING - synthesis: Bit 25 of Register b_s_31__I_0_e3 is stuck at Zero
WARNING - synthesis: Bit 24 of Register b_s_31__I_0_e3 is stuck at Zero
WARNING - synthesis: Bit 23 of Register b_s_31__I_0_e3 is stuck at Zero
WARNING - synthesis: Bit 22 of Register b_s_31__I_0_e3 is stuck at Zero
WARNING - synthesis: Bit 21 of Register b_s_31__I_0_e3 is stuck at Zero
WARNING - synthesis: Bit 20 of Register b_s_31__I_0_e3 is stuck at Zero
WARNING - synthesis: Bit 19 of Register b_s_31__I_0_e3 is stuck at Zero
WARNING - synthesis: Bit 18 of Register b_s_31__I_0_e3 is stuck at Zero
WARNING - synthesis: Bit 17 of Register b_s_31__I_0_e3 is stuck at Zero
WARNING - synthesis: Bit 16 of Register b_s_31__I_0_e3 is stuck at Zero
WARNING - synthesis: Bit 15 of Register b_s_31__I_0_e3 is stuck at Zero
WARNING - synthesis: Bit 14 of Register b_s_31__I_0_e3 is stuck at Zero
WARNING - synthesis: Bit 13 of Register b_s_31__I_0_e3 is stuck at Zero
WARNING - synthesis: Bit 12 of Register b_s_31__I_0_e3 is stuck at Zero
WARNING - synthesis: Bit 11 of Register b_s_31__I_0_e3 is stuck at Zero
WARNING - synthesis: Bit 10 of Register b_s_31__I_0_e3 is stuck at Zero
WARNING - synthesis: Bit 9 of Register b_s_31__I_0_e3 is stuck at Zero
WARNING - synthesis: Bit 8 of Register b_s_31__I_0_e3 is stuck at Zero
WARNING - synthesis: Bit 7 of Register b_s_31__I_0_e3 is stuck at Zero
WARNING - synthesis: Bit 6 of Register b_s_31__I_0_e3 is stuck at Zero
WARNING - synthesis: Bit 5 of Register b_s_31__I_0_e3 is stuck at Zero
WARNING - synthesis: Bit 4 of Register b_s_31__I_0_e3 is stuck at Zero
WARNING - synthesis: Bit 3 of Register b_s_31__I_0_e3 is stuck at Zero
WARNING - synthesis: Bit 2 of Register b_s_31__I_0_e3 is stuck at Zero
WARNING - synthesis: Bit 1 of Register b_s_31__I_0_e3 is stuck at Zero
WARNING - synthesis: Bit 0 of Register b_s_31__I_0_e3 is stuck at Zero
WARNING - synthesis: Bit 31 of Register b_s_31__I_0_e2 is stuck at Zero
WARNING - synthesis: Bit 30 of Register b_s_31__I_0_e2 is stuck at Zero
WARNING - synthesis: Bit 29 of Register b_s_31__I_0_e2 is stuck at Zero
WARNING - synthesis: Bit 28 of Register b_s_31__I_0_e2 is stuck at Zero
WARNING - synthesis: Bit 27 of Register b_s_31__I_0_e2 is stuck at Zero
WARNING - synthesis: Bit 26 of Register b_s_31__I_0_e2 is stuck at Zero
WARNING - synthesis: Bit 25 of Register b_s_31__I_0_e2 is stuck at Zero
WARNING - synthesis: Bit 24 of Register b_s_31__I_0_e2 is stuck at Zero
WARNING - synthesis: Bit 23 of Register b_s_31__I_0_e2 is stuck at Zero
WARNING - synthesis: Bit 22 of Register b_s_31__I_0_e2 is stuck at Zero
WARNING - synthesis: Bit 21 of Register b_s_31__I_0_e2 is stuck at Zero
WARNING - synthesis: Bit 20 of Register b_s_31__I_0_e2 is stuck at Zero
WARNING - synthesis: Bit 19 of Register b_s_31__I_0_e2 is stuck at Zero
WARNING - synthesis: Bit 18 of Register b_s_31__I_0_e2 is stuck at Zero
WARNING - synthesis: Bit 17 of Register b_s_31__I_0_e2 is stuck at Zero
WARNING - synthesis: Bit 16 of Register b_s_31__I_0_e2 is stuck at Zero
WARNING - synthesis: Bit 15 of Register b_s_31__I_0_e2 is stuck at Zero
WARNING - synthesis: Bit 14 of Register b_s_31__I_0_e2 is stuck at Zero
WARNING - synthesis: Bit 13 of Register b_s_31__I_0_e2 is stuck at Zero
WARNING - synthesis: Bit 12 of Register b_s_31__I_0_e2 is stuck at Zero
WARNING - synthesis: Bit 11 of Register b_s_31__I_0_e2 is stuck at Zero
WARNING - synthesis: Bit 10 of Register b_s_31__I_0_e2 is stuck at Zero
WARNING - synthesis: Bit 9 of Register b_s_31__I_0_e2 is stuck at Zero
WARNING - synthesis: Bit 8 of Register b_s_31__I_0_e2 is stuck at Zero
WARNING - synthesis: Bit 7 of Register b_s_31__I_0_e2 is stuck at Zero
WARNING - synthesis: Bit 6 of Register b_s_31__I_0_e2 is stuck at Zero
WARNING - synthesis: Bit 5 of Register b_s_31__I_0_e2 is stuck at Zero
WARNING - synthesis: Bit 4 of Register b_s_31__I_0_e2 is stuck at Zero
WARNING - synthesis: Bit 3 of Register b_s_31__I_0_e2 is stuck at Zero
WARNING - synthesis: Bit 2 of Register b_s_31__I_0_e2 is stuck at Zero
WARNING - synthesis: Bit 1 of Register b_s_31__I_0_e2 is stuck at Zero
WARNING - synthesis: Bit 0 of Register b_s_31__I_0_e2 is stuck at Zero
WARNING - synthesis: Bit 63 of Register d2_reg_15__I_0_e3 is stuck at Zero
WARNING - synthesis: Bit 62 of Register d2_reg_15__I_0_e3 is stuck at Zero
WARNING - synthesis: Bit 61 of Register d2_reg_15__I_0_e3 is stuck at Zero
WARNING - synthesis: Bit 60 of Register d2_reg_15__I_0_e3 is stuck at Zero
WARNING - synthesis: Bit 59 of Register d2_reg_15__I_0_e3 is stuck at Zero
WARNING - synthesis: Bit 58 of Register d2_reg_15__I_0_e3 is stuck at Zero
WARNING - synthesis: Bit 57 of Register d2_reg_15__I_0_e3 is stuck at Zero
WARNING - synthesis: Bit 56 of Register d2_reg_15__I_0_e3 is stuck at Zero
WARNING - synthesis: Bit 55 of Register d2_reg_15__I_0_e3 is stuck at Zero
WARNING - synthesis: Bit 54 of Register d2_reg_15__I_0_e3 is stuck at Zero
WARNING - synthesis: Bit 53 of Register d2_reg_15__I_0_e3 is stuck at Zero
WARNING - synthesis: Bit 52 of Register d2_reg_15__I_0_e3 is stuck at Zero
WARNING - synthesis: Bit 51 of Register d2_reg_15__I_0_e3 is stuck at Zero
WARNING - synthesis: Bit 50 of Register d2_reg_15__I_0_e3 is stuck at Zero
WARNING - synthesis: Bit 49 of Register d2_reg_15__I_0_e3 is stuck at Zero
WARNING - synthesis: Bit 48 of Register d2_reg_15__I_0_e3 is stuck at Zero
WARNING - synthesis: Bit 47 of Register d2_reg_15__I_0_e3 is stuck at Zero
WARNING - synthesis: Bit 46 of Register d2_reg_15__I_0_e3 is stuck at Zero
WARNING - synthesis: Bit 45 of Register d2_reg_15__I_0_e3 is stuck at Zero
WARNING - synthesis: Bit 44 of Register d2_reg_15__I_0_e3 is stuck at Zero
WARNING - synthesis: Bit 43 of Register d2_reg_15__I_0_e3 is stuck at Zero
WARNING - synthesis: Bit 42 of Register d2_reg_15__I_0_e3 is stuck at Zero
WARNING - synthesis: Bit 41 of Register d2_reg_15__I_0_e3 is stuck at Zero
WARNING - synthesis: Bit 40 of Register d2_reg_15__I_0_e3 is stuck at Zero
WARNING - synthesis: Bit 39 of Register d2_reg_15__I_0_e3 is stuck at Zero
WARNING - synthesis: Bit 38 of Register d2_reg_15__I_0_e3 is stuck at Zero
WARNING - synthesis: Bit 37 of Register d2_reg_15__I_0_e3 is stuck at Zero
WARNING - synthesis: Bit 36 of Register d2_reg_15__I_0_e3 is stuck at Zero
WARNING - synthesis: Bit 35 of Register d2_reg_15__I_0_e3 is stuck at Zero
WARNING - synthesis: Bit 34 of Register d2_reg_15__I_0_e3 is stuck at Zero
WARNING - synthesis: Bit 33 of Register d2_reg_15__I_0_e3 is stuck at Zero
WARNING - synthesis: Bit 32 of Register d2_reg_15__I_0_e3 is stuck at Zero
WARNING - synthesis: Bit 31 of Register d2_reg_15__I_0_e3 is stuck at Zero
WARNING - synthesis: Bit 30 of Register d2_reg_15__I_0_e3 is stuck at Zero
WARNING - synthesis: Bit 29 of Register d2_reg_15__I_0_e3 is stuck at Zero
WARNING - synthesis: Bit 28 of Register d2_reg_15__I_0_e3 is stuck at Zero
WARNING - synthesis: Bit 27 of Register d2_reg_15__I_0_e3 is stuck at Zero
WARNING - synthesis: Bit 26 of Register d2_reg_15__I_0_e3 is stuck at Zero
WARNING - synthesis: Bit 25 of Register d2_reg_15__I_0_e3 is stuck at Zero
WARNING - synthesis: Bit 24 of Register d2_reg_15__I_0_e3 is stuck at Zero
WARNING - synthesis: Bit 23 of Register d2_reg_15__I_0_e3 is stuck at Zero
WARNING - synthesis: Bit 22 of Register d2_reg_15__I_0_e3 is stuck at Zero
WARNING - synthesis: Bit 21 of Register d2_reg_15__I_0_e3 is stuck at Zero
WARNING - synthesis: Bit 20 of Register d2_reg_15__I_0_e3 is stuck at Zero
WARNING - synthesis: Bit 19 of Register d2_reg_15__I_0_e3 is stuck at Zero
WARNING - synthesis: Bit 18 of Register d2_reg_15__I_0_e3 is stuck at Zero
WARNING - synthesis: Bit 17 of Register d2_reg_15__I_0_e3 is stuck at Zero
WARNING - synthesis: Bit 16 of Register d2_reg_15__I_0_e3 is stuck at Zero
WARNING - synthesis: Bit 15 of Register d2_reg_15__I_0_e3 is stuck at Zero
WARNING - synthesis: Bit 14 of Register d2_reg_15__I_0_e3 is stuck at Zero
WARNING - synthesis: Bit 13 of Register d2_reg_15__I_0_e3 is stuck at Zero
WARNING - synthesis: Bit 12 of Register d2_reg_15__I_0_e3 is stuck at Zero
WARNING - synthesis: Bit 11 of Register d2_reg_15__I_0_e3 is stuck at Zero
WARNING - synthesis: Bit 10 of Register d2_reg_15__I_0_e3 is stuck at Zero
WARNING - synthesis: Bit 9 of Register d2_reg_15__I_0_e3 is stuck at Zero
WARNING - synthesis: Bit 8 of Register d2_reg_15__I_0_e3 is stuck at Zero
WARNING - synthesis: Bit 7 of Register d2_reg_15__I_0_e3 is stuck at Zero
WARNING - synthesis: Bit 6 of Register d2_reg_15__I_0_e3 is stuck at Zero
WARNING - synthesis: Bit 5 of Register d2_reg_15__I_0_e3 is stuck at Zero
WARNING - synthesis: Bit 4 of Register d2_reg_15__I_0_e3 is stuck at Zero
WARNING - synthesis: Bit 3 of Register d2_reg_15__I_0_e3 is stuck at Zero
WARNING - synthesis: Bit 2 of Register d2_reg_15__I_0_e3 is stuck at Zero
WARNING - synthesis: Bit 1 of Register d2_reg_15__I_0_e3 is stuck at Zero
WARNING - synthesis: Bit 0 of Register d2_reg_15__I_0_e3 is stuck at Zero
WARNING - synthesis: Bit 31 of Register b_s_31__I_0_e1 is stuck at Zero
WARNING - synthesis: Bit 30 of Register b_s_31__I_0_e1 is stuck at Zero
WARNING - synthesis: Bit 29 of Register b_s_31__I_0_e1 is stuck at Zero
WARNING - synthesis: Bit 28 of Register b_s_31__I_0_e1 is stuck at Zero
WARNING - synthesis: Bit 27 of Register b_s_31__I_0_e1 is stuck at Zero
WARNING - synthesis: Bit 26 of Register b_s_31__I_0_e1 is stuck at Zero
WARNING - synthesis: Bit 25 of Register b_s_31__I_0_e1 is stuck at Zero
WARNING - synthesis: Bit 24 of Register b_s_31__I_0_e1 is stuck at Zero
WARNING - synthesis: Bit 23 of Register b_s_31__I_0_e1 is stuck at Zero
WARNING - synthesis: Bit 22 of Register b_s_31__I_0_e1 is stuck at Zero
WARNING - synthesis: Bit 21 of Register b_s_31__I_0_e1 is stuck at Zero
WARNING - synthesis: Bit 20 of Register b_s_31__I_0_e1 is stuck at Zero
WARNING - synthesis: Bit 19 of Register b_s_31__I_0_e1 is stuck at Zero
WARNING - synthesis: Bit 18 of Register b_s_31__I_0_e1 is stuck at Zero
WARNING - synthesis: Bit 17 of Register b_s_31__I_0_e1 is stuck at Zero
WARNING - synthesis: Bit 16 of Register b_s_31__I_0_e1 is stuck at Zero
WARNING - synthesis: Bit 15 of Register b_s_31__I_0_e1 is stuck at Zero
WARNING - synthesis: Bit 14 of Register b_s_31__I_0_e1 is stuck at Zero
WARNING - synthesis: Bit 13 of Register b_s_31__I_0_e1 is stuck at Zero
WARNING - synthesis: Bit 12 of Register b_s_31__I_0_e1 is stuck at Zero
WARNING - synthesis: Bit 11 of Register b_s_31__I_0_e1 is stuck at Zero
WARNING - synthesis: Bit 10 of Register b_s_31__I_0_e1 is stuck at Zero
WARNING - synthesis: Bit 9 of Register b_s_31__I_0_e1 is stuck at Zero
WARNING - synthesis: Bit 8 of Register b_s_31__I_0_e1 is stuck at Zero
WARNING - synthesis: Bit 7 of Register b_s_31__I_0_e1 is stuck at Zero
WARNING - synthesis: Bit 6 of Register b_s_31__I_0_e1 is stuck at Zero
WARNING - synthesis: Bit 5 of Register b_s_31__I_0_e1 is stuck at Zero
WARNING - synthesis: Bit 4 of Register b_s_31__I_0_e1 is stuck at Zero
WARNING - synthesis: Bit 3 of Register b_s_31__I_0_e1 is stuck at Zero
WARNING - synthesis: Bit 2 of Register b_s_31__I_0_e1 is stuck at Zero
WARNING - synthesis: Bit 1 of Register b_s_31__I_0_e1 is stuck at Zero
WARNING - synthesis: Bit 0 of Register b_s_31__I_0_e1 is stuck at Zero
WARNING - synthesis: Bit 31 of Register c_s_31__I_0_e1 is stuck at Zero
WARNING - synthesis: Bit 30 of Register c_s_31__I_0_e1 is stuck at Zero
WARNING - synthesis: Bit 29 of Register c_s_31__I_0_e1 is stuck at Zero
WARNING - synthesis: Bit 28 of Register c_s_31__I_0_e1 is stuck at Zero
WARNING - synthesis: Bit 27 of Register c_s_31__I_0_e1 is stuck at Zero
WARNING - synthesis: Bit 26 of Register c_s_31__I_0_e1 is stuck at Zero
WARNING - synthesis: Bit 25 of Register c_s_31__I_0_e1 is stuck at Zero
WARNING - synthesis: Bit 24 of Register c_s_31__I_0_e1 is stuck at Zero
WARNING - synthesis: Bit 23 of Register c_s_31__I_0_e1 is stuck at Zero
WARNING - synthesis: Bit 22 of Register c_s_31__I_0_e1 is stuck at Zero
WARNING - synthesis: Bit 21 of Register c_s_31__I_0_e1 is stuck at Zero
WARNING - synthesis: Bit 20 of Register c_s_31__I_0_e1 is stuck at Zero
WARNING - synthesis: Bit 19 of Register c_s_31__I_0_e1 is stuck at Zero
WARNING - synthesis: Bit 18 of Register c_s_31__I_0_e1 is stuck at Zero
WARNING - synthesis: Bit 17 of Register c_s_31__I_0_e1 is stuck at Zero
WARNING - synthesis: Bit 16 of Register c_s_31__I_0_e1 is stuck at Zero
WARNING - synthesis: Bit 15 of Register c_s_31__I_0_e1 is stuck at Zero
WARNING - synthesis: Bit 14 of Register c_s_31__I_0_e1 is stuck at Zero
WARNING - synthesis: Bit 13 of Register c_s_31__I_0_e1 is stuck at Zero
WARNING - synthesis: Bit 12 of Register c_s_31__I_0_e1 is stuck at Zero
WARNING - synthesis: Bit 11 of Register c_s_31__I_0_e1 is stuck at Zero
WARNING - synthesis: Bit 10 of Register c_s_31__I_0_e1 is stuck at Zero
WARNING - synthesis: Bit 9 of Register c_s_31__I_0_e1 is stuck at Zero
WARNING - synthesis: Bit 8 of Register c_s_31__I_0_e1 is stuck at Zero
WARNING - synthesis: Bit 7 of Register c_s_31__I_0_e1 is stuck at Zero
WARNING - synthesis: Bit 6 of Register c_s_31__I_0_e1 is stuck at Zero
WARNING - synthesis: Bit 5 of Register c_s_31__I_0_e1 is stuck at Zero
WARNING - synthesis: Bit 4 of Register c_s_31__I_0_e1 is stuck at Zero
WARNING - synthesis: Bit 3 of Register c_s_31__I_0_e1 is stuck at Zero
WARNING - synthesis: Bit 2 of Register c_s_31__I_0_e1 is stuck at Zero
WARNING - synthesis: Bit 1 of Register c_s_31__I_0_e1 is stuck at Zero
WARNING - synthesis: Bit 0 of Register c_s_31__I_0_e1 is stuck at Zero
WARNING - synthesis: Bit 31 of Register a2_reg_15__I_0_e1 is stuck at Zero
WARNING - synthesis: Bit 30 of Register a2_reg_15__I_0_e1 is stuck at Zero
WARNING - synthesis: Bit 29 of Register a2_reg_15__I_0_e1 is stuck at Zero
WARNING - synthesis: Bit 28 of Register a2_reg_15__I_0_e1 is stuck at Zero
WARNING - synthesis: Bit 27 of Register a2_reg_15__I_0_e1 is stuck at Zero
WARNING - synthesis: Bit 26 of Register a2_reg_15__I_0_e1 is stuck at Zero
WARNING - synthesis: Bit 25 of Register a2_reg_15__I_0_e1 is stuck at Zero
WARNING - synthesis: Bit 24 of Register a2_reg_15__I_0_e1 is stuck at Zero
WARNING - synthesis: Bit 23 of Register a2_reg_15__I_0_e1 is stuck at Zero
WARNING - synthesis: Bit 22 of Register a2_reg_15__I_0_e1 is stuck at Zero
WARNING - synthesis: Bit 21 of Register a2_reg_15__I_0_e1 is stuck at Zero
WARNING - synthesis: Bit 20 of Register a2_reg_15__I_0_e1 is stuck at Zero
WARNING - synthesis: Bit 19 of Register a2_reg_15__I_0_e1 is stuck at Zero
WARNING - synthesis: Bit 18 of Register a2_reg_15__I_0_e1 is stuck at Zero
WARNING - synthesis: Bit 17 of Register a2_reg_15__I_0_e1 is stuck at Zero
WARNING - synthesis: Bit 16 of Register a2_reg_15__I_0_e1 is stuck at Zero
WARNING - synthesis: Bit 15 of Register a2_reg_15__I_0_e1 is stuck at Zero
WARNING - synthesis: Bit 14 of Register a2_reg_15__I_0_e1 is stuck at Zero
WARNING - synthesis: Bit 13 of Register a2_reg_15__I_0_e1 is stuck at Zero
WARNING - synthesis: Bit 12 of Register a2_reg_15__I_0_e1 is stuck at Zero
WARNING - synthesis: Bit 11 of Register a2_reg_15__I_0_e1 is stuck at Zero
WARNING - synthesis: Bit 10 of Register a2_reg_15__I_0_e1 is stuck at Zero
WARNING - synthesis: Bit 9 of Register a2_reg_15__I_0_e1 is stuck at Zero
WARNING - synthesis: Bit 8 of Register a2_reg_15__I_0_e1 is stuck at Zero
WARNING - synthesis: Bit 7 of Register a2_reg_15__I_0_e1 is stuck at Zero
WARNING - synthesis: Bit 6 of Register a2_reg_15__I_0_e1 is stuck at Zero
WARNING - synthesis: Bit 5 of Register a2_reg_15__I_0_e1 is stuck at Zero
WARNING - synthesis: Bit 4 of Register a2_reg_15__I_0_e1 is stuck at Zero
WARNING - synthesis: Bit 3 of Register a2_reg_15__I_0_e1 is stuck at Zero
WARNING - synthesis: Bit 2 of Register a2_reg_15__I_0_e1 is stuck at Zero
WARNING - synthesis: Bit 1 of Register a2_reg_15__I_0_e1 is stuck at Zero
WARNING - synthesis: Bit 0 of Register a2_reg_15__I_0_e1 is stuck at Zero
######## Missing driver on net n11710. Patching with GND.
######## Missing driver on net n11709. Patching with GND.
######## Missing driver on net n11708. Patching with GND.
######## Missing driver on net n11707. Patching with GND.
######## Missing driver on net n11706. Patching with GND.
######## Missing driver on net n11705. Patching with GND.
######## Missing driver on net n11704. Patching with GND.
######## Missing driver on net n11703. Patching with GND.
######## Missing driver on net n11702. Patching with GND.
######## Missing driver on net n11701. Patching with GND.
######## Missing driver on net n11700. Patching with GND.
######## Missing driver on net n11699. Patching with GND.
######## Missing driver on net n11698. Patching with GND.
######## Missing driver on net n11697. Patching with GND.
######## Missing driver on net n11696. Patching with GND.
######## Missing driver on net n11695. Patching with GND.
######## Missing driver on net n11694. Patching with GND.
######## Missing driver on net n11693. Patching with GND.
######## Missing driver on net n11692. Patching with GND.
######## Missing driver on net n11691. Patching with GND.
######## Missing driver on net n11690. Patching with GND.
######## Missing driver on net n11689. Patching with GND.
######## Missing driver on net n11688. Patching with GND.
######## Missing driver on net n11687. Patching with GND.
######## Missing driver on net n11686. Patching with GND.
######## Missing driver on net n11685. Patching with GND.
######## Missing driver on net n11684. Patching with GND.
######## Missing driver on net n11683. Patching with GND.
######## Missing driver on net n11682. Patching with GND.
######## Missing driver on net n11681. Patching with GND.
######## Missing driver on net n11680. Patching with GND.
######## Missing driver on net n11679. Patching with GND.
######## Missing driver on net n11678. Patching with GND.
######## Missing driver on net n11677. Patching with GND.
######## Missing driver on net n11676. Patching with GND.
######## Missing driver on net n11675. Patching with GND.
######## Missing driver on net n11674. Patching with GND.
######## Missing driver on net n11673. Patching with GND.
######## Missing driver on net n11672. Patching with GND.
######## Missing driver on net n11671. Patching with GND.
######## Missing driver on net n11670. Patching with GND.
######## Missing driver on net n11669. Patching with GND.
######## Missing driver on net n11668. Patching with GND.
######## Missing driver on net n11667. Patching with GND.
######## Missing driver on net n11666. Patching with GND.
######## Missing driver on net n11665. Patching with GND.
######## Missing driver on net n11664. Patching with GND.
######## Missing driver on net n11663. Patching with GND.
GSR instance connected to net n11713.
Applying 200.000000 MHz constraint to all clocks

WARNING - synthesis: No user .sdc file.
Results of NGD DRC are available in matrix_inv_drc.log.
Loading NGL library 'C:/lscc/diamond/3.14/ispfpga/sa5p00/data/sa5plib.ngl'...
Loading NGL library 'C:/lscc/diamond/3.14/ispfpga/xo2c00/data/xo2clib.ngl'...
Loading NGL library 'C:/lscc/diamond/3.14/ispfpga/mg5g00/data/mg5glib.ngl'...
Loading NGL library 'C:/lscc/diamond/3.14/ispfpga/or5g00/data/orc5glib.ngl'...
All blocks are expanded and NGD expansion is successful.
Writing NGD file inverter_impl1.ngd.

################### Begin Area Report (matrix_inv)######################
Number of register bits => 228 of 24879 (0 % )
ALU54B => 8
CCU2C => 1217
FD1S3AX => 225
FD1S3AY => 2
FD1S3JX => 1
GSR => 1
IB => 66
LUT4 => 231
MULT18X18D => 18
OB => 65
################### End Area Report ##################

################### Begin Clock Report ######################
Clock Nets
Number of Clocks: 1
  Net : clk_c, loads : 244
Clock Enable Nets
Number of Clock Enables: 0
Top 0 highest fanout Clock Enables:
Highest fanout non-clock nets
Top 10 highest fanout non-clock nets:
  Net : n2650, loads : 90
  Net : det_q4_28_0, loads : 68
  Net : n2516, loads : 67
  Net : n2583, loads : 65
  Net : n3454, loads : 65
  Net : n13837, loads : 64
  Net : n13835, loads : 64
  Net : n13834, loads : 64
  Net : n13833, loads : 64
  Net : n13832, loads : 64
################### End Clock Report ##################

Timing Report Summary
--------------
--------------------------------------------------------------------------------
Constraint                              |   Constraint|       Actual|Levels
--------------------------------------------------------------------------------
                                        |             |             |
create_clock -period 5.000000 -name     |             |             |
clk0 [get_nets clk_c]                   |  200.000 MHz|    6.007 MHz|   540 *
                                        |             |             |
--------------------------------------------------------------------------------


1 constraints not met.


Peak Memory Usage: 369.875  MB

--------------------------------------------------------------
Elapsed CPU time for LSE flow : 60.266  secs
--------------------------------------------------------------
