
synthesis -f "aula26_datapath_impl1_lattice.synproj"
synthesis:  version Diamond (64-bit) 3.14.0.75.2

Copyright (c) 1991-1994 by NeoCAD Inc. All rights reserved.
Copyright (c) 1995 AT&T Corp.   All rights reserved.
Copyright (c) 1995-2001 Lucent Technologies Inc.  All rights reserved.
Copyright (c) 2001 Agere Systems   All rights reserved.
Copyright (c) 2002-2024 Lattice Semiconductor Corporation,  All rights reserved.
Wed May 14 21:39:40 2025


Command Line:  synthesis -f aula26_datapath_impl1_lattice.synproj -gui -msgset D:/RTL_FPGA/VERILOG/aula26_datapath/promote.xml 

    <postMsg mid="35002000" type="Info"    dynamic="0" navigation="0"  />
Synthesis options:
The -a option is ECP5U.
The -s option is 6.
The -t option is CABGA256.
The -d option is LFE5U-45F.
Using package CABGA256.
Using performance grade 6.
                                                          

##########################################################

### Lattice Family : ECP5U

### Device  : LFE5U-45F

### Package : CABGA256

### Speed   : 6

##########################################################

                                                          

    <postMsg mid="35001781" type="Info"    dynamic="0" navigation="0"  />
Optimization goal = Timing
Top-level module name = datapath.
Target frequency = 200.000000 MHz.
Maximum fanout = 1000.
Timing path count = 3
BRAM utilization = 100.000000 %
DSP usage = true
DSP utilization = 100.000000 %
fsm_encoding_style = auto
resolve_mixed_drivers = 0
fix_gated_clocks = 1

Mux style = Auto
Use Carry Chain = true
carry_chain_length = 0
Loop Limit = 1950.
Use IO Insertion = TRUE
Use IO Reg = AUTO

Resource Sharing = TRUE
Propagate Constants = TRUE
Remove Duplicate Registers = TRUE
force_gsr = auto
ROM style = auto
RAM style = auto
The -comp option is FALSE.
The -syn option is FALSE.
-p D:/RTL_FPGA/VERILOG/aula26_datapath (searchpath added)
-p C:/lscc/diamond/3.14/ispfpga/sa5p00/data (searchpath added)
-p D:/RTL_FPGA/VERILOG/aula26_datapath/impl1 (searchpath added)
-p D:/RTL_FPGA/VERILOG/aula26_datapath (searchpath added)
Verilog design file = D:/RTL_FPGA/VERILOG/aula26_datapath/demux12.v
Verilog design file = D:/RTL_FPGA/VERILOG/aula26_datapath/mux21.v
Verilog design file = D:/RTL_FPGA/VERILOG/aula26_datapath/flipflop_D.v
Verilog design file = D:/RTL_FPGA/VERILOG/aula26_datapath/reg_4bits.v
Verilog design file = D:/RTL_FPGA/VERILOG/aula26_datapath/top_model.v
Verilog design file = D:/RTL_FPGA/VERILOG/aula26_datapath/impl1/source/ula2.v
NGD file = aula26_datapath_impl1.ngd
-sdc option: SDC file input not used.
-lpf option: Output file option is ON.
Hardtimer checking is enabled (default). The -dt option is not used.
The -r option is OFF. [ Remove LOC Properties is OFF. ]
Technology check ok...

Analyzing Verilog file C:/lscc/diamond/3.14/ispfpga/userware/NT/SYNTHESIS_HEADERS/ecp5u.v. VERI-1482
Compile design.
Compile Design Begin
Analyzing Verilog file d:/rtl_fpga/verilog/aula26_datapath/demux12.v. VERI-1482
Analyzing Verilog file d:/rtl_fpga/verilog/aula26_datapath/mux21.v. VERI-1482
Analyzing Verilog file d:/rtl_fpga/verilog/aula26_datapath/flipflop_d.v. VERI-1482
Analyzing Verilog file d:/rtl_fpga/verilog/aula26_datapath/reg_4bits.v. VERI-1482
Analyzing Verilog file d:/rtl_fpga/verilog/aula26_datapath/top_model.v. VERI-1482
Analyzing Verilog file d:/rtl_fpga/verilog/aula26_datapath/impl1/source/ula2.v. VERI-1482
    <postMsg mid="35901320" type="Warning" dynamic="1" navigation="2" arg0="d:/rtl_fpga/verilog/aula26_datapath/impl1/source/ula2.v(19): " arg1="d:/rtl_fpga/verilog/aula26_datapath/impl1/source/ula2.v" arg2="19"  />
    <postMsg mid="35901320" type="Warning" dynamic="1" navigation="2" arg0="d:/rtl_fpga/verilog/aula26_datapath/impl1/source/ula2.v(20): " arg1="d:/rtl_fpga/verilog/aula26_datapath/impl1/source/ula2.v" arg2="20"  />
Analyzing Verilog file C:/lscc/diamond/3.14/ispfpga/userware/NT/SYNTHESIS_HEADERS/ecp5u.v. VERI-1482
Top module name (Verilog): datapath
    <postMsg mid="35901018" type="Info"    dynamic="2" navigation="2" arg0="d:/rtl_fpga/verilog/aula26_datapath/top_model.v(1): " arg1="datapath" arg2="d:/rtl_fpga/verilog/aula26_datapath/top_model.v" arg3="1"  />
    <postMsg mid="35901018" type="Info"    dynamic="2" navigation="2" arg0="d:/rtl_fpga/verilog/aula26_datapath/mux21.v(1): " arg1="mux21" arg2="d:/rtl_fpga/verilog/aula26_datapath/mux21.v" arg3="1"  />
    <postMsg mid="35901018" type="Info"    dynamic="2" navigation="2" arg0="d:/rtl_fpga/verilog/aula26_datapath/reg_4bits.v(1): " arg1="reg_4bits" arg2="d:/rtl_fpga/verilog/aula26_datapath/reg_4bits.v" arg3="1"  />
    <postMsg mid="35901018" type="Info"    dynamic="2" navigation="2" arg0="d:/rtl_fpga/verilog/aula26_datapath/demux12.v(1): " arg1="demux12" arg2="d:/rtl_fpga/verilog/aula26_datapath/demux12.v" arg3="1"  />
    <postMsg mid="35901018" type="Info"    dynamic="2" navigation="2" arg0="d:/rtl_fpga/verilog/aula26_datapath/flipflop_d.v(1): " arg1="flipflop_D" arg2="d:/rtl_fpga/verilog/aula26_datapath/flipflop_d.v" arg3="1"  />
    <postMsg mid="35901320" type="Warning" dynamic="1" navigation="2" arg0="d:/rtl_fpga/verilog/aula26_datapath/impl1/source/ula2.v(19): " arg1="d:/rtl_fpga/verilog/aula26_datapath/impl1/source/ula2.v" arg2="19"  />
    <postMsg mid="35901320" type="Warning" dynamic="1" navigation="2" arg0="d:/rtl_fpga/verilog/aula26_datapath/impl1/source/ula2.v(20): " arg1="d:/rtl_fpga/verilog/aula26_datapath/impl1/source/ula2.v" arg2="20"  />
    <postMsg mid="35901018" type="Info"    dynamic="2" navigation="2" arg0="d:/rtl_fpga/verilog/aula26_datapath/impl1/source/ula2.v(1): " arg1="ula_ula2" arg2="d:/rtl_fpga/verilog/aula26_datapath/impl1/source/ula2.v" arg3="1"  />
    <postMsg mid="35901209" type="Warning" dynamic="3" navigation="2" arg0="d:/rtl_fpga/verilog/aula26_datapath/impl1/source/ula2.v(19): " arg1="35" arg2="4" arg3="d:/rtl_fpga/verilog/aula26_datapath/impl1/source/ula2.v" arg4="19"  />
Last elaborated design is datapath()
Loading NGL library 'C:/lscc/diamond/3.14/ispfpga/sa5p00/data/sa5plib.ngl'...
Loading NGL library 'C:/lscc/diamond/3.14/ispfpga/xo2c00/data/xo2clib.ngl'...
Loading NGL library 'C:/lscc/diamond/3.14/ispfpga/mg5g00/data/mg5glib.ngl'...
Loading NGL library 'C:/lscc/diamond/3.14/ispfpga/or5g00/data/orc5glib.ngl'...
Loading device for application map from file 'sa5p45.nph' in environment: C:/lscc/diamond/3.14/ispfpga.
Package Status:                     Final          Version 1.50.
Top-level module name = datapath.



    <postMsg mid="35001747" type="Warning" dynamic="2" navigation="0" arg0="3" arg1="\regB/Q"  />
    <postMsg mid="35001747" type="Warning" dynamic="2" navigation="0" arg0="2" arg1="\regB/Q"  />
    <postMsg mid="35001747" type="Warning" dynamic="2" navigation="0" arg0="1" arg1="\regB/Q"  />
    <postMsg mid="35002005" type="Warning" dynamic="1" navigation="0" arg0="dados[3]"  />
    <postMsg mid="35002005" type="Warning" dynamic="1" navigation="0" arg0="dados[2]"  />
    <postMsg mid="35002005" type="Warning" dynamic="1" navigation="0" arg0="dados[1]"  />
    <postMsg mid="35002005" type="Warning" dynamic="1" navigation="0" arg0="dados[0]"  />
    <postMsg mid="35002005" type="Warning" dynamic="1" navigation="0" arg0="sel21"  />
    <postMsg mid="35935013" type="Warning" dynamic="2" navigation="2" arg0="d:/rtl_fpga/verilog/aula26_datapath/reg_4bits.v(30): " arg1="\rf/data_out__i1" arg2="d:/rtl_fpga/verilog/aula26_datapath/reg_4bits.v" arg3="30"  />
    <postMsg mid="35935013" type="Warning" dynamic="2" navigation="2" arg0="d:/rtl_fpga/verilog/aula26_datapath/flipflop_d.v(13): " arg1="\regA/Q__i1" arg2="d:/rtl_fpga/verilog/aula26_datapath/flipflop_d.v" arg3="13"  />
GSR will not be inferred because no asynchronous signal was found in the netlist.
Applying 200.000000 MHz constraint to all clocks

    <postMsg mid="35001611" type="Warning" dynamic="0" navigation="0"  />
Results of NGD DRC are available in datapath_drc.log.
Loading NGL library 'C:/lscc/diamond/3.14/ispfpga/sa5p00/data/sa5plib.ngl'...
Loading NGL library 'C:/lscc/diamond/3.14/ispfpga/xo2c00/data/xo2clib.ngl'...
Loading NGL library 'C:/lscc/diamond/3.14/ispfpga/mg5g00/data/mg5glib.ngl'...
Loading NGL library 'C:/lscc/diamond/3.14/ispfpga/or5g00/data/orc5glib.ngl'...


Running DRC...

    <postMsg mid="1166052" type="Warning" dynamic="2" navigation="1" arg0="logical" arg1="dados[3]" arg2="dados[3]"  />
    <postMsg mid="1166064" type="Warning" dynamic="2" navigation="0" arg0="input" arg1="dados[3]"  />
    <postMsg mid="1166052" type="Warning" dynamic="2" navigation="1" arg0="logical" arg1="dados[2]" arg2="dados[2]"  />
    <postMsg mid="1166064" type="Warning" dynamic="2" navigation="0" arg0="input" arg1="dados[2]"  />
    <postMsg mid="1166052" type="Warning" dynamic="2" navigation="1" arg0="logical" arg1="dados[1]" arg2="dados[1]"  />
    <postMsg mid="1166064" type="Warning" dynamic="2" navigation="0" arg0="input" arg1="dados[1]"  />
    <postMsg mid="1166052" type="Warning" dynamic="2" navigation="1" arg0="logical" arg1="dados[0]" arg2="dados[0]"  />
    <postMsg mid="1166064" type="Warning" dynamic="2" navigation="0" arg0="input" arg1="dados[0]"  />
    <postMsg mid="1166052" type="Warning" dynamic="2" navigation="1" arg0="logical" arg1="sel21" arg2="sel21"  />
    <postMsg mid="1166064" type="Warning" dynamic="2" navigation="0" arg0="input" arg1="sel21"  />
    <postMsg mid="1166052" type="Warning" dynamic="2" navigation="1" arg0="logical" arg1="escrita_c" arg2="escrita_c"  />
    <postMsg mid="1166052" type="Warning" dynamic="2" navigation="1" arg0="logical" arg1="clk_c" arg2="clk_c"  />
    <postMsg mid="1166052" type="Warning" dynamic="2" navigation="1" arg0="logical" arg1="sel12_c" arg2="sel12_c"  />
    <postMsg mid="1166052" type="Warning" dynamic="2" navigation="1" arg0="logical" arg1="Cin_c" arg2="Cin_c"  />
    <postMsg mid="1166052" type="Warning" dynamic="2" navigation="1" arg0="logical" arg1="reset_c" arg2="reset_c"  />
    <postMsg mid="1166052" type="Warning" dynamic="2" navigation="1" arg0="logical" arg1="addr_c_0" arg2="addr_c_0"  />
    <postMsg mid="1166052" type="Warning" dynamic="2" navigation="1" arg0="logical" arg1="addr_c_1" arg2="addr_c_1"  />
    <postMsg mid="1166052" type="Warning" dynamic="2" navigation="1" arg0="logical" arg1="operacao_c_0" arg2="operacao_c_0"  />
    <postMsg mid="1163101" type="Warning" dynamic="1" navigation="0" arg0="18"  />

Design Results:
     20 blocks expanded
completed the first expansion
All blocks are expanded and NGD expansion is successful.
Writing NGD file aula26_datapath_impl1.ngd.

################### Begin Area Report (datapath)######################
Number of register bits => 0 of 44439 (0 % )
GSR => 1
IB => 10
LUT4 => 1
OB => 5
################### End Area Report ##################

################### Begin Clock Report ######################
Clock Nets
Number of Clocks: 1
  Net : clk_c, loads : 0
Clock Enable Nets
Number of Clock Enables: 0
Top 0 highest fanout Clock Enables:
Highest fanout non-clock nets
Top 10 highest fanout non-clock nets:
  Net : ula/resultado_c_1, loads : 3
  Net : operacao_c_2, loads : 1
  Net : operacao_c_1, loads : 1
  Net : addr_c_1, loads : 0
  Net : addr_c_0, loads : 0
  Net : sel12_c, loads : 0
  Net : escrita_c, loads : 0
  Net : reset_c, loads : 0
  Net : Cin_c, loads : 0
  Net : operacao_c_0, loads : 0
################### End Clock Report ##################

Peak Memory Usage: 87.816  MB

--------------------------------------------------------------
Elapsed CPU time for LSE flow : 1.281  secs
--------------------------------------------------------------
