synthesis:  version Diamond (64-bit) 3.14.0.75.2

Copyright (c) 1991-1994 by NeoCAD Inc. All rights reserved.
Copyright (c) 1995 AT&T Corp.   All rights reserved.
Copyright (c) 1995-2001 Lucent Technologies Inc.  All rights reserved.
Copyright (c) 2001 Agere Systems   All rights reserved.
Copyright (c) 2002-2024 Lattice Semiconductor Corporation,  All rights reserved.
Tue Apr 15 21:25:35 2025


Command Line:  synthesis -f reverse_bits_impl1_lattice.synproj -gui 

Synthesis options:
The -a option is ECP5U.
The -s option is 6.
The -t option is CABGA256.
The -d option is LFE5U-45F.
Using package CABGA256.
Using performance grade 6.
                                                          

##########################################################

### Lattice Family : ECP5U

### Device  : LFE5U-45F

### Package : CABGA256

### Speed   : 6

##########################################################

                                                          

INFO - synthesis: User-Selected Strategy Settings
Optimization goal = Timing
Top-level module name = reverse_bits.
Target frequency = 200.000000 MHz.
Maximum fanout = 1000.
Timing path count = 3
BRAM utilization = 100.000000 %
DSP usage = true
DSP utilization = 100.000000 %
fsm_encoding_style = auto
resolve_mixed_drivers = 0
fix_gated_clocks = 1

Mux style = Auto
Use Carry Chain = true
carry_chain_length = 0
Loop Limit = 1950.
Use IO Insertion = TRUE
Use IO Reg = AUTO

Resource Sharing = TRUE
Propagate Constants = TRUE
Remove Duplicate Registers = TRUE
force_gsr = auto
ROM style = auto
RAM style = auto
The -comp option is FALSE.
The -syn option is FALSE.
-p C:/lscc/diamond/3.14/ispfpga/sa5p00/data (searchpath added)
-p D:/RTL_FPGA/VHDL/reverse_bits/impl1 (searchpath added)
-p D:/RTL_FPGA/VHDL/reverse_bits (searchpath added)
VHDL library = work
VHDL design file = D:/RTL_FPGA/VHDL/reverse_bits/reverse_bits_function.vhd
NGD file = reverse_bits_impl1.ngd
-sdc option: SDC file input not used.
-lpf option: Output file option is ON.
Hardtimer checking is enabled (default). The -dt option is not used.
The -r option is OFF. [ Remove LOC Properties is OFF. ]
Technology check ok...

Analyzing Verilog file C:/lscc/diamond/3.14/ispfpga/userware/NT/SYNTHESIS_HEADERS/ecp5u.v. VERI-1482
Compile design.
Compile Design Begin
INFO - synthesis: The default VHDL library search path is now "D:/RTL_FPGA/VHDL/reverse_bits/impl1". VHDL-1504
Analyzing VHDL file d:/rtl_fpga/vhdl/reverse_bits/reverse_bits_function.vhd. VHDL-1481
INFO - synthesis: d:/rtl_fpga/vhdl/reverse_bits/reverse_bits_function.vhd(5): analyzing entity reverse_bits. VHDL-1012
INFO - synthesis: d:/rtl_fpga/vhdl/reverse_bits/reverse_bits_function.vhd(12): analyzing architecture behaviour. VHDL-1010
unit reverse_bits is not yet analyzed. VHDL-1485
unit reverse_bits is not yet analyzed. VHDL-1485
d:/rtl_fpga/vhdl/reverse_bits/reverse_bits_function.vhd(5): executing reverse_bits(behaviour)

WARNING - synthesis: d:/rtl_fpga/vhdl/reverse_bits/reverse_bits_function.vhd(10): replacing existing netlist reverse_bits(behaviour). VHDL-1205
Top module name (VHDL): reverse_bits
Loading NGL library 'C:/lscc/diamond/3.14/ispfpga/sa5p00/data/sa5plib.ngl'...
Loading NGL library 'C:/lscc/diamond/3.14/ispfpga/xo2c00/data/xo2clib.ngl'...
Loading NGL library 'C:/lscc/diamond/3.14/ispfpga/mg5g00/data/mg5glib.ngl'...
Loading NGL library 'C:/lscc/diamond/3.14/ispfpga/or5g00/data/orc5glib.ngl'...
Loading device for application map from file 'sa5p45.nph' in environment: C:/lscc/diamond/3.14/ispfpga.
Package Status:                     Final          Version 1.50.
Top-level module name = reverse_bits.
WARNING - synthesis: I/O Port word[7] 's net has no driver and is unused.
WARNING - synthesis: I/O Port word[6] 's net has no driver and is unused.
WARNING - synthesis: I/O Port word[5] 's net has no driver and is unused.
WARNING - synthesis: I/O Port word[4] 's net has no driver and is unused.
WARNING - synthesis: I/O Port word[3] 's net has no driver and is unused.
WARNING - synthesis: I/O Port word[2] 's net has no driver and is unused.
WARNING - synthesis: I/O Port word[1] 's net has no driver and is unused.
WARNING - synthesis: I/O Port word[0] 's net has no driver and is unused.
WARNING - synthesis: I/O Port reverse_word[7] 's net has no driver and is unused.
WARNING - synthesis: I/O Port reverse_word[6] 's net has no driver and is unused.
WARNING - synthesis: I/O Port reverse_word[5] 's net has no driver and is unused.
WARNING - synthesis: I/O Port reverse_word[4] 's net has no driver and is unused.
WARNING - synthesis: I/O Port reverse_word[3] 's net has no driver and is unused.
WARNING - synthesis: I/O Port reverse_word[2] 's net has no driver and is unused.
WARNING - synthesis: I/O Port reverse_word[1] 's net has no driver and is unused.
WARNING - synthesis: I/O Port reverse_word[0] 's net has no driver and is unused.



WARNING - synthesis: I/O Port word[7] 's net has no driver and is unused.
WARNING - synthesis: I/O Port word[6] 's net has no driver and is unused.
WARNING - synthesis: I/O Port word[5] 's net has no driver and is unused.
WARNING - synthesis: I/O Port word[4] 's net has no driver and is unused.
WARNING - synthesis: I/O Port word[3] 's net has no driver and is unused.
WARNING - synthesis: I/O Port word[2] 's net has no driver and is unused.
WARNING - synthesis: I/O Port word[1] 's net has no driver and is unused.
WARNING - synthesis: I/O Port word[0] 's net has no driver and is unused.
WARNING - synthesis: I/O Port reverse_word[7] 's net has no driver and is unused.
WARNING - synthesis: I/O Port reverse_word[6] 's net has no driver and is unused.
WARNING - synthesis: I/O Port reverse_word[5] 's net has no driver and is unused.
WARNING - synthesis: I/O Port reverse_word[4] 's net has no driver and is unused.
WARNING - synthesis: I/O Port reverse_word[3] 's net has no driver and is unused.
WARNING - synthesis: I/O Port reverse_word[2] 's net has no driver and is unused.
WARNING - synthesis: I/O Port reverse_word[1] 's net has no driver and is unused.
WARNING - synthesis: I/O Port reverse_word[0] 's net has no driver and is unused.
GSR will not be inferred because no asynchronous signal was found in the netlist.
Applying 200.000000 MHz constraint to all clocks

WARNING - synthesis: No user .sdc file.
Results of NGD DRC are available in reverse_bits_drc.log.
Loading NGL library 'C:/lscc/diamond/3.14/ispfpga/sa5p00/data/sa5plib.ngl'...
Loading NGL library 'C:/lscc/diamond/3.14/ispfpga/xo2c00/data/xo2clib.ngl'...
Loading NGL library 'C:/lscc/diamond/3.14/ispfpga/mg5g00/data/mg5glib.ngl'...
Loading NGL library 'C:/lscc/diamond/3.14/ispfpga/or5g00/data/orc5glib.ngl'...
WARNING - synthesis: logical net 'GND_net' has no load.
WARNING - synthesis: DRC complete with 1 warnings.
All blocks are expanded and NGD expansion is successful.
Writing NGD file reverse_bits_impl1.ngd.

################### Begin Area Report (reverse_bits)######################
Number of register bits => 0 of 44439 (0 % )
GSR => 1
IB => 8
OB => 8
################### End Area Report ##################

################### Begin Clock Report ######################
Clock Nets
Number of Clocks: 0
Clock Enable Nets
Number of Clock Enables: 0
Top 0 highest fanout Clock Enables:
Highest fanout non-clock nets
Top 10 highest fanout non-clock nets:
  Net : reverse_word_c_7_c, loads : 1
  Net : reverse_word_c_6_c, loads : 1
  Net : reverse_word_c_5_c, loads : 1
  Net : reverse_word_c_4_c, loads : 1
  Net : reverse_word_c_3_c, loads : 1
  Net : reverse_word_c_2_c, loads : 1
  Net : reverse_word_c_1_c, loads : 1
  Net : reverse_word_c_0_c, loads : 1
  Net : reverse_word[7], loads : 0
  Net : reverse_word[6], loads : 0
################### End Clock Report ##################

Peak Memory Usage: 104.332  MB

--------------------------------------------------------------
Elapsed CPU time for LSE flow : 1.656  secs
--------------------------------------------------------------
